dataset: visdrone
root_dir: /home/twsf/data/Visdrone/density_mask
test_dir: 
input_size: (640, 480)
mean: [0.382, 0.383, 0.367]
std: [0.164, 0.156, 0.164]
num_classes: 5
resume: False
pre: /home/twsf/work/CRGNet/run/visdrone/20200227_235050_train/model_best.pth.tar
backbone: mobilenetv2
output_stride: 16
output_channels: 5
sync_bn: False
batch_size: 32
epochs: 200
freeze_bn: False
loss: {'type': 'CrossEntropyLoss', 'ignore_index': -1, 'weight': None}
use_balanced_weights: False
lr_scheduler: poly
lr: 0.0005
momentum: 0.9
decay: 0.0005
steps: [0.8, 0.9]
gamma: 0.3
workers: 1
region_thd: 0.5
print_freq: 50
plot_every: 100
saver_freq: 1
seed: 1
Epoch: [0][50/203] lr: (1x:0.00050, eta: 28:27:36, time: 99.5, Loss: 1.2205 
Epoch: [0][100/203] lr: (1x:0.00050, eta: 28:15:39, time: 98.0, Loss: 0.9809 
Epoch: [0][150/203] lr: (1x:0.00050, eta: 28:10:00, time: 97.9, Loss: 0.8767 
Epoch: [0][200/203] lr: (1x:0.00050, eta: 28:07:59, time: 98.4, Loss: 0.8151 
Epoch: [1][47/203] lr: (1x:0.00050, eta: 22:54:06, time: 97.8, Loss: 0.7747 
Epoch: [1][97/203] lr: (1x:0.00050, eta: 22:53:16, time: 98.7, Loss: 0.7472 
Epoch: [1][147/203] lr: (1x:0.00050, eta: 22:52:45, time: 99.0, Loss: 0.7232 
Epoch: [1][197/203] lr: (1x:0.00050, eta: 22:50:44, time: 98.2, Loss: 0.7046 
Epoch: [2][44/203] lr: (1x:0.00050, eta: 22:48:03, time: 98.3, Loss: 0.6902 
Epoch: [2][94/203] lr: (1x:0.00050, eta: 22:46:35, time: 98.5, Loss: 0.6777 
Epoch: [2][144/203] lr: (1x:0.00050, eta: 22:43:11, time: 98.2, Loss: 0.6098 
Epoch: [2][194/203] lr: (1x:0.00050, eta: 22:42:29, time: 98.7, Loss: 0.5902 
Epoch: [3][41/203] lr: (1x:0.00050, eta: 22:40:59, time: 98.0, Loss: 0.5773 
Epoch: [3][91/203] lr: (1x:0.00050, eta: 22:39:12, time: 98.3, Loss: 0.5677 
Epoch: [3][141/203] lr: (1x:0.00050, eta: 22:38:36, time: 98.5, Loss: 0.5595 
Epoch: [3][191/203] lr: (1x:0.00050, eta: 22:36:49, time: 98.6, Loss: 0.5513 
Epoch: [4][38/203] lr: (1x:0.00050, eta: 22:33:29, time: 97.5, Loss: 0.5455 
Epoch: [4][88/203] lr: (1x:0.00050, eta: 22:32:31, time: 98.7, Loss: 0.5388 
Epoch: [4][138/203] lr: (1x:0.00050, eta: 22:30:38, time: 98.1, Loss: 0.5331 
Epoch: [4][188/203] lr: (1x:0.00050, eta: 22:28:32, time: 98.2, Loss: 0.5279 
Epoch: [5][35/203] lr: (1x:0.00050, eta: 22:30:23, time: 98.3, Loss: 0.5240 
Epoch: [5][85/203] lr: (1x:0.00050, eta: 22:28:52, time: 98.8, Loss: 0.5207 
Epoch: [5][135/203] lr: (1x:0.00050, eta: 22:27:56, time: 98.6, Loss: 0.5171 
Epoch: [5][185/203] lr: (1x:0.00050, eta: 22:26:29, time: 98.4, Loss: 0.5127 
Epoch: [6][32/203] lr: (1x:0.00050, eta: 22:19:08, time: 97.5, Loss: 0.5084 
Epoch: [6][82/203] lr: (1x:0.00050, eta: 22:17:06, time: 98.3, Loss: 0.5041 
Epoch: [6][132/203] lr: (1x:0.00050, eta: 22:16:43, time: 98.4, Loss: 0.5011 
Epoch: [6][182/203] lr: (1x:0.00050, eta: 22:14:17, time: 98.1, Loss: 0.4999 
Epoch: [7][29/203] lr: (1x:0.00050, eta: 22:11:31, time: 97.6, Loss: 0.4973 
Epoch: [7][79/203] lr: (1x:0.00050, eta: 22:10:14, time: 98.5, Loss: 0.4941 
Epoch: [7][129/203] lr: (1x:0.00050, eta: 22:08:42, time: 98.4, Loss: 0.4920 
Epoch: [7][179/203] lr: (1x:0.00050, eta: 22:07:23, time: 99.1, Loss: 0.4885 
Epoch: [8][26/203] lr: (1x:0.00050, eta: 22:09:25, time: 97.8, Loss: 0.4867 
Epoch: [8][76/203] lr: (1x:0.00050, eta: 22:08:29, time: 98.9, Loss: 0.4852 
Epoch: [8][126/203] lr: (1x:0.00050, eta: 22:08:18, time: 98.6, Loss: 0.4838 
Epoch: [8][176/203] lr: (1x:0.00050, eta: 22:06:36, time: 98.2, Loss: 0.4826 
Epoch: [9][23/203] lr: (1x:0.00050, eta: 21:59:09, time: 97.9, Loss: 0.4810 
Epoch: [9][73/203] lr: (1x:0.00050, eta: 21:57:59, time: 98.5, Loss: 0.4789 
Epoch: [9][123/203] lr: (1x:0.00050, eta: 21:57:20, time: 98.4, Loss: 0.4766 
Epoch: [9][173/203] lr: (1x:0.00050, eta: 21:55:38, time: 98.4, Loss: 0.4754 
Epoch: [10][20/203] lr: (1x:0.00050, eta: 21:53:38, time: 97.9, Loss: 0.4743 
Epoch: [10][70/203] lr: (1x:0.00050, eta: 21:52:17, time: 99.3, Loss: 0.4731 
Epoch: [10][120/203] lr: (1x:0.00050, eta: 21:52:23, time: 99.1, Loss: 0.4713 
Epoch: [10][170/203] lr: (1x:0.00050, eta: 21:50:42, time: 98.9, Loss: 0.4696 
Epoch: [11][17/203] lr: (1x:0.00050, eta: 21:48:11, time: 97.8, Loss: 0.4692 
Epoch: [11][67/203] lr: (1x:0.00050, eta: 21:47:07, time: 98.7, Loss: 0.4678 
Epoch: [11][117/203] lr: (1x:0.00050, eta: 21:46:29, time: 98.7, Loss: 0.4663 
Epoch: [11][167/203] lr: (1x:0.00050, eta: 21:44:27, time: 98.2, Loss: 0.4656 
Epoch: [12][14/203] lr: (1x:0.00050, eta: 21:44:06, time: 98.1, Loss: 0.4649 
Epoch: [12][64/203] lr: (1x:0.00050, eta: 21:42:45, time: 98.7, Loss: 0.4641 
Epoch: [12][114/203] lr: (1x:0.00050, eta: 21:42:09, time: 98.8, Loss: 0.4626 
Epoch: [12][164/203] lr: (1x:0.00050, eta: 21:40:03, time: 99.0, Loss: 0.4608 
Epoch: [13][11/203] lr: (1x:0.00050, eta: 21:33:21, time: 97.6, Loss: 0.4603 
Epoch: [13][61/203] lr: (1x:0.00050, eta: 21:31:00, time: 98.3, Loss: 0.4593 
Epoch: [13][111/203] lr: (1x:0.00050, eta: 21:29:27, time: 97.9, Loss: 0.4572 
Epoch: [13][161/203] lr: (1x:0.00050, eta: 21:27:54, time: 98.7, Loss: 0.4569 
Epoch: [14][8/203] lr: (1x:0.00050, eta: 21:25:41, time: 98.4, Loss: 0.4564 
Epoch: [14][58/203] lr: (1x:0.00050, eta: 21:24:09, time: 98.3, Loss: 0.4548 
Epoch: [14][108/203] lr: (1x:0.00050, eta: 21:23:20, time: 98.7, Loss: 0.4542 
Epoch: [14][158/203] lr: (1x:0.00050, eta: 21:21:14, time: 98.3, Loss: 0.4524 
Epoch: [15][5/203] lr: (1x:0.00050, eta: 21:19:55, time: 97.7, Loss: 0.4524 
Epoch: [15][55/203] lr: (1x:0.00050, eta: 21:17:34, time: 98.4, Loss: 0.4530 
Epoch: [15][105/203] lr: (1x:0.00050, eta: 21:16:46, time: 98.2, Loss: 0.4519 
Epoch: [15][155/203] lr: (1x:0.00050, eta: 21:15:33, time: 98.7, Loss: 0.4514 
Epoch: [16][2/203] lr: (1x:0.00050, eta: 21:12:02, time: 97.8, Loss: 0.4507 
Epoch: [16][52/203] lr: (1x:0.00050, eta: 21:10:24, time: 98.7, Loss: 0.4498 
Epoch: [16][102/203] lr: (1x:0.00050, eta: 21:08:41, time: 98.3, Loss: 0.4487 
Epoch: [16][152/203] lr: (1x:0.00050, eta: 21:07:02, time: 98.3, Loss: 0.4482 
Epoch: [16][202/203] lr: (1x:0.00050, eta: 21:05:01, time: 98.4, Loss: 0.4474 
Epoch: [17][49/203] lr: (1x:0.00050, eta: 21:02:44, time: 98.4, Loss: 0.4470 
Epoch: [17][99/203] lr: (1x:0.00050, eta: 21:01:58, time: 98.4, Loss: 0.4455 
Epoch: [17][149/203] lr: (1x:0.00050, eta: 21:00:08, time: 98.2, Loss: 0.4444 
Epoch: [17][199/203] lr: (1x:0.00050, eta: 20:59:02, time: 98.7, Loss: 0.4439 
Epoch: [18][46/203] lr: (1x:0.00050, eta: 20:56:05, time: 97.8, Loss: 0.4436 
Epoch: [18][96/203] lr: (1x:0.00050, eta: 20:55:09, time: 98.4, Loss: 0.4431 
Epoch: [18][146/203] lr: (1x:0.00050, eta: 20:52:57, time: 98.3, Loss: 0.4420 
Epoch: [18][196/203] lr: (1x:0.00050, eta: 20:51:27, time: 98.4, Loss: 0.4422 
Epoch: [19][43/203] lr: (1x:0.00050, eta: 20:49:05, time: 97.8, Loss: 0.4418 
Epoch: [19][93/203] lr: (1x:0.00050, eta: 20:48:17, time: 99.1, Loss: 0.4414 
Epoch: [19][143/203] lr: (1x:0.00050, eta: 20:45:59, time: 97.8, Loss: 0.4409 
Epoch: [19][193/203] lr: (1x:0.00050, eta: 20:43:51, time: 98.0, Loss: 0.4403 
Epoch: [20][40/203] lr: (1x:0.00050, eta: 20:42:11, time: 98.1, Loss: 0.4399 
Epoch: [20][90/203] lr: (1x:0.00050, eta: 20:40:23, time: 98.5, Loss: 0.4394 
Epoch: [20][140/203] lr: (1x:0.00050, eta: 20:39:44, time: 98.6, Loss: 0.4380 
Epoch: [20][190/203] lr: (1x:0.00050, eta: 20:37:55, time: 98.3, Loss: 0.4383 
Epoch: [21][37/203] lr: (1x:0.00050, eta: 20:35:41, time: 98.4, Loss: 0.4385 
Epoch: [21][87/203] lr: (1x:0.00050, eta: 20:34:00, time: 98.4, Loss: 0.4373 
Epoch: [21][137/203] lr: (1x:0.00050, eta: 20:34:07, time: 99.3, Loss: 0.4365 
Epoch: [21][187/203] lr: (1x:0.00050, eta: 20:32:28, time: 99.1, Loss: 0.4356 
Epoch: [22][34/203] lr: (1x:0.00050, eta: 20:30:40, time: 97.7, Loss: 0.4355 
Epoch: [22][84/203] lr: (1x:0.00050, eta: 20:30:01, time: 98.8, Loss: 0.4357 
Epoch: [22][134/203] lr: (1x:0.00050, eta: 20:28:01, time: 97.8, Loss: 0.4351 
Epoch: [22][184/203] lr: (1x:0.00050, eta: 20:26:24, time: 98.6, Loss: 0.4333 
Epoch: [23][31/203] lr: (1x:0.00050, eta: 20:24:13, time: 98.2, Loss: 0.4345 
Epoch: [23][81/203] lr: (1x:0.00050, eta: 20:22:34, time: 98.3, Loss: 0.4338 
Epoch: [23][131/203] lr: (1x:0.00050, eta: 20:20:42, time: 98.2, Loss: 0.4337 
Epoch: [23][181/203] lr: (1x:0.00050, eta: 20:19:15, time: 98.6, Loss: 0.4324 
Epoch: [24][28/203] lr: (1x:0.00050, eta: 20:15:04, time: 97.7, Loss: 0.4316 
Epoch: [24][78/203] lr: (1x:0.00050, eta: 20:12:35, time: 98.4, Loss: 0.4309 
Epoch: [24][128/203] lr: (1x:0.00050, eta: 20:11:42, time: 98.3, Loss: 0.4310 
Epoch: [24][178/203] lr: (1x:0.00050, eta: 20:08:39, time: 97.6, Loss: 0.4303 
Epoch: [25][25/203] lr: (1x:0.00050, eta: 20:08:11, time: 97.8, Loss: 0.4301 
Epoch: [25][75/203] lr: (1x:0.00050, eta: 20:06:30, time: 98.5, Loss: 0.4309 
Epoch: [25][125/203] lr: (1x:0.00050, eta: 20:04:58, time: 98.3, Loss: 0.4296 
Epoch: [25][175/203] lr: (1x:0.00050, eta: 20:03:40, time: 98.5, Loss: 0.4293 
Epoch: [26][22/203] lr: (1x:0.00050, eta: 20:00:31, time: 97.9, Loss: 0.4284 
Epoch: [26][72/203] lr: (1x:0.00050, eta: 19:58:10, time: 97.9, Loss: 0.4287 
Epoch: [26][122/203] lr: (1x:0.00050, eta: 19:57:57, time: 98.9, Loss: 0.4289 
Epoch: [26][172/203] lr: (1x:0.00050, eta: 19:56:33, time: 98.6, Loss: 0.4291 
Epoch: [27][19/203] lr: (1x:0.00050, eta: 19:54:01, time: 98.0, Loss: 0.4295 
Epoch: [27][69/203] lr: (1x:0.00050, eta: 19:53:09, time: 98.3, Loss: 0.4283 
Epoch: [27][119/203] lr: (1x:0.00050, eta: 19:52:09, time: 98.4, Loss: 0.4279 
Epoch: [27][169/203] lr: (1x:0.00050, eta: 19:50:52, time: 98.8, Loss: 0.4276 
Epoch: [28][16/203] lr: (1x:0.00050, eta: 19:48:00, time: 97.9, Loss: 0.4274 
Epoch: [28][66/203] lr: (1x:0.00050, eta: 19:46:25, time: 98.6, Loss: 0.4262 
Epoch: [28][116/203] lr: (1x:0.00050, eta: 19:45:20, time: 98.3, Loss: 0.4262 
Epoch: [28][166/203] lr: (1x:0.00050, eta: 19:44:25, time: 98.6, Loss: 0.4260 
Epoch: [29][13/203] lr: (1x:0.00050, eta: 19:41:50, time: 97.9, Loss: 0.4256 
Epoch: [29][63/203] lr: (1x:0.00050, eta: 19:39:52, time: 98.3, Loss: 0.4256 
Epoch: [29][113/203] lr: (1x:0.00050, eta: 19:39:22, time: 99.0, Loss: 0.4240 
Epoch: [29][163/203] lr: (1x:0.00050, eta: 19:38:07, time: 98.6, Loss: 0.4246 
Epoch: [30][10/203] lr: (1x:0.00050, eta: 19:35:32, time: 97.7, Loss: 0.4238 
Epoch: [30][60/203] lr: (1x:0.00050, eta: 19:33:32, time: 98.5, Loss: 0.4226 
Epoch: [30][110/203] lr: (1x:0.00050, eta: 19:32:47, time: 98.6, Loss: 0.4229 
Epoch: [30][160/203] lr: (1x:0.00050, eta: 19:32:07, time: 99.4, Loss: 0.4229 
Epoch: [31][7/203] lr: (1x:0.00050, eta: 19:30:22, time: 98.4, Loss: 0.4221 
Epoch: [31][57/203] lr: (1x:0.00050, eta: 19:28:37, time: 98.5, Loss: 0.4222 
Epoch: [31][107/203] lr: (1x:0.00050, eta: 19:27:05, time: 98.0, Loss: 0.4213 
Epoch: [31][157/203] lr: (1x:0.00050, eta: 19:26:07, time: 98.9, Loss: 0.4206 
Epoch: [32][4/203] lr: (1x:0.00050, eta: 19:22:20, time: 97.3, Loss: 0.4204 
Epoch: [32][54/203] lr: (1x:0.00050, eta: 19:19:48, time: 97.8, Loss: 0.4203 
Epoch: [32][104/203] lr: (1x:0.00050, eta: 19:18:31, time: 98.0, Loss: 0.4198 
Epoch: [32][154/203] lr: (1x:0.00050, eta: 19:17:11, time: 98.8, Loss: 0.4202 
Epoch: [33][1/203] lr: (1x:0.00050, eta: 19:13:58, time: 97.8, Loss: 0.4198 
Epoch: [33][51/203] lr: (1x:0.00050, eta: 19:11:11, time: 98.4, Loss: 0.4198 
Epoch: [33][101/203] lr: (1x:0.00050, eta: 19:09:07, time: 98.0, Loss: 0.4190 
Epoch: [33][151/203] lr: (1x:0.00050, eta: 19:07:43, time: 98.7, Loss: 0.4186 
Epoch: [33][201/203] lr: (1x:0.00050, eta: 19:06:36, time: 98.5, Loss: 0.4191 
Epoch: [34][48/203] lr: (1x:0.00050, eta: 19:03:25, time: 97.9, Loss: 0.4197 
Epoch: [34][98/203] lr: (1x:0.00050, eta: 19:03:00, time: 98.4, Loss: 0.4184 
Epoch: [34][148/203] lr: (1x:0.00050, eta: 19:02:12, time: 98.6, Loss: 0.4179 
Epoch: [34][198/203] lr: (1x:0.00050, eta: 19:01:09, time: 98.5, Loss: 0.4180 
Epoch: [35][45/203] lr: (1x:0.00050, eta: 18:58:11, time: 97.9, Loss: 0.4178 
Epoch: [35][95/203] lr: (1x:0.00050, eta: 18:57:15, time: 98.4, Loss: 0.4171 
Epoch: [35][145/203] lr: (1x:0.00050, eta: 18:55:21, time: 98.2, Loss: 0.4173 
Epoch: [35][195/203] lr: (1x:0.00050, eta: 18:54:07, time: 98.3, Loss: 0.4178 
Epoch: [36][42/203] lr: (1x:0.00050, eta: 18:52:33, time: 98.6, Loss: 0.4181 
Epoch: [36][92/203] lr: (1x:0.00050, eta: 18:51:12, time: 98.7, Loss: 0.4169 
Epoch: [36][142/203] lr: (1x:0.00050, eta: 18:50:41, time: 98.9, Loss: 0.4157 
Epoch: [36][192/203] lr: (1x:0.00050, eta: 18:49:19, time: 98.7, Loss: 0.4163 
Epoch: [37][39/203] lr: (1x:0.00050, eta: 18:47:38, time: 98.4, Loss: 0.4160 
Epoch: [37][89/203] lr: (1x:0.00050, eta: 18:45:32, time: 98.1, Loss: 0.4163 
Epoch: [37][139/203] lr: (1x:0.00050, eta: 18:43:34, time: 97.6, Loss: 0.4172 
Epoch: [37][189/203] lr: (1x:0.00050, eta: 18:41:12, time: 97.7, Loss: 0.4166 
Epoch: [38][36/203] lr: (1x:0.00050, eta: 18:38:15, time: 97.7, Loss: 0.4156 
Epoch: [38][86/203] lr: (1x:0.00050, eta: 18:37:17, time: 99.0, Loss: 0.4158 
Epoch: [38][136/203] lr: (1x:0.00050, eta: 18:37:49, time: 100.6, Loss: 0.4140 
Epoch: [38][186/203] lr: (1x:0.00050, eta: 18:38:48, time: 101.1, Loss: 0.4145 
Epoch: [39][33/203] lr: (1x:0.00050, eta: 18:37:11, time: 98.7, Loss: 0.4146 
Epoch: [39][83/203] lr: (1x:0.00050, eta: 18:34:39, time: 97.8, Loss: 0.4145 
Epoch: [39][133/203] lr: (1x:0.00050, eta: 18:33:31, time: 98.8, Loss: 0.4143 
Epoch: [39][183/203] lr: (1x:0.00050, eta: 18:32:34, time: 98.7, Loss: 0.4130 
Epoch: [40][30/203] lr: (1x:0.00050, eta: 18:31:51, time: 97.6, Loss: 0.4129 
Epoch: [40][80/203] lr: (1x:0.00050, eta: 18:31:05, time: 98.6, Loss: 0.4135 
Epoch: [40][130/203] lr: (1x:0.00050, eta: 18:30:26, time: 98.6, Loss: 0.4138 
Epoch: [40][180/203] lr: (1x:0.00050, eta: 18:28:39, time: 98.8, Loss: 0.4127 
Epoch: [41][27/203] lr: (1x:0.00050, eta: 18:21:19, time: 97.5, Loss: 0.4125 
Epoch: [41][77/203] lr: (1x:0.00050, eta: 18:16:38, time: 98.3, Loss: 0.4121 
Epoch: [41][127/203] lr: (1x:0.00050, eta: 18:14:39, time: 98.4, Loss: 0.4118 
Epoch: [41][177/203] lr: (1x:0.00050, eta: 18:13:48, time: 98.6, Loss: 0.4118 
Epoch: [42][24/203] lr: (1x:0.00050, eta: 18:15:54, time: 98.0, Loss: 0.4113 
Epoch: [42][74/203] lr: (1x:0.00050, eta: 18:13:36, time: 98.1, Loss: 0.4122 
Epoch: [42][124/203] lr: (1x:0.00050, eta: 18:13:12, time: 98.8, Loss: 0.4102 
Epoch: [42][174/203] lr: (1x:0.00050, eta: 18:11:42, time: 98.7, Loss: 0.4097 
Epoch: [43][21/203] lr: (1x:0.00050, eta: 18:04:23, time: 98.0, Loss: 0.4096 
Epoch: [43][71/203] lr: (1x:0.00050, eta: 18:02:09, time: 98.3, Loss: 0.4098 
Epoch: [43][121/203] lr: (1x:0.00050, eta: 18:02:05, time: 99.0, Loss: 0.4099 
Epoch: [43][171/203] lr: (1x:0.00050, eta: 18:00:03, time: 97.9, Loss: 0.4101 
Epoch: [44][18/203] lr: (1x:0.00050, eta: 17:57:39, time: 97.9, Loss: 0.4104 
Epoch: [44][68/203] lr: (1x:0.00050, eta: 17:55:26, time: 98.0, Loss: 0.4089 
Epoch: [44][118/203] lr: (1x:0.00050, eta: 17:53:53, time: 98.1, Loss: 0.4088 
Epoch: [44][168/203] lr: (1x:0.00050, eta: 17:51:53, time: 97.7, Loss: 0.4089 
Epoch: [45][15/203] lr: (1x:0.00050, eta: 17:49:14, time: 98.0, Loss: 0.4094 
Epoch: [45][65/203] lr: (1x:0.00050, eta: 17:47:59, time: 99.0, Loss: 0.4097 
Epoch: [45][115/203] lr: (1x:0.00050, eta: 17:46:37, time: 98.2, Loss: 0.4095 
Epoch: [45][165/203] lr: (1x:0.00050, eta: 17:45:37, time: 98.9, Loss: 0.4081 
Epoch: [46][12/203] lr: (1x:0.00050, eta: 17:42:38, time: 98.0, Loss: 0.4089 
Epoch: [46][62/203] lr: (1x:0.00050, eta: 17:42:28, time: 99.3, Loss: 0.4084 
Epoch: [46][112/203] lr: (1x:0.00050, eta: 17:40:59, time: 98.1, Loss: 0.4071 
Epoch: [46][162/203] lr: (1x:0.00050, eta: 17:39:24, time: 98.1, Loss: 0.4080 
Epoch: [47][9/203] lr: (1x:0.00050, eta: 17:36:36, time: 97.4, Loss: 0.4088 
Epoch: [47][59/203] lr: (1x:0.00050, eta: 17:35:30, time: 98.3, Loss: 0.4081 
Epoch: [47][109/203] lr: (1x:0.00050, eta: 17:33:58, time: 98.1, Loss: 0.4071 
Epoch: [47][159/203] lr: (1x:0.00050, eta: 17:31:08, time: 97.9, Loss: 0.4072 
Epoch: [48][6/203] lr: (1x:0.00050, eta: 17:28:48, time: 97.6, Loss: 0.4067 
Epoch: [48][56/203] lr: (1x:0.00050, eta: 17:27:18, time: 99.0, Loss: 0.4071 
Epoch: [48][106/203] lr: (1x:0.00050, eta: 17:26:11, time: 98.6, Loss: 0.4062 
Epoch: [48][156/203] lr: (1x:0.00050, eta: 17:23:43, time: 98.5, Loss: 0.4057 
Epoch: [49][3/203] lr: (1x:0.00050, eta: 17:23:23, time: 97.6, Loss: 0.4066 
Epoch: [49][53/203] lr: (1x:0.00050, eta: 17:21:27, time: 97.8, Loss: 0.4062 
Epoch: [49][103/203] lr: (1x:0.00050, eta: 17:20:09, time: 97.7, Loss: 0.4042 
Epoch: [49][153/203] lr: (1x:0.00050, eta: 17:18:06, time: 97.8, Loss: 0.4036 
Epoch: [49][203/203] lr: (1x:0.00050, eta: 17:14:23, time: 96.1, Loss: 0.4052 
Epoch: [50][50/203] lr: (1x:0.00050, eta: 17:12:49, time: 99.1, Loss: 0.4042 
Epoch: [50][100/203] lr: (1x:0.00050, eta: 17:11:47, time: 98.2, Loss: 0.4041 
Epoch: [50][150/203] lr: (1x:0.00050, eta: 17:09:39, time: 98.5, Loss: 0.4040 
Epoch: [50][200/203] lr: (1x:0.00050, eta: 17:08:01, time: 98.6, Loss: 0.4041 
Epoch: [51][47/203] lr: (1x:0.00050, eta: 17:04:50, time: 98.3, Loss: 0.4043 
Epoch: [51][97/203] lr: (1x:0.00050, eta: 17:04:00, time: 98.4, Loss: 0.4043 
Epoch: [51][147/203] lr: (1x:0.00050, eta: 17:03:26, time: 98.8, Loss: 0.4038 
Epoch: [51][197/203] lr: (1x:0.00050, eta: 17:02:03, time: 98.0, Loss: 0.4044 
Epoch: [52][44/203] lr: (1x:0.00050, eta: 16:59:41, time: 97.4, Loss: 0.4048 
Epoch: [52][94/203] lr: (1x:0.00050, eta: 17:00:18, time: 98.3, Loss: 0.4033 
Epoch: [52][144/203] lr: (1x:0.00050, eta: 16:57:31, time: 98.0, Loss: 0.4034 
Epoch: [52][194/203] lr: (1x:0.00050, eta: 16:56:01, time: 98.3, Loss: 0.4027 
Epoch: [53][41/203] lr: (1x:0.00050, eta: 16:53:35, time: 97.4, Loss: 0.4030 
Epoch: [53][91/203] lr: (1x:0.00050, eta: 16:52:12, time: 98.8, Loss: 0.4020 
Epoch: [53][141/203] lr: (1x:0.00050, eta: 16:50:44, time: 98.5, Loss: 0.4014 
Epoch: [53][191/203] lr: (1x:0.00050, eta: 16:48:38, time: 98.0, Loss: 0.4013 
Epoch: [54][38/203] lr: (1x:0.00050, eta: 16:45:33, time: 98.2, Loss: 0.4017 
Epoch: [54][88/203] lr: (1x:0.00050, eta: 16:44:12, time: 98.2, Loss: 0.4017 
Epoch: [54][138/203] lr: (1x:0.00050, eta: 16:43:26, time: 98.3, Loss: 0.4013 
Epoch: [54][188/203] lr: (1x:0.00050, eta: 16:41:44, time: 98.2, Loss: 0.4013 
Epoch: [55][35/203] lr: (1x:0.00050, eta: 16:40:24, time: 98.1, Loss: 0.4001 
Epoch: [55][85/203] lr: (1x:0.00050, eta: 16:38:50, time: 98.4, Loss: 0.4008 
Epoch: [55][135/203] lr: (1x:0.00050, eta: 16:38:28, time: 98.7, Loss: 0.4003 
Epoch: [55][185/203] lr: (1x:0.00050, eta: 16:36:56, time: 98.9, Loss: 0.4011 
Epoch: [56][32/203] lr: (1x:0.00050, eta: 16:34:00, time: 97.9, Loss: 0.4015 
Epoch: [56][82/203] lr: (1x:0.00050, eta: 16:32:58, time: 98.6, Loss: 0.4011 
Epoch: [56][132/203] lr: (1x:0.00050, eta: 16:32:10, time: 99.1, Loss: 0.4004 
Epoch: [56][182/203] lr: (1x:0.00050, eta: 16:30:54, time: 98.6, Loss: 0.3998 
Epoch: [57][29/203] lr: (1x:0.00050, eta: 16:29:30, time: 98.6, Loss: 0.3997 
Epoch: [57][79/203] lr: (1x:0.00050, eta: 16:28:50, time: 99.3, Loss: 0.3995 
Epoch: [57][129/203] lr: (1x:0.00050, eta: 16:28:12, time: 99.2, Loss: 0.4003 
Epoch: [57][179/203] lr: (1x:0.00050, eta: 16:26:44, time: 98.6, Loss: 0.4000 
Epoch: [58][26/203] lr: (1x:0.00050, eta: 16:23:41, time: 97.7, Loss: 0.4003 
Epoch: [58][76/203] lr: (1x:0.00050, eta: 16:21:30, time: 98.4, Loss: 0.3999 
Epoch: [58][126/203] lr: (1x:0.00050, eta: 16:19:49, time: 97.9, Loss: 0.3993 
Epoch: [58][176/203] lr: (1x:0.00050, eta: 16:18:14, time: 98.6, Loss: 0.3983 
Epoch: [59][23/203] lr: (1x:0.00050, eta: 16:15:07, time: 98.0, Loss: 0.3987 
Epoch: [59][73/203] lr: (1x:0.00050, eta: 16:13:08, time: 98.3, Loss: 0.3990 
Epoch: [59][123/203] lr: (1x:0.00050, eta: 16:11:42, time: 98.8, Loss: 0.3980 
Epoch: [59][173/203] lr: (1x:0.00050, eta: 16:09:30, time: 98.7, Loss: 0.3988 
Epoch: [60][20/203] lr: (1x:0.00050, eta: 16:06:20, time: 97.8, Loss: 0.3987 
Epoch: [60][70/203] lr: (1x:0.00050, eta: 16:04:51, time: 98.8, Loss: 0.3984 
Epoch: [60][120/203] lr: (1x:0.00050, eta: 16:03:33, time: 98.1, Loss: 0.3976 
Epoch: [60][170/203] lr: (1x:0.00050, eta: 16:02:18, time: 98.8, Loss: 0.3972 
Epoch: [61][17/203] lr: (1x:0.00050, eta: 16:00:57, time: 98.2, Loss: 0.3965 
Epoch: [61][67/203] lr: (1x:0.00050, eta: 15:59:15, time: 98.6, Loss: 0.3966 
Epoch: [61][117/203] lr: (1x:0.00050, eta: 15:58:16, time: 98.6, Loss: 0.3964 
Epoch: [61][167/203] lr: (1x:0.00050, eta: 15:56:14, time: 97.9, Loss: 0.3963 
Epoch: [62][14/203] lr: (1x:0.00050, eta: 15:52:45, time: 97.3, Loss: 0.3979 
Epoch: [62][64/203] lr: (1x:0.00050, eta: 15:51:52, time: 99.5, Loss: 0.3974 
Epoch: [62][114/203] lr: (1x:0.00050, eta: 15:50:36, time: 98.2, Loss: 0.3970 
Epoch: [62][164/203] lr: (1x:0.00050, eta: 15:48:52, time: 98.6, Loss: 0.3971 
Epoch: [63][11/203] lr: (1x:0.00050, eta: 15:46:24, time: 97.5, Loss: 0.3968 
Epoch: [63][61/203] lr: (1x:0.00050, eta: 15:44:48, time: 98.8, Loss: 0.3971 
Epoch: [63][111/203] lr: (1x:0.00050, eta: 15:43:40, time: 98.8, Loss: 0.3981 
Epoch: [63][161/203] lr: (1x:0.00050, eta: 15:41:14, time: 97.7, Loss: 0.3980 
Epoch: [64][8/203] lr: (1x:0.00050, eta: 15:38:46, time: 97.9, Loss: 0.3971 
Epoch: [64][58/203] lr: (1x:0.00050, eta: 15:37:59, time: 98.8, Loss: 0.3966 
Epoch: [64][108/203] lr: (1x:0.00050, eta: 15:38:15, time: 99.3, Loss: 0.3953 
Epoch: [64][158/203] lr: (1x:0.00050, eta: 15:35:15, time: 98.0, Loss: 0.3947 
Epoch: [65][5/203] lr: (1x:0.00050, eta: 15:32:50, time: 97.6, Loss: 0.3951 
Epoch: [65][55/203] lr: (1x:0.00050, eta: 15:30:40, time: 98.1, Loss: 0.3949 
Epoch: [65][105/203] lr: (1x:0.00050, eta: 15:29:50, time: 98.4, Loss: 0.3957 
Epoch: [65][155/203] lr: (1x:0.00050, eta: 15:27:55, time: 98.5, Loss: 0.3949 
Epoch: [66][2/203] lr: (1x:0.00050, eta: 15:24:49, time: 97.4, Loss: 0.3939 
Epoch: [66][52/203] lr: (1x:0.00050, eta: 15:23:44, time: 98.3, Loss: 0.3935 
Epoch: [66][102/203] lr: (1x:0.00050, eta: 15:22:20, time: 98.2, Loss: 0.3946 
Epoch: [66][152/203] lr: (1x:0.00050, eta: 15:20:52, time: 99.0, Loss: 0.3950 
Epoch: [66][202/203] lr: (1x:0.00050, eta: 15:18:25, time: 98.4, Loss: 0.3947 
Epoch: [67][49/203] lr: (1x:0.00050, eta: 15:16:32, time: 97.9, Loss: 0.3947 
Epoch: [67][99/203] lr: (1x:0.00050, eta: 15:15:40, time: 98.5, Loss: 0.3935 
Epoch: [67][149/203] lr: (1x:0.00050, eta: 15:14:11, time: 98.3, Loss: 0.3933 
Epoch: [67][199/203] lr: (1x:0.00050, eta: 15:12:44, time: 98.6, Loss: 0.3930 
Epoch: [68][46/203] lr: (1x:0.00050, eta: 15:10:19, time: 97.8, Loss: 0.3936 
Epoch: [68][96/203] lr: (1x:0.00050, eta: 15:09:18, time: 98.1, Loss: 0.3943 
Epoch: [68][146/203] lr: (1x:0.00050, eta: 15:07:34, time: 98.2, Loss: 0.3946 
Epoch: [68][196/203] lr: (1x:0.00050, eta: 15:06:18, time: 98.6, Loss: 0.3940 
Epoch: [69][43/203] lr: (1x:0.00050, eta: 15:03:07, time: 97.4, Loss: 0.3932 
Epoch: [69][93/203] lr: (1x:0.00050, eta: 15:01:34, time: 98.5, Loss: 0.3932 
Epoch: [69][143/203] lr: (1x:0.00050, eta: 15:00:32, time: 98.6, Loss: 0.3925 
Epoch: [69][193/203] lr: (1x:0.00050, eta: 14:58:21, time: 97.8, Loss: 0.3937 
Epoch: [70][40/203] lr: (1x:0.00050, eta: 14:55:42, time: 97.9, Loss: 0.3943 
Epoch: [70][90/203] lr: (1x:0.00050, eta: 14:53:53, time: 98.4, Loss: 0.3932 
Epoch: [70][140/203] lr: (1x:0.00050, eta: 14:52:37, time: 98.3, Loss: 0.3923 
Epoch: [70][190/203] lr: (1x:0.00050, eta: 14:50:58, time: 98.1, Loss: 0.3922 
Epoch: [71][37/203] lr: (1x:0.00050, eta: 14:48:44, time: 97.7, Loss: 0.3927 
Epoch: [71][87/203] lr: (1x:0.00050, eta: 14:47:35, time: 99.2, Loss: 0.3925 
Epoch: [71][137/203] lr: (1x:0.00050, eta: 14:47:04, time: 98.7, Loss: 0.3921 
Epoch: [71][187/203] lr: (1x:0.00050, eta: 14:45:28, time: 98.6, Loss: 0.3921 
Epoch: [72][34/203] lr: (1x:0.00050, eta: 14:43:18, time: 97.8, Loss: 0.3924 
Epoch: [72][84/203] lr: (1x:0.00050, eta: 14:41:51, time: 98.1, Loss: 0.3924 
Epoch: [72][134/203] lr: (1x:0.00050, eta: 14:40:06, time: 97.8, Loss: 0.3907 
Epoch: [72][184/203] lr: (1x:0.00050, eta: 14:38:46, time: 98.7, Loss: 0.3913 
Epoch: [73][31/203] lr: (1x:0.00050, eta: 14:35:45, time: 97.5, Loss: 0.3923 
Epoch: [73][81/203] lr: (1x:0.00050, eta: 14:34:21, time: 98.4, Loss: 0.3923 
Epoch: [73][131/203] lr: (1x:0.00050, eta: 14:33:23, time: 98.5, Loss: 0.3909 
Epoch: [73][181/203] lr: (1x:0.00050, eta: 14:31:01, time: 98.3, Loss: 0.3908 
Epoch: [74][28/203] lr: (1x:0.00050, eta: 14:29:05, time: 98.0, Loss: 0.3914 
Epoch: [74][78/203] lr: (1x:0.00050, eta: 14:27:31, time: 98.7, Loss: 0.3904 
Epoch: [74][128/203] lr: (1x:0.00050, eta: 14:26:36, time: 98.7, Loss: 0.3903 
Epoch: [74][178/203] lr: (1x:0.00050, eta: 14:25:10, time: 98.3, Loss: 0.3897 
Epoch: [75][25/203] lr: (1x:0.00050, eta: 14:22:38, time: 97.4, Loss: 0.3907 
Epoch: [75][75/203] lr: (1x:0.00050, eta: 14:21:04, time: 98.8, Loss: 0.3905 
Epoch: [75][125/203] lr: (1x:0.00050, eta: 14:20:28, time: 98.7, Loss: 0.3898 
Epoch: [75][175/203] lr: (1x:0.00050, eta: 14:18:43, time: 98.2, Loss: 0.3896 
Epoch: [76][22/203] lr: (1x:0.00050, eta: 14:16:40, time: 98.2, Loss: 0.3907 
Epoch: [76][72/203] lr: (1x:0.00050, eta: 14:15:02, time: 98.3, Loss: 0.3902 
Epoch: [76][122/203] lr: (1x:0.00050, eta: 14:13:30, time: 98.2, Loss: 0.3900 
Epoch: [76][172/203] lr: (1x:0.00050, eta: 14:11:31, time: 98.2, Loss: 0.3903 
Epoch: [77][19/203] lr: (1x:0.00050, eta: 14:08:36, time: 97.5, Loss: 0.3897 
Epoch: [77][69/203] lr: (1x:0.00050, eta: 14:06:47, time: 98.1, Loss: 0.3890 
Epoch: [77][119/203] lr: (1x:0.00050, eta: 14:05:36, time: 97.9, Loss: 0.3889 
Epoch: [77][169/203] lr: (1x:0.00050, eta: 14:03:46, time: 98.6, Loss: 0.3891 
Epoch: [78][16/203] lr: (1x:0.00050, eta: 14:02:04, time: 98.6, Loss: 0.3893 
Epoch: [78][66/203] lr: (1x:0.00050, eta: 14:00:57, time: 98.9, Loss: 0.3891 
Epoch: [78][116/203] lr: (1x:0.00050, eta: 13:59:47, time: 98.7, Loss: 0.3881 
Epoch: [78][166/203] lr: (1x:0.00050, eta: 13:58:20, time: 98.5, Loss: 0.3890 
Epoch: [79][13/203] lr: (1x:0.00050, eta: 13:55:47, time: 97.8, Loss: 0.3888 
Epoch: [79][63/203] lr: (1x:0.00050, eta: 13:54:36, time: 98.8, Loss: 0.3886 
Epoch: [79][113/203] lr: (1x:0.00050, eta: 13:53:49, time: 98.6, Loss: 0.3887 
Epoch: [79][163/203] lr: (1x:0.00050, eta: 13:52:50, time: 98.9, Loss: 0.3888 
Epoch: [80][10/203] lr: (1x:0.00050, eta: 13:51:27, time: 98.9, Loss: 0.3887 
Epoch: [80][60/203] lr: (1x:0.00050, eta: 13:49:42, time: 98.4, Loss: 0.3880 
Epoch: [80][110/203] lr: (1x:0.00050, eta: 13:47:47, time: 98.3, Loss: 0.3875 
Epoch: [80][160/203] lr: (1x:0.00050, eta: 13:45:59, time: 98.7, Loss: 0.3872 
Epoch: [81][7/203] lr: (1x:0.00050, eta: 13:43:29, time: 97.8, Loss: 0.3884 
Epoch: [81][57/203] lr: (1x:0.00050, eta: 13:41:54, time: 98.6, Loss: 0.3872 
Epoch: [81][107/203] lr: (1x:0.00050, eta: 13:40:42, time: 98.4, Loss: 0.3875 
Epoch: [81][157/203] lr: (1x:0.00050, eta: 13:38:37, time: 98.2, Loss: 0.3876 
Epoch: [82][4/203] lr: (1x:0.00050, eta: 13:35:57, time: 97.5, Loss: 0.3879 
Epoch: [82][54/203] lr: (1x:0.00050, eta: 13:33:57, time: 98.4, Loss: 0.3878 
Epoch: [82][104/203] lr: (1x:0.00050, eta: 13:31:58, time: 98.4, Loss: 0.3870 
Epoch: [82][154/203] lr: (1x:0.00050, eta: 13:30:29, time: 98.6, Loss: 0.3874 
Epoch: [83][1/203] lr: (1x:0.00050, eta: 13:28:19, time: 98.2, Loss: 0.3873 
Epoch: [83][51/203] lr: (1x:0.00050, eta: 13:26:52, time: 98.9, Loss: 0.3870 
Epoch: [83][101/203] lr: (1x:0.00050, eta: 13:25:34, time: 98.2, Loss: 0.3860 
Epoch: [83][151/203] lr: (1x:0.00050, eta: 13:23:55, time: 98.6, Loss: 0.3855 
Epoch: [83][201/203] lr: (1x:0.00050, eta: 13:22:53, time: 99.2, Loss: 0.3859 
Epoch: [84][48/203] lr: (1x:0.00050, eta: 13:20:44, time: 97.8, Loss: 0.3849 
Epoch: [84][98/203] lr: (1x:0.00050, eta: 13:20:11, time: 98.8, Loss: 0.3849 
Epoch: [84][148/203] lr: (1x:0.00050, eta: 13:18:36, time: 98.5, Loss: 0.3858 
Epoch: [84][198/203] lr: (1x:0.00050, eta: 13:16:59, time: 98.5, Loss: 0.3857 
Epoch: [85][45/203] lr: (1x:0.00050, eta: 13:14:21, time: 97.7, Loss: 0.3860 
Epoch: [85][95/203] lr: (1x:0.00050, eta: 13:12:49, time: 98.3, Loss: 0.3861 
Epoch: [85][145/203] lr: (1x:0.00050, eta: 13:10:38, time: 98.2, Loss: 0.3856 
Epoch: [85][195/203] lr: (1x:0.00050, eta: 13:09:12, time: 98.5, Loss: 0.3853 
Epoch: [86][42/203] lr: (1x:0.00050, eta: 13:06:23, time: 97.4, Loss: 0.3864 
Epoch: [86][92/203] lr: (1x:0.00050, eta: 13:04:10, time: 98.4, Loss: 0.3855 
Epoch: [86][142/203] lr: (1x:0.00050, eta: 13:02:24, time: 97.6, Loss: 0.3863 
Epoch: [86][192/203] lr: (1x:0.00050, eta: 13:00:10, time: 98.1, Loss: 0.3860 
Epoch: [87][39/203] lr: (1x:0.00050, eta: 12:57:55, time: 97.9, Loss: 0.3850 
Epoch: [87][89/203] lr: (1x:0.00050, eta: 12:56:04, time: 98.2, Loss: 0.3849 
Epoch: [87][139/203] lr: (1x:0.00050, eta: 12:55:18, time: 98.9, Loss: 0.3841 
Epoch: [87][189/203] lr: (1x:0.00050, eta: 12:53:38, time: 98.3, Loss: 0.3838 
Epoch: [88][36/203] lr: (1x:0.00050, eta: 12:51:45, time: 98.3, Loss: 0.3841 
Epoch: [88][86/203] lr: (1x:0.00050, eta: 12:49:42, time: 97.9, Loss: 0.3848 
Epoch: [88][136/203] lr: (1x:0.00050, eta: 12:48:20, time: 97.8, Loss: 0.3843 
Epoch: [88][186/203] lr: (1x:0.00050, eta: 12:46:48, time: 98.6, Loss: 0.3843 
Epoch: [89][33/203] lr: (1x:0.00050, eta: 12:45:36, time: 97.7, Loss: 0.3836 
Epoch: [89][83/203] lr: (1x:0.00050, eta: 12:44:18, time: 98.5, Loss: 0.3836 
Epoch: [89][133/203] lr: (1x:0.00050, eta: 12:43:30, time: 99.0, Loss: 0.3839 
Epoch: [89][183/203] lr: (1x:0.00050, eta: 12:42:22, time: 98.9, Loss: 0.3843 
Epoch: [90][30/203] lr: (1x:0.00050, eta: 12:39:03, time: 97.8, Loss: 0.3842 
Epoch: [90][80/203] lr: (1x:0.00050, eta: 12:37:28, time: 98.3, Loss: 0.3845 
Epoch: [90][130/203] lr: (1x:0.00050, eta: 12:35:55, time: 98.5, Loss: 0.3844 
Epoch: [90][180/203] lr: (1x:0.00050, eta: 12:34:54, time: 98.8, Loss: 0.3835 
Epoch: [91][27/203] lr: (1x:0.00050, eta: 12:32:46, time: 97.7, Loss: 0.3835 
Epoch: [91][77/203] lr: (1x:0.00050, eta: 12:31:26, time: 99.0, Loss: 0.3832 
Epoch: [91][127/203] lr: (1x:0.00050, eta: 12:30:49, time: 99.1, Loss: 0.3840 
Epoch: [91][177/203] lr: (1x:0.00050, eta: 12:29:20, time: 98.7, Loss: 0.3843 
Epoch: [92][24/203] lr: (1x:0.00050, eta: 12:26:23, time: 97.3, Loss: 0.3830 
Epoch: [92][74/203] lr: (1x:0.00050, eta: 12:24:21, time: 98.4, Loss: 0.3823 
Epoch: [92][124/203] lr: (1x:0.00050, eta: 12:23:05, time: 98.3, Loss: 0.3826 
Epoch: [92][174/203] lr: (1x:0.00050, eta: 12:21:15, time: 98.1, Loss: 0.3817 
Epoch: [93][21/203] lr: (1x:0.00050, eta: 12:18:47, time: 97.5, Loss: 0.3818 
Epoch: [93][71/203] lr: (1x:0.00050, eta: 12:16:27, time: 97.8, Loss: 0.3816 
Epoch: [93][121/203] lr: (1x:0.00050, eta: 12:15:16, time: 98.3, Loss: 0.3818 
Epoch: [93][171/203] lr: (1x:0.00050, eta: 12:12:58, time: 98.1, Loss: 0.3817 
Epoch: [94][18/203] lr: (1x:0.00050, eta: 12:09:47, time: 97.5, Loss: 0.3815 
Epoch: [94][68/203] lr: (1x:0.00050, eta: 12:07:48, time: 98.2, Loss: 0.3804 
Epoch: [94][118/203] lr: (1x:0.00050, eta: 12:06:57, time: 98.4, Loss: 0.3809 
Epoch: [94][168/203] lr: (1x:0.00050, eta: 12:05:32, time: 98.7, Loss: 0.3817 
Epoch: [95][15/203] lr: (1x:0.00050, eta: 12:02:57, time: 97.4, Loss: 0.3812 
Epoch: [95][65/203] lr: (1x:0.00050, eta: 12:01:36, time: 98.5, Loss: 0.3813 
Epoch: [95][115/203] lr: (1x:0.00050, eta: 12:00:14, time: 97.9, Loss: 0.3813 
Epoch: [95][165/203] lr: (1x:0.00050, eta: 11:59:01, time: 98.4, Loss: 0.3815 
Epoch: [96][12/203] lr: (1x:0.00050, eta: 11:56:49, time: 97.7, Loss: 0.3813 
Epoch: [96][62/203] lr: (1x:0.00050, eta: 11:55:16, time: 98.2, Loss: 0.3813 
Epoch: [96][112/203] lr: (1x:0.00050, eta: 11:54:07, time: 98.2, Loss: 0.3808 
Epoch: [96][162/203] lr: (1x:0.00050, eta: 11:53:02, time: 99.0, Loss: 0.3813 
Epoch: [97][9/203] lr: (1x:0.00050, eta: 11:50:53, time: 98.1, Loss: 0.3815 
Epoch: [97][59/203] lr: (1x:0.00050, eta: 11:49:13, time: 98.6, Loss: 0.3801 
Epoch: [97][109/203] lr: (1x:0.00050, eta: 11:48:17, time: 98.4, Loss: 0.3801 
Epoch: [97][159/203] lr: (1x:0.00050, eta: 11:46:29, time: 98.2, Loss: 0.3802 
Epoch: [98][6/203] lr: (1x:0.00050, eta: 11:45:06, time: 98.3, Loss: 0.3806 
Epoch: [98][56/203] lr: (1x:0.00050, eta: 11:43:29, time: 98.4, Loss: 0.3797 
Epoch: [98][106/203] lr: (1x:0.00050, eta: 11:42:15, time: 98.3, Loss: 0.3801 
Epoch: [98][156/203] lr: (1x:0.00050, eta: 11:40:33, time: 98.1, Loss: 0.3802 
Epoch: [99][3/203] lr: (1x:0.00050, eta: 11:38:04, time: 97.5, Loss: 0.3807 
Epoch: [99][53/203] lr: (1x:0.00050, eta: 11:35:56, time: 98.3, Loss: 0.3808 
Epoch: [99][103/203] lr: (1x:0.00050, eta: 11:34:06, time: 97.8, Loss: 0.3806 
Epoch: [99][153/203] lr: (1x:0.00050, eta: 11:31:57, time: 97.8, Loss: 0.3812 
Epoch: [99][203/203] lr: (1x:0.00050, eta: 11:28:49, time: 96.2, Loss: 0.3807 
Epoch: [100][50/203] lr: (1x:0.00050, eta: 11:28:20, time: 99.2, Loss: 0.3802 
Epoch: [100][100/203] lr: (1x:0.00050, eta: 11:26:31, time: 98.0, Loss: 0.3796 
Epoch: [100][150/203] lr: (1x:0.00050, eta: 11:24:40, time: 98.1, Loss: 0.3805 
Epoch: [100][200/203] lr: (1x:0.00050, eta: 11:22:45, time: 97.9, Loss: 0.3799 
Epoch: [101][47/203] lr: (1x:0.00050, eta: 11:20:02, time: 97.7, Loss: 0.3798 
Epoch: [101][97/203] lr: (1x:0.00050, eta: 11:19:23, time: 98.9, Loss: 0.3800 
Epoch: [101][147/203] lr: (1x:0.00050, eta: 11:17:09, time: 97.4, Loss: 0.3794 
Epoch: [101][197/203] lr: (1x:0.00050, eta: 11:16:15, time: 99.0, Loss: 0.3788 
Epoch: [102][44/203] lr: (1x:0.00050, eta: 11:13:51, time: 97.5, Loss: 0.3791 
Epoch: [102][94/203] lr: (1x:0.00050, eta: 11:13:36, time: 98.3, Loss: 0.3792 
Epoch: [102][144/203] lr: (1x:0.00050, eta: 11:11:22, time: 98.3, Loss: 0.3797 
Epoch: [102][194/203] lr: (1x:0.00050, eta: 11:09:56, time: 98.3, Loss: 0.3792 
Epoch: [103][41/203] lr: (1x:0.00050, eta: 11:07:36, time: 97.6, Loss: 0.3785 
Epoch: [103][91/203] lr: (1x:0.00050, eta: 11:06:17, time: 98.4, Loss: 0.3782 
Epoch: [103][141/203] lr: (1x:0.00050, eta: 11:05:08, time: 98.4, Loss: 0.3785 
Epoch: [103][191/203] lr: (1x:0.00050, eta: 11:03:33, time: 99.0, Loss: 0.3775 
Epoch: [104][38/203] lr: (1x:0.00050, eta: 11:02:07, time: 97.9, Loss: 0.3780 
Epoch: [104][88/203] lr: (1x:0.00050, eta: 11:00:03, time: 98.3, Loss: 0.3791 
Epoch: [104][138/203] lr: (1x:0.00050, eta: 10:58:54, time: 98.2, Loss: 0.3780 
Epoch: [104][188/203] lr: (1x:0.00050, eta: 10:56:59, time: 97.9, Loss: 0.3779 
Epoch: [105][35/203] lr: (1x:0.00050, eta: 10:54:38, time: 97.6, Loss: 0.3774 
Epoch: [105][85/203] lr: (1x:0.00050, eta: 10:53:00, time: 98.3, Loss: 0.3778 
Epoch: [105][135/203] lr: (1x:0.00050, eta: 10:51:38, time: 98.0, Loss: 0.3782 
Epoch: [105][185/203] lr: (1x:0.00050, eta: 10:49:56, time: 98.3, Loss: 0.3786 
Epoch: [106][32/203] lr: (1x:0.00050, eta: 10:47:56, time: 98.1, Loss: 0.3775 
Epoch: [106][82/203] lr: (1x:0.00050, eta: 10:46:14, time: 98.9, Loss: 0.3774 
Epoch: [106][132/203] lr: (1x:0.00050, eta: 10:45:14, time: 99.0, Loss: 0.3773 
Epoch: [106][182/203] lr: (1x:0.00050, eta: 10:43:43, time: 98.5, Loss: 0.3771 
Epoch: [107][29/203] lr: (1x:0.00050, eta: 10:41:34, time: 97.8, Loss: 0.3770 
Epoch: [107][79/203] lr: (1x:0.00050, eta: 10:40:10, time: 98.2, Loss: 0.3779 
Epoch: [107][129/203] lr: (1x:0.00050, eta: 10:38:51, time: 98.1, Loss: 0.3778 
Epoch: [107][179/203] lr: (1x:0.00050, eta: 10:37:02, time: 98.0, Loss: 0.3777 
Epoch: [108][26/203] lr: (1x:0.00050, eta: 10:34:35, time: 97.5, Loss: 0.3770 
Epoch: [108][76/203] lr: (1x:0.00050, eta: 10:32:54, time: 98.2, Loss: 0.3767 
Epoch: [108][126/203] lr: (1x:0.00050, eta: 10:31:32, time: 98.6, Loss: 0.3764 
Epoch: [108][176/203] lr: (1x:0.00050, eta: 10:29:38, time: 98.5, Loss: 0.3770 
Epoch: [109][23/203] lr: (1x:0.00050, eta: 10:27:04, time: 97.5, Loss: 0.3764 
Epoch: [109][73/203] lr: (1x:0.00050, eta: 10:25:00, time: 97.8, Loss: 0.3762 
Epoch: [109][123/203] lr: (1x:0.00050, eta: 10:23:48, time: 98.5, Loss: 0.3763 
Epoch: [109][173/203] lr: (1x:0.00050, eta: 10:22:04, time: 98.1, Loss: 0.3755 
Epoch: [110][20/203] lr: (1x:0.00050, eta: 10:19:47, time: 97.6, Loss: 0.3761 
Epoch: [110][70/203] lr: (1x:0.00050, eta: 10:17:59, time: 97.8, Loss: 0.3761 
Epoch: [110][120/203] lr: (1x:0.00050, eta: 10:16:57, time: 98.4, Loss: 0.3768 
Epoch: [110][170/203] lr: (1x:0.00050, eta: 10:15:35, time: 98.7, Loss: 0.3757 
Epoch: [111][17/203] lr: (1x:0.00050, eta: 10:13:03, time: 97.3, Loss: 0.3764 
Epoch: [111][67/203] lr: (1x:0.00050, eta: 10:11:14, time: 98.2, Loss: 0.3758 
Epoch: [111][117/203] lr: (1x:0.00050, eta: 10:10:31, time: 99.0, Loss: 0.3761 
Epoch: [111][167/203] lr: (1x:0.00050, eta: 10:09:19, time: 98.5, Loss: 0.3762 
Epoch: [112][14/203] lr: (1x:0.00050, eta: 10:07:14, time: 98.7, Loss: 0.3757 
Epoch: [112][64/203] lr: (1x:0.00050, eta: 10:05:55, time: 98.6, Loss: 0.3751 
Epoch: [112][114/203] lr: (1x:0.00050, eta: 10:05:00, time: 98.8, Loss: 0.3748 
Epoch: [112][164/203] lr: (1x:0.00050, eta: 10:03:50, time: 98.6, Loss: 0.3747 
Epoch: [113][11/203] lr: (1x:0.00050, eta: 10:01:18, time: 97.3, Loss: 0.3740 
Epoch: [113][61/203] lr: (1x:0.00050, eta: 09:59:50, time: 99.0, Loss: 0.3751 
Epoch: [113][111/203] lr: (1x:0.00050, eta: 09:58:41, time: 98.1, Loss: 0.3740 
Epoch: [113][161/203] lr: (1x:0.00050, eta: 09:57:14, time: 98.5, Loss: 0.3743 
Epoch: [114][8/203] lr: (1x:0.00050, eta: 09:54:52, time: 97.8, Loss: 0.3740 
Epoch: [114][58/203] lr: (1x:0.00050, eta: 09:53:12, time: 98.5, Loss: 0.3736 
Epoch: [114][108/203] lr: (1x:0.00050, eta: 09:51:40, time: 98.8, Loss: 0.3739 
Epoch: [114][158/203] lr: (1x:0.00050, eta: 09:49:34, time: 97.8, Loss: 0.3740 
Epoch: [115][5/203] lr: (1x:0.00050, eta: 09:47:10, time: 98.1, Loss: 0.3740 
Epoch: [115][55/203] lr: (1x:0.00050, eta: 09:45:45, time: 98.9, Loss: 0.3742 
Epoch: [115][105/203] lr: (1x:0.00050, eta: 09:44:47, time: 98.5, Loss: 0.3742 
Epoch: [115][155/203] lr: (1x:0.00050, eta: 09:42:29, time: 97.8, Loss: 0.3740 
Epoch: [116][2/203] lr: (1x:0.00050, eta: 09:40:10, time: 97.6, Loss: 0.3748 
Epoch: [116][52/203] lr: (1x:0.00050, eta: 09:38:58, time: 99.3, Loss: 0.3742 
Epoch: [116][102/203] lr: (1x:0.00050, eta: 09:37:35, time: 98.2, Loss: 0.3744 
Epoch: [116][152/203] lr: (1x:0.00050, eta: 09:35:48, time: 98.2, Loss: 0.3742 
Epoch: [116][202/203] lr: (1x:0.00050, eta: 09:34:08, time: 98.8, Loss: 0.3743 
Epoch: [117][49/203] lr: (1x:0.00050, eta: 09:32:28, time: 98.1, Loss: 0.3748 
Epoch: [117][99/203] lr: (1x:0.00050, eta: 09:30:47, time: 98.0, Loss: 0.3753 
Epoch: [117][149/203] lr: (1x:0.00050, eta: 09:28:52, time: 98.4, Loss: 0.3748 
Epoch: [117][199/203] lr: (1x:0.00050, eta: 09:27:00, time: 98.1, Loss: 0.3740 
Epoch: [118][46/203] lr: (1x:0.00050, eta: 09:25:25, time: 97.3, Loss: 0.3736 
Epoch: [118][96/203] lr: (1x:0.00050, eta: 09:24:04, time: 98.1, Loss: 0.3733 
Epoch: [118][146/203] lr: (1x:0.00050, eta: 09:21:55, time: 98.4, Loss: 0.3738 
Epoch: [118][196/203] lr: (1x:0.00050, eta: 09:20:24, time: 98.4, Loss: 0.3737 
Epoch: [119][43/203] lr: (1x:0.00050, eta: 09:17:31, time: 97.7, Loss: 0.3734 
Epoch: [119][93/203] lr: (1x:0.00050, eta: 09:15:36, time: 98.3, Loss: 0.3733 
Epoch: [119][143/203] lr: (1x:0.00050, eta: 09:14:21, time: 98.8, Loss: 0.3729 
Epoch: [119][193/203] lr: (1x:0.00050, eta: 09:13:11, time: 98.9, Loss: 0.3722 
Epoch: [120][40/203] lr: (1x:0.00050, eta: 09:10:29, time: 97.3, Loss: 0.3725 
Epoch: [120][90/203] lr: (1x:0.00050, eta: 09:09:05, time: 98.6, Loss: 0.3734 
Epoch: [120][140/203] lr: (1x:0.00050, eta: 09:08:13, time: 98.7, Loss: 0.3731 
Epoch: [120][190/203] lr: (1x:0.00050, eta: 09:07:05, time: 99.1, Loss: 0.3724 
Epoch: [121][37/203] lr: (1x:0.00050, eta: 09:05:26, time: 98.2, Loss: 0.3732 
Epoch: [121][87/203] lr: (1x:0.00050, eta: 09:03:30, time: 97.9, Loss: 0.3731 
Epoch: [121][137/203] lr: (1x:0.00050, eta: 09:02:12, time: 98.3, Loss: 0.3727 
Epoch: [121][187/203] lr: (1x:0.00050, eta: 09:00:35, time: 98.3, Loss: 0.3729 
Epoch: [122][34/203] lr: (1x:0.00050, eta: 08:58:40, time: 97.7, Loss: 0.3730 
Epoch: [122][84/203] lr: (1x:0.00050, eta: 08:56:45, time: 98.4, Loss: 0.3718 
Epoch: [122][134/203] lr: (1x:0.00050, eta: 08:55:47, time: 98.6, Loss: 0.3723 
Epoch: [122][184/203] lr: (1x:0.00050, eta: 08:53:56, time: 98.1, Loss: 0.3728 
Epoch: [123][31/203] lr: (1x:0.00050, eta: 08:50:51, time: 97.7, Loss: 0.3731 
Epoch: [123][81/203] lr: (1x:0.00050, eta: 08:48:51, time: 98.4, Loss: 0.3741 
Epoch: [123][131/203] lr: (1x:0.00050, eta: 08:47:32, time: 98.8, Loss: 0.3728 
Epoch: [123][181/203] lr: (1x:0.00050, eta: 08:46:27, time: 99.0, Loss: 0.3721 
Epoch: [124][28/203] lr: (1x:0.00050, eta: 08:44:21, time: 97.3, Loss: 0.3727 
Epoch: [124][78/203] lr: (1x:0.00050, eta: 08:42:41, time: 98.3, Loss: 0.3722 
Epoch: [124][128/203] lr: (1x:0.00050, eta: 08:41:20, time: 98.3, Loss: 0.3719 
Epoch: [124][178/203] lr: (1x:0.00050, eta: 08:39:34, time: 98.2, Loss: 0.3723 
Epoch: [125][25/203] lr: (1x:0.00050, eta: 08:36:52, time: 97.2, Loss: 0.3712 
Epoch: [125][75/203] lr: (1x:0.00050, eta: 08:35:34, time: 98.8, Loss: 0.3702 
Epoch: [125][125/203] lr: (1x:0.00050, eta: 08:34:12, time: 98.2, Loss: 0.3704 
Epoch: [125][175/203] lr: (1x:0.00050, eta: 08:32:32, time: 98.3, Loss: 0.3700 
Epoch: [126][22/203] lr: (1x:0.00050, eta: 08:30:04, time: 97.9, Loss: 0.3702 
Epoch: [126][72/203] lr: (1x:0.00050, eta: 08:27:52, time: 97.8, Loss: 0.3709 
Epoch: [126][122/203] lr: (1x:0.00050, eta: 08:26:52, time: 98.6, Loss: 0.3703 
Epoch: [126][172/203] lr: (1x:0.00050, eta: 08:25:23, time: 98.6, Loss: 0.3708 
Epoch: [127][19/203] lr: (1x:0.00050, eta: 08:23:20, time: 98.2, Loss: 0.3708 
Epoch: [127][69/203] lr: (1x:0.00050, eta: 08:22:09, time: 99.1, Loss: 0.3714 
Epoch: [127][119/203] lr: (1x:0.00050, eta: 08:21:11, time: 98.6, Loss: 0.3719 
Epoch: [127][169/203] lr: (1x:0.00050, eta: 08:19:45, time: 99.3, Loss: 0.3716 
Epoch: [128][16/203] lr: (1x:0.00050, eta: 08:17:27, time: 97.2, Loss: 0.3712 
Epoch: [128][66/203] lr: (1x:0.00050, eta: 08:16:12, time: 99.1, Loss: 0.3723 
Epoch: [128][116/203] lr: (1x:0.00050, eta: 08:14:48, time: 98.4, Loss: 0.3720 
Epoch: [128][166/203] lr: (1x:0.00050, eta: 08:13:20, time: 98.2, Loss: 0.3708 
Epoch: [129][13/203] lr: (1x:0.00050, eta: 08:10:50, time: 97.2, Loss: 0.3703 
Epoch: [129][63/203] lr: (1x:0.00050, eta: 08:09:05, time: 98.4, Loss: 0.3697 
Epoch: [129][113/203] lr: (1x:0.00050, eta: 08:07:51, time: 99.0, Loss: 0.3702 
Epoch: [129][163/203] lr: (1x:0.00050, eta: 08:06:07, time: 98.9, Loss: 0.3694 
Epoch: [130][10/203] lr: (1x:0.00050, eta: 08:03:26, time: 97.1, Loss: 0.3695 
Epoch: [130][60/203] lr: (1x:0.00050, eta: 08:01:23, time: 98.4, Loss: 0.3691 
Epoch: [130][110/203] lr: (1x:0.00050, eta: 08:00:15, time: 98.2, Loss: 0.3694 
Epoch: [130][160/203] lr: (1x:0.00050, eta: 07:58:13, time: 98.3, Loss: 0.3682 
Epoch: [131][7/203] lr: (1x:0.00050, eta: 07:55:58, time: 97.7, Loss: 0.3688 
Epoch: [131][57/203] lr: (1x:0.00050, eta: 07:54:29, time: 98.5, Loss: 0.3697 
Epoch: [131][107/203] lr: (1x:0.00050, eta: 07:53:15, time: 98.1, Loss: 0.3697 
Epoch: [131][157/203] lr: (1x:0.00050, eta: 07:51:41, time: 98.5, Loss: 0.3700 
Epoch: [132][4/203] lr: (1x:0.00050, eta: 07:49:21, time: 97.9, Loss: 0.3695 
Epoch: [132][54/203] lr: (1x:0.00050, eta: 07:47:34, time: 98.6, Loss: 0.3696 
Epoch: [132][104/203] lr: (1x:0.00050, eta: 07:46:28, time: 98.3, Loss: 0.3692 
Epoch: [132][154/203] lr: (1x:0.00050, eta: 07:44:43, time: 98.1, Loss: 0.3695 
Epoch: [133][1/203] lr: (1x:0.00050, eta: 07:42:23, time: 97.5, Loss: 0.3690 
Epoch: [133][51/203] lr: (1x:0.00050, eta: 07:40:59, time: 98.8, Loss: 0.3686 
Epoch: [133][101/203] lr: (1x:0.00050, eta: 07:39:46, time: 98.6, Loss: 0.3681 
Epoch: [133][151/203] lr: (1x:0.00050, eta: 07:38:25, time: 99.2, Loss: 0.3682 
Epoch: [133][201/203] lr: (1x:0.00050, eta: 07:36:56, time: 98.5, Loss: 0.3686 
Epoch: [134][48/203] lr: (1x:0.00050, eta: 07:34:44, time: 97.6, Loss: 0.3681 
Epoch: [134][98/203] lr: (1x:0.00050, eta: 07:33:41, time: 99.2, Loss: 0.3683 
Epoch: [134][148/203] lr: (1x:0.00050, eta: 07:31:55, time: 98.3, Loss: 0.3682 
Epoch: [134][198/203] lr: (1x:0.00050, eta: 07:30:22, time: 98.5, Loss: 0.3678 
Epoch: [135][45/203] lr: (1x:0.00050, eta: 07:28:31, time: 98.3, Loss: 0.3688 
Epoch: [135][95/203] lr: (1x:0.00050, eta: 07:27:27, time: 98.8, Loss: 0.3682 
Epoch: [135][145/203] lr: (1x:0.00050, eta: 07:25:46, time: 98.7, Loss: 0.3687 
Epoch: [135][195/203] lr: (1x:0.00050, eta: 07:23:54, time: 98.1, Loss: 0.3685 
Epoch: [136][42/203] lr: (1x:0.00050, eta: 07:21:46, time: 98.1, Loss: 0.3678 
Epoch: [136][92/203] lr: (1x:0.00050, eta: 07:19:51, time: 97.8, Loss: 0.3680 
Epoch: [136][142/203] lr: (1x:0.00050, eta: 07:18:26, time: 98.1, Loss: 0.3676 
Epoch: [136][192/203] lr: (1x:0.00050, eta: 07:16:29, time: 98.5, Loss: 0.3674 
Epoch: [137][39/203] lr: (1x:0.00050, eta: 07:14:14, time: 97.9, Loss: 0.3671 
Epoch: [137][89/203] lr: (1x:0.00050, eta: 07:12:42, time: 98.7, Loss: 0.3672 
Epoch: [137][139/203] lr: (1x:0.00050, eta: 07:11:11, time: 98.6, Loss: 0.3667 
Epoch: [137][189/203] lr: (1x:0.00050, eta: 07:09:33, time: 98.8, Loss: 0.3677 
Epoch: [138][36/203] lr: (1x:0.00050, eta: 07:06:58, time: 97.5, Loss: 0.3676 
Epoch: [138][86/203] lr: (1x:0.00050, eta: 07:05:34, time: 98.7, Loss: 0.3675 
Epoch: [138][136/203] lr: (1x:0.00050, eta: 07:04:17, time: 99.0, Loss: 0.3680 
Epoch: [138][186/203] lr: (1x:0.00050, eta: 07:02:39, time: 97.8, Loss: 0.3676 
Epoch: [139][33/203] lr: (1x:0.00050, eta: 07:00:18, time: 96.9, Loss: 0.3676 
Epoch: [139][83/203] lr: (1x:0.00050, eta: 06:58:25, time: 97.9, Loss: 0.3677 
Epoch: [139][133/203] lr: (1x:0.00050, eta: 06:56:49, time: 98.0, Loss: 0.3680 
Epoch: [139][183/203] lr: (1x:0.00050, eta: 06:54:50, time: 97.9, Loss: 0.3680 
Epoch: [140][30/203] lr: (1x:0.00050, eta: 06:52:33, time: 97.5, Loss: 0.3675 
Epoch: [140][80/203] lr: (1x:0.00050, eta: 06:50:46, time: 98.5, Loss: 0.3670 
Epoch: [140][130/203] lr: (1x:0.00050, eta: 06:49:21, time: 98.0, Loss: 0.3669 
Epoch: [140][180/203] lr: (1x:0.00050, eta: 06:47:42, time: 98.6, Loss: 0.3669 
Epoch: [141][27/203] lr: (1x:0.00050, eta: 06:45:22, time: 97.8, Loss: 0.3666 
Epoch: [141][77/203] lr: (1x:0.00050, eta: 06:43:56, time: 98.3, Loss: 0.3666 
Epoch: [141][127/203] lr: (1x:0.00050, eta: 06:42:44, time: 98.0, Loss: 0.3664 
Epoch: [141][177/203] lr: (1x:0.00050, eta: 06:41:18, time: 98.4, Loss: 0.3659 
Epoch: [142][24/203] lr: (1x:0.00050, eta: 06:39:11, time: 97.5, Loss: 0.3664 
Epoch: [142][74/203] lr: (1x:0.00050, eta: 06:37:31, time: 97.8, Loss: 0.3665 
Epoch: [142][124/203] lr: (1x:0.00050, eta: 06:35:57, time: 97.7, Loss: 0.3662 
Epoch: [142][174/203] lr: (1x:0.00050, eta: 06:34:03, time: 97.8, Loss: 0.3667 
Epoch: [143][21/203] lr: (1x:0.00050, eta: 06:32:22, time: 97.5, Loss: 0.3666 
Epoch: [143][71/203] lr: (1x:0.00050, eta: 06:30:41, time: 98.5, Loss: 0.3667 
Epoch: [143][121/203] lr: (1x:0.00050, eta: 06:29:24, time: 98.7, Loss: 0.3662 
Epoch: [143][171/203] lr: (1x:0.00050, eta: 06:27:45, time: 98.3, Loss: 0.3662 
Epoch: [144][18/203] lr: (1x:0.00050, eta: 06:25:15, time: 97.5, Loss: 0.3663 
Epoch: [144][68/203] lr: (1x:0.00050, eta: 06:23:42, time: 98.6, Loss: 0.3659 
Epoch: [144][118/203] lr: (1x:0.00050, eta: 06:22:35, time: 98.8, Loss: 0.3653 
Epoch: [144][168/203] lr: (1x:0.00050, eta: 06:21:02, time: 98.0, Loss: 0.3657 
Epoch: [145][15/203] lr: (1x:0.00050, eta: 06:19:08, time: 97.6, Loss: 0.3662 
Epoch: [145][65/203] lr: (1x:0.00050, eta: 06:17:30, time: 97.8, Loss: 0.3659 
Epoch: [145][115/203] lr: (1x:0.00050, eta: 06:16:04, time: 98.1, Loss: 0.3650 
Epoch: [145][165/203] lr: (1x:0.00050, eta: 06:14:22, time: 98.3, Loss: 0.3648 
Epoch: [146][12/203] lr: (1x:0.00050, eta: 06:12:09, time: 97.7, Loss: 0.3661 
Epoch: [146][62/203] lr: (1x:0.00050, eta: 06:10:49, time: 99.1, Loss: 0.3662 
Epoch: [146][112/203] lr: (1x:0.00050, eta: 06:09:26, time: 98.2, Loss: 0.3670 
Epoch: [146][162/203] lr: (1x:0.00050, eta: 06:07:46, time: 98.5, Loss: 0.3667 
Epoch: [147][9/203] lr: (1x:0.00050, eta: 06:05:19, time: 97.5, Loss: 0.3670 
Epoch: [147][59/203] lr: (1x:0.00050, eta: 06:03:46, time: 98.3, Loss: 0.3665 
Epoch: [147][109/203] lr: (1x:0.00050, eta: 06:02:27, time: 98.5, Loss: 0.3664 
Epoch: [147][159/203] lr: (1x:0.00050, eta: 06:00:53, time: 98.0, Loss: 0.3658 
Epoch: [148][6/203] lr: (1x:0.00050, eta: 05:58:52, time: 97.5, Loss: 0.3669 
Epoch: [148][56/203] lr: (1x:0.00050, eta: 05:57:22, time: 98.8, Loss: 0.3675 
Epoch: [148][106/203] lr: (1x:0.00050, eta: 05:56:01, time: 98.5, Loss: 0.3659 
Epoch: [148][156/203] lr: (1x:0.00050, eta: 05:54:08, time: 98.4, Loss: 0.3653 
Epoch: [149][3/203] lr: (1x:0.00050, eta: 05:52:03, time: 97.7, Loss: 0.3644 
Epoch: [149][53/203] lr: (1x:0.00050, eta: 05:50:32, time: 98.9, Loss: 0.3648 
Epoch: [149][103/203] lr: (1x:0.00050, eta: 05:49:07, time: 98.1, Loss: 0.3648 
Epoch: [149][153/203] lr: (1x:0.00050, eta: 05:47:28, time: 98.2, Loss: 0.3640 
Epoch: [149][203/203] lr: (1x:0.00050, eta: 05:45:14, time: 96.8, Loss: 0.3643 
Epoch: [150][50/203] lr: (1x:0.00050, eta: 05:44:10, time: 99.2, Loss: 0.3643 
Epoch: [150][100/203] lr: (1x:0.00050, eta: 05:42:57, time: 98.7, Loss: 0.3633 
Epoch: [150][150/203] lr: (1x:0.00050, eta: 05:41:09, time: 98.3, Loss: 0.3624 
Epoch: [150][200/203] lr: (1x:0.00050, eta: 05:39:31, time: 98.6, Loss: 0.3636 
Epoch: [151][47/203] lr: (1x:0.00050, eta: 05:36:47, time: 97.3, Loss: 0.3639 
Epoch: [151][97/203] lr: (1x:0.00050, eta: 05:35:32, time: 98.9, Loss: 0.3646 
Epoch: [151][147/203] lr: (1x:0.00050, eta: 05:33:48, time: 98.6, Loss: 0.3645 
Epoch: [151][197/203] lr: (1x:0.00050, eta: 05:32:19, time: 98.6, Loss: 0.3643 
Epoch: [152][44/203] lr: (1x:0.00050, eta: 05:30:26, time: 97.8, Loss: 0.3649 
Epoch: [152][94/203] lr: (1x:0.00050, eta: 05:29:18, time: 98.3, Loss: 0.3640 
Epoch: [152][144/203] lr: (1x:0.00050, eta: 05:27:34, time: 98.9, Loss: 0.3641 
Epoch: [152][194/203] lr: (1x:0.00050, eta: 05:25:43, time: 98.1, Loss: 0.3646 
Epoch: [153][41/203] lr: (1x:0.00050, eta: 05:23:47, time: 98.3, Loss: 0.3640 
Epoch: [153][91/203] lr: (1x:0.00050, eta: 05:22:04, time: 98.3, Loss: 0.3629 
Epoch: [153][141/203] lr: (1x:0.00050, eta: 05:20:39, time: 98.0, Loss: 0.3632 
Epoch: [153][191/203] lr: (1x:0.00050, eta: 05:18:53, time: 98.5, Loss: 0.3624 
Epoch: [154][38/203] lr: (1x:0.00050, eta: 05:16:41, time: 97.6, Loss: 0.3629 
Epoch: [154][88/203] lr: (1x:0.00050, eta: 05:15:06, time: 98.8, Loss: 0.3632 
Epoch: [154][138/203] lr: (1x:0.00050, eta: 05:13:48, time: 98.9, Loss: 0.3626 
Epoch: [154][188/203] lr: (1x:0.00050, eta: 05:12:04, time: 98.0, Loss: 0.3624 
Epoch: [155][35/203] lr: (1x:0.00050, eta: 05:10:02, time: 98.5, Loss: 0.3619 
Epoch: [155][85/203] lr: (1x:0.00050, eta: 05:08:41, time: 99.1, Loss: 0.3620 
Epoch: [155][135/203] lr: (1x:0.00050, eta: 05:07:13, time: 98.9, Loss: 0.3629 
Epoch: [155][185/203] lr: (1x:0.00050, eta: 05:05:45, time: 98.9, Loss: 0.3629 
Epoch: [156][32/203] lr: (1x:0.00050, eta: 05:03:52, time: 98.0, Loss: 0.3626 
Epoch: [156][82/203] lr: (1x:0.00050, eta: 05:02:12, time: 98.4, Loss: 0.3622 
Epoch: [156][132/203] lr: (1x:0.00050, eta: 05:00:46, time: 98.4, Loss: 0.3621 
Epoch: [156][182/203] lr: (1x:0.00050, eta: 04:59:03, time: 98.5, Loss: 0.3615 
Epoch: [157][29/203] lr: (1x:0.00050, eta: 04:56:39, time: 97.3, Loss: 0.3615 
Epoch: [157][79/203] lr: (1x:0.00050, eta: 04:55:14, time: 98.8, Loss: 0.3619 
Epoch: [157][129/203] lr: (1x:0.00050, eta: 04:53:34, time: 98.4, Loss: 0.3628 
Epoch: [157][179/203] lr: (1x:0.00050, eta: 04:51:51, time: 98.8, Loss: 0.3623 
Epoch: [158][26/203] lr: (1x:0.00050, eta: 04:49:39, time: 97.8, Loss: 0.3619 
Epoch: [158][76/203] lr: (1x:0.00050, eta: 04:47:52, time: 98.4, Loss: 0.3617 
Epoch: [158][126/203] lr: (1x:0.00050, eta: 04:46:16, time: 98.2, Loss: 0.3611 
Epoch: [158][176/203] lr: (1x:0.00050, eta: 04:44:42, time: 98.7, Loss: 0.3621 
Epoch: [159][23/203] lr: (1x:0.00050, eta: 04:42:27, time: 97.3, Loss: 0.3621 
Epoch: [159][73/203] lr: (1x:0.00050, eta: 04:40:48, time: 98.5, Loss: 0.3620 
Epoch: [159][123/203] lr: (1x:0.00050, eta: 04:39:32, time: 98.7, Loss: 0.3625 
Epoch: [159][173/203] lr: (1x:0.00050, eta: 04:37:41, time: 98.0, Loss: 0.3622 
Epoch: [160][20/203] lr: (1x:0.00015, eta: 04:35:42, time: 97.9, Loss: 0.3614 
Epoch: [160][70/203] lr: (1x:0.00015, eta: 04:33:50, time: 97.9, Loss: 0.3622 
Epoch: [160][120/203] lr: (1x:0.00015, eta: 04:32:28, time: 98.8, Loss: 0.3623 
Epoch: [160][170/203] lr: (1x:0.00015, eta: 04:30:49, time: 98.4, Loss: 0.3621 
Epoch: [161][17/203] lr: (1x:0.00015, eta: 04:29:07, time: 97.8, Loss: 0.3626 
Epoch: [161][67/203] lr: (1x:0.00015, eta: 04:27:26, time: 98.5, Loss: 0.3622 
Epoch: [161][117/203] lr: (1x:0.00015, eta: 04:26:06, time: 98.5, Loss: 0.3620 
Epoch: [161][167/203] lr: (1x:0.00015, eta: 04:24:27, time: 98.4, Loss: 0.3620 
Epoch: [162][14/203] lr: (1x:0.00015, eta: 04:22:25, time: 98.4, Loss: 0.3615 
Epoch: [162][64/203] lr: (1x:0.00015, eta: 04:20:57, time: 98.6, Loss: 0.3616 
Epoch: [162][114/203] lr: (1x:0.00015, eta: 04:19:27, time: 98.5, Loss: 0.3618 
Epoch: [162][164/203] lr: (1x:0.00015, eta: 04:17:51, time: 98.0, Loss: 0.3615 
Epoch: [163][11/203] lr: (1x:0.00015, eta: 04:15:25, time: 97.6, Loss: 0.3607 
Epoch: [163][61/203] lr: (1x:0.00015, eta: 04:13:43, time: 98.1, Loss: 0.3610 
Epoch: [163][111/203] lr: (1x:0.00015, eta: 04:12:10, time: 98.1, Loss: 0.3614 
Epoch: [163][161/203] lr: (1x:0.00015, eta: 04:10:28, time: 98.2, Loss: 0.3615 
Epoch: [164][8/203] lr: (1x:0.00015, eta: 04:08:26, time: 97.9, Loss: 0.3610 
Epoch: [164][58/203] lr: (1x:0.00015, eta: 04:06:59, time: 99.2, Loss: 0.3610 
Epoch: [164][108/203] lr: (1x:0.00015, eta: 04:05:17, time: 98.1, Loss: 0.3611 
Epoch: [164][158/203] lr: (1x:0.00015, eta: 04:03:31, time: 98.1, Loss: 0.3614 
Epoch: [165][5/203] lr: (1x:0.00015, eta: 04:01:21, time: 97.0, Loss: 0.3612 
Epoch: [165][55/203] lr: (1x:0.00015, eta: 03:59:48, time: 98.4, Loss: 0.3604 
Epoch: [165][105/203] lr: (1x:0.00015, eta: 03:58:22, time: 98.4, Loss: 0.3612 
Epoch: [165][155/203] lr: (1x:0.00015, eta: 03:56:47, time: 98.4, Loss: 0.3614 
Epoch: [166][2/203] lr: (1x:0.00015, eta: 03:54:39, time: 97.4, Loss: 0.3613 
Epoch: [166][52/203] lr: (1x:0.00015, eta: 03:53:05, time: 98.5, Loss: 0.3607 
Epoch: [166][102/203] lr: (1x:0.00015, eta: 03:51:27, time: 97.9, Loss: 0.3615 
Epoch: [166][152/203] lr: (1x:0.00015, eta: 03:49:34, time: 98.1, Loss: 0.3616 
Epoch: [166][202/203] lr: (1x:0.00015, eta: 03:47:52, time: 97.8, Loss: 0.3615 
Epoch: [167][49/203] lr: (1x:0.00015, eta: 03:45:56, time: 98.1, Loss: 0.3615 
Epoch: [167][99/203] lr: (1x:0.00015, eta: 03:44:42, time: 98.8, Loss: 0.3612 
Epoch: [167][149/203] lr: (1x:0.00015, eta: 03:43:05, time: 98.5, Loss: 0.3617 
Epoch: [167][199/203] lr: (1x:0.00015, eta: 03:41:27, time: 98.4, Loss: 0.3616 
Epoch: [168][46/203] lr: (1x:0.00015, eta: 03:39:36, time: 98.0, Loss: 0.3622 
Epoch: [168][96/203] lr: (1x:0.00015, eta: 03:38:12, time: 98.5, Loss: 0.3614 
Epoch: [168][146/203] lr: (1x:0.00015, eta: 03:36:37, time: 98.7, Loss: 0.3618 
Epoch: [168][196/203] lr: (1x:0.00015, eta: 03:35:07, time: 98.6, Loss: 0.3610 
Epoch: [169][43/203] lr: (1x:0.00015, eta: 03:33:05, time: 97.7, Loss: 0.3609 
Epoch: [169][93/203] lr: (1x:0.00015, eta: 03:31:36, time: 98.5, Loss: 0.3608 
Epoch: [169][143/203] lr: (1x:0.00015, eta: 03:29:56, time: 98.0, Loss: 0.3605 
Epoch: [169][193/203] lr: (1x:0.00015, eta: 03:28:09, time: 98.1, Loss: 0.3607 
Epoch: [170][40/203] lr: (1x:0.00015, eta: 03:26:01, time: 97.6, Loss: 0.3610 
Epoch: [170][90/203] lr: (1x:0.00015, eta: 03:24:22, time: 98.3, Loss: 0.3613 
Epoch: [170][140/203] lr: (1x:0.00015, eta: 03:22:48, time: 98.4, Loss: 0.3603 
Epoch: [170][190/203] lr: (1x:0.00015, eta: 03:21:05, time: 98.1, Loss: 0.3605 
Epoch: [171][37/203] lr: (1x:0.00015, eta: 03:18:59, time: 97.5, Loss: 0.3605 
Epoch: [171][87/203] lr: (1x:0.00015, eta: 03:17:16, time: 98.2, Loss: 0.3609 
Epoch: [171][137/203] lr: (1x:0.00015, eta: 03:15:48, time: 98.5, Loss: 0.3606 
Epoch: [171][187/203] lr: (1x:0.00015, eta: 03:14:12, time: 98.7, Loss: 0.3604 
Epoch: [172][34/203] lr: (1x:0.00015, eta: 03:12:16, time: 97.8, Loss: 0.3611 
Epoch: [172][84/203] lr: (1x:0.00015, eta: 03:10:41, time: 98.3, Loss: 0.3612 
Epoch: [172][134/203] lr: (1x:0.00015, eta: 03:09:10, time: 98.3, Loss: 0.3614 
Epoch: [172][184/203] lr: (1x:0.00015, eta: 03:07:32, time: 98.3, Loss: 0.3610 
Epoch: [173][31/203] lr: (1x:0.00015, eta: 03:05:34, time: 98.0, Loss: 0.3608 
Epoch: [173][81/203] lr: (1x:0.00015, eta: 03:03:59, time: 98.4, Loss: 0.3613 
Epoch: [173][131/203] lr: (1x:0.00015, eta: 03:02:28, time: 98.1, Loss: 0.3607 
Epoch: [173][181/203] lr: (1x:0.00015, eta: 03:00:53, time: 98.5, Loss: 0.3607 
Epoch: [174][28/203] lr: (1x:0.00015, eta: 02:58:49, time: 97.6, Loss: 0.3610 
Epoch: [174][78/203] lr: (1x:0.00015, eta: 02:57:16, time: 99.2, Loss: 0.3608 
Epoch: [174][128/203] lr: (1x:0.00015, eta: 02:55:43, time: 98.4, Loss: 0.3601 
Epoch: [174][178/203] lr: (1x:0.00015, eta: 02:54:13, time: 99.1, Loss: 0.3606 
Epoch: [175][25/203] lr: (1x:0.00015, eta: 02:52:07, time: 97.3, Loss: 0.3599 
Epoch: [175][75/203] lr: (1x:0.00015, eta: 02:50:25, time: 97.9, Loss: 0.3600 
Epoch: [175][125/203] lr: (1x:0.00015, eta: 02:48:48, time: 98.2, Loss: 0.3607 
Epoch: [175][175/203] lr: (1x:0.00015, eta: 02:47:11, time: 98.5, Loss: 0.3602 
Epoch: [176][22/203] lr: (1x:0.00015, eta: 02:45:15, time: 97.9, Loss: 0.3609 
Epoch: [176][72/203] lr: (1x:0.00015, eta: 02:43:38, time: 98.6, Loss: 0.3605 
Epoch: [176][122/203] lr: (1x:0.00015, eta: 02:42:12, time: 98.9, Loss: 0.3604 
Epoch: [176][172/203] lr: (1x:0.00015, eta: 02:40:29, time: 98.7, Loss: 0.3607 
Epoch: [177][19/203] lr: (1x:0.00015, eta: 02:38:33, time: 97.9, Loss: 0.3612 
Epoch: [177][69/203] lr: (1x:0.00015, eta: 02:36:47, time: 98.3, Loss: 0.3603 
Epoch: [177][119/203] lr: (1x:0.00015, eta: 02:35:20, time: 98.6, Loss: 0.3601 
Epoch: [177][169/203] lr: (1x:0.00015, eta: 02:33:44, time: 98.1, Loss: 0.3603 
Epoch: [178][16/203] lr: (1x:0.00015, eta: 02:31:50, time: 97.9, Loss: 0.3598 
Epoch: [178][66/203] lr: (1x:0.00015, eta: 02:30:12, time: 98.5, Loss: 0.3598 
Epoch: [178][116/203] lr: (1x:0.00015, eta: 02:28:37, time: 98.3, Loss: 0.3600 
Epoch: [178][166/203] lr: (1x:0.00015, eta: 02:26:55, time: 98.2, Loss: 0.3602 
Epoch: [179][13/203] lr: (1x:0.00015, eta: 02:24:47, time: 97.6, Loss: 0.3605 
Epoch: [179][63/203] lr: (1x:0.00015, eta: 02:23:10, time: 98.8, Loss: 0.3604 
Epoch: [179][113/203] lr: (1x:0.00015, eta: 02:21:38, time: 98.8, Loss: 0.3606 
Epoch: [179][163/203] lr: (1x:0.00015, eta: 02:20:05, time: 98.9, Loss: 0.3601 
Epoch: [180][10/203] lr: (1x:0.00004, eta: 02:18:09, time: 97.9, Loss: 0.3612 
Epoch: [180][60/203] lr: (1x:0.00004, eta: 02:16:41, time: 99.4, Loss: 0.3605 
Epoch: [180][110/203] lr: (1x:0.00004, eta: 02:15:00, time: 97.7, Loss: 0.3603 
Epoch: [180][160/203] lr: (1x:0.00004, eta: 02:13:22, time: 98.5, Loss: 0.3601 
Epoch: [181][7/203] lr: (1x:0.00004, eta: 02:11:22, time: 98.2, Loss: 0.3607 
Epoch: [181][57/203] lr: (1x:0.00004, eta: 02:09:44, time: 98.2, Loss: 0.3606 
Epoch: [181][107/203] lr: (1x:0.00004, eta: 02:08:09, time: 98.0, Loss: 0.3602 
Epoch: [181][157/203] lr: (1x:0.00004, eta: 02:06:29, time: 98.6, Loss: 0.3604 
Epoch: [182][4/203] lr: (1x:0.00004, eta: 02:04:29, time: 98.0, Loss: 0.3598 
Epoch: [182][54/203] lr: (1x:0.00004, eta: 02:02:48, time: 98.6, Loss: 0.3608 
Epoch: [182][104/203] lr: (1x:0.00004, eta: 02:01:12, time: 98.1, Loss: 0.3595 
Epoch: [182][154/203] lr: (1x:0.00004, eta: 01:59:30, time: 98.8, Loss: 0.3595 
Epoch: [183][1/203] lr: (1x:0.00004, eta: 01:57:44, time: 98.5, Loss: 0.3605 
Epoch: [183][51/203] lr: (1x:0.00004, eta: 01:56:04, time: 98.3, Loss: 0.3609 
Epoch: [183][101/203] lr: (1x:0.00004, eta: 01:54:21, time: 97.3, Loss: 0.3600 
Epoch: [183][151/203] lr: (1x:0.00004, eta: 01:52:46, time: 98.8, Loss: 0.3602 
Epoch: [183][201/203] lr: (1x:0.00004, eta: 01:51:09, time: 98.1, Loss: 0.3599 
Epoch: [184][48/203] lr: (1x:0.00004, eta: 01:49:20, time: 98.0, Loss: 0.3601 
Epoch: [184][98/203] lr: (1x:0.00004, eta: 01:47:47, time: 98.9, Loss: 0.3604 
Epoch: [184][148/203] lr: (1x:0.00004, eta: 01:46:11, time: 99.0, Loss: 0.3595 
Epoch: [184][198/203] lr: (1x:0.00004, eta: 01:44:40, time: 99.2, Loss: 0.3603 
Epoch: [185][45/203] lr: (1x:0.00004, eta: 01:42:30, time: 97.5, Loss: 0.3604 
Epoch: [185][95/203] lr: (1x:0.00004, eta: 01:40:52, time: 98.6, Loss: 0.3599 
Epoch: [185][145/203] lr: (1x:0.00004, eta: 01:39:12, time: 98.1, Loss: 0.3598 
Epoch: [185][195/203] lr: (1x:0.00004, eta: 01:37:38, time: 98.2, Loss: 0.3602 
Epoch: [186][42/203] lr: (1x:0.00004, eta: 01:35:38, time: 97.8, Loss: 0.3597 
Epoch: [186][92/203] lr: (1x:0.00004, eta: 01:33:58, time: 97.8, Loss: 0.3596 
Epoch: [186][142/203] lr: (1x:0.00004, eta: 01:32:23, time: 98.4, Loss: 0.3589 
Epoch: [186][192/203] lr: (1x:0.00004, eta: 01:30:44, time: 98.8, Loss: 0.3595 
Epoch: [187][39/203] lr: (1x:0.00004, eta: 01:28:42, time: 97.8, Loss: 0.3600 
Epoch: [187][89/203] lr: (1x:0.00004, eta: 01:27:02, time: 98.9, Loss: 0.3602 
Epoch: [187][139/203] lr: (1x:0.00004, eta: 01:25:32, time: 99.2, Loss: 0.3602 
Epoch: [187][189/203] lr: (1x:0.00004, eta: 01:23:56, time: 99.0, Loss: 0.3600 
Epoch: [188][36/203] lr: (1x:0.00004, eta: 01:22:03, time: 97.8, Loss: 0.3599 
Epoch: [188][86/203] lr: (1x:0.00004, eta: 01:20:29, time: 99.2, Loss: 0.3593 
Epoch: [188][136/203] lr: (1x:0.00004, eta: 01:18:56, time: 99.1, Loss: 0.3593 
Epoch: [188][186/203] lr: (1x:0.00004, eta: 01:17:21, time: 98.6, Loss: 0.3603 
Epoch: [189][33/203] lr: (1x:0.00004, eta: 01:15:29, time: 97.7, Loss: 0.3608 
Epoch: [189][83/203] lr: (1x:0.00004, eta: 01:13:50, time: 98.8, Loss: 0.3600 
Epoch: [189][133/203] lr: (1x:0.00004, eta: 01:12:14, time: 98.4, Loss: 0.3602 
Epoch: [189][183/203] lr: (1x:0.00004, eta: 01:10:33, time: 98.3, Loss: 0.3596 
Epoch: [190][30/203] lr: (1x:0.00004, eta: 01:08:29, time: 97.8, Loss: 0.3599 
Epoch: [190][80/203] lr: (1x:0.00004, eta: 01:06:48, time: 98.2, Loss: 0.3597 
Epoch: [190][130/203] lr: (1x:0.00004, eta: 01:05:12, time: 98.6, Loss: 0.3596 
Epoch: [190][180/203] lr: (1x:0.00004, eta: 01:03:32, time: 98.7, Loss: 0.3601 
Epoch: [191][27/203] lr: (1x:0.00004, eta: 01:01:35, time: 98.2, Loss: 0.3607 
Epoch: [191][77/203] lr: (1x:0.00004, eta: 00:59:54, time: 98.0, Loss: 0.3603 
Epoch: [191][127/203] lr: (1x:0.00004, eta: 00:58:19, time: 98.5, Loss: 0.3601 
Epoch: [191][177/203] lr: (1x:0.00004, eta: 00:56:40, time: 98.6, Loss: 0.3598 
Epoch: [192][24/203] lr: (1x:0.00004, eta: 00:54:43, time: 97.8, Loss: 0.3600 
Epoch: [192][74/203] lr: (1x:0.00004, eta: 00:53:05, time: 98.5, Loss: 0.3603 
Epoch: [192][124/203] lr: (1x:0.00004, eta: 00:51:28, time: 98.2, Loss: 0.3600 
Epoch: [192][174/203] lr: (1x:0.00004, eta: 00:49:51, time: 98.5, Loss: 0.3601 
Epoch: [193][21/203] lr: (1x:0.00004, eta: 00:47:55, time: 97.8, Loss: 0.3600 
Epoch: [193][71/203] lr: (1x:0.00004, eta: 00:46:15, time: 98.0, Loss: 0.3601 
Epoch: [193][121/203] lr: (1x:0.00004, eta: 00:44:37, time: 98.2, Loss: 0.3591 
Epoch: [193][171/203] lr: (1x:0.00004, eta: 00:42:58, time: 98.1, Loss: 0.3595 
Epoch: [194][18/203] lr: (1x:0.00004, eta: 00:41:04, time: 98.2, Loss: 0.3590 
Epoch: [194][68/203] lr: (1x:0.00004, eta: 00:39:26, time: 98.7, Loss: 0.3595 
Epoch: [194][118/203] lr: (1x:0.00004, eta: 00:37:50, time: 98.7, Loss: 0.3585 
Epoch: [194][168/203] lr: (1x:0.00004, eta: 00:36:11, time: 98.6, Loss: 0.3590 
Epoch: [195][15/203] lr: (1x:0.00004, eta: 00:34:17, time: 97.7, Loss: 0.3593 
Epoch: [195][65/203] lr: (1x:0.00004, eta: 00:32:39, time: 99.1, Loss: 0.3597 
Epoch: [195][115/203] lr: (1x:0.00004, eta: 00:31:02, time: 98.4, Loss: 0.3599 
Epoch: [195][165/203] lr: (1x:0.00004, eta: 00:29:26, time: 99.0, Loss: 0.3592 
Epoch: [196][12/203] lr: (1x:0.00004, eta: 00:27:32, time: 98.0, Loss: 0.3602 
Epoch: [196][62/203] lr: (1x:0.00004, eta: 00:25:55, time: 99.0, Loss: 0.3597 
Epoch: [196][112/203] lr: (1x:0.00004, eta: 00:24:17, time: 99.0, Loss: 0.3598 
Epoch: [196][162/203] lr: (1x:0.00004, eta: 00:22:38, time: 98.3, Loss: 0.3600 
Epoch: [197][9/203] lr: (1x:0.00004, eta: 00:20:43, time: 97.8, Loss: 0.3600 
Epoch: [197][59/203] lr: (1x:0.00004, eta: 00:19:05, time: 98.5, Loss: 0.3598 
Epoch: [197][109/203] lr: (1x:0.00004, eta: 00:17:27, time: 98.5, Loss: 0.3597 
Epoch: [197][159/203] lr: (1x:0.00004, eta: 00:15:48, time: 98.6, Loss: 0.3599 
Epoch: [198][6/203] lr: (1x:0.00004, eta: 00:13:53, time: 97.7, Loss: 0.3592 
Epoch: [198][56/203] lr: (1x:0.00004, eta: 00:12:15, time: 98.7, Loss: 0.3591 
Epoch: [198][106/203] lr: (1x:0.00004, eta: 00:10:37, time: 99.0, Loss: 0.3586 
Epoch: [198][156/203] lr: (1x:0.00004, eta: 00:08:58, time: 98.2, Loss: 0.3592 
Epoch: [199][3/203] lr: (1x:0.00004, eta: 00:07:04, time: 97.5, Loss: 0.3601 
Epoch: [199][53/203] lr: (1x:0.00004, eta: 00:05:26, time: 99.3, Loss: 0.3590 
Epoch: [199][103/203] lr: (1x:0.00004, eta: 00:03:48, time: 98.5, Loss: 0.3595 
Epoch: [199][153/203] lr: (1x:0.00004, eta: 00:02:09, time: 98.3, Loss: 0.3596 
Epoch: [199][203/203] lr: (1x:0.00004, eta: 00:00:31, time: 96.9, Loss: 0.3595 
