dataset: visdrone
root_dir: /home/twsf/data/Visdrone/density_mask
test_dir: 
input_size: (640, 480)
mean: [0.382, 0.383, 0.367]
std: [0.164, 0.156, 0.164]
num_classes: 5
resume: False
pre: /home/twsf/work/CRGNet/run/visdrone/20200227_235050_train/model_best.pth.tar
backbone: mobilenetv2
output_stride: 16
output_channels: 5
sync_bn: False
batch_size: 32
epochs: 200
freeze_bn: False
loss: {'type': 'CrossEntropyLoss', 'ignore_index': -1, 'weight': None}
use_balanced_weights: True
lr_scheduler: poly
lr: 0.0005
momentum: 0.9
decay: 0.0005
steps: [0.8, 0.9]
gamma: 0.3
workers: 1
region_thd: 0.5
print_freq: 50
plot_every: 100
saver_freq: 1
seed: 1
Epoch: [0][50/203] lr: (1x:0.00050, eta: 28:31:58, time: 99.8, Loss: 1.7824 
Epoch: [0][100/203] lr: (1x:0.00050, eta: 28:19:29, time: 98.2, Loss: 1.6480 
Epoch: [0][150/203] lr: (1x:0.00050, eta: 28:15:47, time: 98.5, Loss: 1.5656 
Epoch: [0][200/203] lr: (1x:0.00050, eta: 28:13:07, time: 98.5, Loss: 1.5072 
Epoch: [1][47/203] lr: (1x:0.00050, eta: 22:56:17, time: 97.4, Loss: 1.4591 
Epoch: [1][97/203] lr: (1x:0.00050, eta: 22:54:22, time: 98.3, Loss: 1.4229 
Epoch: [1][147/203] lr: (1x:0.00050, eta: 22:53:02, time: 98.6, Loss: 1.3920 
Epoch: [1][197/203] lr: (1x:0.00050, eta: 22:52:00, time: 98.8, Loss: 1.3670 
Epoch: [2][44/203] lr: (1x:0.00050, eta: 22:48:29, time: 97.9, Loss: 1.3428 
Epoch: [2][94/203] lr: (1x:0.00050, eta: 22:47:42, time: 99.1, Loss: 1.3228 
Epoch: [2][144/203] lr: (1x:0.00050, eta: 22:44:17, time: 98.4, Loss: 1.2584 
Epoch: [2][194/203] lr: (1x:0.00050, eta: 22:42:55, time: 98.4, Loss: 1.2200 
Epoch: [3][41/203] lr: (1x:0.00050, eta: 22:39:36, time: 97.4, Loss: 1.1908 
Epoch: [3][91/203] lr: (1x:0.00050, eta: 22:37:29, time: 98.1, Loss: 1.1677 
Epoch: [3][141/203] lr: (1x:0.00050, eta: 22:37:16, time: 98.5, Loss: 1.1507 
Epoch: [3][191/203] lr: (1x:0.00050, eta: 22:36:17, time: 98.8, Loss: 1.1353 
Epoch: [4][38/203] lr: (1x:0.00050, eta: 22:33:35, time: 98.0, Loss: 1.1224 
Epoch: [4][88/203] lr: (1x:0.00050, eta: 22:32:02, time: 98.9, Loss: 1.1098 
Epoch: [4][138/203] lr: (1x:0.00050, eta: 22:31:23, time: 98.6, Loss: 1.1011 
Epoch: [4][188/203] lr: (1x:0.00050, eta: 22:28:27, time: 98.1, Loss: 1.0921 
Epoch: [5][35/203] lr: (1x:0.00050, eta: 22:25:23, time: 97.7, Loss: 1.0829 
Epoch: [5][85/203] lr: (1x:0.00050, eta: 22:23:42, time: 98.3, Loss: 1.0734 
Epoch: [5][135/203] lr: (1x:0.00050, eta: 22:23:03, time: 98.2, Loss: 1.0657 
Epoch: [5][185/203] lr: (1x:0.00050, eta: 22:22:39, time: 99.1, Loss: 1.0591 
Epoch: [6][32/203] lr: (1x:0.00050, eta: 22:20:55, time: 98.2, Loss: 1.0525 
Epoch: [6][82/203] lr: (1x:0.00050, eta: 22:18:04, time: 97.9, Loss: 1.0460 
Epoch: [6][132/203] lr: (1x:0.00050, eta: 22:16:37, time: 98.2, Loss: 1.0409 
Epoch: [6][182/203] lr: (1x:0.00050, eta: 22:14:25, time: 98.5, Loss: 1.0345 
Epoch: [7][29/203] lr: (1x:0.00050, eta: 22:11:18, time: 97.9, Loss: 1.0292 
Epoch: [7][79/203] lr: (1x:0.00050, eta: 22:10:00, time: 98.4, Loss: 1.0239 
Epoch: [7][129/203] lr: (1x:0.00050, eta: 22:08:46, time: 98.0, Loss: 1.0184 
Epoch: [7][179/203] lr: (1x:0.00050, eta: 22:07:14, time: 98.4, Loss: 1.0144 
Epoch: [8][26/203] lr: (1x:0.00050, eta: 22:04:58, time: 97.9, Loss: 1.0109 
Epoch: [8][76/203] lr: (1x:0.00050, eta: 22:03:33, time: 99.3, Loss: 1.0069 
Epoch: [8][126/203] lr: (1x:0.00050, eta: 22:03:57, time: 99.7, Loss: 1.0023 
Epoch: [8][176/203] lr: (1x:0.00050, eta: 22:02:49, time: 98.3, Loss: 0.9975 
Epoch: [9][23/203] lr: (1x:0.00050, eta: 22:00:28, time: 97.6, Loss: 0.9931 
Epoch: [9][73/203] lr: (1x:0.00050, eta: 21:59:24, time: 98.9, Loss: 0.9910 
Epoch: [9][123/203] lr: (1x:0.00050, eta: 21:57:39, time: 97.9, Loss: 0.9877 
Epoch: [9][173/203] lr: (1x:0.00050, eta: 21:56:12, time: 98.5, Loss: 0.9848 
Epoch: [10][20/203] lr: (1x:0.00050, eta: 21:53:15, time: 97.2, Loss: 0.9821 
Epoch: [10][70/203] lr: (1x:0.00050, eta: 21:51:44, time: 98.5, Loss: 0.9782 
Epoch: [10][120/203] lr: (1x:0.00050, eta: 21:50:21, time: 98.1, Loss: 0.9751 
Epoch: [10][170/203] lr: (1x:0.00050, eta: 21:47:50, time: 98.6, Loss: 0.9723 
Epoch: [11][17/203] lr: (1x:0.00050, eta: 21:43:22, time: 97.8, Loss: 0.9700 
Epoch: [11][67/203] lr: (1x:0.00050, eta: 21:41:45, time: 98.3, Loss: 0.9678 
Epoch: [11][117/203] lr: (1x:0.00050, eta: 21:40:51, time: 98.2, Loss: 0.9659 
Epoch: [11][167/203] lr: (1x:0.00050, eta: 21:38:49, time: 98.6, Loss: 0.9637 
Epoch: [12][14/203] lr: (1x:0.00050, eta: 21:37:25, time: 98.1, Loss: 0.9615 
Epoch: [12][64/203] lr: (1x:0.00050, eta: 21:35:58, time: 98.6, Loss: 0.9592 
Epoch: [12][114/203] lr: (1x:0.00050, eta: 21:36:03, time: 98.6, Loss: 0.9575 
Epoch: [12][164/203] lr: (1x:0.00050, eta: 21:33:45, time: 98.0, Loss: 0.9559 
Epoch: [13][11/203] lr: (1x:0.00050, eta: 21:31:57, time: 98.1, Loss: 0.9539 
Epoch: [13][61/203] lr: (1x:0.00050, eta: 21:30:39, time: 98.8, Loss: 0.9521 
Epoch: [13][111/203] lr: (1x:0.00050, eta: 21:29:38, time: 98.3, Loss: 0.9494 
Epoch: [13][161/203] lr: (1x:0.00050, eta: 21:28:15, time: 98.5, Loss: 0.9477 
Epoch: [14][8/203] lr: (1x:0.00050, eta: 21:25:45, time: 97.8, Loss: 0.9457 
Epoch: [14][58/203] lr: (1x:0.00050, eta: 21:24:18, time: 98.7, Loss: 0.9435 
Epoch: [14][108/203] lr: (1x:0.00050, eta: 21:23:28, time: 98.8, Loss: 0.9416 
Epoch: [14][158/203] lr: (1x:0.00050, eta: 21:21:06, time: 98.1, Loss: 0.9398 
Epoch: [15][5/203] lr: (1x:0.00050, eta: 21:18:07, time: 97.8, Loss: 0.9382 
Epoch: [15][55/203] lr: (1x:0.00050, eta: 21:17:09, time: 98.5, Loss: 0.9369 
Epoch: [15][105/203] lr: (1x:0.00050, eta: 21:15:45, time: 98.3, Loss: 0.9348 
Epoch: [15][155/203] lr: (1x:0.00050, eta: 21:13:20, time: 98.2, Loss: 0.9331 
Epoch: [16][2/203] lr: (1x:0.00050, eta: 21:12:05, time: 98.7, Loss: 0.9326 
Epoch: [16][52/203] lr: (1x:0.00050, eta: 21:10:48, time: 98.8, Loss: 0.9317 
Epoch: [16][102/203] lr: (1x:0.00050, eta: 21:10:16, time: 98.7, Loss: 0.9300 
Epoch: [16][152/203] lr: (1x:0.00050, eta: 21:07:41, time: 98.0, Loss: 0.9282 
Epoch: [16][202/203] lr: (1x:0.00050, eta: 21:04:55, time: 97.9, Loss: 0.9267 
Epoch: [17][49/203] lr: (1x:0.00050, eta: 21:02:14, time: 97.4, Loss: 0.9265 
Epoch: [17][99/203] lr: (1x:0.00050, eta: 21:01:25, time: 98.5, Loss: 0.9252 
Epoch: [17][149/203] lr: (1x:0.00050, eta: 20:59:22, time: 98.2, Loss: 0.9240 
Epoch: [17][199/203] lr: (1x:0.00050, eta: 20:57:26, time: 98.1, Loss: 0.9226 
Epoch: [18][46/203] lr: (1x:0.00050, eta: 20:55:37, time: 98.2, Loss: 0.9209 
Epoch: [18][96/203] lr: (1x:0.00050, eta: 20:54:08, time: 98.8, Loss: 0.9194 
Epoch: [18][146/203] lr: (1x:0.00050, eta: 20:51:31, time: 98.0, Loss: 0.9183 
Epoch: [18][196/203] lr: (1x:0.00050, eta: 20:49:50, time: 98.7, Loss: 0.9173 
Epoch: [19][43/203] lr: (1x:0.00050, eta: 20:46:37, time: 97.1, Loss: 0.9159 
Epoch: [19][93/203] lr: (1x:0.00050, eta: 20:45:44, time: 98.5, Loss: 0.9153 
Epoch: [19][143/203] lr: (1x:0.00050, eta: 20:45:09, time: 98.3, Loss: 0.9145 
Epoch: [19][193/203] lr: (1x:0.00050, eta: 20:43:26, time: 98.4, Loss: 0.9136 
Epoch: [20][40/203] lr: (1x:0.00050, eta: 20:41:10, time: 97.8, Loss: 0.9131 
Epoch: [20][90/203] lr: (1x:0.00050, eta: 20:40:25, time: 98.8, Loss: 0.9131 
Epoch: [20][140/203] lr: (1x:0.00050, eta: 20:39:17, time: 98.6, Loss: 0.9123 
Epoch: [20][190/203] lr: (1x:0.00050, eta: 20:37:53, time: 99.0, Loss: 0.9109 
Epoch: [21][37/203] lr: (1x:0.00050, eta: 20:36:01, time: 98.1, Loss: 0.9096 
Epoch: [21][87/203] lr: (1x:0.00050, eta: 20:33:29, time: 97.9, Loss: 0.9081 
Epoch: [21][137/203] lr: (1x:0.00050, eta: 20:33:32, time: 98.5, Loss: 0.9078 
Epoch: [21][187/203] lr: (1x:0.00050, eta: 20:32:35, time: 99.1, Loss: 0.9068 
Epoch: [22][34/203] lr: (1x:0.00050, eta: 20:29:24, time: 97.3, Loss: 0.9050 
Epoch: [22][84/203] lr: (1x:0.00050, eta: 20:28:22, time: 98.9, Loss: 0.9045 
Epoch: [22][134/203] lr: (1x:0.00050, eta: 20:27:06, time: 98.1, Loss: 0.9023 
Epoch: [22][184/203] lr: (1x:0.00050, eta: 20:24:46, time: 98.2, Loss: 0.9011 
Epoch: [23][31/203] lr: (1x:0.00050, eta: 20:22:50, time: 98.0, Loss: 0.9001 
Epoch: [23][81/203] lr: (1x:0.00050, eta: 20:21:12, time: 99.0, Loss: 0.8996 
Epoch: [23][131/203] lr: (1x:0.00050, eta: 20:19:35, time: 98.2, Loss: 0.8989 
Epoch: [23][181/203] lr: (1x:0.00050, eta: 20:18:44, time: 98.6, Loss: 0.8987 
Epoch: [24][28/203] lr: (1x:0.00050, eta: 20:14:45, time: 97.6, Loss: 0.8979 
Epoch: [24][78/203] lr: (1x:0.00050, eta: 20:12:38, time: 98.7, Loss: 0.8966 
Epoch: [24][128/203] lr: (1x:0.00050, eta: 20:12:44, time: 98.8, Loss: 0.8948 
Epoch: [24][178/203] lr: (1x:0.00050, eta: 20:10:31, time: 98.4, Loss: 0.8941 
Epoch: [25][25/203] lr: (1x:0.00050, eta: 20:09:26, time: 98.3, Loss: 0.8943 
Epoch: [25][75/203] lr: (1x:0.00050, eta: 20:08:49, time: 99.1, Loss: 0.8941 
Epoch: [25][125/203] lr: (1x:0.00050, eta: 20:07:45, time: 98.4, Loss: 0.8934 
Epoch: [25][175/203] lr: (1x:0.00050, eta: 20:06:08, time: 99.0, Loss: 0.8920 
Epoch: [26][22/203] lr: (1x:0.00050, eta: 20:03:38, time: 97.7, Loss: 0.8906 
Epoch: [26][72/203] lr: (1x:0.00050, eta: 20:02:06, time: 98.7, Loss: 0.8896 
Epoch: [26][122/203] lr: (1x:0.00050, eta: 20:01:28, time: 98.4, Loss: 0.8882 
Epoch: [26][172/203] lr: (1x:0.00050, eta: 19:59:05, time: 98.0, Loss: 0.8879 
Epoch: [27][19/203] lr: (1x:0.00050, eta: 19:55:38, time: 97.7, Loss: 0.8887 
Epoch: [27][69/203] lr: (1x:0.00050, eta: 19:53:51, time: 98.3, Loss: 0.8870 
Epoch: [27][119/203] lr: (1x:0.00050, eta: 19:51:42, time: 97.9, Loss: 0.8864 
Epoch: [27][169/203] lr: (1x:0.00050, eta: 19:49:01, time: 98.2, Loss: 0.8848 
Epoch: [28][16/203] lr: (1x:0.00050, eta: 19:48:18, time: 98.0, Loss: 0.8846 
Epoch: [28][66/203] lr: (1x:0.00050, eta: 19:45:29, time: 98.0, Loss: 0.8845 
Epoch: [28][116/203] lr: (1x:0.00050, eta: 19:44:38, time: 98.4, Loss: 0.8844 
Epoch: [28][166/203] lr: (1x:0.00050, eta: 19:41:50, time: 97.7, Loss: 0.8837 
Epoch: [29][13/203] lr: (1x:0.00050, eta: 19:37:33, time: 97.7, Loss: 0.8833 
Epoch: [29][63/203] lr: (1x:0.00050, eta: 19:36:15, time: 98.3, Loss: 0.8819 
Epoch: [29][113/203] lr: (1x:0.00050, eta: 19:35:25, time: 98.4, Loss: 0.8813 
Epoch: [29][163/203] lr: (1x:0.00050, eta: 19:33:25, time: 98.0, Loss: 0.8811 
Epoch: [30][10/203] lr: (1x:0.00050, eta: 19:30:53, time: 97.2, Loss: 0.8812 
Epoch: [30][60/203] lr: (1x:0.00050, eta: 19:29:26, time: 98.4, Loss: 0.8813 
Epoch: [30][110/203] lr: (1x:0.00050, eta: 19:28:50, time: 98.9, Loss: 0.8794 
Epoch: [30][160/203] lr: (1x:0.00050, eta: 19:27:59, time: 98.7, Loss: 0.8790 
Epoch: [31][7/203] lr: (1x:0.00050, eta: 19:25:06, time: 97.5, Loss: 0.8778 
Epoch: [31][57/203] lr: (1x:0.00050, eta: 19:24:26, time: 98.5, Loss: 0.8762 
Epoch: [31][107/203] lr: (1x:0.00050, eta: 19:24:10, time: 98.9, Loss: 0.8768 
Epoch: [31][157/203] lr: (1x:0.00050, eta: 19:23:11, time: 98.9, Loss: 0.8768 
Epoch: [32][4/203] lr: (1x:0.00050, eta: 19:20:53, time: 98.2, Loss: 0.8753 
Epoch: [32][54/203] lr: (1x:0.00050, eta: 19:20:14, time: 98.9, Loss: 0.8751 
Epoch: [32][104/203] lr: (1x:0.00050, eta: 19:19:29, time: 98.0, Loss: 0.8739 
Epoch: [32][154/203] lr: (1x:0.00050, eta: 19:16:51, time: 97.5, Loss: 0.8719 
Epoch: [33][1/203] lr: (1x:0.00050, eta: 19:13:33, time: 97.4, Loss: 0.8723 
Epoch: [33][51/203] lr: (1x:0.00050, eta: 19:12:25, time: 99.1, Loss: 0.8718 
Epoch: [33][101/203] lr: (1x:0.00050, eta: 19:11:40, time: 98.3, Loss: 0.8721 
Epoch: [33][151/203] lr: (1x:0.00050, eta: 19:09:44, time: 98.3, Loss: 0.8719 
Epoch: [33][201/203] lr: (1x:0.00050, eta: 19:07:53, time: 98.7, Loss: 0.8708 
Epoch: [34][48/203] lr: (1x:0.00050, eta: 19:05:29, time: 98.5, Loss: 0.8697 
Epoch: [34][98/203] lr: (1x:0.00050, eta: 19:03:33, time: 97.9, Loss: 0.8688 
Epoch: [34][148/203] lr: (1x:0.00050, eta: 19:00:43, time: 97.8, Loss: 0.8682 
Epoch: [34][198/203] lr: (1x:0.00050, eta: 19:00:05, time: 98.9, Loss: 0.8676 
Epoch: [35][45/203] lr: (1x:0.00050, eta: 18:58:21, time: 98.1, Loss: 0.8676 
Epoch: [35][95/203] lr: (1x:0.00050, eta: 18:57:46, time: 98.4, Loss: 0.8666 
Epoch: [35][145/203] lr: (1x:0.00050, eta: 18:55:49, time: 98.8, Loss: 0.8666 
Epoch: [35][195/203] lr: (1x:0.00050, eta: 18:54:32, time: 98.6, Loss: 0.8660 
Epoch: [36][42/203] lr: (1x:0.00050, eta: 18:51:23, time: 97.0, Loss: 0.8663 
Epoch: [36][92/203] lr: (1x:0.00050, eta: 18:49:24, time: 98.4, Loss: 0.8654 
Epoch: [36][142/203] lr: (1x:0.00050, eta: 18:48:13, time: 98.9, Loss: 0.8645 
Epoch: [36][192/203] lr: (1x:0.00050, eta: 18:47:08, time: 98.4, Loss: 0.8652 
Epoch: [37][39/203] lr: (1x:0.00050, eta: 18:45:29, time: 98.0, Loss: 0.8640 
Epoch: [37][89/203] lr: (1x:0.00050, eta: 18:43:40, time: 98.7, Loss: 0.8634 
Epoch: [37][139/203] lr: (1x:0.00050, eta: 18:42:37, time: 98.6, Loss: 0.8632 
Epoch: [37][189/203] lr: (1x:0.00050, eta: 18:40:43, time: 98.2, Loss: 0.8627 
Epoch: [38][36/203] lr: (1x:0.00050, eta: 18:37:26, time: 97.6, Loss: 0.8612 
Epoch: [38][86/203] lr: (1x:0.00050, eta: 18:35:25, time: 98.3, Loss: 0.8601 
Epoch: [38][136/203] lr: (1x:0.00050, eta: 18:34:38, time: 97.8, Loss: 0.8596 
Epoch: [38][186/203] lr: (1x:0.00050, eta: 18:33:12, time: 98.5, Loss: 0.8602 
Epoch: [39][33/203] lr: (1x:0.00050, eta: 18:30:43, time: 97.5, Loss: 0.8607 
Epoch: [39][83/203] lr: (1x:0.00050, eta: 18:28:41, time: 98.1, Loss: 0.8599 
Epoch: [39][133/203] lr: (1x:0.00050, eta: 18:28:16, time: 99.1, Loss: 0.8596 
Epoch: [39][183/203] lr: (1x:0.00050, eta: 18:25:55, time: 98.0, Loss: 0.8592 
Epoch: [40][30/203] lr: (1x:0.00050, eta: 18:22:22, time: 97.5, Loss: 0.8582 
Epoch: [40][80/203] lr: (1x:0.00050, eta: 18:21:10, time: 98.6, Loss: 0.8577 
Epoch: [40][130/203] lr: (1x:0.00050, eta: 18:20:58, time: 98.9, Loss: 0.8585 
Epoch: [40][180/203] lr: (1x:0.00050, eta: 18:18:55, time: 97.9, Loss: 0.8575 
Epoch: [41][27/203] lr: (1x:0.00050, eta: 18:17:20, time: 98.3, Loss: 0.8575 
Epoch: [41][77/203] lr: (1x:0.00050, eta: 18:16:06, time: 98.9, Loss: 0.8555 
Epoch: [41][127/203] lr: (1x:0.00050, eta: 18:15:20, time: 98.3, Loss: 0.8553 
Epoch: [41][177/203] lr: (1x:0.00050, eta: 18:13:53, time: 98.2, Loss: 0.8546 
Epoch: [42][24/203] lr: (1x:0.00050, eta: 18:10:38, time: 98.2, Loss: 0.8549 
Epoch: [42][74/203] lr: (1x:0.00050, eta: 18:09:42, time: 98.7, Loss: 0.8537 
Epoch: [42][124/203] lr: (1x:0.00050, eta: 18:08:44, time: 98.1, Loss: 0.8540 
Epoch: [42][174/203] lr: (1x:0.00050, eta: 18:07:03, time: 98.5, Loss: 0.8545 
Epoch: [43][21/203] lr: (1x:0.00050, eta: 18:03:56, time: 97.6, Loss: 0.8521 
Epoch: [43][71/203] lr: (1x:0.00050, eta: 18:03:06, time: 98.7, Loss: 0.8531 
Epoch: [43][121/203] lr: (1x:0.00050, eta: 18:01:33, time: 98.3, Loss: 0.8516 
Epoch: [43][171/203] lr: (1x:0.00050, eta: 17:59:44, time: 98.8, Loss: 0.8522 
Epoch: [44][18/203] lr: (1x:0.00050, eta: 17:57:09, time: 97.4, Loss: 0.8515 
Epoch: [44][68/203] lr: (1x:0.00050, eta: 17:55:56, time: 98.7, Loss: 0.8508 
Epoch: [44][118/203] lr: (1x:0.00050, eta: 17:54:56, time: 98.8, Loss: 0.8504 
Epoch: [44][168/203] lr: (1x:0.00050, eta: 17:53:36, time: 99.0, Loss: 0.8505 
Epoch: [45][15/203] lr: (1x:0.00050, eta: 17:51:04, time: 97.7, Loss: 0.8502 
Epoch: [45][65/203] lr: (1x:0.00050, eta: 17:49:01, time: 98.1, Loss: 0.8494 
Epoch: [45][115/203] lr: (1x:0.00050, eta: 17:49:13, time: 99.3, Loss: 0.8503 
Epoch: [45][165/203] lr: (1x:0.00050, eta: 17:47:25, time: 98.5, Loss: 0.8493 
Epoch: [46][12/203] lr: (1x:0.00050, eta: 17:45:16, time: 98.1, Loss: 0.8492 
Epoch: [46][62/203] lr: (1x:0.00050, eta: 17:43:39, time: 98.8, Loss: 0.8476 
Epoch: [46][112/203] lr: (1x:0.00050, eta: 17:43:02, time: 98.4, Loss: 0.8476 
Epoch: [46][162/203] lr: (1x:0.00050, eta: 17:40:59, time: 98.3, Loss: 0.8476 
Epoch: [47][9/203] lr: (1x:0.00050, eta: 17:38:20, time: 97.9, Loss: 0.8468 
Epoch: [47][59/203] lr: (1x:0.00050, eta: 17:36:47, time: 99.1, Loss: 0.8458 
Epoch: [47][109/203] lr: (1x:0.00050, eta: 17:35:27, time: 98.0, Loss: 0.8463 
Epoch: [47][159/203] lr: (1x:0.00050, eta: 17:34:00, time: 98.3, Loss: 0.8458 
Epoch: [48][6/203] lr: (1x:0.00050, eta: 17:29:53, time: 97.3, Loss: 0.8452 
Epoch: [48][56/203] lr: (1x:0.00050, eta: 17:27:58, time: 98.2, Loss: 0.8452 
Epoch: [48][106/203] lr: (1x:0.00050, eta: 17:27:11, time: 98.9, Loss: 0.8455 
Epoch: [48][156/203] lr: (1x:0.00050, eta: 17:24:48, time: 98.1, Loss: 0.8449 
Epoch: [49][3/203] lr: (1x:0.00050, eta: 17:21:48, time: 97.4, Loss: 0.8442 
Epoch: [49][53/203] lr: (1x:0.00050, eta: 17:20:31, time: 98.6, Loss: 0.8441 
Epoch: [49][103/203] lr: (1x:0.00050, eta: 17:19:05, time: 98.1, Loss: 0.8432 
Epoch: [49][153/203] lr: (1x:0.00050, eta: 17:16:10, time: 97.8, Loss: 0.8432 
Epoch: [49][203/203] lr: (1x:0.00050, eta: 17:13:01, time: 96.5, Loss: 0.8418 
Epoch: [50][50/203] lr: (1x:0.00050, eta: 17:14:20, time: 100.0, Loss: 0.8413 
Epoch: [50][100/203] lr: (1x:0.00050, eta: 17:14:11, time: 98.7, Loss: 0.8410 
Epoch: [50][150/203] lr: (1x:0.00050, eta: 17:12:10, time: 97.9, Loss: 0.8398 
Epoch: [50][200/203] lr: (1x:0.00050, eta: 17:10:27, time: 98.8, Loss: 0.8401 
Epoch: [51][47/203] lr: (1x:0.00050, eta: 17:06:44, time: 97.2, Loss: 0.8400 
Epoch: [51][97/203] lr: (1x:0.00050, eta: 17:06:25, time: 98.7, Loss: 0.8395 
Epoch: [51][147/203] lr: (1x:0.00050, eta: 17:04:44, time: 98.5, Loss: 0.8392 
Epoch: [51][197/203] lr: (1x:0.00050, eta: 17:03:24, time: 98.4, Loss: 0.8393 
Epoch: [52][44/203] lr: (1x:0.00050, eta: 17:00:18, time: 97.6, Loss: 0.8390 
Epoch: [52][94/203] lr: (1x:0.00050, eta: 16:59:28, time: 97.3, Loss: 0.8387 
Epoch: [52][144/203] lr: (1x:0.00050, eta: 16:56:23, time: 98.6, Loss: 0.8382 
Epoch: [52][194/203] lr: (1x:0.00050, eta: 16:55:02, time: 99.0, Loss: 0.8380 
Epoch: [53][41/203] lr: (1x:0.00050, eta: 16:53:22, time: 97.8, Loss: 0.8388 
Epoch: [53][91/203] lr: (1x:0.00050, eta: 16:51:34, time: 98.7, Loss: 0.8375 
Epoch: [53][141/203] lr: (1x:0.00050, eta: 16:50:57, time: 98.2, Loss: 0.8385 
Epoch: [53][191/203] lr: (1x:0.00050, eta: 16:48:45, time: 98.2, Loss: 0.8377 
Epoch: [54][38/203] lr: (1x:0.00050, eta: 16:45:41, time: 97.3, Loss: 0.8367 
Epoch: [54][88/203] lr: (1x:0.00050, eta: 16:44:40, time: 99.1, Loss: 0.8368 
Epoch: [54][138/203] lr: (1x:0.00050, eta: 16:44:08, time: 98.7, Loss: 0.8366 
Epoch: [54][188/203] lr: (1x:0.00050, eta: 16:43:30, time: 98.3, Loss: 0.8367 
Epoch: [55][35/203] lr: (1x:0.00050, eta: 16:41:19, time: 98.1, Loss: 0.8364 
Epoch: [55][85/203] lr: (1x:0.00050, eta: 16:39:27, time: 98.8, Loss: 0.8356 
Epoch: [55][135/203] lr: (1x:0.00050, eta: 16:37:58, time: 97.9, Loss: 0.8349 
Epoch: [55][185/203] lr: (1x:0.00050, eta: 16:36:09, time: 98.5, Loss: 0.8344 
Epoch: [56][32/203] lr: (1x:0.00050, eta: 16:34:05, time: 97.6, Loss: 0.8333 
Epoch: [56][82/203] lr: (1x:0.00050, eta: 16:33:07, time: 98.8, Loss: 0.8333 
Epoch: [56][132/203] lr: (1x:0.00050, eta: 16:32:39, time: 98.5, Loss: 0.8332 
Epoch: [56][182/203] lr: (1x:0.00050, eta: 16:30:32, time: 98.6, Loss: 0.8326 
Epoch: [57][29/203] lr: (1x:0.00050, eta: 16:27:13, time: 98.0, Loss: 0.8321 
Epoch: [57][79/203] lr: (1x:0.00050, eta: 16:25:47, time: 98.5, Loss: 0.8313 
Epoch: [57][129/203] lr: (1x:0.00050, eta: 16:25:09, time: 99.1, Loss: 0.8307 
Epoch: [57][179/203] lr: (1x:0.00050, eta: 16:22:54, time: 98.2, Loss: 0.8312 
Epoch: [58][26/203] lr: (1x:0.00050, eta: 16:21:00, time: 97.6, Loss: 0.8310 
Epoch: [58][76/203] lr: (1x:0.00050, eta: 16:19:22, time: 98.5, Loss: 0.8305 
Epoch: [58][126/203] lr: (1x:0.00050, eta: 16:18:25, time: 98.3, Loss: 0.8306 
Epoch: [58][176/203] lr: (1x:0.00050, eta: 16:16:25, time: 98.5, Loss: 0.8298 
Epoch: [59][23/203] lr: (1x:0.00050, eta: 16:13:33, time: 97.4, Loss: 0.8294 
Epoch: [59][73/203] lr: (1x:0.00050, eta: 16:12:22, time: 99.0, Loss: 0.8296 
Epoch: [59][123/203] lr: (1x:0.00050, eta: 16:11:26, time: 98.7, Loss: 0.8299 
Epoch: [59][173/203] lr: (1x:0.00050, eta: 16:08:55, time: 97.6, Loss: 0.8290 
Epoch: [60][20/203] lr: (1x:0.00050, eta: 16:06:12, time: 98.1, Loss: 0.8298 
Epoch: [60][70/203] lr: (1x:0.00050, eta: 16:04:42, time: 98.3, Loss: 0.8287 
Epoch: [60][120/203] lr: (1x:0.00050, eta: 16:03:41, time: 98.3, Loss: 0.8285 
Epoch: [60][170/203] lr: (1x:0.00050, eta: 16:01:39, time: 98.1, Loss: 0.8279 
Epoch: [61][17/203] lr: (1x:0.00050, eta: 15:58:30, time: 97.4, Loss: 0.8269 
Epoch: [61][67/203] lr: (1x:0.00050, eta: 15:56:50, time: 98.4, Loss: 0.8264 
Epoch: [61][117/203] lr: (1x:0.00050, eta: 15:56:30, time: 98.8, Loss: 0.8263 
Epoch: [61][167/203] lr: (1x:0.00050, eta: 15:54:05, time: 98.2, Loss: 0.8254 
Epoch: [62][14/203] lr: (1x:0.00050, eta: 15:51:12, time: 97.7, Loss: 0.8261 
Epoch: [62][64/203] lr: (1x:0.00050, eta: 15:50:28, time: 98.6, Loss: 0.8275 
Epoch: [62][114/203] lr: (1x:0.00050, eta: 15:49:49, time: 99.2, Loss: 0.8269 
Epoch: [62][164/203] lr: (1x:0.00050, eta: 15:48:10, time: 98.3, Loss: 0.8260 
Epoch: [63][11/203] lr: (1x:0.00050, eta: 15:46:20, time: 98.1, Loss: 0.8242 
Epoch: [63][61/203] lr: (1x:0.00050, eta: 15:45:35, time: 99.0, Loss: 0.8236 
Epoch: [63][111/203] lr: (1x:0.00050, eta: 15:44:29, time: 98.0, Loss: 0.8235 
Epoch: [63][161/203] lr: (1x:0.00050, eta: 15:42:46, time: 98.3, Loss: 0.8245 
Epoch: [64][8/203] lr: (1x:0.00050, eta: 15:39:42, time: 98.1, Loss: 0.8250 
Epoch: [64][58/203] lr: (1x:0.00050, eta: 15:38:40, time: 98.9, Loss: 0.8249 
Epoch: [64][108/203] lr: (1x:0.00050, eta: 15:37:54, time: 98.6, Loss: 0.8233 
Epoch: [64][158/203] lr: (1x:0.00050, eta: 15:36:27, time: 98.8, Loss: 0.8217 
Epoch: [65][5/203] lr: (1x:0.00050, eta: 15:33:20, time: 97.7, Loss: 0.8211 
Epoch: [65][55/203] lr: (1x:0.00050, eta: 15:31:51, time: 98.4, Loss: 0.8210 
Epoch: [65][105/203] lr: (1x:0.00050, eta: 15:30:48, time: 98.7, Loss: 0.8216 
Epoch: [65][155/203] lr: (1x:0.00050, eta: 15:28:16, time: 98.1, Loss: 0.8226 
Epoch: [66][2/203] lr: (1x:0.00050, eta: 15:26:28, time: 97.8, Loss: 0.8229 
Epoch: [66][52/203] lr: (1x:0.00050, eta: 15:25:11, time: 98.7, Loss: 0.8210 
Epoch: [66][102/203] lr: (1x:0.00050, eta: 15:23:29, time: 98.0, Loss: 0.8207 
Epoch: [66][152/203] lr: (1x:0.00050, eta: 15:21:21, time: 98.3, Loss: 0.8197 
Epoch: [66][202/203] lr: (1x:0.00050, eta: 15:19:13, time: 98.1, Loss: 0.8202 
Epoch: [67][49/203] lr: (1x:0.00050, eta: 15:16:33, time: 97.7, Loss: 0.8216 
Epoch: [67][99/203] lr: (1x:0.00050, eta: 15:15:46, time: 98.7, Loss: 0.8216 
Epoch: [67][149/203] lr: (1x:0.00050, eta: 15:14:00, time: 98.3, Loss: 0.8214 
Epoch: [67][199/203] lr: (1x:0.00050, eta: 15:12:37, time: 99.0, Loss: 0.8208 
Epoch: [68][46/203] lr: (1x:0.00050, eta: 15:10:29, time: 98.1, Loss: 0.8197 
Epoch: [68][96/203] lr: (1x:0.00050, eta: 15:09:07, time: 98.2, Loss: 0.8193 
Epoch: [68][146/203] lr: (1x:0.00050, eta: 15:07:11, time: 98.4, Loss: 0.8202 
Epoch: [68][196/203] lr: (1x:0.00050, eta: 15:05:32, time: 98.0, Loss: 0.8193 
Epoch: [69][43/203] lr: (1x:0.00050, eta: 15:02:56, time: 97.3, Loss: 0.8189 
Epoch: [69][93/203] lr: (1x:0.00050, eta: 15:01:57, time: 98.9, Loss: 0.8180 
Epoch: [69][143/203] lr: (1x:0.00050, eta: 15:01:03, time: 98.5, Loss: 0.8170 
Epoch: [69][193/203] lr: (1x:0.00050, eta: 14:59:13, time: 98.4, Loss: 0.8169 
Epoch: [70][40/203] lr: (1x:0.00050, eta: 14:56:11, time: 97.4, Loss: 0.8171 
Epoch: [70][90/203] lr: (1x:0.00050, eta: 14:54:28, time: 98.9, Loss: 0.8171 
Epoch: [70][140/203] lr: (1x:0.00050, eta: 14:52:46, time: 98.0, Loss: 0.8169 
Epoch: [70][190/203] lr: (1x:0.00050, eta: 14:51:16, time: 98.3, Loss: 0.8166 
Epoch: [71][37/203] lr: (1x:0.00050, eta: 14:48:44, time: 97.6, Loss: 0.8170 
Epoch: [71][87/203] lr: (1x:0.00050, eta: 14:47:45, time: 98.7, Loss: 0.8164 
Epoch: [71][137/203] lr: (1x:0.00050, eta: 14:47:23, time: 98.8, Loss: 0.8172 
Epoch: [71][187/203] lr: (1x:0.00050, eta: 14:45:17, time: 98.3, Loss: 0.8166 
Epoch: [72][34/203] lr: (1x:0.00050, eta: 14:42:46, time: 97.6, Loss: 0.8151 
Epoch: [72][84/203] lr: (1x:0.00050, eta: 14:41:08, time: 98.4, Loss: 0.8153 
Epoch: [72][134/203] lr: (1x:0.00050, eta: 14:40:22, time: 98.4, Loss: 0.8146 
Epoch: [72][184/203] lr: (1x:0.00050, eta: 14:38:21, time: 98.5, Loss: 0.8146 
Epoch: [73][31/203] lr: (1x:0.00050, eta: 14:36:41, time: 97.9, Loss: 0.8153 
Epoch: [73][81/203] lr: (1x:0.00050, eta: 14:35:27, time: 98.8, Loss: 0.8139 
Epoch: [73][131/203] lr: (1x:0.00050, eta: 14:34:32, time: 98.5, Loss: 0.8129 
Epoch: [73][181/203] lr: (1x:0.00050, eta: 14:32:56, time: 98.8, Loss: 0.8128 
Epoch: [74][28/203] lr: (1x:0.00050, eta: 14:30:32, time: 98.6, Loss: 0.8121 
Epoch: [74][78/203] lr: (1x:0.00050, eta: 14:29:31, time: 99.1, Loss: 0.8116 
Epoch: [74][128/203] lr: (1x:0.00050, eta: 14:28:26, time: 98.3, Loss: 0.8119 
Epoch: [74][178/203] lr: (1x:0.00050, eta: 14:26:59, time: 98.7, Loss: 0.8106 
Epoch: [75][25/203] lr: (1x:0.00050, eta: 14:24:34, time: 97.9, Loss: 0.8112 
Epoch: [75][75/203] lr: (1x:0.00050, eta: 14:22:30, time: 98.0, Loss: 0.8102 
Epoch: [75][125/203] lr: (1x:0.00050, eta: 14:21:12, time: 98.3, Loss: 0.8090 
Epoch: [75][175/203] lr: (1x:0.00050, eta: 14:19:29, time: 98.7, Loss: 0.8110 
Epoch: [76][22/203] lr: (1x:0.00050, eta: 14:17:02, time: 97.5, Loss: 0.8113 
Epoch: [76][72/203] lr: (1x:0.00050, eta: 14:15:42, time: 99.2, Loss: 0.8099 
Epoch: [76][122/203] lr: (1x:0.00050, eta: 14:13:48, time: 98.3, Loss: 0.8087 
Epoch: [76][172/203] lr: (1x:0.00050, eta: 14:11:46, time: 98.6, Loss: 0.8092 
Epoch: [77][19/203] lr: (1x:0.00050, eta: 14:09:35, time: 98.3, Loss: 0.8102 
Epoch: [77][69/203] lr: (1x:0.00050, eta: 14:07:47, time: 98.5, Loss: 0.8107 
Epoch: [77][119/203] lr: (1x:0.00050, eta: 14:06:09, time: 97.9, Loss: 0.8099 
Epoch: [77][169/203] lr: (1x:0.00050, eta: 14:05:05, time: 98.7, Loss: 0.8096 
Epoch: [78][16/203] lr: (1x:0.00050, eta: 14:03:07, time: 97.9, Loss: 0.8101 
Epoch: [78][66/203] lr: (1x:0.00050, eta: 14:01:20, time: 98.5, Loss: 0.8096 
Epoch: [78][116/203] lr: (1x:0.00050, eta: 14:00:29, time: 98.4, Loss: 0.8080 
Epoch: [78][166/203] lr: (1x:0.00050, eta: 13:57:43, time: 97.8, Loss: 0.8081 
Epoch: [79][13/203] lr: (1x:0.00050, eta: 13:55:37, time: 97.9, Loss: 0.8093 
Epoch: [79][63/203] lr: (1x:0.00050, eta: 13:53:58, time: 98.6, Loss: 0.8098 
Epoch: [79][113/203] lr: (1x:0.00050, eta: 13:52:26, time: 98.5, Loss: 0.8067 
Epoch: [79][163/203] lr: (1x:0.00050, eta: 13:50:47, time: 98.4, Loss: 0.8065 
Epoch: [80][10/203] lr: (1x:0.00050, eta: 13:48:10, time: 97.3, Loss: 0.8065 
Epoch: [80][60/203] lr: (1x:0.00050, eta: 13:46:08, time: 98.2, Loss: 0.8064 
Epoch: [80][110/203] lr: (1x:0.00050, eta: 13:45:00, time: 98.5, Loss: 0.8049 
Epoch: [80][160/203] lr: (1x:0.00050, eta: 13:43:13, time: 98.3, Loss: 0.8045 
Epoch: [81][7/203] lr: (1x:0.00050, eta: 13:40:14, time: 97.0, Loss: 0.8055 
Epoch: [81][57/203] lr: (1x:0.00050, eta: 13:39:11, time: 98.5, Loss: 0.8054 
Epoch: [81][107/203] lr: (1x:0.00050, eta: 13:38:26, time: 99.0, Loss: 0.8044 
Epoch: [81][157/203] lr: (1x:0.00050, eta: 13:36:29, time: 98.2, Loss: 0.8028 
Epoch: [82][4/203] lr: (1x:0.00050, eta: 13:34:41, time: 98.5, Loss: 0.8044 
Epoch: [82][54/203] lr: (1x:0.00050, eta: 13:33:09, time: 98.6, Loss: 0.8038 
Epoch: [82][104/203] lr: (1x:0.00050, eta: 13:32:37, time: 98.7, Loss: 0.8032 
Epoch: [82][154/203] lr: (1x:0.00050, eta: 13:30:54, time: 98.1, Loss: 0.8042 
Epoch: [83][1/203] lr: (1x:0.00050, eta: 13:28:20, time: 97.7, Loss: 0.8045 
Epoch: [83][51/203] lr: (1x:0.00050, eta: 13:27:05, time: 98.8, Loss: 0.8028 
Epoch: [83][101/203] lr: (1x:0.00050, eta: 13:26:57, time: 98.9, Loss: 0.8014 
Epoch: [83][151/203] lr: (1x:0.00050, eta: 13:25:30, time: 98.7, Loss: 0.8017 
Epoch: [83][201/203] lr: (1x:0.00050, eta: 13:23:27, time: 98.5, Loss: 0.8025 
Epoch: [84][48/203] lr: (1x:0.00050, eta: 13:21:31, time: 97.4, Loss: 0.8026 
Epoch: [84][98/203] lr: (1x:0.00050, eta: 13:19:57, time: 98.6, Loss: 0.8019 
Epoch: [84][148/203] lr: (1x:0.00050, eta: 13:18:35, time: 98.9, Loss: 0.8014 
Epoch: [84][198/203] lr: (1x:0.00050, eta: 13:16:59, time: 98.8, Loss: 0.8015 
Epoch: [85][45/203] lr: (1x:0.00050, eta: 13:14:01, time: 97.6, Loss: 0.8004 
Epoch: [85][95/203] lr: (1x:0.00050, eta: 13:13:21, time: 99.0, Loss: 0.8007 
Epoch: [85][145/203] lr: (1x:0.00050, eta: 13:11:24, time: 98.5, Loss: 0.8017 
Epoch: [85][195/203] lr: (1x:0.00050, eta: 13:09:19, time: 98.4, Loss: 0.8017 
Epoch: [86][42/203] lr: (1x:0.00050, eta: 13:06:56, time: 97.8, Loss: 0.8009 
Epoch: [86][92/203] lr: (1x:0.00050, eta: 13:05:29, time: 98.7, Loss: 0.8000 
Epoch: [86][142/203] lr: (1x:0.00050, eta: 13:04:28, time: 98.2, Loss: 0.7997 
Epoch: [86][192/203] lr: (1x:0.00050, eta: 13:02:24, time: 98.0, Loss: 0.7996 
Epoch: [87][39/203] lr: (1x:0.00050, eta: 12:59:11, time: 97.7, Loss: 0.7996 
Epoch: [87][89/203] lr: (1x:0.00050, eta: 12:57:27, time: 98.6, Loss: 0.8002 
Epoch: [87][139/203] lr: (1x:0.00050, eta: 12:56:29, time: 98.5, Loss: 0.7994 
Epoch: [87][189/203] lr: (1x:0.00050, eta: 12:54:23, time: 98.3, Loss: 0.7986 
Epoch: [88][36/203] lr: (1x:0.00050, eta: 12:52:44, time: 98.3, Loss: 0.7975 
Epoch: [88][86/203] lr: (1x:0.00050, eta: 12:51:30, time: 98.9, Loss: 0.7977 
Epoch: [88][136/203] lr: (1x:0.00050, eta: 12:50:29, time: 98.6, Loss: 0.7978 
Epoch: [88][186/203] lr: (1x:0.00050, eta: 12:49:04, time: 99.0, Loss: 0.7979 
Epoch: [89][33/203] lr: (1x:0.00050, eta: 12:47:17, time: 97.9, Loss: 0.7974 
Epoch: [89][83/203] lr: (1x:0.00050, eta: 12:46:35, time: 99.3, Loss: 0.7973 
Epoch: [89][133/203] lr: (1x:0.00050, eta: 12:45:31, time: 98.5, Loss: 0.7975 
Epoch: [89][183/203] lr: (1x:0.00050, eta: 12:43:10, time: 97.7, Loss: 0.7959 
Epoch: [90][30/203] lr: (1x:0.00050, eta: 12:40:18, time: 97.9, Loss: 0.7969 
Epoch: [90][80/203] lr: (1x:0.00050, eta: 12:38:32, time: 98.2, Loss: 0.7965 
Epoch: [90][130/203] lr: (1x:0.00050, eta: 12:36:40, time: 98.0, Loss: 0.7967 
Epoch: [90][180/203] lr: (1x:0.00050, eta: 12:34:53, time: 98.7, Loss: 0.7962 
Epoch: [91][27/203] lr: (1x:0.00050, eta: 12:31:45, time: 97.7, Loss: 0.7958 
Epoch: [91][77/203] lr: (1x:0.00050, eta: 12:29:26, time: 98.1, Loss: 0.7945 
Epoch: [91][127/203] lr: (1x:0.00050, eta: 12:28:27, time: 98.8, Loss: 0.7954 
Epoch: [91][177/203] lr: (1x:0.00050, eta: 12:26:39, time: 99.0, Loss: 0.7954 
Epoch: [92][24/203] lr: (1x:0.00050, eta: 12:24:55, time: 97.7, Loss: 0.7948 
Epoch: [92][74/203] lr: (1x:0.00050, eta: 12:23:44, time: 98.3, Loss: 0.7949 
Epoch: [92][124/203] lr: (1x:0.00050, eta: 12:22:52, time: 98.9, Loss: 0.7938 
Epoch: [92][174/203] lr: (1x:0.00050, eta: 12:21:23, time: 98.4, Loss: 0.7940 
Epoch: [93][21/203] lr: (1x:0.00050, eta: 12:19:10, time: 97.9, Loss: 0.7936 
Epoch: [93][71/203] lr: (1x:0.00050, eta: 12:17:29, time: 98.7, Loss: 0.7943 
Epoch: [93][121/203] lr: (1x:0.00050, eta: 12:16:10, time: 98.1, Loss: 0.7941 
Epoch: [93][171/203] lr: (1x:0.00050, eta: 12:15:05, time: 98.9, Loss: 0.7942 
Epoch: [94][18/203] lr: (1x:0.00050, eta: 12:12:28, time: 97.6, Loss: 0.7930 
Epoch: [94][68/203] lr: (1x:0.00050, eta: 12:10:56, time: 99.2, Loss: 0.7927 
Epoch: [94][118/203] lr: (1x:0.00050, eta: 12:09:41, time: 98.3, Loss: 0.7922 
Epoch: [94][168/203] lr: (1x:0.00050, eta: 12:08:23, time: 98.8, Loss: 0.7925 
Epoch: [95][15/203] lr: (1x:0.00050, eta: 12:05:33, time: 98.0, Loss: 0.7923 
Epoch: [95][65/203] lr: (1x:0.00050, eta: 12:03:55, time: 98.4, Loss: 0.7932 
Epoch: [95][115/203] lr: (1x:0.00050, eta: 12:02:39, time: 98.4, Loss: 0.7921 
Epoch: [95][165/203] lr: (1x:0.00050, eta: 12:00:40, time: 98.2, Loss: 0.7906 
Epoch: [96][12/203] lr: (1x:0.00050, eta: 11:58:55, time: 97.9, Loss: 0.7915 
Epoch: [96][62/203] lr: (1x:0.00050, eta: 11:57:04, time: 98.6, Loss: 0.7913 
Epoch: [96][112/203] lr: (1x:0.00050, eta: 11:55:43, time: 98.0, Loss: 0.7919 
Epoch: [96][162/203] lr: (1x:0.00050, eta: 11:53:33, time: 98.4, Loss: 0.7913 
Epoch: [97][9/203] lr: (1x:0.00050, eta: 11:51:19, time: 97.3, Loss: 0.7908 
Epoch: [97][59/203] lr: (1x:0.00050, eta: 11:49:34, time: 98.6, Loss: 0.7900 
Epoch: [97][109/203] lr: (1x:0.00050, eta: 11:47:58, time: 98.1, Loss: 0.7905 
Epoch: [97][159/203] lr: (1x:0.00050, eta: 11:46:06, time: 98.1, Loss: 0.7887 
Epoch: [98][6/203] lr: (1x:0.00050, eta: 11:43:14, time: 97.6, Loss: 0.7897 
Epoch: [98][56/203] lr: (1x:0.00050, eta: 11:41:29, time: 98.0, Loss: 0.7898 
Epoch: [98][106/203] lr: (1x:0.00050, eta: 11:40:25, time: 98.8, Loss: 0.7890 
Epoch: [98][156/203] lr: (1x:0.00050, eta: 11:38:24, time: 98.0, Loss: 0.7891 
Epoch: [99][3/203] lr: (1x:0.00050, eta: 11:35:53, time: 97.6, Loss: 0.7885 
Epoch: [99][53/203] lr: (1x:0.00050, eta: 11:34:45, time: 99.2, Loss: 0.7893 
Epoch: [99][103/203] lr: (1x:0.00050, eta: 11:34:07, time: 98.7, Loss: 0.7889 
Epoch: [99][153/203] lr: (1x:0.00050, eta: 11:32:30, time: 98.7, Loss: 0.7891 
Epoch: [99][203/203] lr: (1x:0.00050, eta: 11:30:00, time: 96.8, Loss: 0.7885 
Epoch: [100][50/203] lr: (1x:0.00050, eta: 11:30:12, time: 99.5, Loss: 0.7880 
Epoch: [100][100/203] lr: (1x:0.00050, eta: 11:29:13, time: 98.6, Loss: 0.7879 
Epoch: [100][150/203] lr: (1x:0.00050, eta: 11:28:22, time: 99.2, Loss: 0.7880 
Epoch: [100][200/203] lr: (1x:0.00050, eta: 11:26:26, time: 98.3, Loss: 0.7880 
Epoch: [101][47/203] lr: (1x:0.00050, eta: 11:23:54, time: 97.9, Loss: 0.7872 
Epoch: [101][97/203] lr: (1x:0.00050, eta: 11:22:57, time: 98.6, Loss: 0.7874 
Epoch: [101][147/203] lr: (1x:0.00050, eta: 11:20:50, time: 98.4, Loss: 0.7854 
Epoch: [101][197/203] lr: (1x:0.00050, eta: 11:18:53, time: 98.3, Loss: 0.7865 
Epoch: [102][44/203] lr: (1x:0.00050, eta: 11:16:34, time: 98.3, Loss: 0.7871 
Epoch: [102][94/203] lr: (1x:0.00050, eta: 11:16:03, time: 98.5, Loss: 0.7868 
Epoch: [102][144/203] lr: (1x:0.00050, eta: 11:13:52, time: 98.6, Loss: 0.7870 
Epoch: [102][194/203] lr: (1x:0.00050, eta: 11:11:46, time: 97.9, Loss: 0.7863 
Epoch: [103][41/203] lr: (1x:0.00050, eta: 11:08:46, time: 97.3, Loss: 0.7858 
Epoch: [103][91/203] lr: (1x:0.00050, eta: 11:07:09, time: 98.4, Loss: 0.7846 
Epoch: [103][141/203] lr: (1x:0.00050, eta: 11:05:36, time: 98.0, Loss: 0.7852 
Epoch: [103][191/203] lr: (1x:0.00050, eta: 11:03:56, time: 98.5, Loss: 0.7849 
Epoch: [104][38/203] lr: (1x:0.00050, eta: 11:01:43, time: 98.3, Loss: 0.7862 
Epoch: [104][88/203] lr: (1x:0.00050, eta: 11:00:51, time: 99.5, Loss: 0.7851 
Epoch: [104][138/203] lr: (1x:0.00050, eta: 10:59:30, time: 98.7, Loss: 0.7837 
Epoch: [104][188/203] lr: (1x:0.00050, eta: 10:57:13, time: 97.5, Loss: 0.7840 
Epoch: [105][35/203] lr: (1x:0.00050, eta: 10:54:59, time: 97.9, Loss: 0.7836 
Epoch: [105][85/203] lr: (1x:0.00050, eta: 10:53:45, time: 98.5, Loss: 0.7841 
Epoch: [105][135/203] lr: (1x:0.00050, eta: 10:52:59, time: 98.6, Loss: 0.7831 
Epoch: [105][185/203] lr: (1x:0.00050, eta: 10:51:49, time: 99.1, Loss: 0.7838 
Epoch: [106][32/203] lr: (1x:0.00050, eta: 10:49:46, time: 97.8, Loss: 0.7835 
Epoch: [106][82/203] lr: (1x:0.00050, eta: 10:48:09, time: 98.6, Loss: 0.7822 
Epoch: [106][132/203] lr: (1x:0.00050, eta: 10:46:30, time: 98.3, Loss: 0.7819 
Epoch: [106][182/203] lr: (1x:0.00050, eta: 10:44:18, time: 98.6, Loss: 0.7827 
Epoch: [107][29/203] lr: (1x:0.00050, eta: 10:41:23, time: 97.2, Loss: 0.7822 
Epoch: [107][79/203] lr: (1x:0.00050, eta: 10:40:10, time: 98.2, Loss: 0.7813 
Epoch: [107][129/203] lr: (1x:0.00050, eta: 10:39:02, time: 98.7, Loss: 0.7820 
Epoch: [107][179/203] lr: (1x:0.00050, eta: 10:37:36, time: 98.9, Loss: 0.7808 
Epoch: [108][26/203] lr: (1x:0.00050, eta: 10:35:21, time: 98.3, Loss: 0.7817 
Epoch: [108][76/203] lr: (1x:0.00050, eta: 10:33:16, time: 98.4, Loss: 0.7813 
Epoch: [108][126/203] lr: (1x:0.00050, eta: 10:32:05, time: 98.6, Loss: 0.7810 
Epoch: [108][176/203] lr: (1x:0.00050, eta: 10:30:20, time: 98.4, Loss: 0.7816 
Epoch: [109][23/203] lr: (1x:0.00050, eta: 10:28:28, time: 98.1, Loss: 0.7808 
Epoch: [109][73/203] lr: (1x:0.00050, eta: 10:26:42, time: 98.4, Loss: 0.7797 
Epoch: [109][123/203] lr: (1x:0.00050, eta: 10:26:05, time: 98.9, Loss: 0.7808 
Epoch: [109][173/203] lr: (1x:0.00050, eta: 10:24:52, time: 98.9, Loss: 0.7808 
Epoch: [110][20/203] lr: (1x:0.00050, eta: 10:22:27, time: 98.0, Loss: 0.7794 
Epoch: [110][70/203] lr: (1x:0.00050, eta: 10:20:46, time: 98.8, Loss: 0.7805 
Epoch: [110][120/203] lr: (1x:0.00050, eta: 10:19:07, time: 98.3, Loss: 0.7802 
Epoch: [110][170/203] lr: (1x:0.00050, eta: 10:17:33, time: 98.5, Loss: 0.7796 
Epoch: [111][17/203] lr: (1x:0.00050, eta: 10:15:15, time: 97.8, Loss: 0.7803 
Epoch: [111][67/203] lr: (1x:0.00050, eta: 10:13:49, time: 98.7, Loss: 0.7802 
Epoch: [111][117/203] lr: (1x:0.00050, eta: 10:12:12, time: 98.1, Loss: 0.7800 
Epoch: [111][167/203] lr: (1x:0.00050, eta: 10:10:20, time: 98.0, Loss: 0.7801 
Epoch: [112][14/203] lr: (1x:0.00050, eta: 10:07:47, time: 97.7, Loss: 0.7791 
Epoch: [112][64/203] lr: (1x:0.00050, eta: 10:06:06, time: 98.8, Loss: 0.7788 
Epoch: [112][114/203] lr: (1x:0.00050, eta: 10:04:52, time: 98.6, Loss: 0.7789 
Epoch: [112][164/203] lr: (1x:0.00050, eta: 10:03:11, time: 98.7, Loss: 0.7786 
Epoch: [113][11/203] lr: (1x:0.00050, eta: 10:01:01, time: 97.8, Loss: 0.7782 
Epoch: [113][61/203] lr: (1x:0.00050, eta: 09:59:15, time: 98.3, Loss: 0.7783 
Epoch: [113][111/203] lr: (1x:0.00050, eta: 09:57:40, time: 97.9, Loss: 0.7771 
Epoch: [113][161/203] lr: (1x:0.00050, eta: 09:56:02, time: 98.7, Loss: 0.7771 
Epoch: [114][8/203] lr: (1x:0.00050, eta: 09:53:44, time: 97.5, Loss: 0.7771 
Epoch: [114][58/203] lr: (1x:0.00050, eta: 09:52:11, time: 98.1, Loss: 0.7774 
Epoch: [114][108/203] lr: (1x:0.00050, eta: 09:51:28, time: 99.3, Loss: 0.7769 
Epoch: [114][158/203] lr: (1x:0.00050, eta: 09:49:29, time: 98.2, Loss: 0.7773 
Epoch: [115][5/203] lr: (1x:0.00050, eta: 09:46:56, time: 97.4, Loss: 0.7774 
Epoch: [115][55/203] lr: (1x:0.00050, eta: 09:45:22, time: 98.8, Loss: 0.7765 
Epoch: [115][105/203] lr: (1x:0.00050, eta: 09:44:06, time: 98.5, Loss: 0.7767 
Epoch: [115][155/203] lr: (1x:0.00050, eta: 09:42:09, time: 97.8, Loss: 0.7765 
Epoch: [116][2/203] lr: (1x:0.00050, eta: 09:40:15, time: 97.9, Loss: 0.7762 
Epoch: [116][52/203] lr: (1x:0.00050, eta: 09:38:22, time: 98.3, Loss: 0.7755 
Epoch: [116][102/203] lr: (1x:0.00050, eta: 09:37:05, time: 98.1, Loss: 0.7754 
Epoch: [116][152/203] lr: (1x:0.00050, eta: 09:35:16, time: 97.8, Loss: 0.7743 
Epoch: [116][202/203] lr: (1x:0.00050, eta: 09:32:45, time: 97.8, Loss: 0.7742 
Epoch: [117][49/203] lr: (1x:0.00050, eta: 09:30:40, time: 97.9, Loss: 0.7735 
Epoch: [117][99/203] lr: (1x:0.00050, eta: 09:29:39, time: 98.6, Loss: 0.7738 
Epoch: [117][149/203] lr: (1x:0.00050, eta: 09:28:05, time: 99.0, Loss: 0.7732 
Epoch: [117][199/203] lr: (1x:0.00050, eta: 09:26:23, time: 98.4, Loss: 0.7731 
Epoch: [118][46/203] lr: (1x:0.00050, eta: 09:25:01, time: 98.9, Loss: 0.7725 
Epoch: [118][96/203] lr: (1x:0.00050, eta: 09:23:42, time: 98.5, Loss: 0.7721 
Epoch: [118][146/203] lr: (1x:0.00050, eta: 09:22:32, time: 99.2, Loss: 0.7721 
Epoch: [118][196/203] lr: (1x:0.00050, eta: 09:21:04, time: 98.4, Loss: 0.7722 
Epoch: [119][43/203] lr: (1x:0.00050, eta: 09:19:30, time: 98.0, Loss: 0.7725 
Epoch: [119][93/203] lr: (1x:0.00050, eta: 09:18:10, time: 98.3, Loss: 0.7730 
Epoch: [119][143/203] lr: (1x:0.00050, eta: 09:17:02, time: 98.9, Loss: 0.7729 
Epoch: [119][193/203] lr: (1x:0.00050, eta: 09:15:12, time: 98.2, Loss: 0.7719 
Epoch: [120][40/203] lr: (1x:0.00050, eta: 09:12:24, time: 97.6, Loss: 0.7725 
Epoch: [120][90/203] lr: (1x:0.00050, eta: 09:10:43, time: 98.3, Loss: 0.7731 
Epoch: [120][140/203] lr: (1x:0.00050, eta: 09:08:51, time: 98.5, Loss: 0.7734 
Epoch: [120][190/203] lr: (1x:0.00050, eta: 09:07:47, time: 99.6, Loss: 0.7729 
Epoch: [121][37/203] lr: (1x:0.00050, eta: 09:05:43, time: 98.8, Loss: 0.7732 
Epoch: [121][87/203] lr: (1x:0.00050, eta: 09:04:16, time: 98.8, Loss: 0.7725 
Epoch: [121][137/203] lr: (1x:0.00050, eta: 09:02:50, time: 98.4, Loss: 0.7720 
Epoch: [121][187/203] lr: (1x:0.00050, eta: 09:01:13, time: 98.4, Loss: 0.7715 
Epoch: [122][34/203] lr: (1x:0.00050, eta: 08:58:40, time: 97.5, Loss: 0.7717 
Epoch: [122][84/203] lr: (1x:0.00050, eta: 08:57:29, time: 99.1, Loss: 0.7714 
Epoch: [122][134/203] lr: (1x:0.00050, eta: 08:56:31, time: 98.9, Loss: 0.7717 
Epoch: [122][184/203] lr: (1x:0.00050, eta: 08:55:16, time: 99.0, Loss: 0.7708 
Epoch: [123][31/203] lr: (1x:0.00050, eta: 08:53:11, time: 98.2, Loss: 0.7707 
Epoch: [123][81/203] lr: (1x:0.00050, eta: 08:50:46, time: 98.1, Loss: 0.7708 
Epoch: [123][131/203] lr: (1x:0.00050, eta: 08:48:55, time: 98.4, Loss: 0.7707 
Epoch: [123][181/203] lr: (1x:0.00050, eta: 08:47:16, time: 98.8, Loss: 0.7707 
Epoch: [124][28/203] lr: (1x:0.00050, eta: 08:44:49, time: 97.6, Loss: 0.7710 
Epoch: [124][78/203] lr: (1x:0.00050, eta: 08:43:10, time: 98.4, Loss: 0.7706 
Epoch: [124][128/203] lr: (1x:0.00050, eta: 08:41:49, time: 98.0, Loss: 0.7702 
Epoch: [124][178/203] lr: (1x:0.00050, eta: 08:40:10, time: 99.1, Loss: 0.7700 
Epoch: [125][25/203] lr: (1x:0.00050, eta: 08:37:52, time: 97.9, Loss: 0.7701 
Epoch: [125][75/203] lr: (1x:0.00050, eta: 08:36:08, time: 98.8, Loss: 0.7696 
Epoch: [125][125/203] lr: (1x:0.00050, eta: 08:34:56, time: 99.1, Loss: 0.7693 
Epoch: [125][175/203] lr: (1x:0.00050, eta: 08:33:14, time: 98.0, Loss: 0.7689 
Epoch: [126][22/203] lr: (1x:0.00050, eta: 08:30:47, time: 97.5, Loss: 0.7683 
Epoch: [126][72/203] lr: (1x:0.00050, eta: 08:29:05, time: 98.7, Loss: 0.7672 
Epoch: [126][122/203] lr: (1x:0.00050, eta: 08:27:41, time: 98.0, Loss: 0.7670 
Epoch: [126][172/203] lr: (1x:0.00050, eta: 08:26:15, time: 98.8, Loss: 0.7673 
Epoch: [127][19/203] lr: (1x:0.00050, eta: 08:24:27, time: 98.0, Loss: 0.7684 
Epoch: [127][69/203] lr: (1x:0.00050, eta: 08:22:41, time: 98.8, Loss: 0.7681 
Epoch: [127][119/203] lr: (1x:0.00050, eta: 08:21:24, time: 98.6, Loss: 0.7666 
Epoch: [127][169/203] lr: (1x:0.00050, eta: 08:19:42, time: 98.7, Loss: 0.7672 
Epoch: [128][16/203] lr: (1x:0.00050, eta: 08:17:05, time: 97.7, Loss: 0.7681 
Epoch: [128][66/203] lr: (1x:0.00050, eta: 08:15:42, time: 98.5, Loss: 0.7673 
Epoch: [128][116/203] lr: (1x:0.00050, eta: 08:14:30, time: 98.4, Loss: 0.7668 
Epoch: [128][166/203] lr: (1x:0.00050, eta: 08:12:37, time: 98.1, Loss: 0.7677 
Epoch: [129][13/203] lr: (1x:0.00050, eta: 08:10:32, time: 97.4, Loss: 0.7672 
Epoch: [129][63/203] lr: (1x:0.00050, eta: 08:08:54, time: 98.8, Loss: 0.7672 
Epoch: [129][113/203] lr: (1x:0.00050, eta: 08:07:32, time: 98.6, Loss: 0.7659 
Epoch: [129][163/203] lr: (1x:0.00050, eta: 08:05:33, time: 98.1, Loss: 0.7663 
Epoch: [130][10/203] lr: (1x:0.00050, eta: 08:03:23, time: 98.1, Loss: 0.7666 
Epoch: [130][60/203] lr: (1x:0.00050, eta: 08:01:32, time: 98.2, Loss: 0.7654 
Epoch: [130][110/203] lr: (1x:0.00050, eta: 08:00:15, time: 98.5, Loss: 0.7643 
Epoch: [130][160/203] lr: (1x:0.00050, eta: 07:58:41, time: 98.7, Loss: 0.7654 
Epoch: [131][7/203] lr: (1x:0.00050, eta: 07:56:23, time: 97.7, Loss: 0.7647 
Epoch: [131][57/203] lr: (1x:0.00050, eta: 07:55:08, time: 99.0, Loss: 0.7640 
Epoch: [131][107/203] lr: (1x:0.00050, eta: 07:53:56, time: 98.3, Loss: 0.7643 
Epoch: [131][157/203] lr: (1x:0.00050, eta: 07:51:42, time: 97.5, Loss: 0.7637 
Epoch: [132][4/203] lr: (1x:0.00050, eta: 07:49:18, time: 97.3, Loss: 0.7629 
Epoch: [132][54/203] lr: (1x:0.00050, eta: 07:47:44, time: 98.3, Loss: 0.7624 
Epoch: [132][104/203] lr: (1x:0.00050, eta: 07:46:28, time: 98.9, Loss: 0.7623 
Epoch: [132][154/203] lr: (1x:0.00050, eta: 07:44:54, time: 98.4, Loss: 0.7626 
Epoch: [133][1/203] lr: (1x:0.00050, eta: 07:42:11, time: 97.1, Loss: 0.7627 
Epoch: [133][51/203] lr: (1x:0.00050, eta: 07:40:26, time: 98.4, Loss: 0.7623 
Epoch: [133][101/203] lr: (1x:0.00050, eta: 07:39:20, time: 98.9, Loss: 0.7624 
Epoch: [133][151/203] lr: (1x:0.00050, eta: 07:37:14, time: 98.0, Loss: 0.7620 
Epoch: [133][201/203] lr: (1x:0.00050, eta: 07:36:02, time: 99.3, Loss: 0.7626 
Epoch: [134][48/203] lr: (1x:0.00050, eta: 07:34:38, time: 98.2, Loss: 0.7620 
Epoch: [134][98/203] lr: (1x:0.00050, eta: 07:33:47, time: 99.1, Loss: 0.7631 
Epoch: [134][148/203] lr: (1x:0.00050, eta: 07:32:29, time: 99.0, Loss: 0.7628 
Epoch: [134][198/203] lr: (1x:0.00050, eta: 07:30:28, time: 98.1, Loss: 0.7630 
Epoch: [135][45/203] lr: (1x:0.00050, eta: 07:28:14, time: 97.7, Loss: 0.7622 
Epoch: [135][95/203] lr: (1x:0.00050, eta: 07:27:14, time: 98.6, Loss: 0.7622 
Epoch: [135][145/203] lr: (1x:0.00050, eta: 07:25:13, time: 97.5, Loss: 0.7616 
Epoch: [135][195/203] lr: (1x:0.00050, eta: 07:23:34, time: 98.9, Loss: 0.7624 
Epoch: [136][42/203] lr: (1x:0.00050, eta: 07:21:32, time: 97.8, Loss: 0.7622 
Epoch: [136][92/203] lr: (1x:0.00050, eta: 07:19:21, time: 98.1, Loss: 0.7614 
Epoch: [136][142/203] lr: (1x:0.00050, eta: 07:17:47, time: 98.3, Loss: 0.7616 
Epoch: [136][192/203] lr: (1x:0.00050, eta: 07:15:43, time: 98.1, Loss: 0.7609 
Epoch: [137][39/203] lr: (1x:0.00050, eta: 07:13:25, time: 97.9, Loss: 0.7614 
Epoch: [137][89/203] lr: (1x:0.00050, eta: 07:11:55, time: 98.4, Loss: 0.7609 
Epoch: [137][139/203] lr: (1x:0.00050, eta: 07:10:42, time: 98.7, Loss: 0.7608 
Epoch: [137][189/203] lr: (1x:0.00050, eta: 07:09:00, time: 98.4, Loss: 0.7606 
Epoch: [138][36/203] lr: (1x:0.00050, eta: 07:07:18, time: 98.0, Loss: 0.7610 
Epoch: [138][86/203] lr: (1x:0.00050, eta: 07:05:40, time: 98.9, Loss: 0.7599 
Epoch: [138][136/203] lr: (1x:0.00050, eta: 07:04:41, time: 99.4, Loss: 0.7599 
Epoch: [138][186/203] lr: (1x:0.00050, eta: 07:03:07, time: 98.2, Loss: 0.7596 
Epoch: [139][33/203] lr: (1x:0.00050, eta: 07:01:00, time: 97.4, Loss: 0.7597 
Epoch: [139][83/203] lr: (1x:0.00050, eta: 06:59:35, time: 98.6, Loss: 0.7589 
Epoch: [139][133/203] lr: (1x:0.00050, eta: 06:58:23, time: 98.9, Loss: 0.7591 
Epoch: [139][183/203] lr: (1x:0.00050, eta: 06:56:51, time: 98.6, Loss: 0.7589 
Epoch: [140][30/203] lr: (1x:0.00050, eta: 06:54:21, time: 97.8, Loss: 0.7590 
Epoch: [140][80/203] lr: (1x:0.00050, eta: 06:52:52, time: 98.8, Loss: 0.7586 
Epoch: [140][130/203] lr: (1x:0.00050, eta: 06:51:25, time: 98.5, Loss: 0.7581 
Epoch: [140][180/203] lr: (1x:0.00050, eta: 06:49:34, time: 98.4, Loss: 0.7581 
Epoch: [141][27/203] lr: (1x:0.00050, eta: 06:47:16, time: 97.9, Loss: 0.7590 
Epoch: [141][77/203] lr: (1x:0.00050, eta: 06:45:52, time: 98.9, Loss: 0.7583 
Epoch: [141][127/203] lr: (1x:0.00050, eta: 06:44:50, time: 99.0, Loss: 0.7574 
Epoch: [141][177/203] lr: (1x:0.00050, eta: 06:43:19, time: 98.9, Loss: 0.7576 
Epoch: [142][24/203] lr: (1x:0.00050, eta: 06:40:53, time: 98.2, Loss: 0.7570 
Epoch: [142][74/203] lr: (1x:0.00050, eta: 06:39:04, time: 98.2, Loss: 0.7560 
Epoch: [142][124/203] lr: (1x:0.00050, eta: 06:37:46, time: 98.6, Loss: 0.7570 
Epoch: [142][174/203] lr: (1x:0.00050, eta: 06:36:13, time: 99.0, Loss: 0.7573 
Epoch: [143][21/203] lr: (1x:0.00050, eta: 06:34:09, time: 97.4, Loss: 0.7571 
Epoch: [143][71/203] lr: (1x:0.00050, eta: 06:32:31, time: 98.5, Loss: 0.7568 
Epoch: [143][121/203] lr: (1x:0.00050, eta: 06:30:58, time: 98.2, Loss: 0.7558 
Epoch: [143][171/203] lr: (1x:0.00050, eta: 06:29:13, time: 98.6, Loss: 0.7562 
Epoch: [144][18/203] lr: (1x:0.00050, eta: 06:26:44, time: 98.0, Loss: 0.7569 
Epoch: [144][68/203] lr: (1x:0.00050, eta: 06:24:44, time: 98.0, Loss: 0.7563 
Epoch: [144][118/203] lr: (1x:0.00050, eta: 06:23:16, time: 98.6, Loss: 0.7557 
Epoch: [144][168/203] lr: (1x:0.00050, eta: 06:21:48, time: 98.6, Loss: 0.7566 
Epoch: [145][15/203] lr: (1x:0.00050, eta: 06:19:35, time: 97.5, Loss: 0.7555 
Epoch: [145][65/203] lr: (1x:0.00050, eta: 06:17:46, time: 98.6, Loss: 0.7544 
Epoch: [145][115/203] lr: (1x:0.00050, eta: 06:16:34, time: 98.6, Loss: 0.7542 
Epoch: [145][165/203] lr: (1x:0.00050, eta: 06:15:01, time: 98.7, Loss: 0.7546 
Epoch: [146][12/203] lr: (1x:0.00050, eta: 06:12:58, time: 97.7, Loss: 0.7551 
Epoch: [146][62/203] lr: (1x:0.00050, eta: 06:11:14, time: 98.3, Loss: 0.7557 
Epoch: [146][112/203] lr: (1x:0.00050, eta: 06:09:39, time: 98.2, Loss: 0.7544 
Epoch: [146][162/203] lr: (1x:0.00050, eta: 06:08:24, time: 99.0, Loss: 0.7540 
Epoch: [147][9/203] lr: (1x:0.00050, eta: 06:06:10, time: 97.8, Loss: 0.7552 
Epoch: [147][59/203] lr: (1x:0.00050, eta: 06:04:35, time: 98.8, Loss: 0.7554 
Epoch: [147][109/203] lr: (1x:0.00050, eta: 06:03:16, time: 98.4, Loss: 0.7549 
Epoch: [147][159/203] lr: (1x:0.00050, eta: 06:01:41, time: 98.7, Loss: 0.7556 
Epoch: [148][6/203] lr: (1x:0.00050, eta: 05:59:45, time: 98.4, Loss: 0.7550 
Epoch: [148][56/203] lr: (1x:0.00050, eta: 05:57:53, time: 98.1, Loss: 0.7537 
Epoch: [148][106/203] lr: (1x:0.00050, eta: 05:56:24, time: 98.2, Loss: 0.7534 
Epoch: [148][156/203] lr: (1x:0.00050, eta: 05:54:25, time: 97.3, Loss: 0.7526 
Epoch: [149][3/203] lr: (1x:0.00050, eta: 05:52:16, time: 97.6, Loss: 0.7542 
Epoch: [149][53/203] lr: (1x:0.00050, eta: 05:50:40, time: 99.2, Loss: 0.7549 
Epoch: [149][103/203] lr: (1x:0.00050, eta: 05:49:32, time: 99.3, Loss: 0.7532 
Epoch: [149][153/203] lr: (1x:0.00050, eta: 05:47:56, time: 98.9, Loss: 0.7527 
Epoch: [149][203/203] lr: (1x:0.00050, eta: 05:45:51, time: 97.1, Loss: 0.7527 
Epoch: [150][50/203] lr: (1x:0.00050, eta: 05:44:47, time: 100.0, Loss: 0.7525 
Epoch: [150][100/203] lr: (1x:0.00050, eta: 05:43:09, time: 98.4, Loss: 0.7526 
Epoch: [150][150/203] lr: (1x:0.00050, eta: 05:41:36, time: 98.3, Loss: 0.7540 
Epoch: [150][200/203] lr: (1x:0.00050, eta: 05:40:04, time: 98.5, Loss: 0.7529 
Epoch: [151][47/203] lr: (1x:0.00050, eta: 05:38:07, time: 98.6, Loss: 0.7522 
Epoch: [151][97/203] lr: (1x:0.00050, eta: 05:36:52, time: 98.7, Loss: 0.7513 
Epoch: [151][147/203] lr: (1x:0.00050, eta: 05:35:13, time: 99.2, Loss: 0.7511 
Epoch: [151][197/203] lr: (1x:0.00050, eta: 05:33:23, time: 98.7, Loss: 0.7515 
Epoch: [152][44/203] lr: (1x:0.00050, eta: 05:31:08, time: 97.4, Loss: 0.7521 
Epoch: [152][94/203] lr: (1x:0.00050, eta: 05:30:09, time: 99.2, Loss: 0.7517 
Epoch: [152][144/203] lr: (1x:0.00050, eta: 05:28:09, time: 98.9, Loss: 0.7512 
Epoch: [152][194/203] lr: (1x:0.00050, eta: 05:26:30, time: 98.4, Loss: 0.7516 
Epoch: [153][41/203] lr: (1x:0.00050, eta: 05:24:26, time: 97.8, Loss: 0.7513 
Epoch: [153][91/203] lr: (1x:0.00050, eta: 05:22:54, time: 98.9, Loss: 0.7524 
Epoch: [153][141/203] lr: (1x:0.00050, eta: 05:21:05, time: 98.0, Loss: 0.7522 
Epoch: [153][191/203] lr: (1x:0.00050, eta: 05:19:30, time: 98.9, Loss: 0.7514 
Epoch: [154][38/203] lr: (1x:0.00050, eta: 05:17:10, time: 97.9, Loss: 0.7513 
Epoch: [154][88/203] lr: (1x:0.00050, eta: 05:15:19, time: 98.0, Loss: 0.7507 
Epoch: [154][138/203] lr: (1x:0.00050, eta: 05:14:03, time: 98.6, Loss: 0.7491 
Epoch: [154][188/203] lr: (1x:0.00050, eta: 05:12:10, time: 98.3, Loss: 0.7497 
Epoch: [155][35/203] lr: (1x:0.00050, eta: 05:10:02, time: 98.2, Loss: 0.7501 
Epoch: [155][85/203] lr: (1x:0.00050, eta: 05:08:16, time: 98.0, Loss: 0.7497 
Epoch: [155][135/203] lr: (1x:0.00050, eta: 05:06:45, time: 98.3, Loss: 0.7484 
Epoch: [155][185/203] lr: (1x:0.00050, eta: 05:05:17, time: 99.4, Loss: 0.7484 
Epoch: [156][32/203] lr: (1x:0.00050, eta: 05:03:33, time: 98.2, Loss: 0.7479 
Epoch: [156][82/203] lr: (1x:0.00050, eta: 05:01:56, time: 99.0, Loss: 0.7482 
Epoch: [156][132/203] lr: (1x:0.00050, eta: 05:00:22, time: 98.1, Loss: 0.7484 
Epoch: [156][182/203] lr: (1x:0.00050, eta: 04:58:50, time: 98.4, Loss: 0.7484 
Epoch: [157][29/203] lr: (1x:0.00050, eta: 04:56:44, time: 98.3, Loss: 0.7490 
Epoch: [157][79/203] lr: (1x:0.00050, eta: 04:55:28, time: 99.6, Loss: 0.7482 
Epoch: [157][129/203] lr: (1x:0.00050, eta: 04:53:50, time: 98.2, Loss: 0.7478 
Epoch: [157][179/203] lr: (1x:0.00050, eta: 04:52:21, time: 98.5, Loss: 0.7475 
Epoch: [158][26/203] lr: (1x:0.00050, eta: 04:50:15, time: 97.5, Loss: 0.7482 
Epoch: [158][76/203] lr: (1x:0.00050, eta: 04:48:20, time: 98.5, Loss: 0.7474 
Epoch: [158][126/203] lr: (1x:0.00050, eta: 04:46:45, time: 98.4, Loss: 0.7474 
Epoch: [158][176/203] lr: (1x:0.00050, eta: 04:44:55, time: 98.3, Loss: 0.7470 
Epoch: [159][23/203] lr: (1x:0.00050, eta: 04:42:56, time: 97.8, Loss: 0.7471 
Epoch: [159][73/203] lr: (1x:0.00050, eta: 04:41:15, time: 98.3, Loss: 0.7460 
Epoch: [159][123/203] lr: (1x:0.00050, eta: 04:39:45, time: 98.7, Loss: 0.7453 
Epoch: [159][173/203] lr: (1x:0.00050, eta: 04:37:47, time: 98.4, Loss: 0.7463 
Epoch: [160][20/203] lr: (1x:0.00015, eta: 04:35:40, time: 97.7, Loss: 0.7459 
Epoch: [160][70/203] lr: (1x:0.00015, eta: 04:33:57, time: 98.2, Loss: 0.7462 
Epoch: [160][120/203] lr: (1x:0.00015, eta: 04:32:31, time: 98.3, Loss: 0.7462 
Epoch: [160][170/203] lr: (1x:0.00015, eta: 04:30:57, time: 98.7, Loss: 0.7462 
Epoch: [161][17/203] lr: (1x:0.00015, eta: 04:29:03, time: 98.2, Loss: 0.7460 
Epoch: [161][67/203] lr: (1x:0.00015, eta: 04:27:37, time: 99.1, Loss: 0.7457 
Epoch: [161][117/203] lr: (1x:0.00015, eta: 04:26:09, time: 98.4, Loss: 0.7453 
Epoch: [161][167/203] lr: (1x:0.00015, eta: 04:24:37, time: 98.7, Loss: 0.7461 
Epoch: [162][14/203] lr: (1x:0.00015, eta: 04:22:17, time: 97.2, Loss: 0.7461 
Epoch: [162][64/203] lr: (1x:0.00015, eta: 04:20:40, time: 98.5, Loss: 0.7451 
Epoch: [162][114/203] lr: (1x:0.00015, eta: 04:19:14, time: 98.6, Loss: 0.7460 
Epoch: [162][164/203] lr: (1x:0.00015, eta: 04:17:42, time: 98.6, Loss: 0.7458 
Epoch: [163][11/203] lr: (1x:0.00015, eta: 04:15:54, time: 98.4, Loss: 0.7445 
Epoch: [163][61/203] lr: (1x:0.00015, eta: 04:14:17, time: 98.8, Loss: 0.7437 
Epoch: [163][111/203] lr: (1x:0.00015, eta: 04:12:42, time: 98.4, Loss: 0.7439 
Epoch: [163][161/203] lr: (1x:0.00015, eta: 04:11:00, time: 98.8, Loss: 0.7436 
Epoch: [164][8/203] lr: (1x:0.00015, eta: 04:08:44, time: 97.0, Loss: 0.7443 
Epoch: [164][58/203] lr: (1x:0.00015, eta: 04:07:02, time: 98.4, Loss: 0.7446 
Epoch: [164][108/203] lr: (1x:0.00015, eta: 04:05:47, time: 98.8, Loss: 0.7456 
Epoch: [164][158/203] lr: (1x:0.00015, eta: 04:04:07, time: 98.4, Loss: 0.7448 
Epoch: [165][5/203] lr: (1x:0.00015, eta: 04:01:59, time: 98.0, Loss: 0.7432 
Epoch: [165][55/203] lr: (1x:0.00015, eta: 04:00:33, time: 99.4, Loss: 0.7433 
Epoch: [165][105/203] lr: (1x:0.00015, eta: 03:58:51, time: 98.2, Loss: 0.7438 
Epoch: [165][155/203] lr: (1x:0.00015, eta: 03:57:07, time: 98.4, Loss: 0.7442 
Epoch: [166][2/203] lr: (1x:0.00015, eta: 03:55:23, time: 98.8, Loss: 0.7450 
Epoch: [166][52/203] lr: (1x:0.00015, eta: 03:53:43, time: 98.7, Loss: 0.7461 
Epoch: [166][102/203] lr: (1x:0.00015, eta: 03:52:25, time: 98.5, Loss: 0.7447 
Epoch: [166][152/203] lr: (1x:0.00015, eta: 03:50:46, time: 98.4, Loss: 0.7443 
Epoch: [166][202/203] lr: (1x:0.00015, eta: 03:49:07, time: 98.8, Loss: 0.7432 
Epoch: [167][49/203] lr: (1x:0.00015, eta: 03:47:00, time: 97.5, Loss: 0.7439 
Epoch: [167][99/203] lr: (1x:0.00015, eta: 03:45:30, time: 98.6, Loss: 0.7443 
Epoch: [167][149/203] lr: (1x:0.00015, eta: 03:43:30, time: 97.8, Loss: 0.7442 
Epoch: [167][199/203] lr: (1x:0.00015, eta: 03:42:04, time: 99.1, Loss: 0.7446 
Epoch: [168][46/203] lr: (1x:0.00015, eta: 03:40:05, time: 97.8, Loss: 0.7446 
Epoch: [168][96/203] lr: (1x:0.00015, eta: 03:38:23, time: 98.6, Loss: 0.7438 
Epoch: [168][146/203] lr: (1x:0.00015, eta: 03:36:40, time: 98.4, Loss: 0.7433 
Epoch: [168][196/203] lr: (1x:0.00015, eta: 03:35:03, time: 98.6, Loss: 0.7431 
Epoch: [169][43/203] lr: (1x:0.00015, eta: 03:33:03, time: 98.1, Loss: 0.7425 
Epoch: [169][93/203] lr: (1x:0.00015, eta: 03:31:22, time: 98.6, Loss: 0.7431 
Epoch: [169][143/203] lr: (1x:0.00015, eta: 03:30:02, time: 99.0, Loss: 0.7427 
Epoch: [169][193/203] lr: (1x:0.00015, eta: 03:28:26, time: 98.8, Loss: 0.7439 
Epoch: [170][40/203] lr: (1x:0.00015, eta: 03:26:34, time: 97.7, Loss: 0.7441 
Epoch: [170][90/203] lr: (1x:0.00015, eta: 03:24:45, time: 98.2, Loss: 0.7436 
Epoch: [170][140/203] lr: (1x:0.00015, eta: 03:23:10, time: 98.1, Loss: 0.7437 
Epoch: [170][190/203] lr: (1x:0.00015, eta: 03:21:37, time: 99.0, Loss: 0.7435 
Epoch: [171][37/203] lr: (1x:0.00015, eta: 03:19:35, time: 97.8, Loss: 0.7431 
Epoch: [171][87/203] lr: (1x:0.00015, eta: 03:17:54, time: 98.4, Loss: 0.7426 
Epoch: [171][137/203] lr: (1x:0.00015, eta: 03:16:22, time: 98.6, Loss: 0.7438 
Epoch: [171][187/203] lr: (1x:0.00015, eta: 03:14:52, time: 99.3, Loss: 0.7436 
Epoch: [172][34/203] lr: (1x:0.00015, eta: 03:12:46, time: 97.9, Loss: 0.7438 
Epoch: [172][84/203] lr: (1x:0.00015, eta: 03:10:58, time: 98.0, Loss: 0.7428 
Epoch: [172][134/203] lr: (1x:0.00015, eta: 03:09:33, time: 98.9, Loss: 0.7421 
Epoch: [172][184/203] lr: (1x:0.00015, eta: 03:07:54, time: 98.2, Loss: 0.7423 
Epoch: [173][31/203] lr: (1x:0.00015, eta: 03:05:54, time: 97.6, Loss: 0.7421 
Epoch: [173][81/203] lr: (1x:0.00015, eta: 03:04:10, time: 98.5, Loss: 0.7426 
Epoch: [173][131/203] lr: (1x:0.00015, eta: 03:02:43, time: 98.8, Loss: 0.7427 
Epoch: [173][181/203] lr: (1x:0.00015, eta: 03:01:10, time: 98.9, Loss: 0.7434 
Epoch: [174][28/203] lr: (1x:0.00015, eta: 02:59:09, time: 97.9, Loss: 0.7425 
Epoch: [174][78/203] lr: (1x:0.00015, eta: 02:57:22, time: 98.5, Loss: 0.7415 
Epoch: [174][128/203] lr: (1x:0.00015, eta: 02:55:49, time: 98.5, Loss: 0.7418 
Epoch: [174][178/203] lr: (1x:0.00015, eta: 02:54:21, time: 99.0, Loss: 0.7416 
Epoch: [175][25/203] lr: (1x:0.00015, eta: 02:52:20, time: 98.1, Loss: 0.7429 
Epoch: [175][75/203] lr: (1x:0.00015, eta: 02:50:45, time: 98.5, Loss: 0.7424 
Epoch: [175][125/203] lr: (1x:0.00015, eta: 02:49:06, time: 97.5, Loss: 0.7418 
Epoch: [175][175/203] lr: (1x:0.00015, eta: 02:47:27, time: 98.5, Loss: 0.7424 
Epoch: [176][22/203] lr: (1x:0.00015, eta: 02:45:22, time: 97.8, Loss: 0.7429 
Epoch: [176][72/203] lr: (1x:0.00015, eta: 02:43:48, time: 99.3, Loss: 0.7430 
Epoch: [176][122/203] lr: (1x:0.00015, eta: 02:42:16, time: 98.6, Loss: 0.7438 
Epoch: [176][172/203] lr: (1x:0.00015, eta: 02:40:31, time: 97.9, Loss: 0.7445 
Epoch: [177][19/203] lr: (1x:0.00015, eta: 02:38:35, time: 98.2, Loss: 0.7443 
Epoch: [177][69/203] lr: (1x:0.00015, eta: 02:36:49, time: 98.2, Loss: 0.7434 
Epoch: [177][119/203] lr: (1x:0.00015, eta: 02:35:14, time: 98.5, Loss: 0.7431 
Epoch: [177][169/203] lr: (1x:0.00015, eta: 02:33:32, time: 98.0, Loss: 0.7431 
Epoch: [178][16/203] lr: (1x:0.00015, eta: 02:31:41, time: 97.7, Loss: 0.7439 
Epoch: [178][66/203] lr: (1x:0.00015, eta: 02:30:02, time: 98.4, Loss: 0.7429 
Epoch: [178][116/203] lr: (1x:0.00015, eta: 02:28:26, time: 98.1, Loss: 0.7423 
Epoch: [178][166/203] lr: (1x:0.00015, eta: 02:26:41, time: 98.5, Loss: 0.7420 
Epoch: [179][13/203] lr: (1x:0.00015, eta: 02:24:42, time: 97.8, Loss: 0.7417 
Epoch: [179][63/203] lr: (1x:0.00015, eta: 02:23:10, time: 98.7, Loss: 0.7411 
Epoch: [179][113/203] lr: (1x:0.00015, eta: 02:21:34, time: 98.5, Loss: 0.7403 
Epoch: [179][163/203] lr: (1x:0.00015, eta: 02:20:00, time: 98.7, Loss: 0.7418 
Epoch: [180][10/203] lr: (1x:0.00004, eta: 02:17:59, time: 97.5, Loss: 0.7417 
Epoch: [180][60/203] lr: (1x:0.00004, eta: 02:16:23, time: 98.3, Loss: 0.7414 
Epoch: [180][110/203] lr: (1x:0.00004, eta: 02:14:52, time: 98.6, Loss: 0.7409 
Epoch: [180][160/203] lr: (1x:0.00004, eta: 02:13:13, time: 98.4, Loss: 0.7416 
Epoch: [181][7/203] lr: (1x:0.00004, eta: 02:11:13, time: 97.6, Loss: 0.7419 
Epoch: [181][57/203] lr: (1x:0.00004, eta: 02:09:41, time: 99.2, Loss: 0.7424 
Epoch: [181][107/203] lr: (1x:0.00004, eta: 02:08:06, time: 98.3, Loss: 0.7416 
Epoch: [181][157/203] lr: (1x:0.00004, eta: 02:06:24, time: 98.3, Loss: 0.7414 
Epoch: [182][4/203] lr: (1x:0.00004, eta: 02:04:24, time: 97.5, Loss: 0.7425 
Epoch: [182][54/203] lr: (1x:0.00004, eta: 02:02:44, time: 98.4, Loss: 0.7416 
Epoch: [182][104/203] lr: (1x:0.00004, eta: 02:01:12, time: 98.4, Loss: 0.7418 
Epoch: [182][154/203] lr: (1x:0.00004, eta: 01:59:37, time: 98.7, Loss: 0.7421 
Epoch: [183][1/203] lr: (1x:0.00004, eta: 01:57:36, time: 97.7, Loss: 0.7418 
Epoch: [183][51/203] lr: (1x:0.00004, eta: 01:56:00, time: 98.7, Loss: 0.7415 
Epoch: [183][101/203] lr: (1x:0.00004, eta: 01:54:25, time: 98.1, Loss: 0.7415 
Epoch: [183][151/203] lr: (1x:0.00004, eta: 01:52:40, time: 98.2, Loss: 0.7403 
Epoch: [183][201/203] lr: (1x:0.00004, eta: 01:51:04, time: 98.5, Loss: 0.7412 
Epoch: [184][48/203] lr: (1x:0.00004, eta: 01:49:06, time: 97.7, Loss: 0.7426 
Epoch: [184][98/203] lr: (1x:0.00004, eta: 01:47:33, time: 98.2, Loss: 0.7417 
Epoch: [184][148/203] lr: (1x:0.00004, eta: 01:45:54, time: 98.3, Loss: 0.7412 
Epoch: [184][198/203] lr: (1x:0.00004, eta: 01:44:16, time: 98.5, Loss: 0.7411 
Epoch: [185][45/203] lr: (1x:0.00004, eta: 01:42:19, time: 98.0, Loss: 0.7417 
Epoch: [185][95/203] lr: (1x:0.00004, eta: 01:40:48, time: 98.9, Loss: 0.7426 
Epoch: [185][145/203] lr: (1x:0.00004, eta: 01:39:11, time: 99.0, Loss: 0.7419 
Epoch: [185][195/203] lr: (1x:0.00004, eta: 01:37:38, time: 99.1, Loss: 0.7414 
Epoch: [186][42/203] lr: (1x:0.00004, eta: 01:35:46, time: 98.7, Loss: 0.7419 
Epoch: [186][92/203] lr: (1x:0.00004, eta: 01:34:09, time: 98.9, Loss: 0.7415 
Epoch: [186][142/203] lr: (1x:0.00004, eta: 01:32:35, time: 98.5, Loss: 0.7405 
Epoch: [186][192/203] lr: (1x:0.00004, eta: 01:31:01, time: 99.1, Loss: 0.7415 
Epoch: [187][39/203] lr: (1x:0.00004, eta: 01:29:03, time: 97.4, Loss: 0.7413 
Epoch: [187][89/203] lr: (1x:0.00004, eta: 01:27:25, time: 98.6, Loss: 0.7399 
Epoch: [187][139/203] lr: (1x:0.00004, eta: 01:25:49, time: 98.6, Loss: 0.7406 
Epoch: [187][189/203] lr: (1x:0.00004, eta: 01:24:08, time: 98.4, Loss: 0.7400 
Epoch: [188][36/203] lr: (1x:0.00004, eta: 01:22:10, time: 98.1, Loss: 0.7402 
Epoch: [188][86/203] lr: (1x:0.00004, eta: 01:20:29, time: 98.7, Loss: 0.7411 
Epoch: [188][136/203] lr: (1x:0.00004, eta: 01:18:50, time: 98.5, Loss: 0.7410 
Epoch: [188][186/203] lr: (1x:0.00004, eta: 01:17:13, time: 99.2, Loss: 0.7414 
Epoch: [189][33/203] lr: (1x:0.00004, eta: 01:15:18, time: 97.8, Loss: 0.7417 
Epoch: [189][83/203] lr: (1x:0.00004, eta: 01:13:38, time: 98.6, Loss: 0.7416 
Epoch: [189][133/203] lr: (1x:0.00004, eta: 01:12:04, time: 98.4, Loss: 0.7423 
Epoch: [189][183/203] lr: (1x:0.00004, eta: 01:10:22, time: 97.8, Loss: 0.7424 
Epoch: [190][30/203] lr: (1x:0.00004, eta: 01:08:24, time: 98.3, Loss: 0.7416 
Epoch: [190][80/203] lr: (1x:0.00004, eta: 01:06:46, time: 98.5, Loss: 0.7415 
Epoch: [190][130/203] lr: (1x:0.00004, eta: 01:05:07, time: 97.9, Loss: 0.7415 
Epoch: [190][180/203] lr: (1x:0.00004, eta: 01:03:24, time: 97.7, Loss: 0.7410 
Epoch: [191][27/203] lr: (1x:0.00004, eta: 01:01:29, time: 97.6, Loss: 0.7416 
Epoch: [191][77/203] lr: (1x:0.00004, eta: 00:59:46, time: 98.0, Loss: 0.7412 
Epoch: [191][127/203] lr: (1x:0.00004, eta: 00:58:12, time: 98.8, Loss: 0.7417 
Epoch: [191][177/203] lr: (1x:0.00004, eta: 00:56:32, time: 98.1, Loss: 0.7407 
Epoch: [192][24/203] lr: (1x:0.00004, eta: 00:54:38, time: 98.2, Loss: 0.7400 
Epoch: [192][74/203] lr: (1x:0.00004, eta: 00:53:03, time: 98.8, Loss: 0.7409 
Epoch: [192][124/203] lr: (1x:0.00004, eta: 00:51:26, time: 98.6, Loss: 0.7404 
Epoch: [192][174/203] lr: (1x:0.00004, eta: 00:49:47, time: 98.4, Loss: 0.7405 
Epoch: [193][21/203] lr: (1x:0.00004, eta: 00:47:53, time: 97.7, Loss: 0.7407 
Epoch: [193][71/203] lr: (1x:0.00004, eta: 00:46:18, time: 99.0, Loss: 0.7402 
Epoch: [193][121/203] lr: (1x:0.00004, eta: 00:44:44, time: 99.2, Loss: 0.7397 
Epoch: [193][171/203] lr: (1x:0.00004, eta: 00:43:07, time: 98.6, Loss: 0.7398 
Epoch: [194][18/203] lr: (1x:0.00004, eta: 00:41:12, time: 98.6, Loss: 0.7398 
Epoch: [194][68/203] lr: (1x:0.00004, eta: 00:39:34, time: 98.4, Loss: 0.7407 
Epoch: [194][118/203] lr: (1x:0.00004, eta: 00:37:56, time: 98.4, Loss: 0.7412 
Epoch: [194][168/203] lr: (1x:0.00004, eta: 00:36:16, time: 98.3, Loss: 0.7408 
Epoch: [195][15/203] lr: (1x:0.00004, eta: 00:34:21, time: 97.8, Loss: 0.7404 
Epoch: [195][65/203] lr: (1x:0.00004, eta: 00:32:43, time: 98.4, Loss: 0.7409 
Epoch: [195][115/203] lr: (1x:0.00004, eta: 00:31:05, time: 98.1, Loss: 0.7405 
Epoch: [195][165/203] lr: (1x:0.00004, eta: 00:29:25, time: 98.0, Loss: 0.7407 
Epoch: [196][12/203] lr: (1x:0.00004, eta: 00:27:29, time: 97.5, Loss: 0.7411 
Epoch: [196][62/203] lr: (1x:0.00004, eta: 00:25:50, time: 98.3, Loss: 0.7412 
Epoch: [196][112/203] lr: (1x:0.00004, eta: 00:24:11, time: 98.1, Loss: 0.7405 
Epoch: [196][162/203] lr: (1x:0.00004, eta: 00:22:33, time: 98.2, Loss: 0.7395 
Epoch: [197][9/203] lr: (1x:0.00004, eta: 00:20:37, time: 97.1, Loss: 0.7402 
Epoch: [197][59/203] lr: (1x:0.00004, eta: 00:18:59, time: 98.3, Loss: 0.7396 
Epoch: [197][109/203] lr: (1x:0.00004, eta: 00:17:22, time: 98.1, Loss: 0.7404 
Epoch: [197][159/203] lr: (1x:0.00004, eta: 00:15:44, time: 98.2, Loss: 0.7405 
Epoch: [198][6/203] lr: (1x:0.00004, eta: 00:13:50, time: 97.7, Loss: 0.7405 
Epoch: [198][56/203] lr: (1x:0.00004, eta: 00:12:12, time: 98.3, Loss: 0.7408 
Epoch: [198][106/203] lr: (1x:0.00004, eta: 00:10:34, time: 98.0, Loss: 0.7403 
Epoch: [198][156/203] lr: (1x:0.00004, eta: 00:08:56, time: 98.3, Loss: 0.7404 
Epoch: [199][3/203] lr: (1x:0.00004, eta: 00:07:02, time: 97.2, Loss: 0.7405 
Epoch: [199][53/203] lr: (1x:0.00004, eta: 00:05:24, time: 98.4, Loss: 0.7403 
Epoch: [199][103/203] lr: (1x:0.00004, eta: 00:03:46, time: 98.2, Loss: 0.7403 
Epoch: [199][153/203] lr: (1x:0.00004, eta: 00:02:08, time: 98.4, Loss: 0.7414 
Epoch: [199][203/203] lr: (1x:0.00004, eta: 00:00:30, time: 96.4, Loss: 0.7408 
