dataset: visdrone
root_dir: /home/twsf/data/Visdrone/density_mask
test_dir: 
input_size: (640, 480)
norm_cfg: {'mean': [0.382, 0.383, 0.367], 'std': [0.164, 0.156, 0.164]}
num_classes: 5
resume: False
pre: /home/twsf/work/CRGNet/run/visdrone/20200227_235050_train/model_best.pth.tar
backbone: mobilenetv2
output_stride: 16
output_channels: 5
sync_bn: False
batch_size: 32
epochs: 200
freeze_bn: False
loss: {'type': 'CrossEntropyLoss', 'ignore_index': -1, 'weight': [1, 2, 4, 8, 16]}
use_balanced_weights: False
lr_scheduler: poly
lr: 0.0005
momentum: 0.9
decay: 0.0005
steps: [0.8, 0.9]
gamma: 0.3
workers: 1
region_thd: 0.5
print_freq: 50
plot_every: 100
saver_freq: 1
seed: 1
Epoch: [0][50/203] lr: (1x:0.00050, eta: 28:23:00, time: 99.7, Loss: 1.7055 
Epoch: [0][100/203] lr: (1x:0.00050, eta: 28:12:05, time: 98.4, Loss: 1.5226 
Epoch: [0][150/203] lr: (1x:0.00050, eta: 28:10:05, time: 99.0, Loss: 1.4276 
Epoch: [0][200/203] lr: (1x:0.00050, eta: 28:05:16, time: 98.1, Loss: 1.3647 
Epoch: [1][47/203] lr: (1x:0.00050, eta: 22:57:26, time: 97.4, Loss: 1.3164 
Epoch: [1][97/203] lr: (1x:0.00050, eta: 22:54:46, time: 98.1, Loss: 1.2793 
Epoch: [1][147/203] lr: (1x:0.00050, eta: 22:54:29, time: 99.1, Loss: 1.2509 
Epoch: [1][197/203] lr: (1x:0.00050, eta: 22:52:35, time: 98.4, Loss: 1.2266 
Epoch: [2][44/203] lr: (1x:0.00050, eta: 22:50:35, time: 98.8, Loss: 1.2056 
Epoch: [2][94/203] lr: (1x:0.00050, eta: 22:49:07, time: 98.7, Loss: 1.1875 
Epoch: [2][144/203] lr: (1x:0.00050, eta: 22:46:29, time: 99.0, Loss: 1.1188 
Epoch: [2][194/203] lr: (1x:0.00050, eta: 22:45:31, time: 98.9, Loss: 1.0862 
Epoch: [3][41/203] lr: (1x:0.00050, eta: 22:42:36, time: 98.1, Loss: 1.0621 
Epoch: [3][91/203] lr: (1x:0.00050, eta: 22:40:48, time: 98.0, Loss: 1.0431 
Epoch: [3][141/203] lr: (1x:0.00050, eta: 22:40:03, time: 98.1, Loss: 1.0293 
Epoch: [3][191/203] lr: (1x:0.00050, eta: 22:39:34, time: 98.9, Loss: 1.0176 
Epoch: [4][38/203] lr: (1x:0.00050, eta: 22:36:56, time: 98.6, Loss: 1.0049 
Epoch: [4][88/203] lr: (1x:0.00050, eta: 22:35:39, time: 98.7, Loss: 0.9959 
Epoch: [4][138/203] lr: (1x:0.00050, eta: 22:32:41, time: 97.8, Loss: 0.9894 
Epoch: [4][188/203] lr: (1x:0.00050, eta: 22:30:40, time: 98.4, Loss: 0.9819 
Epoch: [5][35/203] lr: (1x:0.00050, eta: 22:27:00, time: 97.7, Loss: 0.9739 
Epoch: [5][85/203] lr: (1x:0.00050, eta: 22:24:48, time: 98.4, Loss: 0.9662 
Epoch: [5][135/203] lr: (1x:0.00050, eta: 22:22:54, time: 97.9, Loss: 0.9617 
Epoch: [5][185/203] lr: (1x:0.00050, eta: 22:22:28, time: 98.9, Loss: 0.9567 
Epoch: [6][32/203] lr: (1x:0.00050, eta: 22:21:24, time: 98.8, Loss: 0.9521 
Epoch: [6][82/203] lr: (1x:0.00050, eta: 22:19:32, time: 98.8, Loss: 0.9465 
Epoch: [6][132/203] lr: (1x:0.00050, eta: 22:19:38, time: 100.0, Loss: 0.9454 
Epoch: [6][182/203] lr: (1x:0.00050, eta: 22:19:05, time: 99.5, Loss: 0.9404 
Epoch: [7][29/203] lr: (1x:0.00050, eta: 22:17:55, time: 98.2, Loss: 0.9344 
Epoch: [7][79/203] lr: (1x:0.00050, eta: 22:15:54, time: 98.1, Loss: 0.9300 
Epoch: [7][129/203] lr: (1x:0.00050, eta: 22:15:13, time: 98.5, Loss: 0.9281 
Epoch: [7][179/203] lr: (1x:0.00050, eta: 22:13:49, time: 98.6, Loss: 0.9264 
Epoch: [8][26/203] lr: (1x:0.00050, eta: 22:12:04, time: 98.0, Loss: 0.9220 
Epoch: [8][76/203] lr: (1x:0.00050, eta: 22:09:32, time: 98.2, Loss: 0.9196 
Epoch: [8][126/203] lr: (1x:0.00050, eta: 22:06:38, time: 97.8, Loss: 0.9156 
Epoch: [8][176/203] lr: (1x:0.00050, eta: 22:05:19, time: 99.0, Loss: 0.9133 
Epoch: [9][23/203] lr: (1x:0.00050, eta: 22:00:58, time: 98.3, Loss: 0.9087 
Epoch: [9][73/203] lr: (1x:0.00050, eta: 21:58:11, time: 98.6, Loss: 0.9068 
Epoch: [9][123/203] lr: (1x:0.00050, eta: 21:56:34, time: 98.3, Loss: 0.9051 
Epoch: [9][173/203] lr: (1x:0.00050, eta: 21:54:16, time: 97.6, Loss: 0.9032 
Epoch: [10][20/203] lr: (1x:0.00050, eta: 21:51:07, time: 97.4, Loss: 0.9004 
Epoch: [10][70/203] lr: (1x:0.00050, eta: 21:48:22, time: 97.8, Loss: 0.8969 
Epoch: [10][120/203] lr: (1x:0.00050, eta: 21:48:05, time: 99.0, Loss: 0.8957 
Epoch: [10][170/203] lr: (1x:0.00050, eta: 21:47:35, time: 99.1, Loss: 0.8927 
Epoch: [11][17/203] lr: (1x:0.00050, eta: 21:45:17, time: 97.7, Loss: 0.8903 
Epoch: [11][67/203] lr: (1x:0.00050, eta: 21:43:32, time: 98.9, Loss: 0.8894 
Epoch: [11][117/203] lr: (1x:0.00050, eta: 21:41:34, time: 98.1, Loss: 0.8872 
Epoch: [11][167/203] lr: (1x:0.00050, eta: 21:39:54, time: 98.6, Loss: 0.8853 
Epoch: [12][14/203] lr: (1x:0.00050, eta: 21:40:34, time: 97.6, Loss: 0.8836 
Epoch: [12][64/203] lr: (1x:0.00050, eta: 21:41:06, time: 99.3, Loss: 0.8817 
Epoch: [12][114/203] lr: (1x:0.00050, eta: 21:42:05, time: 99.5, Loss: 0.8801 
Epoch: [12][164/203] lr: (1x:0.00050, eta: 21:42:27, time: 99.4, Loss: 0.8782 
Epoch: [13][11/203] lr: (1x:0.00050, eta: 21:36:31, time: 98.3, Loss: 0.8760 
Epoch: [13][61/203] lr: (1x:0.00050, eta: 21:34:01, time: 98.4, Loss: 0.8745 
Epoch: [13][111/203] lr: (1x:0.00050, eta: 21:34:06, time: 99.1, Loss: 0.8740 
Epoch: [13][161/203] lr: (1x:0.00050, eta: 21:31:46, time: 98.4, Loss: 0.8717 
Epoch: [14][8/203] lr: (1x:0.00050, eta: 21:28:28, time: 97.1, Loss: 0.8709 
Epoch: [14][58/203] lr: (1x:0.00050, eta: 21:26:35, time: 98.4, Loss: 0.8690 
Epoch: [14][108/203] lr: (1x:0.00050, eta: 21:26:22, time: 98.8, Loss: 0.8677 
Epoch: [14][158/203] lr: (1x:0.00050, eta: 21:23:57, time: 98.7, Loss: 0.8660 
Epoch: [15][5/203] lr: (1x:0.00050, eta: 21:20:00, time: 97.6, Loss: 0.8646 
Epoch: [15][55/203] lr: (1x:0.00050, eta: 21:18:06, time: 99.1, Loss: 0.8644 
Epoch: [15][105/203] lr: (1x:0.00050, eta: 21:16:11, time: 98.0, Loss: 0.8628 
Epoch: [15][155/203] lr: (1x:0.00050, eta: 21:14:34, time: 98.4, Loss: 0.8612 
Epoch: [16][2/203] lr: (1x:0.00050, eta: 21:11:06, time: 98.1, Loss: 0.8593 
Epoch: [16][52/203] lr: (1x:0.00050, eta: 21:10:07, time: 98.9, Loss: 0.8581 
Epoch: [16][102/203] lr: (1x:0.00050, eta: 21:09:55, time: 98.2, Loss: 0.8568 
Epoch: [16][152/203] lr: (1x:0.00050, eta: 21:08:21, time: 98.5, Loss: 0.8559 
Epoch: [16][202/203] lr: (1x:0.00050, eta: 21:06:42, time: 98.7, Loss: 0.8539 
Epoch: [17][49/203] lr: (1x:0.00050, eta: 21:02:57, time: 97.1, Loss: 0.8532 
Epoch: [17][99/203] lr: (1x:0.00050, eta: 21:01:40, time: 97.9, Loss: 0.8520 
Epoch: [17][149/203] lr: (1x:0.00050, eta: 20:59:31, time: 98.7, Loss: 0.8503 
Epoch: [17][199/203] lr: (1x:0.00050, eta: 20:58:30, time: 98.5, Loss: 0.8492 
Epoch: [18][46/203] lr: (1x:0.00050, eta: 20:56:36, time: 98.5, Loss: 0.8489 
Epoch: [18][96/203] lr: (1x:0.00050, eta: 20:56:14, time: 99.1, Loss: 0.8481 
Epoch: [18][146/203] lr: (1x:0.00050, eta: 20:54:04, time: 98.5, Loss: 0.8470 
Epoch: [18][196/203] lr: (1x:0.00050, eta: 20:53:05, time: 98.8, Loss: 0.8469 
Epoch: [19][43/203] lr: (1x:0.00050, eta: 20:50:21, time: 97.5, Loss: 0.8456 
Epoch: [19][93/203] lr: (1x:0.00050, eta: 20:47:58, time: 98.1, Loss: 0.8450 
Epoch: [19][143/203] lr: (1x:0.00050, eta: 20:47:52, time: 98.4, Loss: 0.8455 
Epoch: [19][193/203] lr: (1x:0.00050, eta: 20:47:09, time: 98.7, Loss: 0.8441 
Epoch: [20][40/203] lr: (1x:0.00050, eta: 20:44:21, time: 98.0, Loss: 0.8431 
Epoch: [20][90/203] lr: (1x:0.00050, eta: 20:43:29, time: 99.2, Loss: 0.8411 
Epoch: [20][140/203] lr: (1x:0.00050, eta: 20:41:20, time: 98.1, Loss: 0.8407 
Epoch: [20][190/203] lr: (1x:0.00050, eta: 20:39:16, time: 98.8, Loss: 0.8402 
Epoch: [21][37/203] lr: (1x:0.00050, eta: 20:36:02, time: 97.7, Loss: 0.8407 
Epoch: [21][87/203] lr: (1x:0.00050, eta: 20:34:14, time: 98.6, Loss: 0.8387 
Epoch: [21][137/203] lr: (1x:0.00050, eta: 20:33:07, time: 97.9, Loss: 0.8377 
Epoch: [21][187/203] lr: (1x:0.00050, eta: 20:31:39, time: 98.3, Loss: 0.8371 
Epoch: [22][34/203] lr: (1x:0.00050, eta: 20:29:58, time: 98.4, Loss: 0.8365 
Epoch: [22][84/203] lr: (1x:0.00050, eta: 20:28:10, time: 98.5, Loss: 0.8364 
Epoch: [22][134/203] lr: (1x:0.00050, eta: 20:27:39, time: 98.9, Loss: 0.8349 
Epoch: [22][184/203] lr: (1x:0.00050, eta: 20:25:00, time: 98.3, Loss: 0.8342 
Epoch: [23][31/203] lr: (1x:0.00050, eta: 20:24:47, time: 98.0, Loss: 0.8325 
Epoch: [23][81/203] lr: (1x:0.00050, eta: 20:22:31, time: 98.2, Loss: 0.8312 
Epoch: [23][131/203] lr: (1x:0.00050, eta: 20:21:28, time: 98.1, Loss: 0.8282 
Epoch: [23][181/203] lr: (1x:0.00050, eta: 20:19:24, time: 98.3, Loss: 0.8282 
Epoch: [24][28/203] lr: (1x:0.00050, eta: 20:17:07, time: 98.0, Loss: 0.8282 
Epoch: [24][78/203] lr: (1x:0.00050, eta: 20:15:48, time: 98.6, Loss: 0.8273 
Epoch: [24][128/203] lr: (1x:0.00050, eta: 20:14:08, time: 98.3, Loss: 0.8253 
Epoch: [24][178/203] lr: (1x:0.00050, eta: 20:12:06, time: 98.2, Loss: 0.8247 
Epoch: [25][25/203] lr: (1x:0.00050, eta: 20:07:29, time: 98.0, Loss: 0.8243 
Epoch: [25][75/203] lr: (1x:0.00050, eta: 20:06:58, time: 99.3, Loss: 0.8251 
Epoch: [25][125/203] lr: (1x:0.00050, eta: 20:06:03, time: 98.6, Loss: 0.8246 
Epoch: [25][175/203] lr: (1x:0.00050, eta: 20:04:31, time: 98.3, Loss: 0.8241 
Epoch: [26][22/203] lr: (1x:0.00050, eta: 20:02:39, time: 98.0, Loss: 0.8235 
Epoch: [26][72/203] lr: (1x:0.00050, eta: 20:00:47, time: 98.1, Loss: 0.8223 
Epoch: [26][122/203] lr: (1x:0.00050, eta: 19:59:31, time: 98.3, Loss: 0.8209 
Epoch: [26][172/203] lr: (1x:0.00050, eta: 19:57:25, time: 98.2, Loss: 0.8200 
Epoch: [27][19/203] lr: (1x:0.00050, eta: 19:54:26, time: 97.3, Loss: 0.8206 
Epoch: [27][69/203] lr: (1x:0.00050, eta: 19:53:16, time: 98.6, Loss: 0.8192 
Epoch: [27][119/203] lr: (1x:0.00050, eta: 19:51:25, time: 97.8, Loss: 0.8183 
Epoch: [27][169/203] lr: (1x:0.00050, eta: 19:49:05, time: 98.7, Loss: 0.8172 
Epoch: [28][16/203] lr: (1x:0.00050, eta: 19:44:52, time: 97.1, Loss: 0.8170 
Epoch: [28][66/203] lr: (1x:0.00050, eta: 19:43:19, time: 98.4, Loss: 0.8166 
Epoch: [28][116/203] lr: (1x:0.00050, eta: 19:41:44, time: 98.1, Loss: 0.8160 
Epoch: [28][166/203] lr: (1x:0.00050, eta: 19:40:35, time: 98.5, Loss: 0.8153 
Epoch: [29][13/203] lr: (1x:0.00050, eta: 19:38:59, time: 98.2, Loss: 0.8156 
Epoch: [29][63/203] lr: (1x:0.00050, eta: 19:38:08, time: 98.8, Loss: 0.8151 
Epoch: [29][113/203] lr: (1x:0.00050, eta: 19:38:16, time: 98.9, Loss: 0.8136 
Epoch: [29][163/203] lr: (1x:0.00050, eta: 19:36:17, time: 98.3, Loss: 0.8132 
Epoch: [30][10/203] lr: (1x:0.00050, eta: 19:35:33, time: 97.5, Loss: 0.8134 
Epoch: [30][60/203] lr: (1x:0.00050, eta: 19:34:27, time: 99.1, Loss: 0.8124 
Epoch: [30][110/203] lr: (1x:0.00050, eta: 19:34:34, time: 98.6, Loss: 0.8116 
Epoch: [30][160/203] lr: (1x:0.00050, eta: 19:33:29, time: 98.9, Loss: 0.8108 
Epoch: [31][7/203] lr: (1x:0.00050, eta: 19:29:42, time: 97.8, Loss: 0.8109 
Epoch: [31][57/203] lr: (1x:0.00050, eta: 19:28:47, time: 99.1, Loss: 0.8102 
Epoch: [31][107/203] lr: (1x:0.00050, eta: 19:27:28, time: 98.5, Loss: 0.8090 
Epoch: [31][157/203] lr: (1x:0.00050, eta: 19:25:38, time: 98.7, Loss: 0.8077 
Epoch: [32][4/203] lr: (1x:0.00050, eta: 19:22:36, time: 97.9, Loss: 0.8071 
Epoch: [32][54/203] lr: (1x:0.00050, eta: 19:21:04, time: 98.4, Loss: 0.8071 
Epoch: [32][104/203] lr: (1x:0.00050, eta: 19:20:21, time: 98.3, Loss: 0.8068 
Epoch: [32][154/203] lr: (1x:0.00050, eta: 19:18:17, time: 98.8, Loss: 0.8059 
Epoch: [33][1/203] lr: (1x:0.00050, eta: 19:15:12, time: 97.6, Loss: 0.8045 
Epoch: [33][51/203] lr: (1x:0.00050, eta: 19:13:29, time: 98.8, Loss: 0.8053 
Epoch: [33][101/203] lr: (1x:0.00050, eta: 19:12:26, time: 98.3, Loss: 0.8038 
Epoch: [33][151/203] lr: (1x:0.00050, eta: 19:09:59, time: 98.4, Loss: 0.8039 
Epoch: [33][201/203] lr: (1x:0.00050, eta: 19:08:00, time: 98.2, Loss: 0.8026 
Epoch: [34][48/203] lr: (1x:0.00050, eta: 19:05:39, time: 98.2, Loss: 0.8038 
Epoch: [34][98/203] lr: (1x:0.00050, eta: 19:03:56, time: 97.8, Loss: 0.8037 
Epoch: [34][148/203] lr: (1x:0.00050, eta: 19:02:43, time: 98.8, Loss: 0.8021 
Epoch: [34][198/203] lr: (1x:0.00050, eta: 19:00:57, time: 98.2, Loss: 0.8005 
Epoch: [35][45/203] lr: (1x:0.00050, eta: 18:58:10, time: 98.0, Loss: 0.8004 
Epoch: [35][95/203] lr: (1x:0.00050, eta: 18:56:57, time: 97.9, Loss: 0.8002 
Epoch: [35][145/203] lr: (1x:0.00050, eta: 18:55:11, time: 98.7, Loss: 0.7992 
Epoch: [35][195/203] lr: (1x:0.00050, eta: 18:53:10, time: 98.0, Loss: 0.7995 
Epoch: [36][42/203] lr: (1x:0.00050, eta: 18:50:42, time: 97.9, Loss: 0.7987 
Epoch: [36][92/203] lr: (1x:0.00050, eta: 18:49:40, time: 98.7, Loss: 0.7987 
Epoch: [36][142/203] lr: (1x:0.00050, eta: 18:48:16, time: 98.4, Loss: 0.7977 
Epoch: [36][192/203] lr: (1x:0.00050, eta: 18:46:54, time: 98.0, Loss: 0.7965 
Epoch: [37][39/203] lr: (1x:0.00050, eta: 18:47:39, time: 98.3, Loss: 0.7967 
Epoch: [37][89/203] lr: (1x:0.00050, eta: 18:46:59, time: 99.1, Loss: 0.7967 
Epoch: [37][139/203] lr: (1x:0.00050, eta: 18:45:59, time: 98.6, Loss: 0.7957 
Epoch: [37][189/203] lr: (1x:0.00050, eta: 18:44:43, time: 98.3, Loss: 0.7974 
Epoch: [38][36/203] lr: (1x:0.00050, eta: 18:38:36, time: 97.9, Loss: 0.7958 
Epoch: [38][86/203] lr: (1x:0.00050, eta: 18:37:29, time: 98.5, Loss: 0.7956 
Epoch: [38][136/203] lr: (1x:0.00050, eta: 18:36:18, time: 98.3, Loss: 0.7945 
Epoch: [38][186/203] lr: (1x:0.00050, eta: 18:34:42, time: 98.7, Loss: 0.7950 
Epoch: [39][33/203] lr: (1x:0.00050, eta: 18:33:11, time: 98.1, Loss: 0.7939 
Epoch: [39][83/203] lr: (1x:0.00050, eta: 18:31:29, time: 98.0, Loss: 0.7940 
Epoch: [39][133/203] lr: (1x:0.00050, eta: 18:30:14, time: 98.6, Loss: 0.7937 
Epoch: [39][183/203] lr: (1x:0.00050, eta: 18:28:28, time: 99.0, Loss: 0.7930 
Epoch: [40][30/203] lr: (1x:0.00050, eta: 18:24:18, time: 97.1, Loss: 0.7938 
Epoch: [40][80/203] lr: (1x:0.00050, eta: 18:22:56, time: 98.5, Loss: 0.7912 
Epoch: [40][130/203] lr: (1x:0.00050, eta: 18:22:27, time: 99.0, Loss: 0.7921 
Epoch: [40][180/203] lr: (1x:0.00050, eta: 18:20:19, time: 98.0, Loss: 0.7909 
Epoch: [41][27/203] lr: (1x:0.00050, eta: 18:18:30, time: 98.3, Loss: 0.7903 
Epoch: [41][77/203] lr: (1x:0.00050, eta: 18:17:00, time: 98.9, Loss: 0.7893 
Epoch: [41][127/203] lr: (1x:0.00050, eta: 18:16:05, time: 98.8, Loss: 0.7897 
Epoch: [41][177/203] lr: (1x:0.00050, eta: 18:14:57, time: 98.5, Loss: 0.7894 
Epoch: [42][24/203] lr: (1x:0.00050, eta: 18:12:20, time: 97.9, Loss: 0.7889 
Epoch: [42][74/203] lr: (1x:0.00050, eta: 18:10:31, time: 98.8, Loss: 0.7889 
Epoch: [42][124/203] lr: (1x:0.00050, eta: 18:10:13, time: 98.3, Loss: 0.7872 
Epoch: [42][174/203] lr: (1x:0.00050, eta: 18:08:40, time: 98.6, Loss: 0.7877 
Epoch: [43][21/203] lr: (1x:0.00050, eta: 18:05:14, time: 97.6, Loss: 0.7870 
Epoch: [43][71/203] lr: (1x:0.00050, eta: 18:03:37, time: 98.0, Loss: 0.7877 
Epoch: [43][121/203] lr: (1x:0.00050, eta: 18:01:33, time: 97.9, Loss: 0.7882 
Epoch: [43][171/203] lr: (1x:0.00050, eta: 17:58:48, time: 97.8, Loss: 0.7877 
Epoch: [44][18/203] lr: (1x:0.00050, eta: 17:55:24, time: 97.4, Loss: 0.7867 
Epoch: [44][68/203] lr: (1x:0.00050, eta: 17:54:17, time: 98.9, Loss: 0.7853 
Epoch: [44][118/203] lr: (1x:0.00050, eta: 17:52:14, time: 97.5, Loss: 0.7857 
Epoch: [44][168/203] lr: (1x:0.00050, eta: 17:50:31, time: 98.7, Loss: 0.7849 
Epoch: [45][15/203] lr: (1x:0.00050, eta: 17:51:16, time: 97.8, Loss: 0.7852 
Epoch: [45][65/203] lr: (1x:0.00050, eta: 17:49:40, time: 98.6, Loss: 0.7837 
Epoch: [45][115/203] lr: (1x:0.00050, eta: 17:49:04, time: 98.6, Loss: 0.7842 
Epoch: [45][165/203] lr: (1x:0.00050, eta: 17:47:41, time: 98.3, Loss: 0.7827 
Epoch: [46][12/203] lr: (1x:0.00050, eta: 17:42:07, time: 97.4, Loss: 0.7822 
Epoch: [46][62/203] lr: (1x:0.00050, eta: 17:41:20, time: 98.6, Loss: 0.7816 
Epoch: [46][112/203] lr: (1x:0.00050, eta: 17:40:30, time: 98.2, Loss: 0.7814 
Epoch: [46][162/203] lr: (1x:0.00050, eta: 17:38:18, time: 98.4, Loss: 0.7814 
Epoch: [47][9/203] lr: (1x:0.00050, eta: 17:36:15, time: 97.3, Loss: 0.7811 
Epoch: [47][59/203] lr: (1x:0.00050, eta: 17:34:42, time: 98.8, Loss: 0.7805 
Epoch: [47][109/203] lr: (1x:0.00050, eta: 17:33:31, time: 98.3, Loss: 0.7805 
Epoch: [47][159/203] lr: (1x:0.00050, eta: 17:31:35, time: 98.3, Loss: 0.7807 
Epoch: [48][6/203] lr: (1x:0.00050, eta: 17:29:10, time: 98.2, Loss: 0.7793 
Epoch: [48][56/203] lr: (1x:0.00050, eta: 17:28:16, time: 99.0, Loss: 0.7798 
Epoch: [48][106/203] lr: (1x:0.00050, eta: 17:27:18, time: 98.1, Loss: 0.7793 
Epoch: [48][156/203] lr: (1x:0.00050, eta: 17:25:23, time: 98.4, Loss: 0.7795 
Epoch: [49][3/203] lr: (1x:0.00050, eta: 17:23:51, time: 97.8, Loss: 0.7798 
Epoch: [49][53/203] lr: (1x:0.00050, eta: 17:22:49, time: 99.0, Loss: 0.7798 
Epoch: [49][103/203] lr: (1x:0.00050, eta: 17:22:27, time: 98.6, Loss: 0.7787 
Epoch: [49][153/203] lr: (1x:0.00050, eta: 17:20:39, time: 98.6, Loss: 0.7791 
Epoch: [49][203/203] lr: (1x:0.00050, eta: 17:16:27, time: 95.8, Loss: 0.7787 
Epoch: [50][50/203] lr: (1x:0.00050, eta: 17:19:00, time: 99.5, Loss: 0.7782 
Epoch: [50][100/203] lr: (1x:0.00050, eta: 17:18:05, time: 98.9, Loss: 0.7773 
Epoch: [50][150/203] lr: (1x:0.00050, eta: 17:16:13, time: 98.8, Loss: 0.7773 
Epoch: [50][200/203] lr: (1x:0.00050, eta: 17:15:18, time: 98.8, Loss: 0.7775 
Epoch: [51][47/203] lr: (1x:0.00050, eta: 17:11:36, time: 98.4, Loss: 0.7773 
Epoch: [51][97/203] lr: (1x:0.00050, eta: 17:10:19, time: 98.1, Loss: 0.7771 
Epoch: [51][147/203] lr: (1x:0.00050, eta: 17:08:47, time: 99.1, Loss: 0.7762 
Epoch: [51][197/203] lr: (1x:0.00050, eta: 17:07:27, time: 98.9, Loss: 0.7755 
Epoch: [52][44/203] lr: (1x:0.00050, eta: 17:02:39, time: 97.7, Loss: 0.7753 
Epoch: [52][94/203] lr: (1x:0.00050, eta: 17:02:55, time: 97.7, Loss: 0.7744 
Epoch: [52][144/203] lr: (1x:0.00050, eta: 16:59:45, time: 97.9, Loss: 0.7735 
Epoch: [52][194/203] lr: (1x:0.00050, eta: 16:56:59, time: 97.8, Loss: 0.7743 
Epoch: [53][41/203] lr: (1x:0.00050, eta: 16:54:17, time: 98.3, Loss: 0.7730 
Epoch: [53][91/203] lr: (1x:0.00050, eta: 16:51:43, time: 97.9, Loss: 0.7725 
Epoch: [53][141/203] lr: (1x:0.00050, eta: 16:49:48, time: 98.2, Loss: 0.7719 
Epoch: [53][191/203] lr: (1x:0.00050, eta: 16:48:07, time: 98.1, Loss: 0.7710 
Epoch: [54][38/203] lr: (1x:0.00050, eta: 16:45:02, time: 97.6, Loss: 0.7721 
Epoch: [54][88/203] lr: (1x:0.00050, eta: 16:42:50, time: 98.3, Loss: 0.7724 
Epoch: [54][138/203] lr: (1x:0.00050, eta: 16:41:55, time: 98.4, Loss: 0.7716 
Epoch: [54][188/203] lr: (1x:0.00050, eta: 16:40:41, time: 98.1, Loss: 0.7709 
Epoch: [55][35/203] lr: (1x:0.00050, eta: 16:39:14, time: 98.4, Loss: 0.7715 
Epoch: [55][85/203] lr: (1x:0.00050, eta: 16:37:43, time: 97.9, Loss: 0.7708 
Epoch: [55][135/203] lr: (1x:0.00050, eta: 16:36:07, time: 98.3, Loss: 0.7708 
Epoch: [55][185/203] lr: (1x:0.00050, eta: 16:34:34, time: 98.0, Loss: 0.7705 
Epoch: [56][32/203] lr: (1x:0.00050, eta: 16:32:57, time: 98.5, Loss: 0.7699 
Epoch: [56][82/203] lr: (1x:0.00050, eta: 16:31:19, time: 98.1, Loss: 0.7689 
Epoch: [56][132/203] lr: (1x:0.00050, eta: 16:30:18, time: 98.3, Loss: 0.7681 
Epoch: [56][182/203] lr: (1x:0.00050, eta: 16:28:54, time: 98.6, Loss: 0.7679 
Epoch: [57][29/203] lr: (1x:0.00050, eta: 16:26:16, time: 97.7, Loss: 0.7688 
Epoch: [57][79/203] lr: (1x:0.00050, eta: 16:24:26, time: 97.9, Loss: 0.7686 
Epoch: [57][129/203] lr: (1x:0.00050, eta: 16:22:07, time: 97.7, Loss: 0.7686 
Epoch: [57][179/203] lr: (1x:0.00050, eta: 16:21:14, time: 98.7, Loss: 0.7678 
Epoch: [58][26/203] lr: (1x:0.00050, eta: 16:18:44, time: 97.7, Loss: 0.7688 
Epoch: [58][76/203] lr: (1x:0.00050, eta: 16:17:15, time: 98.1, Loss: 0.7687 
Epoch: [58][126/203] lr: (1x:0.00050, eta: 16:15:09, time: 98.0, Loss: 0.7687 
Epoch: [58][176/203] lr: (1x:0.00050, eta: 16:14:06, time: 98.7, Loss: 0.7691 
Epoch: [59][23/203] lr: (1x:0.00050, eta: 16:11:18, time: 97.5, Loss: 0.7678 
Epoch: [59][73/203] lr: (1x:0.00050, eta: 16:09:30, time: 98.4, Loss: 0.7687 
Epoch: [59][123/203] lr: (1x:0.00050, eta: 16:07:45, time: 97.5, Loss: 0.7676 
Epoch: [59][173/203] lr: (1x:0.00050, eta: 16:07:06, time: 98.9, Loss: 0.7677 
Epoch: [60][20/203] lr: (1x:0.00050, eta: 16:05:03, time: 97.4, Loss: 0.7655 
Epoch: [60][70/203] lr: (1x:0.00050, eta: 16:02:44, time: 98.0, Loss: 0.7660 
Epoch: [60][120/203] lr: (1x:0.00050, eta: 16:01:14, time: 97.8, Loss: 0.7645 
Epoch: [60][170/203] lr: (1x:0.00050, eta: 15:59:56, time: 98.5, Loss: 0.7636 
Epoch: [61][17/203] lr: (1x:0.00050, eta: 15:58:03, time: 97.9, Loss: 0.7637 
Epoch: [61][67/203] lr: (1x:0.00050, eta: 15:56:03, time: 98.3, Loss: 0.7632 
Epoch: [61][117/203] lr: (1x:0.00050, eta: 15:55:41, time: 98.9, Loss: 0.7628 
Epoch: [61][167/203] lr: (1x:0.00050, eta: 15:54:00, time: 98.3, Loss: 0.7613 
Epoch: [62][14/203] lr: (1x:0.00050, eta: 15:52:16, time: 97.9, Loss: 0.7617 
Epoch: [62][64/203] lr: (1x:0.00050, eta: 15:50:15, time: 98.5, Loss: 0.7623 
Epoch: [62][114/203] lr: (1x:0.00050, eta: 15:49:29, time: 98.3, Loss: 0.7636 
Epoch: [62][164/203] lr: (1x:0.00050, eta: 15:48:07, time: 98.3, Loss: 0.7619 
Epoch: [63][11/203] lr: (1x:0.00050, eta: 15:45:59, time: 97.4, Loss: 0.7619 
Epoch: [63][61/203] lr: (1x:0.00050, eta: 15:44:37, time: 98.8, Loss: 0.7615 
Epoch: [63][111/203] lr: (1x:0.00050, eta: 15:43:51, time: 98.8, Loss: 0.7603 
Epoch: [63][161/203] lr: (1x:0.00050, eta: 15:42:23, time: 98.5, Loss: 0.7610 
Epoch: [64][8/203] lr: (1x:0.00050, eta: 15:39:15, time: 97.6, Loss: 0.7621 
Epoch: [64][58/203] lr: (1x:0.00050, eta: 15:37:43, time: 98.5, Loss: 0.7619 
Epoch: [64][108/203] lr: (1x:0.00050, eta: 15:36:18, time: 98.1, Loss: 0.7606 
Epoch: [64][158/203] lr: (1x:0.00050, eta: 15:34:57, time: 98.8, Loss: 0.7598 
Epoch: [65][5/203] lr: (1x:0.00050, eta: 15:31:59, time: 97.2, Loss: 0.7599 
Epoch: [65][55/203] lr: (1x:0.00050, eta: 15:30:27, time: 98.4, Loss: 0.7604 
Epoch: [65][105/203] lr: (1x:0.00050, eta: 15:29:59, time: 98.7, Loss: 0.7608 
Epoch: [65][155/203] lr: (1x:0.00050, eta: 15:28:17, time: 98.7, Loss: 0.7609 
Epoch: [66][2/203] lr: (1x:0.00050, eta: 15:25:25, time: 97.7, Loss: 0.7609 
Epoch: [66][52/203] lr: (1x:0.00050, eta: 15:23:37, time: 98.3, Loss: 0.7596 
Epoch: [66][102/203] lr: (1x:0.00050, eta: 15:22:21, time: 98.0, Loss: 0.7581 
Epoch: [66][152/203] lr: (1x:0.00050, eta: 15:20:55, time: 98.7, Loss: 0.7578 
Epoch: [66][202/203] lr: (1x:0.00050, eta: 15:19:33, time: 98.4, Loss: 0.7583 
Epoch: [67][49/203] lr: (1x:0.00050, eta: 15:16:38, time: 97.7, Loss: 0.7578 
Epoch: [67][99/203] lr: (1x:0.00050, eta: 15:15:54, time: 98.3, Loss: 0.7579 
Epoch: [67][149/203] lr: (1x:0.00050, eta: 15:14:34, time: 98.7, Loss: 0.7578 
Epoch: [67][199/203] lr: (1x:0.00050, eta: 15:12:26, time: 98.2, Loss: 0.7572 
Epoch: [68][46/203] lr: (1x:0.00050, eta: 15:10:09, time: 98.0, Loss: 0.7569 
Epoch: [68][96/203] lr: (1x:0.00050, eta: 15:09:12, time: 98.5, Loss: 0.7575 
Epoch: [68][146/203] lr: (1x:0.00050, eta: 15:08:04, time: 98.9, Loss: 0.7574 
Epoch: [68][196/203] lr: (1x:0.00050, eta: 15:06:39, time: 98.3, Loss: 0.7577 
Epoch: [69][43/203] lr: (1x:0.00050, eta: 15:03:23, time: 97.3, Loss: 0.7572 
Epoch: [69][93/203] lr: (1x:0.00050, eta: 15:01:57, time: 98.6, Loss: 0.7563 
Epoch: [69][143/203] lr: (1x:0.00050, eta: 15:00:12, time: 97.6, Loss: 0.7565 
Epoch: [69][193/203] lr: (1x:0.00050, eta: 14:58:42, time: 98.4, Loss: 0.7554 
Epoch: [70][40/203] lr: (1x:0.00050, eta: 14:56:26, time: 98.1, Loss: 0.7556 
Epoch: [70][90/203] lr: (1x:0.00050, eta: 14:55:23, time: 98.8, Loss: 0.7549 
Epoch: [70][140/203] lr: (1x:0.00050, eta: 14:54:11, time: 98.5, Loss: 0.7549 
Epoch: [70][190/203] lr: (1x:0.00050, eta: 14:52:26, time: 98.4, Loss: 0.7542 
Epoch: [71][37/203] lr: (1x:0.00050, eta: 14:48:50, time: 97.2, Loss: 0.7542 
Epoch: [71][87/203] lr: (1x:0.00050, eta: 14:46:53, time: 98.0, Loss: 0.7545 
Epoch: [71][137/203] lr: (1x:0.00050, eta: 14:45:53, time: 98.0, Loss: 0.7549 
Epoch: [71][187/203] lr: (1x:0.00050, eta: 14:43:55, time: 98.2, Loss: 0.7541 
Epoch: [72][34/203] lr: (1x:0.00050, eta: 14:42:57, time: 98.4, Loss: 0.7529 
Epoch: [72][84/203] lr: (1x:0.00050, eta: 14:41:28, time: 98.6, Loss: 0.7539 
Epoch: [72][134/203] lr: (1x:0.00050, eta: 14:39:52, time: 98.2, Loss: 0.7528 
Epoch: [72][184/203] lr: (1x:0.00050, eta: 14:38:02, time: 98.6, Loss: 0.7523 
Epoch: [73][31/203] lr: (1x:0.00050, eta: 14:35:56, time: 98.1, Loss: 0.7521 
Epoch: [73][81/203] lr: (1x:0.00050, eta: 14:34:23, time: 98.5, Loss: 0.7520 
Epoch: [73][131/203] lr: (1x:0.00050, eta: 14:33:32, time: 98.2, Loss: 0.7518 
Epoch: [73][181/203] lr: (1x:0.00050, eta: 14:32:34, time: 98.8, Loss: 0.7515 
Epoch: [74][28/203] lr: (1x:0.00050, eta: 14:30:39, time: 98.3, Loss: 0.7502 
Epoch: [74][78/203] lr: (1x:0.00050, eta: 14:29:25, time: 98.7, Loss: 0.7514 
Epoch: [74][128/203] lr: (1x:0.00050, eta: 14:27:43, time: 98.3, Loss: 0.7515 
Epoch: [74][178/203] lr: (1x:0.00050, eta: 14:25:48, time: 98.3, Loss: 0.7507 
Epoch: [75][25/203] lr: (1x:0.00050, eta: 14:23:39, time: 98.1, Loss: 0.7513 
Epoch: [75][75/203] lr: (1x:0.00050, eta: 14:21:41, time: 98.2, Loss: 0.7520 
Epoch: [75][125/203] lr: (1x:0.00050, eta: 14:20:14, time: 98.4, Loss: 0.7512 
Epoch: [75][175/203] lr: (1x:0.00050, eta: 14:19:04, time: 99.0, Loss: 0.7513 
Epoch: [76][22/203] lr: (1x:0.00050, eta: 14:17:23, time: 98.2, Loss: 0.7500 
Epoch: [76][72/203] lr: (1x:0.00050, eta: 14:15:07, time: 98.0, Loss: 0.7495 
Epoch: [76][122/203] lr: (1x:0.00050, eta: 14:13:40, time: 98.5, Loss: 0.7489 
Epoch: [76][172/203] lr: (1x:0.00050, eta: 14:12:06, time: 98.8, Loss: 0.7491 
Epoch: [77][19/203] lr: (1x:0.00050, eta: 14:09:50, time: 97.8, Loss: 0.7495 
Epoch: [77][69/203] lr: (1x:0.00050, eta: 14:08:18, time: 98.4, Loss: 0.7487 
Epoch: [77][119/203] lr: (1x:0.00050, eta: 14:06:49, time: 98.3, Loss: 0.7479 
Epoch: [77][169/203] lr: (1x:0.00050, eta: 14:05:28, time: 98.6, Loss: 0.7478 
Epoch: [78][16/203] lr: (1x:0.00050, eta: 14:03:20, time: 98.2, Loss: 0.7489 
Epoch: [78][66/203] lr: (1x:0.00050, eta: 14:01:07, time: 98.3, Loss: 0.7487 
Epoch: [78][116/203] lr: (1x:0.00050, eta: 13:59:22, time: 98.0, Loss: 0.7488 
Epoch: [78][166/203] lr: (1x:0.00050, eta: 13:57:33, time: 97.8, Loss: 0.7481 
Epoch: [79][13/203] lr: (1x:0.00050, eta: 13:54:50, time: 97.5, Loss: 0.7492 
Epoch: [79][63/203] lr: (1x:0.00050, eta: 13:53:07, time: 98.7, Loss: 0.7481 
Epoch: [79][113/203] lr: (1x:0.00050, eta: 13:52:14, time: 98.7, Loss: 0.7476 
Epoch: [79][163/203] lr: (1x:0.00050, eta: 13:50:34, time: 98.4, Loss: 0.7474 
Epoch: [80][10/203] lr: (1x:0.00050, eta: 13:48:28, time: 97.8, Loss: 0.7474 
Epoch: [80][60/203] lr: (1x:0.00050, eta: 13:46:52, time: 98.6, Loss: 0.7460 
Epoch: [80][110/203] lr: (1x:0.00050, eta: 13:45:23, time: 98.4, Loss: 0.7452 
Epoch: [80][160/203] lr: (1x:0.00050, eta: 13:43:32, time: 98.1, Loss: 0.7451 
Epoch: [81][7/203] lr: (1x:0.00050, eta: 13:41:40, time: 98.3, Loss: 0.7455 
Epoch: [81][57/203] lr: (1x:0.00050, eta: 13:40:55, time: 98.9, Loss: 0.7463 
Epoch: [81][107/203] lr: (1x:0.00050, eta: 13:40:54, time: 99.5, Loss: 0.7451 
Epoch: [81][157/203] lr: (1x:0.00050, eta: 13:38:41, time: 98.0, Loss: 0.7446 
Epoch: [82][4/203] lr: (1x:0.00050, eta: 13:35:59, time: 97.5, Loss: 0.7451 
Epoch: [82][54/203] lr: (1x:0.00050, eta: 13:34:08, time: 98.1, Loss: 0.7444 
Epoch: [82][104/203] lr: (1x:0.00050, eta: 13:32:53, time: 98.3, Loss: 0.7446 
Epoch: [82][154/203] lr: (1x:0.00050, eta: 13:31:13, time: 98.6, Loss: 0.7454 
Epoch: [83][1/203] lr: (1x:0.00050, eta: 13:28:37, time: 97.6, Loss: 0.7449 
Epoch: [83][51/203] lr: (1x:0.00050, eta: 13:27:53, time: 99.2, Loss: 0.7446 
Epoch: [83][101/203] lr: (1x:0.00050, eta: 13:26:19, time: 98.4, Loss: 0.7450 
Epoch: [83][151/203] lr: (1x:0.00050, eta: 13:24:27, time: 98.6, Loss: 0.7436 
Epoch: [83][201/203] lr: (1x:0.00050, eta: 13:21:58, time: 98.4, Loss: 0.7435 
Epoch: [84][48/203] lr: (1x:0.00050, eta: 13:20:27, time: 98.3, Loss: 0.7434 
Epoch: [84][98/203] lr: (1x:0.00050, eta: 13:19:52, time: 98.8, Loss: 0.7431 
Epoch: [84][148/203] lr: (1x:0.00050, eta: 13:18:19, time: 98.2, Loss: 0.7441 
Epoch: [84][198/203] lr: (1x:0.00050, eta: 13:17:14, time: 99.0, Loss: 0.7435 
Epoch: [85][45/203] lr: (1x:0.00050, eta: 13:14:40, time: 97.8, Loss: 0.7433 
Epoch: [85][95/203] lr: (1x:0.00050, eta: 13:13:30, time: 98.2, Loss: 0.7432 
Epoch: [85][145/203] lr: (1x:0.00050, eta: 13:11:09, time: 98.3, Loss: 0.7421 
Epoch: [85][195/203] lr: (1x:0.00050, eta: 13:09:51, time: 98.8, Loss: 0.7413 
Epoch: [86][42/203] lr: (1x:0.00050, eta: 13:06:51, time: 97.3, Loss: 0.7426 
Epoch: [86][92/203] lr: (1x:0.00050, eta: 13:05:21, time: 98.6, Loss: 0.7429 
Epoch: [86][142/203] lr: (1x:0.00050, eta: 13:04:19, time: 99.1, Loss: 0.7431 
Epoch: [86][192/203] lr: (1x:0.00050, eta: 13:02:19, time: 98.4, Loss: 0.7413 
Epoch: [87][39/203] lr: (1x:0.00050, eta: 13:00:31, time: 97.9, Loss: 0.7415 
Epoch: [87][89/203] lr: (1x:0.00050, eta: 12:58:21, time: 98.3, Loss: 0.7416 
Epoch: [87][139/203] lr: (1x:0.00050, eta: 12:56:51, time: 98.0, Loss: 0.7410 
Epoch: [87][189/203] lr: (1x:0.00050, eta: 12:55:47, time: 99.0, Loss: 0.7408 
Epoch: [88][36/203] lr: (1x:0.00050, eta: 12:53:15, time: 97.8, Loss: 0.7422 
Epoch: [88][86/203] lr: (1x:0.00050, eta: 12:51:09, time: 98.2, Loss: 0.7415 
Epoch: [88][136/203] lr: (1x:0.00050, eta: 12:50:10, time: 98.2, Loss: 0.7407 
Epoch: [88][186/203] lr: (1x:0.00050, eta: 12:48:28, time: 98.5, Loss: 0.7400 
Epoch: [89][33/203] lr: (1x:0.00050, eta: 12:45:54, time: 97.8, Loss: 0.7410 
Epoch: [89][83/203] lr: (1x:0.00050, eta: 12:44:15, time: 98.4, Loss: 0.7420 
Epoch: [89][133/203] lr: (1x:0.00050, eta: 12:42:47, time: 98.1, Loss: 0.7408 
Epoch: [89][183/203] lr: (1x:0.00050, eta: 12:41:34, time: 98.9, Loss: 0.7401 
Epoch: [90][30/203] lr: (1x:0.00050, eta: 12:39:12, time: 97.4, Loss: 0.7396 
Epoch: [90][80/203] lr: (1x:0.00050, eta: 12:36:58, time: 98.2, Loss: 0.7389 
Epoch: [90][130/203] lr: (1x:0.00050, eta: 12:35:35, time: 98.1, Loss: 0.7389 
Epoch: [90][180/203] lr: (1x:0.00050, eta: 12:34:50, time: 99.4, Loss: 0.7391 
Epoch: [91][27/203] lr: (1x:0.00050, eta: 12:32:31, time: 97.9, Loss: 0.7385 
Epoch: [91][77/203] lr: (1x:0.00050, eta: 12:30:53, time: 98.5, Loss: 0.7393 
Epoch: [91][127/203] lr: (1x:0.00050, eta: 12:29:59, time: 98.8, Loss: 0.7377 
Epoch: [91][177/203] lr: (1x:0.00050, eta: 12:28:27, time: 98.5, Loss: 0.7374 
Epoch: [92][24/203] lr: (1x:0.00050, eta: 12:26:08, time: 97.3, Loss: 0.7367 
Epoch: [92][74/203] lr: (1x:0.00050, eta: 12:23:56, time: 98.1, Loss: 0.7372 
Epoch: [92][124/203] lr: (1x:0.00050, eta: 12:23:22, time: 98.9, Loss: 0.7378 
Epoch: [92][174/203] lr: (1x:0.00050, eta: 12:21:56, time: 98.4, Loss: 0.7377 
Epoch: [93][21/203] lr: (1x:0.00050, eta: 12:19:40, time: 98.1, Loss: 0.7363 
Epoch: [93][71/203] lr: (1x:0.00050, eta: 12:17:50, time: 99.2, Loss: 0.7358 
Epoch: [93][121/203] lr: (1x:0.00050, eta: 12:16:29, time: 98.3, Loss: 0.7368 
Epoch: [93][171/203] lr: (1x:0.00050, eta: 12:14:58, time: 98.7, Loss: 0.7361 
Epoch: [94][18/203] lr: (1x:0.00050, eta: 12:12:51, time: 98.2, Loss: 0.7368 
Epoch: [94][68/203] lr: (1x:0.00050, eta: 12:11:13, time: 98.5, Loss: 0.7362 
Epoch: [94][118/203] lr: (1x:0.00050, eta: 12:10:18, time: 98.3, Loss: 0.7369 
Epoch: [94][168/203] lr: (1x:0.00050, eta: 12:09:11, time: 98.9, Loss: 0.7362 
Epoch: [95][15/203] lr: (1x:0.00050, eta: 12:06:14, time: 97.6, Loss: 0.7360 
Epoch: [95][65/203] lr: (1x:0.00050, eta: 12:04:21, time: 98.1, Loss: 0.7364 
Epoch: [95][115/203] lr: (1x:0.00050, eta: 12:02:45, time: 98.2, Loss: 0.7369 
Epoch: [95][165/203] lr: (1x:0.00050, eta: 12:00:33, time: 98.4, Loss: 0.7361 
Epoch: [96][12/203] lr: (1x:0.00050, eta: 11:58:05, time: 97.4, Loss: 0.7356 
Epoch: [96][62/203] lr: (1x:0.00050, eta: 11:56:08, time: 98.3, Loss: 0.7351 
Epoch: [96][112/203] lr: (1x:0.00050, eta: 11:55:01, time: 99.0, Loss: 0.7343 
Epoch: [96][162/203] lr: (1x:0.00050, eta: 11:53:10, time: 98.2, Loss: 0.7344 
Epoch: [97][9/203] lr: (1x:0.00050, eta: 11:50:41, time: 97.2, Loss: 0.7344 
Epoch: [97][59/203] lr: (1x:0.00050, eta: 11:49:05, time: 98.9, Loss: 0.7346 
Epoch: [97][109/203] lr: (1x:0.00050, eta: 11:48:18, time: 98.8, Loss: 0.7339 
Epoch: [97][159/203] lr: (1x:0.00050, eta: 11:46:20, time: 97.6, Loss: 0.7334 
Epoch: [98][6/203] lr: (1x:0.00050, eta: 11:43:35, time: 97.1, Loss: 0.7336 
Epoch: [98][56/203] lr: (1x:0.00050, eta: 11:42:13, time: 98.8, Loss: 0.7345 
Epoch: [98][106/203] lr: (1x:0.00050, eta: 11:41:17, time: 98.4, Loss: 0.7339 
Epoch: [98][156/203] lr: (1x:0.00050, eta: 11:39:55, time: 98.7, Loss: 0.7342 
Epoch: [99][3/203] lr: (1x:0.00050, eta: 11:37:14, time: 97.9, Loss: 0.7343 
Epoch: [99][53/203] lr: (1x:0.00050, eta: 11:35:27, time: 98.0, Loss: 0.7341 
Epoch: [99][103/203] lr: (1x:0.00050, eta: 11:34:49, time: 98.7, Loss: 0.7332 
Epoch: [99][153/203] lr: (1x:0.00050, eta: 11:32:35, time: 98.1, Loss: 0.7340 
Epoch: [99][203/203] lr: (1x:0.00050, eta: 11:29:12, time: 96.2, Loss: 0.7330 
Epoch: [100][50/203] lr: (1x:0.00050, eta: 11:29:20, time: 99.3, Loss: 0.7323 
Epoch: [100][100/203] lr: (1x:0.00050, eta: 11:29:10, time: 99.3, Loss: 0.7312 
Epoch: [100][150/203] lr: (1x:0.00050, eta: 11:27:00, time: 98.0, Loss: 0.7316 
Epoch: [100][200/203] lr: (1x:0.00050, eta: 11:25:22, time: 98.4, Loss: 0.7313 
Epoch: [101][47/203] lr: (1x:0.00050, eta: 11:21:58, time: 97.6, Loss: 0.7325 
Epoch: [101][97/203] lr: (1x:0.00050, eta: 11:20:39, time: 98.4, Loss: 0.7321 
Epoch: [101][147/203] lr: (1x:0.00050, eta: 11:19:24, time: 98.6, Loss: 0.7323 
Epoch: [101][197/203] lr: (1x:0.00050, eta: 11:17:36, time: 98.5, Loss: 0.7312 
Epoch: [102][44/203] lr: (1x:0.00050, eta: 11:15:21, time: 97.6, Loss: 0.7306 
Epoch: [102][94/203] lr: (1x:0.00050, eta: 11:15:05, time: 98.3, Loss: 0.7315 
Epoch: [102][144/203] lr: (1x:0.00050, eta: 11:13:06, time: 98.8, Loss: 0.7314 
Epoch: [102][194/203] lr: (1x:0.00050, eta: 11:10:29, time: 97.8, Loss: 0.7311 
Epoch: [103][41/203] lr: (1x:0.00050, eta: 11:08:25, time: 97.9, Loss: 0.7297 
Epoch: [103][91/203] lr: (1x:0.00050, eta: 11:07:00, time: 98.8, Loss: 0.7302 
Epoch: [103][141/203] lr: (1x:0.00050, eta: 11:05:28, time: 97.8, Loss: 0.7284 
Epoch: [103][191/203] lr: (1x:0.00050, eta: 11:03:30, time: 97.9, Loss: 0.7286 
Epoch: [104][38/203] lr: (1x:0.00050, eta: 11:01:18, time: 97.8, Loss: 0.7278 
Epoch: [104][88/203] lr: (1x:0.00050, eta: 10:59:41, time: 98.5, Loss: 0.7288 
Epoch: [104][138/203] lr: (1x:0.00050, eta: 10:58:20, time: 98.0, Loss: 0.7288 
Epoch: [104][188/203] lr: (1x:0.00050, eta: 10:56:57, time: 98.7, Loss: 0.7282 
Epoch: [105][35/203] lr: (1x:0.00050, eta: 10:54:27, time: 98.0, Loss: 0.7278 
Epoch: [105][85/203] lr: (1x:0.00050, eta: 10:53:30, time: 98.9, Loss: 0.7278 
Epoch: [105][135/203] lr: (1x:0.00050, eta: 10:52:10, time: 98.4, Loss: 0.7288 
Epoch: [105][185/203] lr: (1x:0.00050, eta: 10:50:16, time: 98.4, Loss: 0.7276 
Epoch: [106][32/203] lr: (1x:0.00050, eta: 10:48:52, time: 97.9, Loss: 0.7280 
Epoch: [106][82/203] lr: (1x:0.00050, eta: 10:47:55, time: 99.0, Loss: 0.7269 
Epoch: [106][132/203] lr: (1x:0.00050, eta: 10:46:50, time: 98.6, Loss: 0.7274 
Epoch: [106][182/203] lr: (1x:0.00050, eta: 10:45:22, time: 98.8, Loss: 0.7271 
Epoch: [107][29/203] lr: (1x:0.00050, eta: 10:42:49, time: 97.9, Loss: 0.7260 
Epoch: [107][79/203] lr: (1x:0.00050, eta: 10:40:47, time: 98.1, Loss: 0.7269 
Epoch: [107][129/203] lr: (1x:0.00050, eta: 10:39:19, time: 98.2, Loss: 0.7271 
Epoch: [107][179/203] lr: (1x:0.00050, eta: 10:37:35, time: 98.8, Loss: 0.7267 
Epoch: [108][26/203] lr: (1x:0.00050, eta: 10:35:10, time: 97.6, Loss: 0.7270 
Epoch: [108][76/203] lr: (1x:0.00050, eta: 10:33:39, time: 98.6, Loss: 0.7272 
Epoch: [108][126/203] lr: (1x:0.00050, eta: 10:32:28, time: 98.6, Loss: 0.7263 
Epoch: [108][176/203] lr: (1x:0.00050, eta: 10:30:41, time: 98.7, Loss: 0.7265 
Epoch: [109][23/203] lr: (1x:0.00050, eta: 10:28:27, time: 97.8, Loss: 0.7267 
Epoch: [109][73/203] lr: (1x:0.00050, eta: 10:27:00, time: 99.1, Loss: 0.7273 
Epoch: [109][123/203] lr: (1x:0.00050, eta: 10:25:46, time: 98.6, Loss: 0.7263 
Epoch: [109][173/203] lr: (1x:0.00050, eta: 10:24:09, time: 98.1, Loss: 0.7252 
Epoch: [110][20/203] lr: (1x:0.00050, eta: 10:22:01, time: 97.7, Loss: 0.7254 
Epoch: [110][70/203] lr: (1x:0.00050, eta: 10:20:21, time: 98.7, Loss: 0.7261 
Epoch: [110][120/203] lr: (1x:0.00050, eta: 10:19:09, time: 98.3, Loss: 0.7244 
Epoch: [110][170/203] lr: (1x:0.00050, eta: 10:17:15, time: 98.1, Loss: 0.7246 
Epoch: [111][17/203] lr: (1x:0.00050, eta: 10:14:50, time: 97.5, Loss: 0.7250 
Epoch: [111][67/203] lr: (1x:0.00050, eta: 10:13:10, time: 98.7, Loss: 0.7254 
Epoch: [111][117/203] lr: (1x:0.00050, eta: 10:11:56, time: 98.5, Loss: 0.7255 
Epoch: [111][167/203] lr: (1x:0.00050, eta: 10:09:52, time: 98.4, Loss: 0.7248 
Epoch: [112][14/203] lr: (1x:0.00050, eta: 10:07:08, time: 97.6, Loss: 0.7250 
Epoch: [112][64/203] lr: (1x:0.00050, eta: 10:05:10, time: 97.6, Loss: 0.7248 
Epoch: [112][114/203] lr: (1x:0.00050, eta: 10:03:33, time: 97.7, Loss: 0.7259 
Epoch: [112][164/203] lr: (1x:0.00050, eta: 10:01:49, time: 98.6, Loss: 0.7246 
Epoch: [113][11/203] lr: (1x:0.00050, eta: 10:00:03, time: 98.4, Loss: 0.7250 
Epoch: [113][61/203] lr: (1x:0.00050, eta: 09:58:47, time: 98.8, Loss: 0.7240 
Epoch: [113][111/203] lr: (1x:0.00050, eta: 09:57:40, time: 98.4, Loss: 0.7241 
Epoch: [113][161/203] lr: (1x:0.00050, eta: 09:56:09, time: 98.9, Loss: 0.7244 
Epoch: [114][8/203] lr: (1x:0.00050, eta: 09:54:32, time: 97.3, Loss: 0.7226 
Epoch: [114][58/203] lr: (1x:0.00050, eta: 09:53:12, time: 98.9, Loss: 0.7228 
Epoch: [114][108/203] lr: (1x:0.00050, eta: 09:52:03, time: 98.5, Loss: 0.7226 
Epoch: [114][158/203] lr: (1x:0.00050, eta: 09:50:53, time: 98.4, Loss: 0.7231 
Epoch: [115][5/203] lr: (1x:0.00050, eta: 09:48:20, time: 97.9, Loss: 0.7220 
Epoch: [115][55/203] lr: (1x:0.00050, eta: 09:47:00, time: 99.1, Loss: 0.7219 
Epoch: [115][105/203] lr: (1x:0.00050, eta: 09:45:46, time: 99.1, Loss: 0.7228 
Epoch: [115][155/203] lr: (1x:0.00050, eta: 09:44:18, time: 99.1, Loss: 0.7231 
Epoch: [116][2/203] lr: (1x:0.00050, eta: 09:41:57, time: 98.0, Loss: 0.7221 
Epoch: [116][52/203] lr: (1x:0.00050, eta: 09:40:08, time: 98.5, Loss: 0.7212 
Epoch: [116][102/203] lr: (1x:0.00050, eta: 09:39:22, time: 98.9, Loss: 0.7228 
Epoch: [116][152/203] lr: (1x:0.00050, eta: 09:37:51, time: 99.1, Loss: 0.7216 
Epoch: [116][202/203] lr: (1x:0.00050, eta: 09:36:06, time: 98.3, Loss: 0.7221 
Epoch: [117][49/203] lr: (1x:0.00050, eta: 09:34:20, time: 98.4, Loss: 0.7218 
Epoch: [117][99/203] lr: (1x:0.00050, eta: 09:33:00, time: 98.4, Loss: 0.7217 
Epoch: [117][149/203] lr: (1x:0.00050, eta: 09:30:58, time: 98.4, Loss: 0.7223 
Epoch: [117][199/203] lr: (1x:0.00050, eta: 09:28:46, time: 98.2, Loss: 0.7210 
Epoch: [118][46/203] lr: (1x:0.00050, eta: 09:26:13, time: 98.3, Loss: 0.7212 
Epoch: [118][96/203] lr: (1x:0.00050, eta: 09:24:54, time: 98.6, Loss: 0.7216 
Epoch: [118][146/203] lr: (1x:0.00050, eta: 09:23:15, time: 98.5, Loss: 0.7211 
Epoch: [118][196/203] lr: (1x:0.00050, eta: 09:21:33, time: 98.8, Loss: 0.7201 
Epoch: [119][43/203] lr: (1x:0.00050, eta: 09:19:23, time: 98.3, Loss: 0.7196 
Epoch: [119][93/203] lr: (1x:0.00050, eta: 09:17:55, time: 98.6, Loss: 0.7199 
Epoch: [119][143/203] lr: (1x:0.00050, eta: 09:16:24, time: 98.6, Loss: 0.7194 
Epoch: [119][193/203] lr: (1x:0.00050, eta: 09:14:57, time: 98.8, Loss: 0.7198 
Epoch: [120][40/203] lr: (1x:0.00050, eta: 09:12:44, time: 97.9, Loss: 0.7196 
Epoch: [120][90/203] lr: (1x:0.00050, eta: 09:11:29, time: 98.9, Loss: 0.7198 
Epoch: [120][140/203] lr: (1x:0.00050, eta: 09:09:51, time: 98.3, Loss: 0.7192 
Epoch: [120][190/203] lr: (1x:0.00050, eta: 09:08:10, time: 98.5, Loss: 0.7188 
Epoch: [121][37/203] lr: (1x:0.00050, eta: 09:06:10, time: 98.2, Loss: 0.7192 
Epoch: [121][87/203] lr: (1x:0.00050, eta: 09:04:29, time: 98.7, Loss: 0.7188 
Epoch: [121][137/203] lr: (1x:0.00050, eta: 09:02:42, time: 98.0, Loss: 0.7196 
Epoch: [121][187/203] lr: (1x:0.00050, eta: 09:01:00, time: 98.5, Loss: 0.7193 
Epoch: [122][34/203] lr: (1x:0.00050, eta: 08:59:06, time: 98.6, Loss: 0.7196 
Epoch: [122][84/203] lr: (1x:0.00050, eta: 08:57:33, time: 98.9, Loss: 0.7182 
Epoch: [122][134/203] lr: (1x:0.00050, eta: 08:56:29, time: 99.0, Loss: 0.7179 
Epoch: [122][184/203] lr: (1x:0.00050, eta: 08:54:39, time: 98.5, Loss: 0.7184 
Epoch: [123][31/203] lr: (1x:0.00050, eta: 08:52:38, time: 98.1, Loss: 0.7181 
Epoch: [123][81/203] lr: (1x:0.00050, eta: 08:51:20, time: 99.2, Loss: 0.7173 
Epoch: [123][131/203] lr: (1x:0.00050, eta: 08:50:03, time: 98.9, Loss: 0.7178 
Epoch: [123][181/203] lr: (1x:0.00050, eta: 08:48:10, time: 98.3, Loss: 0.7185 
Epoch: [124][28/203] lr: (1x:0.00050, eta: 08:46:03, time: 98.0, Loss: 0.7179 
Epoch: [124][78/203] lr: (1x:0.00050, eta: 08:44:47, time: 99.2, Loss: 0.7174 
Epoch: [124][128/203] lr: (1x:0.00050, eta: 08:43:08, time: 98.6, Loss: 0.7177 
Epoch: [124][178/203] lr: (1x:0.00050, eta: 08:41:12, time: 98.4, Loss: 0.7190 
Epoch: [125][25/203] lr: (1x:0.00050, eta: 08:38:52, time: 97.8, Loss: 0.7185 
Epoch: [125][75/203] lr: (1x:0.00050, eta: 08:37:13, time: 98.5, Loss: 0.7174 
Epoch: [125][125/203] lr: (1x:0.00050, eta: 08:35:38, time: 98.2, Loss: 0.7171 
Epoch: [125][175/203] lr: (1x:0.00050, eta: 08:33:48, time: 98.8, Loss: 0.7181 
Epoch: [126][22/203] lr: (1x:0.00050, eta: 08:31:36, time: 98.2, Loss: 0.7185 
Epoch: [126][72/203] lr: (1x:0.00050, eta: 08:30:22, time: 99.1, Loss: 0.7177 
Epoch: [126][122/203] lr: (1x:0.00050, eta: 08:29:06, time: 98.7, Loss: 0.7184 
Epoch: [126][172/203] lr: (1x:0.00050, eta: 08:27:28, time: 99.2, Loss: 0.7183 
Epoch: [127][19/203] lr: (1x:0.00050, eta: 08:25:40, time: 98.8, Loss: 0.7178 
Epoch: [127][69/203] lr: (1x:0.00050, eta: 08:24:04, time: 98.5, Loss: 0.7166 
Epoch: [127][119/203] lr: (1x:0.00050, eta: 08:23:04, time: 99.1, Loss: 0.7163 
Epoch: [127][169/203] lr: (1x:0.00050, eta: 08:21:15, time: 98.1, Loss: 0.7164 
Epoch: [128][16/203] lr: (1x:0.00050, eta: 08:19:08, time: 97.6, Loss: 0.7169 
Epoch: [128][66/203] lr: (1x:0.00050, eta: 08:17:09, time: 98.1, Loss: 0.7170 
Epoch: [128][116/203] lr: (1x:0.00050, eta: 08:15:39, time: 98.5, Loss: 0.7152 
Epoch: [128][166/203] lr: (1x:0.00050, eta: 08:13:39, time: 98.3, Loss: 0.7154 
Epoch: [129][13/203] lr: (1x:0.00050, eta: 08:11:11, time: 97.8, Loss: 0.7142 
Epoch: [129][63/203] lr: (1x:0.00050, eta: 08:09:27, time: 99.1, Loss: 0.7146 
Epoch: [129][113/203] lr: (1x:0.00050, eta: 08:07:40, time: 98.4, Loss: 0.7134 
Epoch: [129][163/203] lr: (1x:0.00050, eta: 08:06:10, time: 98.8, Loss: 0.7141 
Epoch: [130][10/203] lr: (1x:0.00050, eta: 08:04:00, time: 98.3, Loss: 0.7140 
Epoch: [130][60/203] lr: (1x:0.00050, eta: 08:02:54, time: 99.3, Loss: 0.7144 
Epoch: [130][110/203] lr: (1x:0.00050, eta: 08:01:48, time: 98.8, Loss: 0.7144 
Epoch: [130][160/203] lr: (1x:0.00050, eta: 08:00:39, time: 99.1, Loss: 0.7135 
Epoch: [131][7/203] lr: (1x:0.00050, eta: 07:58:24, time: 98.1, Loss: 0.7139 
Epoch: [131][57/203] lr: (1x:0.00050, eta: 07:56:59, time: 98.8, Loss: 0.7133 
Epoch: [131][107/203] lr: (1x:0.00050, eta: 07:56:00, time: 99.2, Loss: 0.7142 
Epoch: [131][157/203] lr: (1x:0.00050, eta: 07:54:30, time: 99.4, Loss: 0.7136 
Epoch: [132][4/203] lr: (1x:0.00050, eta: 07:52:11, time: 97.6, Loss: 0.7138 
Epoch: [132][54/203] lr: (1x:0.00050, eta: 07:50:28, time: 98.6, Loss: 0.7132 
Epoch: [132][104/203] lr: (1x:0.00050, eta: 07:49:21, time: 99.5, Loss: 0.7131 
Epoch: [132][154/203] lr: (1x:0.00050, eta: 07:47:27, time: 98.7, Loss: 0.7124 
Epoch: [133][1/203] lr: (1x:0.00050, eta: 07:45:40, time: 98.9, Loss: 0.7127 
Epoch: [133][51/203] lr: (1x:0.00050, eta: 07:43:47, time: 98.6, Loss: 0.7121 
Epoch: [133][101/203] lr: (1x:0.00050, eta: 07:42:20, time: 98.5, Loss: 0.7121 
Epoch: [133][151/203] lr: (1x:0.00050, eta: 07:40:31, time: 98.5, Loss: 0.7121 
Epoch: [133][201/203] lr: (1x:0.00050, eta: 07:38:22, time: 98.1, Loss: 0.7118 
Epoch: [134][48/203] lr: (1x:0.00050, eta: 07:35:36, time: 97.4, Loss: 0.7118 
Epoch: [134][98/203] lr: (1x:0.00050, eta: 07:34:27, time: 98.7, Loss: 0.7110 
Epoch: [134][148/203] lr: (1x:0.00050, eta: 07:32:52, time: 98.7, Loss: 0.7116 
Epoch: [134][198/203] lr: (1x:0.00050, eta: 07:30:46, time: 98.5, Loss: 0.7118 
Epoch: [135][45/203] lr: (1x:0.00050, eta: 07:28:25, time: 97.7, Loss: 0.7120 
Epoch: [135][95/203] lr: (1x:0.00050, eta: 07:26:45, time: 98.8, Loss: 0.7110 
Epoch: [135][145/203] lr: (1x:0.00050, eta: 07:25:06, time: 98.6, Loss: 0.7107 
Epoch: [135][195/203] lr: (1x:0.00050, eta: 07:23:33, time: 98.7, Loss: 0.7112 
Epoch: [136][42/203] lr: (1x:0.00050, eta: 07:21:35, time: 98.4, Loss: 0.7103 
Epoch: [136][92/203] lr: (1x:0.00050, eta: 07:20:09, time: 98.6, Loss: 0.7099 
Epoch: [136][142/203] lr: (1x:0.00050, eta: 07:19:13, time: 99.1, Loss: 0.7098 
Epoch: [136][192/203] lr: (1x:0.00050, eta: 07:18:09, time: 100.0, Loss: 0.7115 
Epoch: [137][39/203] lr: (1x:0.00050, eta: 07:15:54, time: 97.9, Loss: 0.7113 
Epoch: [137][89/203] lr: (1x:0.00050, eta: 07:14:18, time: 98.6, Loss: 0.7112 
Epoch: [137][139/203] lr: (1x:0.00050, eta: 07:13:08, time: 98.8, Loss: 0.7102 
Epoch: [137][189/203] lr: (1x:0.00050, eta: 07:11:28, time: 98.8, Loss: 0.7109 
Epoch: [138][36/203] lr: (1x:0.00050, eta: 07:09:24, time: 98.4, Loss: 0.7117 
Epoch: [138][86/203] lr: (1x:0.00050, eta: 07:07:57, time: 99.2, Loss: 0.7114 
Epoch: [138][136/203] lr: (1x:0.00050, eta: 07:06:30, time: 98.9, Loss: 0.7118 
Epoch: [138][186/203] lr: (1x:0.00050, eta: 07:04:55, time: 98.7, Loss: 0.7118 
Epoch: [139][33/203] lr: (1x:0.00050, eta: 07:02:36, time: 97.5, Loss: 0.7105 
Epoch: [139][83/203] lr: (1x:0.00050, eta: 07:00:06, time: 97.9, Loss: 0.7098 
Epoch: [139][133/203] lr: (1x:0.00050, eta: 06:58:33, time: 98.1, Loss: 0.7101 
Epoch: [139][183/203] lr: (1x:0.00050, eta: 06:56:35, time: 97.8, Loss: 0.7096 
Epoch: [140][30/203] lr: (1x:0.00050, eta: 06:54:11, time: 98.0, Loss: 0.7109 
Epoch: [140][80/203] lr: (1x:0.00050, eta: 06:52:25, time: 98.4, Loss: 0.7099 
Epoch: [140][130/203] lr: (1x:0.00050, eta: 06:51:00, time: 98.9, Loss: 0.7095 
Epoch: [140][180/203] lr: (1x:0.00050, eta: 06:49:04, time: 98.5, Loss: 0.7089 
Epoch: [141][27/203] lr: (1x:0.00050, eta: 06:47:01, time: 98.0, Loss: 0.7093 
Epoch: [141][77/203] lr: (1x:0.00050, eta: 06:45:22, time: 98.7, Loss: 0.7099 
Epoch: [141][127/203] lr: (1x:0.00050, eta: 06:44:22, time: 99.1, Loss: 0.7103 
Epoch: [141][177/203] lr: (1x:0.00050, eta: 06:43:02, time: 98.7, Loss: 0.7105 
Epoch: [142][24/203] lr: (1x:0.00050, eta: 06:40:49, time: 97.8, Loss: 0.7083 
Epoch: [142][74/203] lr: (1x:0.00050, eta: 06:39:36, time: 99.0, Loss: 0.7091 
Epoch: [142][124/203] lr: (1x:0.00050, eta: 06:38:22, time: 99.1, Loss: 0.7081 
Epoch: [142][174/203] lr: (1x:0.00050, eta: 06:36:52, time: 98.8, Loss: 0.7084 
Epoch: [143][21/203] lr: (1x:0.00050, eta: 06:34:35, time: 97.8, Loss: 0.7085 
Epoch: [143][71/203] lr: (1x:0.00050, eta: 06:33:11, time: 99.1, Loss: 0.7091 
Epoch: [143][121/203] lr: (1x:0.00050, eta: 06:31:41, time: 98.4, Loss: 0.7080 
Epoch: [143][171/203] lr: (1x:0.00050, eta: 06:30:10, time: 99.0, Loss: 0.7069 
Epoch: [144][18/203] lr: (1x:0.00050, eta: 06:27:46, time: 98.1, Loss: 0.7068 
Epoch: [144][68/203] lr: (1x:0.00050, eta: 06:25:54, time: 98.1, Loss: 0.7062 
Epoch: [144][118/203] lr: (1x:0.00050, eta: 06:24:25, time: 98.2, Loss: 0.7072 
Epoch: [144][168/203] lr: (1x:0.00050, eta: 06:22:33, time: 98.3, Loss: 0.7071 
Epoch: [145][15/203] lr: (1x:0.00050, eta: 06:20:07, time: 97.7, Loss: 0.7071 
Epoch: [145][65/203] lr: (1x:0.00050, eta: 06:18:33, time: 99.0, Loss: 0.7069 
Epoch: [145][115/203] lr: (1x:0.00050, eta: 06:17:12, time: 98.6, Loss: 0.7066 
Epoch: [145][165/203] lr: (1x:0.00050, eta: 06:15:36, time: 99.2, Loss: 0.7061 
Epoch: [146][12/203] lr: (1x:0.00050, eta: 06:13:44, time: 98.2, Loss: 0.7061 
Epoch: [146][62/203] lr: (1x:0.00050, eta: 06:12:03, time: 98.9, Loss: 0.7056 
Epoch: [146][112/203] lr: (1x:0.00050, eta: 06:10:29, time: 98.3, Loss: 0.7069 
Epoch: [146][162/203] lr: (1x:0.00050, eta: 06:08:57, time: 98.4, Loss: 0.7060 
Epoch: [147][9/203] lr: (1x:0.00050, eta: 06:06:53, time: 97.9, Loss: 0.7063 
Epoch: [147][59/203] lr: (1x:0.00050, eta: 06:05:23, time: 98.7, Loss: 0.7049 
Epoch: [147][109/203] lr: (1x:0.00050, eta: 06:04:10, time: 98.9, Loss: 0.7048 
Epoch: [147][159/203] lr: (1x:0.00050, eta: 06:02:27, time: 98.7, Loss: 0.7046 
Epoch: [148][6/203] lr: (1x:0.00050, eta: 06:00:26, time: 98.2, Loss: 0.7057 
Epoch: [148][56/203] lr: (1x:0.00050, eta: 05:58:29, time: 98.3, Loss: 0.7056 
Epoch: [148][106/203] lr: (1x:0.00050, eta: 05:56:45, time: 98.0, Loss: 0.7060 
Epoch: [148][156/203] lr: (1x:0.00050, eta: 05:55:06, time: 98.9, Loss: 0.7069 
Epoch: [149][3/203] lr: (1x:0.00050, eta: 05:53:16, time: 98.3, Loss: 0.7049 
Epoch: [149][53/203] lr: (1x:0.00050, eta: 05:51:48, time: 98.9, Loss: 0.7059 
Epoch: [149][103/203] lr: (1x:0.00050, eta: 05:50:22, time: 98.5, Loss: 0.7051 
Epoch: [149][153/203] lr: (1x:0.00050, eta: 05:48:36, time: 98.4, Loss: 0.7060 
Epoch: [149][203/203] lr: (1x:0.00050, eta: 05:46:27, time: 97.4, Loss: 0.7057 
Epoch: [150][50/203] lr: (1x:0.00050, eta: 05:45:11, time: 99.7, Loss: 0.7050 
Epoch: [150][100/203] lr: (1x:0.00050, eta: 05:43:40, time: 98.6, Loss: 0.7042 
Epoch: [150][150/203] lr: (1x:0.00050, eta: 05:42:07, time: 98.6, Loss: 0.7044 
Epoch: [150][200/203] lr: (1x:0.00050, eta: 05:40:43, time: 98.7, Loss: 0.7040 
Epoch: [151][47/203] lr: (1x:0.00050, eta: 05:37:52, time: 97.4, Loss: 0.7038 
Epoch: [151][97/203] lr: (1x:0.00050, eta: 05:36:34, time: 99.4, Loss: 0.7043 
Epoch: [151][147/203] lr: (1x:0.00050, eta: 05:34:58, time: 99.1, Loss: 0.7040 
Epoch: [151][197/203] lr: (1x:0.00050, eta: 05:33:27, time: 98.8, Loss: 0.7040 
Epoch: [152][44/203] lr: (1x:0.00050, eta: 05:31:40, time: 98.4, Loss: 0.7031 
Epoch: [152][94/203] lr: (1x:0.00050, eta: 05:30:27, time: 98.7, Loss: 0.7027 
Epoch: [152][144/203] lr: (1x:0.00050, eta: 05:28:29, time: 98.6, Loss: 0.7037 
Epoch: [152][194/203] lr: (1x:0.00050, eta: 05:27:03, time: 99.3, Loss: 0.7038 
Epoch: [153][41/203] lr: (1x:0.00050, eta: 05:24:55, time: 97.9, Loss: 0.7027 
Epoch: [153][91/203] lr: (1x:0.00050, eta: 05:23:06, time: 98.2, Loss: 0.7033 
Epoch: [153][141/203] lr: (1x:0.00050, eta: 05:21:48, time: 98.5, Loss: 0.7025 
Epoch: [153][191/203] lr: (1x:0.00050, eta: 05:20:10, time: 99.4, Loss: 0.7029 
Epoch: [154][38/203] lr: (1x:0.00050, eta: 05:17:58, time: 98.1, Loss: 0.7036 
Epoch: [154][88/203] lr: (1x:0.00050, eta: 05:16:18, time: 98.8, Loss: 0.7028 
Epoch: [154][138/203] lr: (1x:0.00050, eta: 05:14:42, time: 98.6, Loss: 0.7029 
Epoch: [154][188/203] lr: (1x:0.00050, eta: 05:13:14, time: 99.3, Loss: 0.7035 
Epoch: [155][35/203] lr: (1x:0.00050, eta: 05:11:01, time: 97.7, Loss: 0.7033 
Epoch: [155][85/203] lr: (1x:0.00050, eta: 05:09:05, time: 98.3, Loss: 0.7015 
Epoch: [155][135/203] lr: (1x:0.00050, eta: 05:07:39, time: 98.6, Loss: 0.7028 
Epoch: [155][185/203] lr: (1x:0.00050, eta: 05:06:10, time: 98.7, Loss: 0.7028 
Epoch: [156][32/203] lr: (1x:0.00050, eta: 05:04:01, time: 97.6, Loss: 0.7033 
Epoch: [156][82/203] lr: (1x:0.00050, eta: 05:02:04, time: 98.4, Loss: 0.7026 
Epoch: [156][132/203] lr: (1x:0.00050, eta: 05:00:25, time: 98.1, Loss: 0.7020 
Epoch: [156][182/203] lr: (1x:0.00050, eta: 04:58:52, time: 99.1, Loss: 0.7029 
Epoch: [157][29/203] lr: (1x:0.00050, eta: 04:56:51, time: 98.2, Loss: 0.7025 
Epoch: [157][79/203] lr: (1x:0.00050, eta: 04:54:50, time: 98.0, Loss: 0.7023 
Epoch: [157][129/203] lr: (1x:0.00050, eta: 04:53:28, time: 98.6, Loss: 0.7019 
Epoch: [157][179/203] lr: (1x:0.00050, eta: 04:51:55, time: 98.7, Loss: 0.7034 
Epoch: [158][26/203] lr: (1x:0.00050, eta: 04:49:42, time: 97.5, Loss: 0.7013 
Epoch: [158][76/203] lr: (1x:0.00050, eta: 04:48:03, time: 98.6, Loss: 0.7005 
Epoch: [158][126/203] lr: (1x:0.00050, eta: 04:46:43, time: 98.7, Loss: 0.7006 
Epoch: [158][176/203] lr: (1x:0.00050, eta: 04:45:16, time: 99.0, Loss: 0.7007 
Epoch: [159][23/203] lr: (1x:0.00050, eta: 04:43:26, time: 98.2, Loss: 0.7000 
Epoch: [159][73/203] lr: (1x:0.00050, eta: 04:41:34, time: 98.3, Loss: 0.6989 
Epoch: [159][123/203] lr: (1x:0.00050, eta: 04:40:01, time: 98.5, Loss: 0.7000 
Epoch: [159][173/203] lr: (1x:0.00050, eta: 04:38:40, time: 99.1, Loss: 0.6992 
Epoch: [160][20/203] lr: (1x:0.00015, eta: 04:36:44, time: 98.6, Loss: 0.7002 
Epoch: [160][70/203] lr: (1x:0.00015, eta: 04:35:01, time: 98.4, Loss: 0.6991 
Epoch: [160][120/203] lr: (1x:0.00015, eta: 04:33:47, time: 99.0, Loss: 0.6996 
Epoch: [160][170/203] lr: (1x:0.00015, eta: 04:32:14, time: 99.0, Loss: 0.6999 
Epoch: [161][17/203] lr: (1x:0.00015, eta: 04:30:08, time: 98.0, Loss: 0.6996 
Epoch: [161][67/203] lr: (1x:0.00015, eta: 04:28:18, time: 98.2, Loss: 0.6988 
Epoch: [161][117/203] lr: (1x:0.00015, eta: 04:26:45, time: 98.6, Loss: 0.6996 
Epoch: [161][167/203] lr: (1x:0.00015, eta: 04:25:27, time: 99.6, Loss: 0.7003 
Epoch: [162][14/203] lr: (1x:0.00015, eta: 04:23:22, time: 98.2, Loss: 0.6997 
Epoch: [162][64/203] lr: (1x:0.00015, eta: 04:21:35, time: 98.6, Loss: 0.6999 
Epoch: [162][114/203] lr: (1x:0.00015, eta: 04:20:04, time: 99.0, Loss: 0.6990 
Epoch: [162][164/203] lr: (1x:0.00015, eta: 04:18:30, time: 98.7, Loss: 0.6999 
Epoch: [163][11/203] lr: (1x:0.00015, eta: 04:16:33, time: 98.7, Loss: 0.6994 
Epoch: [163][61/203] lr: (1x:0.00015, eta: 04:14:51, time: 98.8, Loss: 0.6997 
Epoch: [163][111/203] lr: (1x:0.00015, eta: 04:13:23, time: 98.7, Loss: 0.6991 
Epoch: [163][161/203] lr: (1x:0.00015, eta: 04:11:49, time: 98.6, Loss: 0.7007 
Epoch: [164][8/203] lr: (1x:0.00015, eta: 04:09:35, time: 97.2, Loss: 0.6986 
Epoch: [164][58/203] lr: (1x:0.00015, eta: 04:07:45, time: 98.8, Loss: 0.6983 
Epoch: [164][108/203] lr: (1x:0.00015, eta: 04:06:17, time: 98.9, Loss: 0.6989 
Epoch: [164][158/203] lr: (1x:0.00015, eta: 04:04:43, time: 98.9, Loss: 0.6988 
Epoch: [165][5/203] lr: (1x:0.00015, eta: 04:02:32, time: 97.8, Loss: 0.6987 
Epoch: [165][55/203] lr: (1x:0.00015, eta: 04:00:59, time: 99.1, Loss: 0.6983 
Epoch: [165][105/203] lr: (1x:0.00015, eta: 03:59:19, time: 98.6, Loss: 0.6981 
Epoch: [165][155/203] lr: (1x:0.00015, eta: 03:57:32, time: 98.2, Loss: 0.6972 
Epoch: [166][2/203] lr: (1x:0.00015, eta: 03:55:29, time: 98.0, Loss: 0.6981 
Epoch: [166][52/203] lr: (1x:0.00015, eta: 03:53:57, time: 99.0, Loss: 0.6974 
Epoch: [166][102/203] lr: (1x:0.00015, eta: 03:52:38, time: 98.7, Loss: 0.6979 
Epoch: [166][152/203] lr: (1x:0.00015, eta: 03:50:54, time: 98.4, Loss: 0.6984 
Epoch: [166][202/203] lr: (1x:0.00015, eta: 03:49:08, time: 98.3, Loss: 0.6980 
Epoch: [167][49/203] lr: (1x:0.00015, eta: 03:47:02, time: 97.9, Loss: 0.6984 
Epoch: [167][99/203] lr: (1x:0.00015, eta: 03:45:27, time: 98.1, Loss: 0.6980 
Epoch: [167][149/203] lr: (1x:0.00015, eta: 03:43:43, time: 98.7, Loss: 0.6976 
Epoch: [167][199/203] lr: (1x:0.00015, eta: 03:41:57, time: 98.0, Loss: 0.6981 
Epoch: [168][46/203] lr: (1x:0.00015, eta: 03:39:56, time: 97.9, Loss: 0.6987 
Epoch: [168][96/203] lr: (1x:0.00015, eta: 03:38:22, time: 98.4, Loss: 0.6976 
Epoch: [168][146/203] lr: (1x:0.00015, eta: 03:36:37, time: 98.5, Loss: 0.6972 
Epoch: [168][196/203] lr: (1x:0.00015, eta: 03:34:58, time: 98.6, Loss: 0.6985 
Epoch: [169][43/203] lr: (1x:0.00015, eta: 03:33:07, time: 98.4, Loss: 0.6984 
Epoch: [169][93/203] lr: (1x:0.00015, eta: 03:31:35, time: 98.8, Loss: 0.6987 
Epoch: [169][143/203] lr: (1x:0.00015, eta: 03:30:03, time: 98.4, Loss: 0.6977 
Epoch: [169][193/203] lr: (1x:0.00015, eta: 03:28:29, time: 98.4, Loss: 0.6977 
Epoch: [170][40/203] lr: (1x:0.00015, eta: 03:26:23, time: 97.9, Loss: 0.6978 
Epoch: [170][90/203] lr: (1x:0.00015, eta: 03:24:49, time: 98.4, Loss: 0.6977 
Epoch: [170][140/203] lr: (1x:0.00015, eta: 03:23:18, time: 98.5, Loss: 0.6970 
Epoch: [170][190/203] lr: (1x:0.00015, eta: 03:21:39, time: 98.3, Loss: 0.6979 
Epoch: [171][37/203] lr: (1x:0.00015, eta: 03:19:39, time: 98.0, Loss: 0.6977 
Epoch: [171][87/203] lr: (1x:0.00015, eta: 03:17:55, time: 98.1, Loss: 0.6971 
Epoch: [171][137/203] lr: (1x:0.00015, eta: 03:16:17, time: 98.4, Loss: 0.6973 
Epoch: [171][187/203] lr: (1x:0.00015, eta: 03:14:31, time: 98.1, Loss: 0.6968 
Epoch: [172][34/203] lr: (1x:0.00015, eta: 03:12:35, time: 98.2, Loss: 0.6974 
Epoch: [172][84/203] lr: (1x:0.00015, eta: 03:11:00, time: 98.7, Loss: 0.6981 
Epoch: [172][134/203] lr: (1x:0.00015, eta: 03:09:29, time: 98.5, Loss: 0.6978 
Epoch: [172][184/203] lr: (1x:0.00015, eta: 03:07:56, time: 98.9, Loss: 0.6974 
Epoch: [173][31/203] lr: (1x:0.00015, eta: 03:05:57, time: 98.2, Loss: 0.6978 
Epoch: [173][81/203] lr: (1x:0.00015, eta: 03:04:22, time: 98.6, Loss: 0.6971 
Epoch: [173][131/203] lr: (1x:0.00015, eta: 03:02:48, time: 98.4, Loss: 0.6971 
Epoch: [173][181/203] lr: (1x:0.00015, eta: 03:01:18, time: 98.9, Loss: 0.6979 
Epoch: [174][28/203] lr: (1x:0.00015, eta: 02:59:21, time: 97.9, Loss: 0.6968 
Epoch: [174][78/203] lr: (1x:0.00015, eta: 02:57:51, time: 98.9, Loss: 0.6966 
Epoch: [174][128/203] lr: (1x:0.00015, eta: 02:56:16, time: 98.6, Loss: 0.6964 
Epoch: [174][178/203] lr: (1x:0.00015, eta: 02:54:31, time: 98.1, Loss: 0.6960 
Epoch: [175][25/203] lr: (1x:0.00015, eta: 02:52:33, time: 98.1, Loss: 0.6960 
Epoch: [175][75/203] lr: (1x:0.00015, eta: 02:50:54, time: 98.9, Loss: 0.6974 
Epoch: [175][125/203] lr: (1x:0.00015, eta: 02:49:24, time: 99.0, Loss: 0.6977 
Epoch: [175][175/203] lr: (1x:0.00015, eta: 02:47:38, time: 97.8, Loss: 0.6977 
Epoch: [176][22/203] lr: (1x:0.00015, eta: 02:45:43, time: 98.4, Loss: 0.6978 
Epoch: [176][72/203] lr: (1x:0.00015, eta: 02:43:59, time: 98.4, Loss: 0.6969 
Epoch: [176][122/203] lr: (1x:0.00015, eta: 02:42:32, time: 99.2, Loss: 0.6971 
Epoch: [176][172/203] lr: (1x:0.00015, eta: 02:40:55, time: 99.0, Loss: 0.6975 
Epoch: [177][19/203] lr: (1x:0.00015, eta: 02:38:52, time: 97.7, Loss: 0.6974 
Epoch: [177][69/203] lr: (1x:0.00015, eta: 02:37:17, time: 98.6, Loss: 0.6976 
Epoch: [177][119/203] lr: (1x:0.00015, eta: 02:35:40, time: 98.3, Loss: 0.6985 
Epoch: [177][169/203] lr: (1x:0.00015, eta: 02:34:00, time: 98.8, Loss: 0.6973 
Epoch: [178][16/203] lr: (1x:0.00015, eta: 02:31:59, time: 98.3, Loss: 0.6968 
Epoch: [178][66/203] lr: (1x:0.00015, eta: 02:30:32, time: 99.1, Loss: 0.6970 
Epoch: [178][116/203] lr: (1x:0.00015, eta: 02:29:03, time: 99.4, Loss: 0.6969 
Epoch: [178][166/203] lr: (1x:0.00015, eta: 02:27:27, time: 98.7, Loss: 0.6972 
Epoch: [179][13/203] lr: (1x:0.00015, eta: 02:25:26, time: 98.0, Loss: 0.6978 
Epoch: [179][63/203] lr: (1x:0.00015, eta: 02:23:43, time: 98.5, Loss: 0.6974 
Epoch: [179][113/203] lr: (1x:0.00015, eta: 02:22:11, time: 98.5, Loss: 0.6973 
Epoch: [179][163/203] lr: (1x:0.00015, eta: 02:20:31, time: 98.4, Loss: 0.6963 
Epoch: [180][10/203] lr: (1x:0.00004, eta: 02:18:28, time: 97.7, Loss: 0.6955 
Epoch: [180][60/203] lr: (1x:0.00004, eta: 02:16:55, time: 99.4, Loss: 0.6960 
Epoch: [180][110/203] lr: (1x:0.00004, eta: 02:15:19, time: 98.7, Loss: 0.6973 
Epoch: [180][160/203] lr: (1x:0.00004, eta: 02:13:40, time: 99.0, Loss: 0.6962 
Epoch: [181][7/203] lr: (1x:0.00004, eta: 02:11:40, time: 98.3, Loss: 0.6964 
Epoch: [181][57/203] lr: (1x:0.00004, eta: 02:10:01, time: 98.6, Loss: 0.6962 
Epoch: [181][107/203] lr: (1x:0.00004, eta: 02:08:26, time: 98.5, Loss: 0.6960 
Epoch: [181][157/203] lr: (1x:0.00004, eta: 02:06:52, time: 99.2, Loss: 0.6959 
Epoch: [182][4/203] lr: (1x:0.00004, eta: 02:04:52, time: 97.6, Loss: 0.6965 
Epoch: [182][54/203] lr: (1x:0.00004, eta: 02:03:15, time: 98.6, Loss: 0.6972 
Epoch: [182][104/203] lr: (1x:0.00004, eta: 02:01:44, time: 98.6, Loss: 0.6965 
Epoch: [182][154/203] lr: (1x:0.00004, eta: 01:59:56, time: 98.2, Loss: 0.6964 
Epoch: [183][1/203] lr: (1x:0.00004, eta: 01:57:53, time: 97.5, Loss: 0.6962 
Epoch: [183][51/203] lr: (1x:0.00004, eta: 01:56:13, time: 98.7, Loss: 0.6963 
Epoch: [183][101/203] lr: (1x:0.00004, eta: 01:54:38, time: 98.9, Loss: 0.6968 
Epoch: [183][151/203] lr: (1x:0.00004, eta: 01:53:01, time: 98.8, Loss: 0.6972 
Epoch: [183][201/203] lr: (1x:0.00004, eta: 01:51:24, time: 98.7, Loss: 0.6968 
Epoch: [184][48/203] lr: (1x:0.00004, eta: 01:49:19, time: 97.7, Loss: 0.6967 
Epoch: [184][98/203] lr: (1x:0.00004, eta: 01:47:43, time: 97.8, Loss: 0.6962 
Epoch: [184][148/203] lr: (1x:0.00004, eta: 01:46:06, time: 98.9, Loss: 0.6953 
Epoch: [184][198/203] lr: (1x:0.00004, eta: 01:44:28, time: 98.7, Loss: 0.6972 
Epoch: [185][45/203] lr: (1x:0.00004, eta: 01:42:32, time: 97.7, Loss: 0.6981 
Epoch: [185][95/203] lr: (1x:0.00004, eta: 01:41:01, time: 98.8, Loss: 0.6970 
Epoch: [185][145/203] lr: (1x:0.00004, eta: 01:39:21, time: 98.5, Loss: 0.6980 
Epoch: [185][195/203] lr: (1x:0.00004, eta: 01:37:42, time: 98.8, Loss: 0.6970 
Epoch: [186][42/203] lr: (1x:0.00004, eta: 01:35:43, time: 97.9, Loss: 0.6963 
Epoch: [186][92/203] lr: (1x:0.00004, eta: 01:34:06, time: 99.0, Loss: 0.6964 
Epoch: [186][142/203] lr: (1x:0.00004, eta: 01:32:31, time: 98.3, Loss: 0.6970 
Epoch: [186][192/203] lr: (1x:0.00004, eta: 01:31:00, time: 99.2, Loss: 0.6974 
Epoch: [187][39/203] lr: (1x:0.00004, eta: 01:29:01, time: 98.2, Loss: 0.6975 
Epoch: [187][89/203] lr: (1x:0.00004, eta: 01:27:20, time: 98.3, Loss: 0.6962 
Epoch: [187][139/203] lr: (1x:0.00004, eta: 01:25:47, time: 98.7, Loss: 0.6956 
Epoch: [187][189/203] lr: (1x:0.00004, eta: 01:24:08, time: 98.8, Loss: 0.6951 
Epoch: [188][36/203] lr: (1x:0.00004, eta: 01:22:14, time: 98.4, Loss: 0.6952 
Epoch: [188][86/203] lr: (1x:0.00004, eta: 01:20:38, time: 99.2, Loss: 0.6963 
Epoch: [188][136/203] lr: (1x:0.00004, eta: 01:19:05, time: 99.2, Loss: 0.6962 
Epoch: [188][186/203] lr: (1x:0.00004, eta: 01:17:25, time: 98.7, Loss: 0.6958 
Epoch: [189][33/203] lr: (1x:0.00004, eta: 01:15:31, time: 98.0, Loss: 0.6951 
Epoch: [189][83/203] lr: (1x:0.00004, eta: 01:13:53, time: 99.2, Loss: 0.6950 
Epoch: [189][133/203] lr: (1x:0.00004, eta: 01:12:15, time: 98.3, Loss: 0.6953 
Epoch: [189][183/203] lr: (1x:0.00004, eta: 01:10:39, time: 99.0, Loss: 0.6955 
Epoch: [190][30/203] lr: (1x:0.00004, eta: 01:08:39, time: 98.0, Loss: 0.6953 
Epoch: [190][80/203] lr: (1x:0.00004, eta: 01:06:56, time: 97.6, Loss: 0.6957 
Epoch: [190][130/203] lr: (1x:0.00004, eta: 01:05:17, time: 98.2, Loss: 0.6942 
Epoch: [190][180/203] lr: (1x:0.00004, eta: 01:03:35, time: 98.4, Loss: 0.6945 
Epoch: [191][27/203] lr: (1x:0.00004, eta: 01:01:36, time: 98.0, Loss: 0.6954 
Epoch: [191][77/203] lr: (1x:0.00004, eta: 01:00:00, time: 99.4, Loss: 0.6959 
Epoch: [191][127/203] lr: (1x:0.00004, eta: 00:58:23, time: 98.5, Loss: 0.6962 
Epoch: [191][177/203] lr: (1x:0.00004, eta: 00:56:45, time: 99.3, Loss: 0.6961 
Epoch: [192][24/203] lr: (1x:0.00004, eta: 00:54:48, time: 97.5, Loss: 0.6964 
Epoch: [192][74/203] lr: (1x:0.00004, eta: 00:53:09, time: 98.8, Loss: 0.6975 
Epoch: [192][124/203] lr: (1x:0.00004, eta: 00:51:33, time: 98.5, Loss: 0.6967 
Epoch: [192][174/203] lr: (1x:0.00004, eta: 00:49:57, time: 98.7, Loss: 0.6962 
Epoch: [193][21/203] lr: (1x:0.00004, eta: 00:48:05, time: 98.8, Loss: 0.6969 
Epoch: [193][71/203] lr: (1x:0.00004, eta: 00:46:27, time: 98.6, Loss: 0.6965 
Epoch: [193][121/203] lr: (1x:0.00004, eta: 00:44:51, time: 99.0, Loss: 0.6955 
Epoch: [193][171/203] lr: (1x:0.00004, eta: 00:43:12, time: 99.2, Loss: 0.6958 
Epoch: [194][18/203] lr: (1x:0.00004, eta: 00:41:17, time: 98.2, Loss: 0.6961 
Epoch: [194][68/203] lr: (1x:0.00004, eta: 00:39:36, time: 98.5, Loss: 0.6961 
Epoch: [194][118/203] lr: (1x:0.00004, eta: 00:38:01, time: 99.1, Loss: 0.6959 
Epoch: [194][168/203] lr: (1x:0.00004, eta: 00:36:23, time: 98.8, Loss: 0.6945 
Epoch: [195][15/203] lr: (1x:0.00004, eta: 00:34:27, time: 97.9, Loss: 0.6948 
Epoch: [195][65/203] lr: (1x:0.00004, eta: 00:32:46, time: 97.4, Loss: 0.6961 
Epoch: [195][115/203] lr: (1x:0.00004, eta: 00:31:06, time: 98.0, Loss: 0.6968 
Epoch: [195][165/203] lr: (1x:0.00004, eta: 00:29:27, time: 98.1, Loss: 0.6956 
Epoch: [196][12/203] lr: (1x:0.00004, eta: 00:27:30, time: 97.3, Loss: 0.6960 
Epoch: [196][62/203] lr: (1x:0.00004, eta: 00:25:51, time: 98.4, Loss: 0.6960 
Epoch: [196][112/203] lr: (1x:0.00004, eta: 00:24:14, time: 98.8, Loss: 0.6953 
Epoch: [196][162/203] lr: (1x:0.00004, eta: 00:22:36, time: 99.1, Loss: 0.6953 
Epoch: [197][9/203] lr: (1x:0.00004, eta: 00:20:40, time: 97.9, Loss: 0.6949 
Epoch: [197][59/203] lr: (1x:0.00004, eta: 00:19:02, time: 99.0, Loss: 0.6951 
Epoch: [197][109/203] lr: (1x:0.00004, eta: 00:17:25, time: 98.6, Loss: 0.6959 
Epoch: [197][159/203] lr: (1x:0.00004, eta: 00:15:48, time: 98.9, Loss: 0.6951 
Epoch: [198][6/203] lr: (1x:0.00004, eta: 00:13:54, time: 98.1, Loss: 0.6944 
Epoch: [198][56/203] lr: (1x:0.00004, eta: 00:12:16, time: 99.0, Loss: 0.6950 
Epoch: [198][106/203] lr: (1x:0.00004, eta: 00:10:38, time: 98.2, Loss: 0.6952 
Epoch: [198][156/203] lr: (1x:0.00004, eta: 00:09:00, time: 98.7, Loss: 0.6938 
Epoch: [199][3/203] lr: (1x:0.00004, eta: 00:07:05, time: 97.9, Loss: 0.6948 
Epoch: [199][53/203] lr: (1x:0.00004, eta: 00:05:26, time: 98.6, Loss: 0.6949 
Epoch: [199][103/203] lr: (1x:0.00004, eta: 00:03:48, time: 98.3, Loss: 0.6956 
Epoch: [199][153/203] lr: (1x:0.00004, eta: 00:02:09, time: 98.1, Loss: 0.6954 
Epoch: [199][203/203] lr: (1x:0.00004, eta: 00:00:31, time: 97.3, Loss: 0.6950 
