dataset: visdrone
root_dir: /home/twsf/data/Visdrone/density_mask
test_dir: 
input_size: (640, 480)
mean: [0.382, 0.383, 0.367]
std: [0.164, 0.156, 0.164]
num_classes: 5
resume: False
pre: /home/twsf/work/CRGNet/run/visdrone/20200227_235050_train/model_best.pth.tar
backbone: mobilenetv2
output_stride: 16
output_channels: 5
sync_bn: False
batch_size: 32
epochs: 200
freeze_bn: False
loss: {'type': 'CrossEntropyLoss', 'ignore_index': -1, 'weight': None}
use_balanced_weights: True
lr_scheduler: poly
lr: 0.0005
momentum: 0.9
decay: 0.0005
steps: [0.8, 0.9]
gamma: 0.3
workers: 1
region_thd: 0.5
print_freq: 50
plot_every: 100
saver_freq: 1
seed: 1
Epoch: [0][50/203] lr: (1x:0.00050, eta: 28:39:40, time: 100.2, Loss: 1.6477 
Epoch: [0][100/203] lr: (1x:0.00050, eta: 28:30:46, time: 99.1, Loss: 1.5247 
Epoch: [0][150/203] lr: (1x:0.00050, eta: 28:27:44, time: 99.3, Loss: 1.4497 
Epoch: [0][200/203] lr: (1x:0.00050, eta: 28:25:32, time: 99.4, Loss: 1.3999 
Epoch: [1][47/203] lr: (1x:0.00050, eta: 23:10:30, time: 98.4, Loss: 1.3607 
Epoch: [1][97/203] lr: (1x:0.00050, eta: 23:05:42, time: 97.9, Loss: 1.3315 
Epoch: [1][147/203] lr: (1x:0.00050, eta: 23:03:08, time: 98.6, Loss: 1.3092 
Epoch: [1][197/203] lr: (1x:0.00050, eta: 23:00:27, time: 98.4, Loss: 1.2893 
Epoch: [2][44/203] lr: (1x:0.00050, eta: 22:53:20, time: 97.8, Loss: 1.2715 
Epoch: [2][94/203] lr: (1x:0.00050, eta: 22:50:38, time: 98.0, Loss: 1.2560 
Epoch: [2][144/203] lr: (1x:0.00050, eta: 22:47:11, time: 98.8, Loss: 1.2025 
Epoch: [2][194/203] lr: (1x:0.00050, eta: 22:45:00, time: 98.7, Loss: 1.1729 
Epoch: [3][41/203] lr: (1x:0.00050, eta: 22:40:32, time: 97.7, Loss: 1.1533 
Epoch: [3][91/203] lr: (1x:0.00050, eta: 22:37:45, time: 98.5, Loss: 1.1367 
Epoch: [3][141/203] lr: (1x:0.00050, eta: 22:35:44, time: 98.1, Loss: 1.1235 
Epoch: [3][191/203] lr: (1x:0.00050, eta: 22:34:25, time: 98.1, Loss: 1.1116 
Epoch: [4][38/203] lr: (1x:0.00050, eta: 22:32:20, time: 98.3, Loss: 1.1003 
Epoch: [4][88/203] lr: (1x:0.00050, eta: 22:30:52, time: 98.5, Loss: 1.0911 
Epoch: [4][138/203] lr: (1x:0.00050, eta: 22:30:38, time: 98.9, Loss: 1.0834 
Epoch: [4][188/203] lr: (1x:0.00050, eta: 22:28:26, time: 97.6, Loss: 1.0764 
Epoch: [5][35/203] lr: (1x:0.00050, eta: 22:25:25, time: 98.1, Loss: 1.0696 
Epoch: [5][85/203] lr: (1x:0.00050, eta: 22:23:20, time: 98.4, Loss: 1.0624 
Epoch: [5][135/203] lr: (1x:0.00050, eta: 22:22:00, time: 97.9, Loss: 1.0550 
Epoch: [5][185/203] lr: (1x:0.00050, eta: 22:20:13, time: 98.4, Loss: 1.0487 
Epoch: [6][32/203] lr: (1x:0.00050, eta: 22:17:21, time: 97.3, Loss: 1.0442 
Epoch: [6][82/203] lr: (1x:0.00050, eta: 22:15:02, time: 97.6, Loss: 1.0400 
Epoch: [6][132/203] lr: (1x:0.00050, eta: 22:13:35, time: 98.4, Loss: 1.0349 
Epoch: [6][182/203] lr: (1x:0.00050, eta: 22:12:17, time: 98.7, Loss: 1.0297 
Epoch: [7][29/203] lr: (1x:0.00050, eta: 22:08:21, time: 97.4, Loss: 1.0245 
Epoch: [7][79/203] lr: (1x:0.00050, eta: 22:07:52, time: 98.5, Loss: 1.0200 
Epoch: [7][129/203] lr: (1x:0.00050, eta: 22:06:20, time: 98.1, Loss: 1.0167 
Epoch: [7][179/203] lr: (1x:0.00050, eta: 22:05:04, time: 98.7, Loss: 1.0124 
Epoch: [8][26/203] lr: (1x:0.00050, eta: 22:03:10, time: 97.7, Loss: 1.0087 
Epoch: [8][76/203] lr: (1x:0.00050, eta: 22:02:12, time: 98.9, Loss: 1.0060 
Epoch: [8][126/203] lr: (1x:0.00050, eta: 22:01:49, time: 98.3, Loss: 1.0014 
Epoch: [8][176/203] lr: (1x:0.00050, eta: 22:01:05, time: 98.3, Loss: 0.9986 
Epoch: [9][23/203] lr: (1x:0.00050, eta: 21:58:12, time: 98.0, Loss: 0.9976 
Epoch: [9][73/203] lr: (1x:0.00050, eta: 21:56:25, time: 98.6, Loss: 0.9956 
Epoch: [9][123/203] lr: (1x:0.00050, eta: 21:55:57, time: 98.3, Loss: 0.9929 
Epoch: [9][173/203] lr: (1x:0.00050, eta: 21:54:28, time: 98.6, Loss: 0.9913 
Epoch: [10][20/203] lr: (1x:0.00050, eta: 21:52:24, time: 97.8, Loss: 0.9881 
Epoch: [10][70/203] lr: (1x:0.00050, eta: 21:50:45, time: 98.6, Loss: 0.9859 
Epoch: [10][120/203] lr: (1x:0.00050, eta: 21:50:00, time: 98.4, Loss: 0.9845 
Epoch: [10][170/203] lr: (1x:0.00050, eta: 21:47:52, time: 98.5, Loss: 0.9821 
Epoch: [11][17/203] lr: (1x:0.00050, eta: 21:44:40, time: 97.2, Loss: 0.9810 
Epoch: [11][67/203] lr: (1x:0.00050, eta: 21:44:11, time: 99.2, Loss: 0.9792 
Epoch: [11][117/203] lr: (1x:0.00050, eta: 21:42:47, time: 98.2, Loss: 0.9749 
Epoch: [11][167/203] lr: (1x:0.00050, eta: 21:41:53, time: 99.2, Loss: 0.9734 
Epoch: [12][14/203] lr: (1x:0.00050, eta: 21:40:43, time: 98.7, Loss: 0.9731 
Epoch: [12][64/203] lr: (1x:0.00050, eta: 21:39:28, time: 98.9, Loss: 0.9712 
Epoch: [12][114/203] lr: (1x:0.00050, eta: 21:38:18, time: 98.1, Loss: 0.9695 
Epoch: [12][164/203] lr: (1x:0.00050, eta: 21:36:59, time: 98.9, Loss: 0.9679 
Epoch: [13][11/203] lr: (1x:0.00050, eta: 21:33:45, time: 97.6, Loss: 0.9660 
Epoch: [13][61/203] lr: (1x:0.00050, eta: 21:31:52, time: 98.3, Loss: 0.9643 
Epoch: [13][111/203] lr: (1x:0.00050, eta: 21:30:57, time: 97.8, Loss: 0.9632 
Epoch: [13][161/203] lr: (1x:0.00050, eta: 21:28:17, time: 98.4, Loss: 0.9610 
Epoch: [14][8/203] lr: (1x:0.00050, eta: 21:32:23, time: 98.2, Loss: 0.9613 
Epoch: [14][58/203] lr: (1x:0.00050, eta: 21:29:19, time: 98.1, Loss: 0.9597 
Epoch: [14][108/203] lr: (1x:0.00050, eta: 21:27:11, time: 98.3, Loss: 0.9569 
Epoch: [14][158/203] lr: (1x:0.00050, eta: 21:24:24, time: 98.0, Loss: 0.9554 
Epoch: [15][5/203] lr: (1x:0.00050, eta: 21:16:33, time: 97.8, Loss: 0.9543 
Epoch: [15][55/203] lr: (1x:0.00050, eta: 21:14:14, time: 98.4, Loss: 0.9532 
Epoch: [15][105/203] lr: (1x:0.00050, eta: 21:13:47, time: 98.5, Loss: 0.9519 
Epoch: [15][155/203] lr: (1x:0.00050, eta: 21:11:44, time: 98.0, Loss: 0.9517 
Epoch: [16][2/203] lr: (1x:0.00050, eta: 21:09:10, time: 97.5, Loss: 0.9509 
Epoch: [16][52/203] lr: (1x:0.00050, eta: 21:07:41, time: 98.5, Loss: 0.9494 
Epoch: [16][102/203] lr: (1x:0.00050, eta: 21:06:50, time: 98.8, Loss: 0.9476 
Epoch: [16][152/203] lr: (1x:0.00050, eta: 21:06:06, time: 98.8, Loss: 0.9463 
Epoch: [16][202/203] lr: (1x:0.00050, eta: 21:05:08, time: 98.9, Loss: 0.9458 
Epoch: [17][49/203] lr: (1x:0.00050, eta: 21:02:52, time: 97.9, Loss: 0.9454 
Epoch: [17][99/203] lr: (1x:0.00050, eta: 21:01:19, time: 97.9, Loss: 0.9433 
Epoch: [17][149/203] lr: (1x:0.00050, eta: 20:59:03, time: 97.8, Loss: 0.9423 
Epoch: [17][199/203] lr: (1x:0.00050, eta: 20:56:56, time: 98.1, Loss: 0.9421 
Epoch: [18][46/203] lr: (1x:0.00050, eta: 20:55:01, time: 97.9, Loss: 0.9410 
Epoch: [18][96/203] lr: (1x:0.00050, eta: 20:53:39, time: 97.7, Loss: 0.9393 
Epoch: [18][146/203] lr: (1x:0.00050, eta: 20:51:48, time: 98.4, Loss: 0.9385 
Epoch: [18][196/203] lr: (1x:0.00050, eta: 20:49:38, time: 98.4, Loss: 0.9368 
Epoch: [19][43/203] lr: (1x:0.00050, eta: 20:46:55, time: 97.9, Loss: 0.9364 
Epoch: [19][93/203] lr: (1x:0.00050, eta: 20:44:35, time: 98.3, Loss: 0.9353 
Epoch: [19][143/203] lr: (1x:0.00050, eta: 20:43:30, time: 98.3, Loss: 0.9331 
Epoch: [19][193/203] lr: (1x:0.00050, eta: 20:43:03, time: 98.9, Loss: 0.9329 
Epoch: [20][40/203] lr: (1x:0.00050, eta: 20:41:32, time: 98.2, Loss: 0.9328 
Epoch: [20][90/203] lr: (1x:0.00050, eta: 20:40:41, time: 98.8, Loss: 0.9312 
Epoch: [20][140/203] lr: (1x:0.00050, eta: 20:39:25, time: 98.2, Loss: 0.9296 
Epoch: [20][190/203] lr: (1x:0.00050, eta: 20:38:05, time: 98.0, Loss: 0.9294 
Epoch: [21][37/203] lr: (1x:0.00050, eta: 20:41:10, time: 97.8, Loss: 0.9274 
Epoch: [21][87/203] lr: (1x:0.00050, eta: 20:39:24, time: 98.3, Loss: 0.9276 
Epoch: [21][137/203] lr: (1x:0.00050, eta: 20:38:09, time: 98.3, Loss: 0.9264 
Epoch: [21][187/203] lr: (1x:0.00050, eta: 20:36:26, time: 98.3, Loss: 0.9260 
Epoch: [22][34/203] lr: (1x:0.00050, eta: 20:28:44, time: 98.3, Loss: 0.9258 
Epoch: [22][84/203] lr: (1x:0.00050, eta: 20:27:00, time: 98.8, Loss: 0.9252 
Epoch: [22][134/203] lr: (1x:0.00050, eta: 20:25:01, time: 97.9, Loss: 0.9234 
Epoch: [22][184/203] lr: (1x:0.00050, eta: 20:22:35, time: 98.1, Loss: 0.9226 
Epoch: [23][31/203] lr: (1x:0.00050, eta: 20:19:51, time: 97.5, Loss: 0.9213 
Epoch: [23][81/203] lr: (1x:0.00050, eta: 20:19:12, time: 98.8, Loss: 0.9200 
Epoch: [23][131/203] lr: (1x:0.00050, eta: 20:16:45, time: 97.2, Loss: 0.9203 
Epoch: [23][181/203] lr: (1x:0.00050, eta: 20:14:47, time: 98.0, Loss: 0.9195 
Epoch: [24][28/203] lr: (1x:0.00050, eta: 20:12:31, time: 98.0, Loss: 0.9196 
Epoch: [24][78/203] lr: (1x:0.00050, eta: 20:10:59, time: 98.3, Loss: 0.9184 
Epoch: [24][128/203] lr: (1x:0.00050, eta: 20:09:09, time: 98.2, Loss: 0.9177 
Epoch: [24][178/203] lr: (1x:0.00050, eta: 20:06:12, time: 97.7, Loss: 0.9166 
Epoch: [25][25/203] lr: (1x:0.00050, eta: 20:04:46, time: 98.0, Loss: 0.9165 
Epoch: [25][75/203] lr: (1x:0.00050, eta: 20:03:40, time: 98.6, Loss: 0.9157 
Epoch: [25][125/203] lr: (1x:0.00050, eta: 20:03:26, time: 98.7, Loss: 0.9157 
Epoch: [25][175/203] lr: (1x:0.00050, eta: 20:01:42, time: 98.7, Loss: 0.9150 
Epoch: [26][22/203] lr: (1x:0.00050, eta: 20:00:44, time: 97.5, Loss: 0.9143 
Epoch: [26][72/203] lr: (1x:0.00050, eta: 19:59:50, time: 98.6, Loss: 0.9133 
Epoch: [26][122/203] lr: (1x:0.00050, eta: 19:58:14, time: 98.0, Loss: 0.9125 
Epoch: [26][172/203] lr: (1x:0.00050, eta: 19:57:01, time: 98.7, Loss: 0.9113 
Epoch: [27][19/203] lr: (1x:0.00050, eta: 19:54:04, time: 97.6, Loss: 0.9107 
Epoch: [27][69/203] lr: (1x:0.00050, eta: 19:52:39, time: 97.9, Loss: 0.9102 
Epoch: [27][119/203] lr: (1x:0.00050, eta: 19:51:31, time: 98.5, Loss: 0.9099 
Epoch: [27][169/203] lr: (1x:0.00050, eta: 19:49:53, time: 98.6, Loss: 0.9093 
Epoch: [28][16/203] lr: (1x:0.00050, eta: 19:46:16, time: 97.6, Loss: 0.9081 
Epoch: [28][66/203] lr: (1x:0.00050, eta: 19:44:03, time: 98.2, Loss: 0.9081 
Epoch: [28][116/203] lr: (1x:0.00050, eta: 19:43:36, time: 98.5, Loss: 0.9073 
Epoch: [28][166/203] lr: (1x:0.00050, eta: 19:40:55, time: 97.7, Loss: 0.9062 
Epoch: [29][13/203] lr: (1x:0.00050, eta: 19:38:38, time: 97.6, Loss: 0.9047 
Epoch: [29][63/203] lr: (1x:0.00050, eta: 19:36:20, time: 98.1, Loss: 0.9048 
Epoch: [29][113/203] lr: (1x:0.00050, eta: 19:35:36, time: 98.4, Loss: 0.9045 
Epoch: [29][163/203] lr: (1x:0.00050, eta: 19:34:14, time: 98.1, Loss: 0.9039 
Epoch: [30][10/203] lr: (1x:0.00050, eta: 19:31:55, time: 98.1, Loss: 0.9026 
Epoch: [30][60/203] lr: (1x:0.00050, eta: 19:30:00, time: 98.3, Loss: 0.9018 
Epoch: [30][110/203] lr: (1x:0.00050, eta: 19:29:34, time: 98.6, Loss: 0.9023 
Epoch: [30][160/203] lr: (1x:0.00050, eta: 19:27:39, time: 97.9, Loss: 0.9012 
Epoch: [31][7/203] lr: (1x:0.00050, eta: 19:25:24, time: 98.3, Loss: 0.9010 
Epoch: [31][57/203] lr: (1x:0.00050, eta: 19:24:05, time: 98.0, Loss: 0.9007 
Epoch: [31][107/203] lr: (1x:0.00050, eta: 19:23:24, time: 98.5, Loss: 0.9003 
Epoch: [31][157/203] lr: (1x:0.00050, eta: 19:22:17, time: 98.6, Loss: 0.9001 
Epoch: [32][4/203] lr: (1x:0.00050, eta: 19:20:31, time: 98.1, Loss: 0.8994 
Epoch: [32][54/203] lr: (1x:0.00050, eta: 19:19:03, time: 98.3, Loss: 0.8992 
Epoch: [32][104/203] lr: (1x:0.00050, eta: 19:17:42, time: 98.4, Loss: 0.8997 
Epoch: [32][154/203] lr: (1x:0.00050, eta: 19:16:02, time: 98.3, Loss: 0.8996 
Epoch: [33][1/203] lr: (1x:0.00050, eta: 19:12:49, time: 97.8, Loss: 0.8984 
Epoch: [33][51/203] lr: (1x:0.00050, eta: 19:12:15, time: 98.9, Loss: 0.8981 
Epoch: [33][101/203] lr: (1x:0.00050, eta: 19:11:06, time: 98.7, Loss: 0.8969 
Epoch: [33][151/203] lr: (1x:0.00050, eta: 19:09:15, time: 97.8, Loss: 0.8969 
Epoch: [33][201/203] lr: (1x:0.00050, eta: 19:08:03, time: 98.9, Loss: 0.8965 
Epoch: [34][48/203] lr: (1x:0.00050, eta: 19:04:22, time: 97.1, Loss: 0.8954 
Epoch: [34][98/203] lr: (1x:0.00050, eta: 19:03:33, time: 98.8, Loss: 0.8949 
Epoch: [34][148/203] lr: (1x:0.00050, eta: 19:02:55, time: 99.2, Loss: 0.8930 
Epoch: [34][198/203] lr: (1x:0.00050, eta: 19:01:40, time: 98.7, Loss: 0.8930 
Epoch: [35][45/203] lr: (1x:0.00050, eta: 18:59:41, time: 97.8, Loss: 0.8924 
Epoch: [35][95/203] lr: (1x:0.00050, eta: 18:58:46, time: 98.5, Loss: 0.8922 
Epoch: [35][145/203] lr: (1x:0.00050, eta: 18:56:45, time: 98.6, Loss: 0.8918 
Epoch: [35][195/203] lr: (1x:0.00050, eta: 18:54:38, time: 98.3, Loss: 0.8921 
Epoch: [36][42/203] lr: (1x:0.00050, eta: 18:52:32, time: 97.8, Loss: 0.8913 
Epoch: [36][92/203] lr: (1x:0.00050, eta: 18:50:07, time: 98.1, Loss: 0.8907 
Epoch: [36][142/203] lr: (1x:0.00050, eta: 18:49:58, time: 98.4, Loss: 0.8906 
Epoch: [36][192/203] lr: (1x:0.00050, eta: 18:48:03, time: 98.6, Loss: 0.8907 
Epoch: [37][39/203] lr: (1x:0.00050, eta: 18:44:22, time: 97.3, Loss: 0.8916 
Epoch: [37][89/203] lr: (1x:0.00050, eta: 18:41:56, time: 98.0, Loss: 0.8912 
Epoch: [37][139/203] lr: (1x:0.00050, eta: 18:40:55, time: 98.4, Loss: 0.8904 
Epoch: [37][189/203] lr: (1x:0.00050, eta: 18:39:28, time: 98.7, Loss: 0.8892 
Epoch: [38][36/203] lr: (1x:0.00050, eta: 18:36:32, time: 97.7, Loss: 0.8888 
Epoch: [38][86/203] lr: (1x:0.00050, eta: 18:35:29, time: 98.8, Loss: 0.8884 
Epoch: [38][136/203] lr: (1x:0.00050, eta: 18:34:49, time: 98.7, Loss: 0.8879 
Epoch: [38][186/203] lr: (1x:0.00050, eta: 18:34:25, time: 99.3, Loss: 0.8873 
Epoch: [39][33/203] lr: (1x:0.00050, eta: 18:32:50, time: 98.4, Loss: 0.8869 
Epoch: [39][83/203] lr: (1x:0.00050, eta: 18:31:29, time: 98.9, Loss: 0.8858 
Epoch: [39][133/203] lr: (1x:0.00050, eta: 18:31:36, time: 99.0, Loss: 0.8842 
Epoch: [39][183/203] lr: (1x:0.00050, eta: 18:30:46, time: 98.7, Loss: 0.8823 
Epoch: [40][30/203] lr: (1x:0.00050, eta: 18:27:40, time: 97.9, Loss: 0.8829 
Epoch: [40][80/203] lr: (1x:0.00050, eta: 18:25:41, time: 98.3, Loss: 0.8838 
Epoch: [40][130/203] lr: (1x:0.00050, eta: 18:24:54, time: 98.5, Loss: 0.8828 
Epoch: [40][180/203] lr: (1x:0.00050, eta: 18:23:18, time: 98.8, Loss: 0.8818 
Epoch: [41][27/203] lr: (1x:0.00050, eta: 18:21:09, time: 98.1, Loss: 0.8812 
Epoch: [41][77/203] lr: (1x:0.00050, eta: 18:19:03, time: 98.9, Loss: 0.8804 
Epoch: [41][127/203] lr: (1x:0.00050, eta: 18:17:14, time: 98.2, Loss: 0.8814 
Epoch: [41][177/203] lr: (1x:0.00050, eta: 18:15:24, time: 98.7, Loss: 0.8798 
Epoch: [42][24/203] lr: (1x:0.00050, eta: 18:10:50, time: 97.4, Loss: 0.8802 
Epoch: [42][74/203] lr: (1x:0.00050, eta: 18:08:54, time: 98.5, Loss: 0.8798 
Epoch: [42][124/203] lr: (1x:0.00050, eta: 18:07:35, time: 98.2, Loss: 0.8795 
Epoch: [42][174/203] lr: (1x:0.00050, eta: 18:06:09, time: 98.5, Loss: 0.8783 
Epoch: [43][21/203] lr: (1x:0.00050, eta: 18:04:09, time: 97.7, Loss: 0.8768 
Epoch: [43][71/203] lr: (1x:0.00050, eta: 18:01:49, time: 98.2, Loss: 0.8774 
Epoch: [43][121/203] lr: (1x:0.00050, eta: 18:00:53, time: 98.8, Loss: 0.8770 
Epoch: [43][171/203] lr: (1x:0.00050, eta: 17:58:44, time: 98.4, Loss: 0.8769 
Epoch: [44][18/203] lr: (1x:0.00050, eta: 17:56:29, time: 97.6, Loss: 0.8753 
Epoch: [44][68/203] lr: (1x:0.00050, eta: 17:54:33, time: 98.4, Loss: 0.8762 
Epoch: [44][118/203] lr: (1x:0.00050, eta: 17:53:24, time: 97.8, Loss: 0.8757 
Epoch: [44][168/203] lr: (1x:0.00050, eta: 17:51:11, time: 97.9, Loss: 0.8754 
Epoch: [45][15/203] lr: (1x:0.00050, eta: 17:48:58, time: 98.2, Loss: 0.8746 
Epoch: [45][65/203] lr: (1x:0.00050, eta: 17:47:19, time: 98.5, Loss: 0.8740 
Epoch: [45][115/203] lr: (1x:0.00050, eta: 17:46:02, time: 98.1, Loss: 0.8749 
Epoch: [45][165/203] lr: (1x:0.00050, eta: 17:44:45, time: 98.5, Loss: 0.8738 
Epoch: [46][12/203] lr: (1x:0.00050, eta: 17:41:37, time: 97.6, Loss: 0.8738 
Epoch: [46][62/203] lr: (1x:0.00050, eta: 17:40:01, time: 98.4, Loss: 0.8734 
Epoch: [46][112/203] lr: (1x:0.00050, eta: 17:38:54, time: 98.1, Loss: 0.8737 
Epoch: [46][162/203] lr: (1x:0.00050, eta: 17:37:18, time: 98.4, Loss: 0.8734 
Epoch: [47][9/203] lr: (1x:0.00050, eta: 17:35:23, time: 97.5, Loss: 0.8731 
Epoch: [47][59/203] lr: (1x:0.00050, eta: 17:34:38, time: 98.7, Loss: 0.8728 
Epoch: [47][109/203] lr: (1x:0.00050, eta: 17:32:51, time: 98.1, Loss: 0.8725 
Epoch: [47][159/203] lr: (1x:0.00050, eta: 17:30:07, time: 97.5, Loss: 0.8728 
Epoch: [48][6/203] lr: (1x:0.00050, eta: 17:27:33, time: 97.6, Loss: 0.8721 
Epoch: [48][56/203] lr: (1x:0.00050, eta: 17:25:59, time: 98.6, Loss: 0.8724 
Epoch: [48][106/203] lr: (1x:0.00050, eta: 17:24:39, time: 97.9, Loss: 0.8707 
Epoch: [48][156/203] lr: (1x:0.00050, eta: 17:22:43, time: 98.1, Loss: 0.8706 
Epoch: [49][3/203] lr: (1x:0.00050, eta: 17:20:54, time: 98.2, Loss: 0.8701 
Epoch: [49][53/203] lr: (1x:0.00050, eta: 17:18:57, time: 98.1, Loss: 0.8697 
Epoch: [49][103/203] lr: (1x:0.00050, eta: 17:18:28, time: 98.6, Loss: 0.8696 
Epoch: [49][153/203] lr: (1x:0.00050, eta: 17:16:30, time: 98.4, Loss: 0.8683 
Epoch: [49][203/203] lr: (1x:0.00050, eta: 17:12:55, time: 96.2, Loss: 0.8685 
Epoch: [50][50/203] lr: (1x:0.00050, eta: 17:14:27, time: 99.6, Loss: 0.8680 
Epoch: [50][100/203] lr: (1x:0.00050, eta: 17:13:51, time: 98.6, Loss: 0.8684 
Epoch: [50][150/203] lr: (1x:0.00050, eta: 17:12:36, time: 98.9, Loss: 0.8672 
Epoch: [50][200/203] lr: (1x:0.00050, eta: 17:11:38, time: 98.6, Loss: 0.8679 
Epoch: [51][47/203] lr: (1x:0.00050, eta: 17:08:38, time: 97.7, Loss: 0.8671 
Epoch: [51][97/203] lr: (1x:0.00050, eta: 17:07:03, time: 98.2, Loss: 0.8668 
Epoch: [51][147/203] lr: (1x:0.00050, eta: 17:05:41, time: 98.4, Loss: 0.8664 
Epoch: [51][197/203] lr: (1x:0.00050, eta: 17:04:10, time: 98.7, Loss: 0.8658 
Epoch: [52][44/203] lr: (1x:0.00050, eta: 17:01:41, time: 98.2, Loss: 0.8663 
Epoch: [52][94/203] lr: (1x:0.00050, eta: 17:01:56, time: 98.0, Loss: 0.8649 
Epoch: [52][144/203] lr: (1x:0.00050, eta: 16:58:54, time: 98.2, Loss: 0.8639 
Epoch: [52][194/203] lr: (1x:0.00050, eta: 16:56:45, time: 98.1, Loss: 0.8636 
Epoch: [53][41/203] lr: (1x:0.00050, eta: 16:53:35, time: 97.9, Loss: 0.8633 
Epoch: [53][91/203] lr: (1x:0.00050, eta: 16:51:34, time: 98.2, Loss: 0.8639 
Epoch: [53][141/203] lr: (1x:0.00050, eta: 16:50:36, time: 98.4, Loss: 0.8638 
Epoch: [53][191/203] lr: (1x:0.00050, eta: 16:49:17, time: 98.6, Loss: 0.8632 
Epoch: [54][38/203] lr: (1x:0.00050, eta: 16:46:26, time: 97.4, Loss: 0.8623 
Epoch: [54][88/203] lr: (1x:0.00050, eta: 16:44:18, time: 98.2, Loss: 0.8624 
Epoch: [54][138/203] lr: (1x:0.00050, eta: 16:42:55, time: 98.5, Loss: 0.8624 
Epoch: [54][188/203] lr: (1x:0.00050, eta: 16:41:29, time: 98.3, Loss: 0.8623 
Epoch: [55][35/203] lr: (1x:0.00050, eta: 16:39:50, time: 97.6, Loss: 0.8617 
Epoch: [55][85/203] lr: (1x:0.00050, eta: 16:39:06, time: 99.0, Loss: 0.8606 
Epoch: [55][135/203] lr: (1x:0.00050, eta: 16:38:31, time: 99.0, Loss: 0.8605 
Epoch: [55][185/203] lr: (1x:0.00050, eta: 16:36:50, time: 98.2, Loss: 0.8598 
Epoch: [56][32/203] lr: (1x:0.00050, eta: 16:36:25, time: 97.9, Loss: 0.8602 
Epoch: [56][82/203] lr: (1x:0.00050, eta: 16:34:11, time: 97.9, Loss: 0.8579 
Epoch: [56][132/203] lr: (1x:0.00050, eta: 16:32:56, time: 97.8, Loss: 0.8592 
Epoch: [56][182/203] lr: (1x:0.00050, eta: 16:32:05, time: 99.0, Loss: 0.8587 
Epoch: [57][29/203] lr: (1x:0.00050, eta: 16:26:41, time: 97.8, Loss: 0.8578 
Epoch: [57][79/203] lr: (1x:0.00050, eta: 16:25:36, time: 98.8, Loss: 0.8577 
Epoch: [57][129/203] lr: (1x:0.00050, eta: 16:24:39, time: 98.3, Loss: 0.8582 
Epoch: [57][179/203] lr: (1x:0.00050, eta: 16:22:32, time: 98.5, Loss: 0.8588 
Epoch: [58][26/203] lr: (1x:0.00050, eta: 16:19:27, time: 97.7, Loss: 0.8581 
Epoch: [58][76/203] lr: (1x:0.00050, eta: 16:17:44, time: 98.1, Loss: 0.8577 
Epoch: [58][126/203] lr: (1x:0.00050, eta: 16:16:40, time: 98.4, Loss: 0.8569 
Epoch: [58][176/203] lr: (1x:0.00050, eta: 16:15:11, time: 98.1, Loss: 0.8587 
Epoch: [59][23/203] lr: (1x:0.00050, eta: 16:13:12, time: 97.8, Loss: 0.8556 
Epoch: [59][73/203] lr: (1x:0.00050, eta: 16:10:33, time: 97.9, Loss: 0.8558 
Epoch: [59][123/203] lr: (1x:0.00050, eta: 16:09:36, time: 98.5, Loss: 0.8560 
Epoch: [59][173/203] lr: (1x:0.00050, eta: 16:07:24, time: 98.2, Loss: 0.8556 
Epoch: [60][20/203] lr: (1x:0.00050, eta: 16:05:15, time: 98.0, Loss: 0.8556 
Epoch: [60][70/203] lr: (1x:0.00050, eta: 16:03:00, time: 97.9, Loss: 0.8546 
Epoch: [60][120/203] lr: (1x:0.00050, eta: 16:01:37, time: 97.9, Loss: 0.8548 
Epoch: [60][170/203] lr: (1x:0.00050, eta: 16:00:07, time: 98.2, Loss: 0.8546 
Epoch: [61][17/203] lr: (1x:0.00050, eta: 15:57:43, time: 97.5, Loss: 0.8545 
Epoch: [61][67/203] lr: (1x:0.00050, eta: 15:57:02, time: 99.1, Loss: 0.8540 
Epoch: [61][117/203] lr: (1x:0.00050, eta: 15:55:41, time: 98.1, Loss: 0.8550 
Epoch: [61][167/203] lr: (1x:0.00050, eta: 15:54:18, time: 98.2, Loss: 0.8542 
Epoch: [62][14/203] lr: (1x:0.00050, eta: 15:51:37, time: 98.3, Loss: 0.8532 
Epoch: [62][64/203] lr: (1x:0.00050, eta: 15:49:58, time: 98.2, Loss: 0.8531 
Epoch: [62][114/203] lr: (1x:0.00050, eta: 15:49:13, time: 99.0, Loss: 0.8524 
Epoch: [62][164/203] lr: (1x:0.00050, eta: 15:47:40, time: 98.0, Loss: 0.8526 
Epoch: [63][11/203] lr: (1x:0.00050, eta: 15:45:43, time: 97.7, Loss: 0.8524 
Epoch: [63][61/203] lr: (1x:0.00050, eta: 15:44:31, time: 98.7, Loss: 0.8515 
Epoch: [63][111/203] lr: (1x:0.00050, eta: 15:44:02, time: 98.7, Loss: 0.8510 
Epoch: [63][161/203] lr: (1x:0.00050, eta: 15:41:05, time: 97.7, Loss: 0.8502 
Epoch: [64][8/203] lr: (1x:0.00050, eta: 15:39:01, time: 97.8, Loss: 0.8508 
Epoch: [64][58/203] lr: (1x:0.00050, eta: 15:37:25, time: 98.2, Loss: 0.8512 
Epoch: [64][108/203] lr: (1x:0.00050, eta: 15:35:45, time: 98.3, Loss: 0.8510 
Epoch: [64][158/203] lr: (1x:0.00050, eta: 15:34:07, time: 98.2, Loss: 0.8510 
Epoch: [65][5/203] lr: (1x:0.00050, eta: 15:30:47, time: 97.5, Loss: 0.8504 
Epoch: [65][55/203] lr: (1x:0.00050, eta: 15:29:36, time: 98.5, Loss: 0.8494 
Epoch: [65][105/203] lr: (1x:0.00050, eta: 15:28:15, time: 98.0, Loss: 0.8488 
Epoch: [65][155/203] lr: (1x:0.00050, eta: 15:26:43, time: 98.8, Loss: 0.8490 
Epoch: [66][2/203] lr: (1x:0.00050, eta: 15:23:44, time: 97.5, Loss: 0.8489 
Epoch: [66][52/203] lr: (1x:0.00050, eta: 15:23:28, time: 99.2, Loss: 0.8481 
Epoch: [66][102/203] lr: (1x:0.00050, eta: 15:22:01, time: 98.0, Loss: 0.8467 
Epoch: [66][152/203] lr: (1x:0.00050, eta: 15:21:01, time: 99.0, Loss: 0.8465 
Epoch: [66][202/203] lr: (1x:0.00050, eta: 15:19:48, time: 98.7, Loss: 0.8469 
Epoch: [67][49/203] lr: (1x:0.00050, eta: 15:17:23, time: 97.7, Loss: 0.8461 
Epoch: [67][99/203] lr: (1x:0.00050, eta: 15:16:31, time: 98.3, Loss: 0.8466 
Epoch: [67][149/203] lr: (1x:0.00050, eta: 15:14:46, time: 98.4, Loss: 0.8456 
Epoch: [67][199/203] lr: (1x:0.00050, eta: 15:13:05, time: 97.9, Loss: 0.8463 
Epoch: [68][46/203] lr: (1x:0.00050, eta: 15:11:00, time: 98.6, Loss: 0.8462 
Epoch: [68][96/203] lr: (1x:0.00050, eta: 15:10:32, time: 98.8, Loss: 0.8459 
Epoch: [68][146/203] lr: (1x:0.00050, eta: 15:08:33, time: 98.9, Loss: 0.8462 
Epoch: [68][196/203] lr: (1x:0.00050, eta: 15:07:25, time: 98.5, Loss: 0.8463 
Epoch: [69][43/203] lr: (1x:0.00050, eta: 15:04:12, time: 97.8, Loss: 0.8453 
Epoch: [69][93/203] lr: (1x:0.00050, eta: 15:02:48, time: 99.0, Loss: 0.8438 
Epoch: [69][143/203] lr: (1x:0.00050, eta: 15:02:02, time: 98.7, Loss: 0.8436 
Epoch: [69][193/203] lr: (1x:0.00050, eta: 15:00:51, time: 98.8, Loss: 0.8431 
Epoch: [70][40/203] lr: (1x:0.00050, eta: 14:59:59, time: 97.7, Loss: 0.8439 
Epoch: [70][90/203] lr: (1x:0.00050, eta: 14:58:56, time: 98.6, Loss: 0.8430 
Epoch: [70][140/203] lr: (1x:0.00050, eta: 14:56:57, time: 98.2, Loss: 0.8426 
Epoch: [70][190/203] lr: (1x:0.00050, eta: 14:54:59, time: 98.4, Loss: 0.8427 
Epoch: [71][37/203] lr: (1x:0.00050, eta: 14:50:43, time: 97.9, Loss: 0.8420 
Epoch: [71][87/203] lr: (1x:0.00050, eta: 14:48:47, time: 98.2, Loss: 0.8417 
Epoch: [71][137/203] lr: (1x:0.00050, eta: 14:47:27, time: 98.2, Loss: 0.8420 
Epoch: [71][187/203] lr: (1x:0.00050, eta: 14:44:59, time: 98.0, Loss: 0.8423 
Epoch: [72][34/203] lr: (1x:0.00050, eta: 14:42:56, time: 97.8, Loss: 0.8416 
Epoch: [72][84/203] lr: (1x:0.00050, eta: 14:41:19, time: 98.9, Loss: 0.8413 
Epoch: [72][134/203] lr: (1x:0.00050, eta: 14:40:37, time: 98.8, Loss: 0.8409 
Epoch: [72][184/203] lr: (1x:0.00050, eta: 14:38:10, time: 97.7, Loss: 0.8404 
Epoch: [73][31/203] lr: (1x:0.00050, eta: 14:35:38, time: 97.9, Loss: 0.8405 
Epoch: [73][81/203] lr: (1x:0.00050, eta: 14:34:30, time: 99.0, Loss: 0.8397 
Epoch: [73][131/203] lr: (1x:0.00050, eta: 14:33:02, time: 98.1, Loss: 0.8404 
Epoch: [73][181/203] lr: (1x:0.00050, eta: 14:30:56, time: 97.7, Loss: 0.8394 
Epoch: [74][28/203] lr: (1x:0.00050, eta: 14:28:36, time: 97.7, Loss: 0.8392 
Epoch: [74][78/203] lr: (1x:0.00050, eta: 14:27:11, time: 98.3, Loss: 0.8392 
Epoch: [74][128/203] lr: (1x:0.00050, eta: 14:25:54, time: 98.2, Loss: 0.8396 
Epoch: [74][178/203] lr: (1x:0.00050, eta: 14:24:13, time: 98.8, Loss: 0.8385 
Epoch: [75][25/203] lr: (1x:0.00050, eta: 14:21:33, time: 97.7, Loss: 0.8388 
Epoch: [75][75/203] lr: (1x:0.00050, eta: 14:21:01, time: 99.0, Loss: 0.8386 
Epoch: [75][125/203] lr: (1x:0.00050, eta: 14:20:30, time: 99.3, Loss: 0.8378 
Epoch: [75][175/203] lr: (1x:0.00050, eta: 14:18:59, time: 99.1, Loss: 0.8372 
Epoch: [76][22/203] lr: (1x:0.00050, eta: 14:16:18, time: 97.5, Loss: 0.8366 
Epoch: [76][72/203] lr: (1x:0.00050, eta: 14:15:09, time: 98.3, Loss: 0.8370 
Epoch: [76][122/203] lr: (1x:0.00050, eta: 14:13:37, time: 97.9, Loss: 0.8359 
Epoch: [76][172/203] lr: (1x:0.00050, eta: 14:11:39, time: 97.9, Loss: 0.8358 
Epoch: [77][19/203] lr: (1x:0.00050, eta: 14:08:59, time: 97.5, Loss: 0.8354 
Epoch: [77][69/203] lr: (1x:0.00050, eta: 14:07:07, time: 98.6, Loss: 0.8359 
Epoch: [77][119/203] lr: (1x:0.00050, eta: 14:06:27, time: 98.8, Loss: 0.8356 
Epoch: [77][169/203] lr: (1x:0.00050, eta: 14:04:09, time: 98.2, Loss: 0.8353 
Epoch: [78][16/203] lr: (1x:0.00050, eta: 14:01:31, time: 98.1, Loss: 0.8352 
Epoch: [78][66/203] lr: (1x:0.00050, eta: 13:59:09, time: 98.2, Loss: 0.8358 
Epoch: [78][116/203] lr: (1x:0.00050, eta: 13:58:23, time: 98.5, Loss: 0.8359 
Epoch: [78][166/203] lr: (1x:0.00050, eta: 13:57:05, time: 98.7, Loss: 0.8356 
Epoch: [79][13/203] lr: (1x:0.00050, eta: 13:55:22, time: 98.0, Loss: 0.8353 
Epoch: [79][63/203] lr: (1x:0.00050, eta: 13:53:42, time: 97.9, Loss: 0.8351 
Epoch: [79][113/203] lr: (1x:0.00050, eta: 13:52:29, time: 98.0, Loss: 0.8349 
Epoch: [79][163/203] lr: (1x:0.00050, eta: 13:51:11, time: 99.0, Loss: 0.8341 
Epoch: [80][10/203] lr: (1x:0.00050, eta: 13:48:25, time: 97.5, Loss: 0.8341 
Epoch: [80][60/203] lr: (1x:0.00050, eta: 13:47:33, time: 99.1, Loss: 0.8339 
Epoch: [80][110/203] lr: (1x:0.00050, eta: 13:45:58, time: 98.2, Loss: 0.8339 
Epoch: [80][160/203] lr: (1x:0.00050, eta: 13:43:52, time: 97.7, Loss: 0.8329 
Epoch: [81][7/203] lr: (1x:0.00050, eta: 13:40:59, time: 97.4, Loss: 0.8326 
Epoch: [81][57/203] lr: (1x:0.00050, eta: 13:39:21, time: 98.7, Loss: 0.8327 
Epoch: [81][107/203] lr: (1x:0.00050, eta: 13:37:57, time: 98.3, Loss: 0.8319 
Epoch: [81][157/203] lr: (1x:0.00050, eta: 13:36:45, time: 98.4, Loss: 0.8311 
Epoch: [82][4/203] lr: (1x:0.00050, eta: 13:34:30, time: 97.7, Loss: 0.8312 
Epoch: [82][54/203] lr: (1x:0.00050, eta: 13:32:23, time: 98.4, Loss: 0.8316 
Epoch: [82][104/203] lr: (1x:0.00050, eta: 13:31:31, time: 98.5, Loss: 0.8298 
Epoch: [82][154/203] lr: (1x:0.00050, eta: 13:29:09, time: 98.2, Loss: 0.8299 
Epoch: [83][1/203] lr: (1x:0.00050, eta: 13:27:01, time: 97.8, Loss: 0.8301 
Epoch: [83][51/203] lr: (1x:0.00050, eta: 13:26:10, time: 98.7, Loss: 0.8302 
Epoch: [83][101/203] lr: (1x:0.00050, eta: 13:25:20, time: 98.4, Loss: 0.8296 
Epoch: [83][151/203] lr: (1x:0.00050, eta: 13:23:09, time: 98.0, Loss: 0.8290 
Epoch: [83][201/203] lr: (1x:0.00050, eta: 13:21:28, time: 98.3, Loss: 0.8301 
Epoch: [84][48/203] lr: (1x:0.00050, eta: 13:19:07, time: 97.9, Loss: 0.8303 
Epoch: [84][98/203] lr: (1x:0.00050, eta: 13:17:48, time: 98.1, Loss: 0.8294 
Epoch: [84][148/203] lr: (1x:0.00050, eta: 13:15:54, time: 98.0, Loss: 0.8295 
Epoch: [84][198/203] lr: (1x:0.00050, eta: 13:14:07, time: 98.3, Loss: 0.8297 
Epoch: [85][45/203] lr: (1x:0.00050, eta: 13:11:49, time: 97.9, Loss: 0.8287 
Epoch: [85][95/203] lr: (1x:0.00050, eta: 13:10:33, time: 98.3, Loss: 0.8281 
Epoch: [85][145/203] lr: (1x:0.00050, eta: 13:08:22, time: 97.9, Loss: 0.8281 
Epoch: [85][195/203] lr: (1x:0.00050, eta: 13:07:02, time: 98.8, Loss: 0.8277 
Epoch: [86][42/203] lr: (1x:0.00050, eta: 13:05:47, time: 98.3, Loss: 0.8283 
Epoch: [86][92/203] lr: (1x:0.00050, eta: 13:03:54, time: 97.9, Loss: 0.8277 
Epoch: [86][142/203] lr: (1x:0.00050, eta: 13:02:08, time: 97.7, Loss: 0.8273 
Epoch: [86][192/203] lr: (1x:0.00050, eta: 13:00:34, time: 98.2, Loss: 0.8264 
Epoch: [87][39/203] lr: (1x:0.00050, eta: 12:58:26, time: 97.9, Loss: 0.8265 
Epoch: [87][89/203] lr: (1x:0.00050, eta: 12:56:37, time: 98.1, Loss: 0.8262 
Epoch: [87][139/203] lr: (1x:0.00050, eta: 12:55:26, time: 98.5, Loss: 0.8271 
Epoch: [87][189/203] lr: (1x:0.00050, eta: 12:53:35, time: 98.0, Loss: 0.8263 
Epoch: [88][36/203] lr: (1x:0.00050, eta: 12:50:56, time: 97.1, Loss: 0.8262 
Epoch: [88][86/203] lr: (1x:0.00050, eta: 12:48:36, time: 97.8, Loss: 0.8262 
Epoch: [88][136/203] lr: (1x:0.00050, eta: 12:46:44, time: 98.0, Loss: 0.8266 
Epoch: [88][186/203] lr: (1x:0.00050, eta: 12:45:40, time: 98.7, Loss: 0.8257 
Epoch: [89][33/203] lr: (1x:0.00050, eta: 12:43:56, time: 97.3, Loss: 0.8251 
Epoch: [89][83/203] lr: (1x:0.00050, eta: 12:42:35, time: 98.6, Loss: 0.8263 
Epoch: [89][133/203] lr: (1x:0.00050, eta: 12:40:48, time: 97.7, Loss: 0.8253 
Epoch: [89][183/203] lr: (1x:0.00050, eta: 12:38:57, time: 97.8, Loss: 0.8261 
Epoch: [90][30/203] lr: (1x:0.00050, eta: 12:36:29, time: 98.1, Loss: 0.8253 
Epoch: [90][80/203] lr: (1x:0.00050, eta: 12:35:34, time: 98.9, Loss: 0.8245 
Epoch: [90][130/203] lr: (1x:0.00050, eta: 12:35:08, time: 98.7, Loss: 0.8245 
Epoch: [90][180/203] lr: (1x:0.00050, eta: 12:33:55, time: 98.4, Loss: 0.8245 
Epoch: [91][27/203] lr: (1x:0.00050, eta: 12:31:51, time: 97.9, Loss: 0.8236 
Epoch: [91][77/203] lr: (1x:0.00050, eta: 12:29:41, time: 98.0, Loss: 0.8237 
Epoch: [91][127/203] lr: (1x:0.00050, eta: 12:28:51, time: 98.4, Loss: 0.8241 
Epoch: [91][177/203] lr: (1x:0.00050, eta: 12:26:37, time: 97.8, Loss: 0.8231 
Epoch: [92][24/203] lr: (1x:0.00050, eta: 12:24:48, time: 97.7, Loss: 0.8227 
Epoch: [92][74/203] lr: (1x:0.00050, eta: 12:23:36, time: 98.4, Loss: 0.8215 
Epoch: [92][124/203] lr: (1x:0.00050, eta: 12:22:21, time: 98.7, Loss: 0.8227 
Epoch: [92][174/203] lr: (1x:0.00050, eta: 12:19:59, time: 97.9, Loss: 0.8230 
Epoch: [93][21/203] lr: (1x:0.00050, eta: 12:17:49, time: 98.0, Loss: 0.8221 
Epoch: [93][71/203] lr: (1x:0.00050, eta: 12:16:19, time: 98.6, Loss: 0.8214 
Epoch: [93][121/203] lr: (1x:0.00050, eta: 12:14:57, time: 98.3, Loss: 0.8212 
Epoch: [93][171/203] lr: (1x:0.00050, eta: 12:13:19, time: 98.0, Loss: 0.8213 
Epoch: [94][18/203] lr: (1x:0.00050, eta: 12:10:46, time: 97.9, Loss: 0.8212 
Epoch: [94][68/203] lr: (1x:0.00050, eta: 12:09:25, time: 98.2, Loss: 0.8215 
Epoch: [94][118/203] lr: (1x:0.00050, eta: 12:08:06, time: 98.1, Loss: 0.8207 
Epoch: [94][168/203] lr: (1x:0.00050, eta: 12:06:46, time: 98.8, Loss: 0.8213 
Epoch: [95][15/203] lr: (1x:0.00050, eta: 12:04:36, time: 98.2, Loss: 0.8199 
Epoch: [95][65/203] lr: (1x:0.00050, eta: 12:03:28, time: 98.7, Loss: 0.8200 
Epoch: [95][115/203] lr: (1x:0.00050, eta: 12:01:55, time: 98.1, Loss: 0.8200 
Epoch: [95][165/203] lr: (1x:0.00050, eta: 12:00:10, time: 98.4, Loss: 0.8195 
Epoch: [96][12/203] lr: (1x:0.00050, eta: 11:57:58, time: 98.1, Loss: 0.8198 
Epoch: [96][62/203] lr: (1x:0.00050, eta: 11:57:01, time: 99.0, Loss: 0.8186 
Epoch: [96][112/203] lr: (1x:0.00050, eta: 11:55:43, time: 98.4, Loss: 0.8185 
Epoch: [96][162/203] lr: (1x:0.00050, eta: 11:53:50, time: 97.9, Loss: 0.8183 
Epoch: [97][9/203] lr: (1x:0.00050, eta: 11:51:38, time: 97.5, Loss: 0.8196 
Epoch: [97][59/203] lr: (1x:0.00050, eta: 11:49:56, time: 98.7, Loss: 0.8187 
Epoch: [97][109/203] lr: (1x:0.00050, eta: 11:48:14, time: 98.1, Loss: 0.8180 
Epoch: [97][159/203] lr: (1x:0.00050, eta: 11:46:11, time: 98.1, Loss: 0.8182 
Epoch: [98][6/203] lr: (1x:0.00050, eta: 11:43:49, time: 97.6, Loss: 0.8182 
Epoch: [98][56/203] lr: (1x:0.00050, eta: 11:41:59, time: 98.1, Loss: 0.8181 
Epoch: [98][106/203] lr: (1x:0.00050, eta: 11:40:17, time: 98.0, Loss: 0.8174 
Epoch: [98][156/203] lr: (1x:0.00050, eta: 11:38:00, time: 98.0, Loss: 0.8177 
Epoch: [99][3/203] lr: (1x:0.00050, eta: 11:36:03, time: 98.3, Loss: 0.8172 
Epoch: [99][53/203] lr: (1x:0.00050, eta: 11:35:03, time: 98.8, Loss: 0.8160 
Epoch: [99][103/203] lr: (1x:0.00050, eta: 11:33:36, time: 97.7, Loss: 0.8153 
Epoch: [99][153/203] lr: (1x:0.00050, eta: 11:31:28, time: 98.0, Loss: 0.8160 
Epoch: [99][203/203] lr: (1x:0.00050, eta: 11:29:13, time: 97.2, Loss: 0.8162 
Epoch: [100][50/203] lr: (1x:0.00050, eta: 11:29:31, time: 99.5, Loss: 0.8160 
Epoch: [100][100/203] lr: (1x:0.00050, eta: 11:28:34, time: 98.6, Loss: 0.8150 
Epoch: [100][150/203] lr: (1x:0.00050, eta: 11:27:07, time: 98.4, Loss: 0.8155 
Epoch: [100][200/203] lr: (1x:0.00050, eta: 11:25:24, time: 97.9, Loss: 0.8149 
Epoch: [101][47/203] lr: (1x:0.00050, eta: 11:22:10, time: 97.7, Loss: 0.8143 
Epoch: [101][97/203] lr: (1x:0.00050, eta: 11:21:03, time: 99.1, Loss: 0.8150 
Epoch: [101][147/203] lr: (1x:0.00050, eta: 11:19:20, time: 98.7, Loss: 0.8154 
Epoch: [101][197/203] lr: (1x:0.00050, eta: 11:18:21, time: 98.7, Loss: 0.8154 
Epoch: [102][44/203] lr: (1x:0.00050, eta: 11:16:13, time: 98.4, Loss: 0.8145 
Epoch: [102][94/203] lr: (1x:0.00050, eta: 11:15:08, time: 98.1, Loss: 0.8141 
Epoch: [102][144/203] lr: (1x:0.00050, eta: 11:12:37, time: 98.2, Loss: 0.8136 
Epoch: [102][194/203] lr: (1x:0.00050, eta: 11:11:09, time: 98.9, Loss: 0.8144 
Epoch: [103][41/203] lr: (1x:0.00050, eta: 11:09:03, time: 97.6, Loss: 0.8140 
Epoch: [103][91/203] lr: (1x:0.00050, eta: 11:07:48, time: 98.5, Loss: 0.8145 
Epoch: [103][141/203] lr: (1x:0.00050, eta: 11:06:29, time: 98.2, Loss: 0.8148 
Epoch: [103][191/203] lr: (1x:0.00050, eta: 11:04:35, time: 98.7, Loss: 0.8140 
Epoch: [104][38/203] lr: (1x:0.00050, eta: 11:03:17, time: 98.7, Loss: 0.8127 
Epoch: [104][88/203] lr: (1x:0.00050, eta: 11:01:36, time: 98.7, Loss: 0.8125 
Epoch: [104][138/203] lr: (1x:0.00050, eta: 10:59:59, time: 98.4, Loss: 0.8126 
Epoch: [104][188/203] lr: (1x:0.00050, eta: 10:58:11, time: 97.8, Loss: 0.8129 
Epoch: [105][35/203] lr: (1x:0.00050, eta: 10:55:35, time: 97.9, Loss: 0.8128 
Epoch: [105][85/203] lr: (1x:0.00050, eta: 10:53:27, time: 98.1, Loss: 0.8126 
Epoch: [105][135/203] lr: (1x:0.00050, eta: 10:52:09, time: 98.1, Loss: 0.8112 
Epoch: [105][185/203] lr: (1x:0.00050, eta: 10:50:12, time: 98.0, Loss: 0.8112 
Epoch: [106][32/203] lr: (1x:0.00050, eta: 10:48:01, time: 97.6, Loss: 0.8107 
Epoch: [106][82/203] lr: (1x:0.00050, eta: 10:45:44, time: 97.6, Loss: 0.8104 
Epoch: [106][132/203] lr: (1x:0.00050, eta: 10:43:18, time: 97.5, Loss: 0.8113 
Epoch: [106][182/203] lr: (1x:0.00050, eta: 10:41:19, time: 98.1, Loss: 0.8111 
Epoch: [107][29/203] lr: (1x:0.00050, eta: 10:38:58, time: 97.9, Loss: 0.8114 
Epoch: [107][79/203] lr: (1x:0.00050, eta: 10:37:36, time: 98.2, Loss: 0.8105 
Epoch: [107][129/203] lr: (1x:0.00050, eta: 10:36:37, time: 98.9, Loss: 0.8099 
Epoch: [107][179/203] lr: (1x:0.00050, eta: 10:35:00, time: 98.1, Loss: 0.8094 
Epoch: [108][26/203] lr: (1x:0.00050, eta: 10:32:58, time: 97.9, Loss: 0.8107 
Epoch: [108][76/203] lr: (1x:0.00050, eta: 10:31:27, time: 98.2, Loss: 0.8092 
Epoch: [108][126/203] lr: (1x:0.00050, eta: 10:30:19, time: 98.4, Loss: 0.8097 
Epoch: [108][176/203] lr: (1x:0.00050, eta: 10:29:17, time: 98.6, Loss: 0.8095 
Epoch: [109][23/203] lr: (1x:0.00050, eta: 10:27:27, time: 97.5, Loss: 0.8102 
Epoch: [109][73/203] lr: (1x:0.00050, eta: 10:26:13, time: 98.8, Loss: 0.8101 
Epoch: [109][123/203] lr: (1x:0.00050, eta: 10:24:41, time: 98.0, Loss: 0.8091 
Epoch: [109][173/203] lr: (1x:0.00050, eta: 10:23:15, time: 98.6, Loss: 0.8093 
Epoch: [110][20/203] lr: (1x:0.00050, eta: 10:21:01, time: 98.4, Loss: 0.8090 
Epoch: [110][70/203] lr: (1x:0.00050, eta: 10:19:25, time: 98.2, Loss: 0.8093 
Epoch: [110][120/203] lr: (1x:0.00050, eta: 10:18:14, time: 98.6, Loss: 0.8088 
Epoch: [110][170/203] lr: (1x:0.00050, eta: 10:16:36, time: 98.2, Loss: 0.8090 
Epoch: [111][17/203] lr: (1x:0.00050, eta: 10:14:17, time: 97.8, Loss: 0.8084 
Epoch: [111][67/203] lr: (1x:0.00050, eta: 10:12:46, time: 98.8, Loss: 0.8083 
Epoch: [111][117/203] lr: (1x:0.00050, eta: 10:11:33, time: 98.2, Loss: 0.8069 
Epoch: [111][167/203] lr: (1x:0.00050, eta: 10:09:13, time: 97.6, Loss: 0.8068 
Epoch: [112][14/203] lr: (1x:0.00050, eta: 10:07:10, time: 97.7, Loss: 0.8073 
Epoch: [112][64/203] lr: (1x:0.00050, eta: 10:05:47, time: 99.0, Loss: 0.8077 
Epoch: [112][114/203] lr: (1x:0.00050, eta: 10:04:42, time: 99.3, Loss: 0.8081 
Epoch: [112][164/203] lr: (1x:0.00050, eta: 10:03:37, time: 99.1, Loss: 0.8068 
Epoch: [113][11/203] lr: (1x:0.00050, eta: 10:01:39, time: 98.4, Loss: 0.8064 
Epoch: [113][61/203] lr: (1x:0.00050, eta: 10:00:14, time: 98.6, Loss: 0.8063 
Epoch: [113][111/203] lr: (1x:0.00050, eta: 09:58:57, time: 98.4, Loss: 0.8057 
Epoch: [113][161/203] lr: (1x:0.00050, eta: 09:57:11, time: 98.6, Loss: 0.8052 
Epoch: [114][8/203] lr: (1x:0.00050, eta: 09:55:19, time: 98.1, Loss: 0.8061 
Epoch: [114][58/203] lr: (1x:0.00050, eta: 09:54:22, time: 98.8, Loss: 0.8061 
Epoch: [114][108/203] lr: (1x:0.00050, eta: 09:53:26, time: 98.9, Loss: 0.8053 
Epoch: [114][158/203] lr: (1x:0.00050, eta: 09:51:37, time: 98.7, Loss: 0.8043 
Epoch: [115][5/203] lr: (1x:0.00050, eta: 09:48:25, time: 97.2, Loss: 0.8033 
Epoch: [115][55/203] lr: (1x:0.00050, eta: 09:46:35, time: 98.8, Loss: 0.8048 
Epoch: [115][105/203] lr: (1x:0.00050, eta: 09:44:59, time: 98.5, Loss: 0.8050 
Epoch: [115][155/203] lr: (1x:0.00050, eta: 09:43:01, time: 98.0, Loss: 0.8046 
Epoch: [116][2/203] lr: (1x:0.00050, eta: 09:41:01, time: 98.3, Loss: 0.8045 
Epoch: [116][52/203] lr: (1x:0.00050, eta: 09:39:04, time: 98.0, Loss: 0.8040 
Epoch: [116][102/203] lr: (1x:0.00050, eta: 09:37:31, time: 98.3, Loss: 0.8034 
Epoch: [116][152/203] lr: (1x:0.00050, eta: 09:35:38, time: 98.3, Loss: 0.8029 
Epoch: [116][202/203] lr: (1x:0.00050, eta: 09:33:46, time: 98.5, Loss: 0.8028 
Epoch: [117][49/203] lr: (1x:0.00050, eta: 09:31:52, time: 98.7, Loss: 0.8028 
Epoch: [117][99/203] lr: (1x:0.00050, eta: 09:30:54, time: 98.4, Loss: 0.8027 
Epoch: [117][149/203] lr: (1x:0.00050, eta: 09:29:11, time: 98.7, Loss: 0.8012 
Epoch: [117][199/203] lr: (1x:0.00050, eta: 09:27:45, time: 98.9, Loss: 0.8017 
Epoch: [118][46/203] lr: (1x:0.00050, eta: 09:25:52, time: 97.9, Loss: 0.8017 
Epoch: [118][96/203] lr: (1x:0.00050, eta: 09:24:28, time: 98.7, Loss: 0.8019 
Epoch: [118][146/203] lr: (1x:0.00050, eta: 09:23:06, time: 98.5, Loss: 0.8020 
Epoch: [118][196/203] lr: (1x:0.00050, eta: 09:21:51, time: 99.0, Loss: 0.8020 
Epoch: [119][43/203] lr: (1x:0.00050, eta: 09:19:22, time: 97.3, Loss: 0.8017 
Epoch: [119][93/203] lr: (1x:0.00050, eta: 09:17:31, time: 98.1, Loss: 0.8022 
Epoch: [119][143/203] lr: (1x:0.00050, eta: 09:16:07, time: 99.1, Loss: 0.8025 
Epoch: [119][193/203] lr: (1x:0.00050, eta: 09:14:41, time: 98.8, Loss: 0.8022 
Epoch: [120][40/203] lr: (1x:0.00050, eta: 09:12:09, time: 97.3, Loss: 0.8022 
Epoch: [120][90/203] lr: (1x:0.00050, eta: 09:10:06, time: 98.1, Loss: 0.8009 
Epoch: [120][140/203] lr: (1x:0.00050, eta: 09:08:58, time: 98.8, Loss: 0.8004 
Epoch: [120][190/203] lr: (1x:0.00050, eta: 09:07:09, time: 98.4, Loss: 0.8014 
Epoch: [121][37/203] lr: (1x:0.00050, eta: 09:05:04, time: 98.5, Loss: 0.8017 
Epoch: [121][87/203] lr: (1x:0.00050, eta: 09:02:50, time: 97.9, Loss: 0.8000 
Epoch: [121][137/203] lr: (1x:0.00050, eta: 09:01:46, time: 98.4, Loss: 0.7999 
Epoch: [121][187/203] lr: (1x:0.00050, eta: 09:00:22, time: 98.6, Loss: 0.7997 
Epoch: [122][34/203] lr: (1x:0.00050, eta: 08:57:47, time: 97.6, Loss: 0.7995 
Epoch: [122][84/203] lr: (1x:0.00050, eta: 08:56:01, time: 98.6, Loss: 0.7997 
Epoch: [122][134/203] lr: (1x:0.00050, eta: 08:55:05, time: 98.6, Loss: 0.7994 
Epoch: [122][184/203] lr: (1x:0.00050, eta: 08:53:56, time: 99.0, Loss: 0.7998 
Epoch: [123][31/203] lr: (1x:0.00050, eta: 08:51:33, time: 97.9, Loss: 0.8000 
Epoch: [123][81/203] lr: (1x:0.00050, eta: 08:49:35, time: 97.8, Loss: 0.7988 
Epoch: [123][131/203] lr: (1x:0.00050, eta: 08:47:59, time: 98.6, Loss: 0.7985 
Epoch: [123][181/203] lr: (1x:0.00050, eta: 08:46:31, time: 98.3, Loss: 0.7994 
Epoch: [124][28/203] lr: (1x:0.00050, eta: 08:43:58, time: 97.4, Loss: 0.7985 
Epoch: [124][78/203] lr: (1x:0.00050, eta: 08:42:24, time: 98.7, Loss: 0.7978 
Epoch: [124][128/203] lr: (1x:0.00050, eta: 08:41:02, time: 98.2, Loss: 0.7973 
Epoch: [124][178/203] lr: (1x:0.00050, eta: 08:39:10, time: 98.1, Loss: 0.7974 
Epoch: [125][25/203] lr: (1x:0.00050, eta: 08:37:27, time: 98.8, Loss: 0.7984 
Epoch: [125][75/203] lr: (1x:0.00050, eta: 08:35:21, time: 98.1, Loss: 0.7976 
Epoch: [125][125/203] lr: (1x:0.00050, eta: 08:33:53, time: 98.2, Loss: 0.7984 
Epoch: [125][175/203] lr: (1x:0.00050, eta: 08:32:26, time: 98.1, Loss: 0.7977 
Epoch: [126][22/203] lr: (1x:0.00050, eta: 08:30:24, time: 98.2, Loss: 0.7974 
Epoch: [126][72/203] lr: (1x:0.00050, eta: 08:29:04, time: 98.9, Loss: 0.7968 
Epoch: [126][122/203] lr: (1x:0.00050, eta: 08:27:46, time: 98.1, Loss: 0.7971 
Epoch: [126][172/203] lr: (1x:0.00050, eta: 08:25:57, time: 98.4, Loss: 0.7973 
Epoch: [127][19/203] lr: (1x:0.00050, eta: 08:23:54, time: 97.7, Loss: 0.7970 
Epoch: [127][69/203] lr: (1x:0.00050, eta: 08:22:37, time: 98.9, Loss: 0.7962 
Epoch: [127][119/203] lr: (1x:0.00050, eta: 08:21:03, time: 98.9, Loss: 0.7959 
Epoch: [127][169/203] lr: (1x:0.00050, eta: 08:19:30, time: 98.3, Loss: 0.7957 
Epoch: [128][16/203] lr: (1x:0.00050, eta: 08:17:21, time: 98.0, Loss: 0.7947 
Epoch: [128][66/203] lr: (1x:0.00050, eta: 08:16:01, time: 98.7, Loss: 0.7949 
Epoch: [128][116/203] lr: (1x:0.00050, eta: 08:14:28, time: 98.4, Loss: 0.7944 
Epoch: [128][166/203] lr: (1x:0.00050, eta: 08:12:39, time: 98.5, Loss: 0.7952 
Epoch: [129][13/203] lr: (1x:0.00050, eta: 08:10:37, time: 98.0, Loss: 0.7952 
Epoch: [129][63/203] lr: (1x:0.00050, eta: 08:09:12, time: 98.8, Loss: 0.7948 
Epoch: [129][113/203] lr: (1x:0.00050, eta: 08:07:54, time: 98.4, Loss: 0.7946 
Epoch: [129][163/203] lr: (1x:0.00050, eta: 08:05:58, time: 98.2, Loss: 0.7945 
Epoch: [130][10/203] lr: (1x:0.00050, eta: 08:03:31, time: 97.7, Loss: 0.7940 
Epoch: [130][60/203] lr: (1x:0.00050, eta: 08:01:56, time: 98.4, Loss: 0.7941 
Epoch: [130][110/203] lr: (1x:0.00050, eta: 08:00:32, time: 98.5, Loss: 0.7942 
Epoch: [130][160/203] lr: (1x:0.00050, eta: 07:58:51, time: 98.6, Loss: 0.7935 
Epoch: [131][7/203] lr: (1x:0.00050, eta: 07:56:42, time: 98.0, Loss: 0.7936 
Epoch: [131][57/203] lr: (1x:0.00050, eta: 07:55:10, time: 98.7, Loss: 0.7933 
Epoch: [131][107/203] lr: (1x:0.00050, eta: 07:54:05, time: 99.2, Loss: 0.7923 
Epoch: [131][157/203] lr: (1x:0.00050, eta: 07:52:16, time: 98.5, Loss: 0.7920 
Epoch: [132][4/203] lr: (1x:0.00050, eta: 07:50:30, time: 98.3, Loss: 0.7923 
Epoch: [132][54/203] lr: (1x:0.00050, eta: 07:48:52, time: 98.2, Loss: 0.7924 
Epoch: [132][104/203] lr: (1x:0.00050, eta: 07:47:34, time: 98.5, Loss: 0.7920 
Epoch: [132][154/203] lr: (1x:0.00050, eta: 07:45:45, time: 98.0, Loss: 0.7919 
Epoch: [133][1/203] lr: (1x:0.00050, eta: 07:43:30, time: 97.9, Loss: 0.7916 
Epoch: [133][51/203] lr: (1x:0.00050, eta: 07:41:54, time: 98.7, Loss: 0.7922 
Epoch: [133][101/203] lr: (1x:0.00050, eta: 07:40:36, time: 98.7, Loss: 0.7916 
Epoch: [133][151/203] lr: (1x:0.00050, eta: 07:38:53, time: 98.6, Loss: 0.7919 
Epoch: [133][201/203] lr: (1x:0.00050, eta: 07:36:39, time: 97.8, Loss: 0.7922 
Epoch: [134][48/203] lr: (1x:0.00050, eta: 07:34:27, time: 97.7, Loss: 0.7923 
Epoch: [134][98/203] lr: (1x:0.00050, eta: 07:32:55, time: 98.6, Loss: 0.7915 
Epoch: [134][148/203] lr: (1x:0.00050, eta: 07:31:35, time: 98.9, Loss: 0.7913 
Epoch: [134][198/203] lr: (1x:0.00050, eta: 07:29:50, time: 98.2, Loss: 0.7913 
Epoch: [135][45/203] lr: (1x:0.00050, eta: 07:27:51, time: 97.9, Loss: 0.7919 
Epoch: [135][95/203] lr: (1x:0.00050, eta: 07:26:17, time: 98.1, Loss: 0.7916 
Epoch: [135][145/203] lr: (1x:0.00050, eta: 07:24:26, time: 98.2, Loss: 0.7915 
Epoch: [135][195/203] lr: (1x:0.00050, eta: 07:22:51, time: 98.9, Loss: 0.7915 
Epoch: [136][42/203] lr: (1x:0.00050, eta: 07:20:30, time: 97.4, Loss: 0.7909 
Epoch: [136][92/203] lr: (1x:0.00050, eta: 07:19:09, time: 98.5, Loss: 0.7897 
Epoch: [136][142/203] lr: (1x:0.00050, eta: 07:17:47, time: 98.3, Loss: 0.7905 
Epoch: [136][192/203] lr: (1x:0.00050, eta: 07:16:17, time: 98.9, Loss: 0.7899 
Epoch: [137][39/203] lr: (1x:0.00050, eta: 07:14:04, time: 98.1, Loss: 0.7906 
Epoch: [137][89/203] lr: (1x:0.00050, eta: 07:12:29, time: 98.4, Loss: 0.7896 
Epoch: [137][139/203] lr: (1x:0.00050, eta: 07:11:05, time: 98.4, Loss: 0.7884 
Epoch: [137][189/203] lr: (1x:0.00050, eta: 07:09:41, time: 98.6, Loss: 0.7886 
Epoch: [138][36/203] lr: (1x:0.00050, eta: 07:07:33, time: 97.8, Loss: 0.7885 
Epoch: [138][86/203] lr: (1x:0.00050, eta: 07:05:55, time: 98.9, Loss: 0.7879 
Epoch: [138][136/203] lr: (1x:0.00050, eta: 07:04:30, time: 97.9, Loss: 0.7879 
Epoch: [138][186/203] lr: (1x:0.00050, eta: 07:02:55, time: 98.6, Loss: 0.7889 
Epoch: [139][33/203] lr: (1x:0.00050, eta: 07:00:53, time: 97.6, Loss: 0.7875 
Epoch: [139][83/203] lr: (1x:0.00050, eta: 06:58:49, time: 97.8, Loss: 0.7879 
Epoch: [139][133/203] lr: (1x:0.00050, eta: 06:57:11, time: 98.1, Loss: 0.7866 
Epoch: [139][183/203] lr: (1x:0.00050, eta: 06:55:42, time: 98.7, Loss: 0.7869 
Epoch: [140][30/203] lr: (1x:0.00050, eta: 06:53:17, time: 97.6, Loss: 0.7875 
Epoch: [140][80/203] lr: (1x:0.00050, eta: 06:51:19, time: 97.8, Loss: 0.7866 
Epoch: [140][130/203] lr: (1x:0.00050, eta: 06:49:50, time: 98.1, Loss: 0.7864 
Epoch: [140][180/203] lr: (1x:0.00050, eta: 06:48:09, time: 98.8, Loss: 0.7878 
Epoch: [141][27/203] lr: (1x:0.00050, eta: 06:46:04, time: 97.9, Loss: 0.7873 
Epoch: [141][77/203] lr: (1x:0.00050, eta: 06:44:18, time: 98.3, Loss: 0.7866 
Epoch: [141][127/203] lr: (1x:0.00050, eta: 06:43:10, time: 98.9, Loss: 0.7870 
Epoch: [141][177/203] lr: (1x:0.00050, eta: 06:41:49, time: 98.6, Loss: 0.7872 
Epoch: [142][24/203] lr: (1x:0.00050, eta: 06:39:56, time: 97.7, Loss: 0.7876 
Epoch: [142][74/203] lr: (1x:0.00050, eta: 06:38:06, time: 98.2, Loss: 0.7867 
Epoch: [142][124/203] lr: (1x:0.00050, eta: 06:36:49, time: 98.5, Loss: 0.7866 
Epoch: [142][174/203] lr: (1x:0.00050, eta: 06:35:16, time: 98.1, Loss: 0.7869 
Epoch: [143][21/203] lr: (1x:0.00050, eta: 06:33:28, time: 98.4, Loss: 0.7874 
Epoch: [143][71/203] lr: (1x:0.00050, eta: 06:31:39, time: 98.3, Loss: 0.7868 
Epoch: [143][121/203] lr: (1x:0.00050, eta: 06:30:10, time: 98.3, Loss: 0.7862 
Epoch: [143][171/203] lr: (1x:0.00050, eta: 06:28:45, time: 98.9, Loss: 0.7857 
Epoch: [144][18/203] lr: (1x:0.00050, eta: 06:26:20, time: 97.5, Loss: 0.7857 
Epoch: [144][68/203] lr: (1x:0.00050, eta: 06:24:38, time: 98.4, Loss: 0.7850 
Epoch: [144][118/203] lr: (1x:0.00050, eta: 06:23:14, time: 98.3, Loss: 0.7850 
Epoch: [144][168/203] lr: (1x:0.00050, eta: 06:21:41, time: 98.5, Loss: 0.7850 
Epoch: [145][15/203] lr: (1x:0.00050, eta: 06:19:40, time: 98.1, Loss: 0.7846 
Epoch: [145][65/203] lr: (1x:0.00050, eta: 06:18:19, time: 98.8, Loss: 0.7839 
Epoch: [145][115/203] lr: (1x:0.00050, eta: 06:16:35, time: 98.1, Loss: 0.7833 
Epoch: [145][165/203] lr: (1x:0.00050, eta: 06:15:06, time: 98.7, Loss: 0.7836 
Epoch: [146][12/203] lr: (1x:0.00050, eta: 06:12:55, time: 97.7, Loss: 0.7837 
Epoch: [146][62/203] lr: (1x:0.00050, eta: 06:10:51, time: 97.8, Loss: 0.7847 
Epoch: [146][112/203] lr: (1x:0.00050, eta: 06:09:28, time: 98.2, Loss: 0.7834 
Epoch: [146][162/203] lr: (1x:0.00050, eta: 06:07:36, time: 97.8, Loss: 0.7835 
Epoch: [147][9/203] lr: (1x:0.00050, eta: 06:05:37, time: 97.9, Loss: 0.7834 
Epoch: [147][59/203] lr: (1x:0.00050, eta: 06:04:04, time: 98.7, Loss: 0.7837 
Epoch: [147][109/203] lr: (1x:0.00050, eta: 06:02:28, time: 98.2, Loss: 0.7831 
Epoch: [147][159/203] lr: (1x:0.00050, eta: 06:00:42, time: 98.5, Loss: 0.7837 
Epoch: [148][6/203] lr: (1x:0.00050, eta: 05:58:43, time: 97.8, Loss: 0.7840 
Epoch: [148][56/203] lr: (1x:0.00050, eta: 05:57:14, time: 99.2, Loss: 0.7834 
Epoch: [148][106/203] lr: (1x:0.00050, eta: 05:55:45, time: 98.1, Loss: 0.7834 
Epoch: [148][156/203] lr: (1x:0.00050, eta: 05:54:25, time: 98.6, Loss: 0.7831 
Epoch: [149][3/203] lr: (1x:0.00050, eta: 05:52:13, time: 97.4, Loss: 0.7827 
Epoch: [149][53/203] lr: (1x:0.00050, eta: 05:50:44, time: 98.2, Loss: 0.7817 
Epoch: [149][103/203] lr: (1x:0.00050, eta: 05:49:01, time: 97.7, Loss: 0.7813 
Epoch: [149][153/203] lr: (1x:0.00050, eta: 05:47:19, time: 98.6, Loss: 0.7817 
Epoch: [149][203/203] lr: (1x:0.00050, eta: 05:45:07, time: 96.6, Loss: 0.7817 
Epoch: [150][50/203] lr: (1x:0.00050, eta: 05:44:09, time: 99.6, Loss: 0.7805 
Epoch: [150][100/203] lr: (1x:0.00050, eta: 05:42:44, time: 98.5, Loss: 0.7794 
Epoch: [150][150/203] lr: (1x:0.00050, eta: 05:40:51, time: 98.4, Loss: 0.7798 
Epoch: [150][200/203] lr: (1x:0.00050, eta: 05:39:11, time: 98.0, Loss: 0.7799 
Epoch: [151][47/203] lr: (1x:0.00050, eta: 05:36:24, time: 97.2, Loss: 0.7794 
Epoch: [151][97/203] lr: (1x:0.00050, eta: 05:35:00, time: 98.1, Loss: 0.7803 
Epoch: [151][147/203] lr: (1x:0.00050, eta: 05:33:20, time: 98.2, Loss: 0.7802 
Epoch: [151][197/203] lr: (1x:0.00050, eta: 05:31:51, time: 98.2, Loss: 0.7810 
Epoch: [152][44/203] lr: (1x:0.00050, eta: 05:29:39, time: 97.9, Loss: 0.7807 
Epoch: [152][94/203] lr: (1x:0.00050, eta: 05:28:31, time: 98.2, Loss: 0.7805 
Epoch: [152][144/203] lr: (1x:0.00050, eta: 05:26:45, time: 99.2, Loss: 0.7805 
Epoch: [152][194/203] lr: (1x:0.00050, eta: 05:24:53, time: 97.8, Loss: 0.7812 
Epoch: [153][41/203] lr: (1x:0.00050, eta: 05:22:37, time: 97.2, Loss: 0.7796 
Epoch: [153][91/203] lr: (1x:0.00050, eta: 05:21:00, time: 98.0, Loss: 0.7791 
Epoch: [153][141/203] lr: (1x:0.00050, eta: 05:19:32, time: 97.7, Loss: 0.7791 
Epoch: [153][191/203] lr: (1x:0.00050, eta: 05:17:49, time: 97.8, Loss: 0.7792 
Epoch: [154][38/203] lr: (1x:0.00050, eta: 05:15:49, time: 97.9, Loss: 0.7803 
Epoch: [154][88/203] lr: (1x:0.00050, eta: 05:14:17, time: 98.5, Loss: 0.7796 
Epoch: [154][138/203] lr: (1x:0.00050, eta: 05:12:45, time: 98.3, Loss: 0.7791 
Epoch: [154][188/203] lr: (1x:0.00050, eta: 05:11:20, time: 98.9, Loss: 0.7785 
Epoch: [155][35/203] lr: (1x:0.00050, eta: 05:09:00, time: 97.8, Loss: 0.7790 
Epoch: [155][85/203] lr: (1x:0.00050, eta: 05:07:37, time: 98.6, Loss: 0.7781 
Epoch: [155][135/203] lr: (1x:0.00050, eta: 05:06:19, time: 98.3, Loss: 0.7781 
Epoch: [155][185/203] lr: (1x:0.00050, eta: 05:04:48, time: 98.4, Loss: 0.7786 
Epoch: [156][32/203] lr: (1x:0.00050, eta: 05:03:04, time: 97.9, Loss: 0.7776 
Epoch: [156][82/203] lr: (1x:0.00050, eta: 05:01:38, time: 98.5, Loss: 0.7773 
Epoch: [156][132/203] lr: (1x:0.00050, eta: 05:00:14, time: 98.7, Loss: 0.7769 
Epoch: [156][182/203] lr: (1x:0.00050, eta: 04:58:43, time: 98.9, Loss: 0.7763 
Epoch: [157][29/203] lr: (1x:0.00050, eta: 04:56:38, time: 97.6, Loss: 0.7759 
Epoch: [157][79/203] lr: (1x:0.00050, eta: 04:54:46, time: 98.1, Loss: 0.7772 
Epoch: [157][129/203] lr: (1x:0.00050, eta: 04:53:17, time: 98.4, Loss: 0.7772 
Epoch: [157][179/203] lr: (1x:0.00050, eta: 04:51:40, time: 98.7, Loss: 0.7771 
Epoch: [158][26/203] lr: (1x:0.00050, eta: 04:49:30, time: 97.8, Loss: 0.7765 
Epoch: [158][76/203] lr: (1x:0.00050, eta: 04:47:45, time: 98.1, Loss: 0.7757 
Epoch: [158][126/203] lr: (1x:0.00050, eta: 04:46:16, time: 98.5, Loss: 0.7756 
Epoch: [158][176/203] lr: (1x:0.00050, eta: 04:44:35, time: 98.3, Loss: 0.7764 
Epoch: [159][23/203] lr: (1x:0.00050, eta: 04:42:26, time: 97.9, Loss: 0.7755 
Epoch: [159][73/203] lr: (1x:0.00050, eta: 04:40:41, time: 98.5, Loss: 0.7759 
Epoch: [159][123/203] lr: (1x:0.00050, eta: 04:39:10, time: 98.0, Loss: 0.7755 
Epoch: [159][173/203] lr: (1x:0.00050, eta: 04:37:26, time: 97.8, Loss: 0.7753 
Epoch: [160][20/203] lr: (1x:0.00015, eta: 04:35:30, time: 97.9, Loss: 0.7752 
Epoch: [160][70/203] lr: (1x:0.00015, eta: 04:33:46, time: 98.3, Loss: 0.7751 
Epoch: [160][120/203] lr: (1x:0.00015, eta: 04:32:09, time: 97.9, Loss: 0.7756 
Epoch: [160][170/203] lr: (1x:0.00015, eta: 04:30:36, time: 98.4, Loss: 0.7754 
Epoch: [161][17/203] lr: (1x:0.00015, eta: 04:28:34, time: 98.0, Loss: 0.7752 
Epoch: [161][67/203] lr: (1x:0.00015, eta: 04:27:00, time: 98.5, Loss: 0.7734 
Epoch: [161][117/203] lr: (1x:0.00015, eta: 04:25:38, time: 98.9, Loss: 0.7732 
Epoch: [161][167/203] lr: (1x:0.00015, eta: 04:23:54, time: 98.1, Loss: 0.7733 
Epoch: [162][14/203] lr: (1x:0.00015, eta: 04:22:03, time: 98.0, Loss: 0.7740 
Epoch: [162][64/203] lr: (1x:0.00015, eta: 04:20:32, time: 98.3, Loss: 0.7726 
Epoch: [162][114/203] lr: (1x:0.00015, eta: 04:18:57, time: 98.1, Loss: 0.7721 
Epoch: [162][164/203] lr: (1x:0.00015, eta: 04:17:19, time: 98.4, Loss: 0.7720 
Epoch: [163][11/203] lr: (1x:0.00015, eta: 04:15:32, time: 98.5, Loss: 0.7728 
Epoch: [163][61/203] lr: (1x:0.00015, eta: 04:13:53, time: 98.4, Loss: 0.7726 
Epoch: [163][111/203] lr: (1x:0.00015, eta: 04:12:25, time: 98.7, Loss: 0.7742 
Epoch: [163][161/203] lr: (1x:0.00015, eta: 04:10:37, time: 97.8, Loss: 0.7740 
Epoch: [164][8/203] lr: (1x:0.00015, eta: 04:08:26, time: 97.6, Loss: 0.7748 
Epoch: [164][58/203] lr: (1x:0.00015, eta: 04:06:56, time: 98.7, Loss: 0.7740 
Epoch: [164][108/203] lr: (1x:0.00015, eta: 04:05:29, time: 98.7, Loss: 0.7731 
Epoch: [164][158/203] lr: (1x:0.00015, eta: 04:03:55, time: 98.6, Loss: 0.7728 
Epoch: [165][5/203] lr: (1x:0.00015, eta: 04:01:59, time: 98.0, Loss: 0.7736 
Epoch: [165][55/203] lr: (1x:0.00015, eta: 04:00:15, time: 98.0, Loss: 0.7734 
Epoch: [165][105/203] lr: (1x:0.00015, eta: 03:58:31, time: 98.0, Loss: 0.7736 
Epoch: [165][155/203] lr: (1x:0.00015, eta: 03:56:53, time: 98.4, Loss: 0.7731 
Epoch: [166][2/203] lr: (1x:0.00015, eta: 03:54:42, time: 97.4, Loss: 0.7720 
Epoch: [166][52/203] lr: (1x:0.00015, eta: 03:53:12, time: 98.4, Loss: 0.7719 
Epoch: [166][102/203] lr: (1x:0.00015, eta: 03:51:40, time: 98.1, Loss: 0.7716 
Epoch: [166][152/203] lr: (1x:0.00015, eta: 03:49:59, time: 98.5, Loss: 0.7717 
Epoch: [166][202/203] lr: (1x:0.00015, eta: 03:48:23, time: 99.0, Loss: 0.7724 
Epoch: [167][49/203] lr: (1x:0.00015, eta: 03:46:15, time: 97.7, Loss: 0.7732 
Epoch: [167][99/203] lr: (1x:0.00015, eta: 03:44:47, time: 98.7, Loss: 0.7730 
Epoch: [167][149/203] lr: (1x:0.00015, eta: 03:43:13, time: 98.3, Loss: 0.7736 
Epoch: [167][199/203] lr: (1x:0.00015, eta: 03:41:37, time: 98.3, Loss: 0.7722 
Epoch: [168][46/203] lr: (1x:0.00015, eta: 03:39:44, time: 98.4, Loss: 0.7729 
Epoch: [168][96/203] lr: (1x:0.00015, eta: 03:38:22, time: 98.7, Loss: 0.7725 
Epoch: [168][146/203] lr: (1x:0.00015, eta: 03:36:50, time: 98.9, Loss: 0.7731 
Epoch: [168][196/203] lr: (1x:0.00015, eta: 03:35:11, time: 98.1, Loss: 0.7735 
Epoch: [169][43/203] lr: (1x:0.00015, eta: 03:33:09, time: 97.8, Loss: 0.7737 
Epoch: [169][93/203] lr: (1x:0.00015, eta: 03:31:21, time: 98.2, Loss: 0.7732 
Epoch: [169][143/203] lr: (1x:0.00015, eta: 03:29:50, time: 98.3, Loss: 0.7736 
Epoch: [169][193/203] lr: (1x:0.00015, eta: 03:28:09, time: 98.5, Loss: 0.7726 
Epoch: [170][40/203] lr: (1x:0.00015, eta: 03:26:09, time: 97.8, Loss: 0.7716 
Epoch: [170][90/203] lr: (1x:0.00015, eta: 03:24:38, time: 98.9, Loss: 0.7722 
Epoch: [170][140/203] lr: (1x:0.00015, eta: 03:23:07, time: 99.0, Loss: 0.7722 
Epoch: [170][190/203] lr: (1x:0.00015, eta: 03:21:25, time: 98.4, Loss: 0.7725 
Epoch: [171][37/203] lr: (1x:0.00015, eta: 03:19:20, time: 97.6, Loss: 0.7727 
Epoch: [171][87/203] lr: (1x:0.00015, eta: 03:17:51, time: 98.9, Loss: 0.7712 
Epoch: [171][137/203] lr: (1x:0.00015, eta: 03:16:26, time: 98.9, Loss: 0.7715 
Epoch: [171][187/203] lr: (1x:0.00015, eta: 03:14:52, time: 98.6, Loss: 0.7720 
Epoch: [172][34/203] lr: (1x:0.00015, eta: 03:12:55, time: 98.5, Loss: 0.7708 
Epoch: [172][84/203] lr: (1x:0.00015, eta: 03:11:16, time: 98.4, Loss: 0.7714 
Epoch: [172][134/203] lr: (1x:0.00015, eta: 03:09:42, time: 98.1, Loss: 0.7718 
Epoch: [172][184/203] lr: (1x:0.00015, eta: 03:08:00, time: 98.6, Loss: 0.7717 
Epoch: [173][31/203] lr: (1x:0.00015, eta: 03:05:54, time: 97.9, Loss: 0.7710 
Epoch: [173][81/203] lr: (1x:0.00015, eta: 03:04:17, time: 98.4, Loss: 0.7712 
Epoch: [173][131/203] lr: (1x:0.00015, eta: 03:02:44, time: 98.2, Loss: 0.7711 
Epoch: [173][181/203] lr: (1x:0.00015, eta: 03:00:57, time: 98.0, Loss: 0.7720 
Epoch: [174][28/203] lr: (1x:0.00015, eta: 02:58:51, time: 97.4, Loss: 0.7718 
Epoch: [174][78/203] lr: (1x:0.00015, eta: 02:57:15, time: 98.7, Loss: 0.7712 
Epoch: [174][128/203] lr: (1x:0.00015, eta: 02:55:35, time: 98.3, Loss: 0.7713 
Epoch: [174][178/203] lr: (1x:0.00015, eta: 02:54:03, time: 99.1, Loss: 0.7721 
Epoch: [175][25/203] lr: (1x:0.00015, eta: 02:52:10, time: 97.5, Loss: 0.7710 
Epoch: [175][75/203] lr: (1x:0.00015, eta: 02:50:34, time: 98.8, Loss: 0.7712 
Epoch: [175][125/203] lr: (1x:0.00015, eta: 02:49:06, time: 98.9, Loss: 0.7716 
Epoch: [175][175/203] lr: (1x:0.00015, eta: 02:47:25, time: 98.1, Loss: 0.7709 
Epoch: [176][22/203] lr: (1x:0.00015, eta: 02:45:15, time: 97.5, Loss: 0.7707 
Epoch: [176][72/203] lr: (1x:0.00015, eta: 02:43:37, time: 98.0, Loss: 0.7704 
Epoch: [176][122/203] lr: (1x:0.00015, eta: 02:42:10, time: 98.7, Loss: 0.7709 
Epoch: [176][172/203] lr: (1x:0.00015, eta: 02:40:32, time: 98.8, Loss: 0.7698 
Epoch: [177][19/203] lr: (1x:0.00015, eta: 02:38:36, time: 98.0, Loss: 0.7711 
Epoch: [177][69/203] lr: (1x:0.00015, eta: 02:36:53, time: 98.5, Loss: 0.7703 
Epoch: [177][119/203] lr: (1x:0.00015, eta: 02:35:28, time: 99.0, Loss: 0.7710 
Epoch: [177][169/203] lr: (1x:0.00015, eta: 02:33:44, time: 98.2, Loss: 0.7703 
Epoch: [178][16/203] lr: (1x:0.00015, eta: 02:31:43, time: 97.9, Loss: 0.7710 
Epoch: [178][66/203] lr: (1x:0.00015, eta: 02:30:08, time: 98.6, Loss: 0.7717 
Epoch: [178][116/203] lr: (1x:0.00015, eta: 02:28:35, time: 98.0, Loss: 0.7704 
Epoch: [178][166/203] lr: (1x:0.00015, eta: 02:26:56, time: 98.0, Loss: 0.7714 
Epoch: [179][13/203] lr: (1x:0.00015, eta: 02:24:49, time: 97.7, Loss: 0.7707 
Epoch: [179][63/203] lr: (1x:0.00015, eta: 02:23:03, time: 97.9, Loss: 0.7713 
Epoch: [179][113/203] lr: (1x:0.00015, eta: 02:21:28, time: 98.3, Loss: 0.7696 
Epoch: [179][163/203] lr: (1x:0.00015, eta: 02:19:47, time: 98.2, Loss: 0.7698 
Epoch: [180][10/203] lr: (1x:0.00004, eta: 02:17:46, time: 97.8, Loss: 0.7697 
Epoch: [180][60/203] lr: (1x:0.00004, eta: 02:16:15, time: 99.1, Loss: 0.7709 
Epoch: [180][110/203] lr: (1x:0.00004, eta: 02:14:40, time: 98.4, Loss: 0.7697 
Epoch: [180][160/203] lr: (1x:0.00004, eta: 02:13:02, time: 98.5, Loss: 0.7696 
Epoch: [181][7/203] lr: (1x:0.00004, eta: 02:11:11, time: 98.1, Loss: 0.7703 
Epoch: [181][57/203] lr: (1x:0.00004, eta: 02:09:41, time: 99.0, Loss: 0.7698 
Epoch: [181][107/203] lr: (1x:0.00004, eta: 02:08:04, time: 97.9, Loss: 0.7694 
Epoch: [181][157/203] lr: (1x:0.00004, eta: 02:06:26, time: 98.0, Loss: 0.7690 
Epoch: [182][4/203] lr: (1x:0.00004, eta: 02:04:22, time: 97.5, Loss: 0.7704 
Epoch: [182][54/203] lr: (1x:0.00004, eta: 02:02:47, time: 98.7, Loss: 0.7704 
Epoch: [182][104/203] lr: (1x:0.00004, eta: 02:01:13, time: 98.4, Loss: 0.7702 
Epoch: [182][154/203] lr: (1x:0.00004, eta: 01:59:32, time: 98.6, Loss: 0.7693 
Epoch: [183][1/203] lr: (1x:0.00004, eta: 01:57:37, time: 97.9, Loss: 0.7697 
Epoch: [183][51/203] lr: (1x:0.00004, eta: 01:56:03, time: 99.0, Loss: 0.7693 
Epoch: [183][101/203] lr: (1x:0.00004, eta: 01:54:25, time: 98.2, Loss: 0.7693 
Epoch: [183][151/203] lr: (1x:0.00004, eta: 01:52:42, time: 98.2, Loss: 0.7694 
Epoch: [183][201/203] lr: (1x:0.00004, eta: 01:51:07, time: 98.4, Loss: 0.7696 
Epoch: [184][48/203] lr: (1x:0.00004, eta: 01:49:13, time: 97.9, Loss: 0.7702 
Epoch: [184][98/203] lr: (1x:0.00004, eta: 01:47:39, time: 98.3, Loss: 0.7691 
Epoch: [184][148/203] lr: (1x:0.00004, eta: 01:45:58, time: 98.2, Loss: 0.7685 
Epoch: [184][198/203] lr: (1x:0.00004, eta: 01:44:22, time: 98.9, Loss: 0.7693 
Epoch: [185][45/203] lr: (1x:0.00004, eta: 01:42:24, time: 97.9, Loss: 0.7687 
Epoch: [185][95/203] lr: (1x:0.00004, eta: 01:40:53, time: 99.1, Loss: 0.7686 
Epoch: [185][145/203] lr: (1x:0.00004, eta: 01:39:08, time: 98.0, Loss: 0.7684 
Epoch: [185][195/203] lr: (1x:0.00004, eta: 01:37:34, time: 98.8, Loss: 0.7693 
Epoch: [186][42/203] lr: (1x:0.00004, eta: 01:35:42, time: 98.0, Loss: 0.7695 
Epoch: [186][92/203] lr: (1x:0.00004, eta: 01:34:01, time: 97.9, Loss: 0.7687 
Epoch: [186][142/203] lr: (1x:0.00004, eta: 01:32:26, time: 98.6, Loss: 0.7696 
Epoch: [186][192/203] lr: (1x:0.00004, eta: 01:30:49, time: 98.5, Loss: 0.7698 
Epoch: [187][39/203] lr: (1x:0.00004, eta: 01:28:49, time: 97.5, Loss: 0.7705 
Epoch: [187][89/203] lr: (1x:0.00004, eta: 01:27:08, time: 98.3, Loss: 0.7703 
Epoch: [187][139/203] lr: (1x:0.00004, eta: 01:25:32, time: 98.4, Loss: 0.7712 
Epoch: [187][189/203] lr: (1x:0.00004, eta: 01:23:50, time: 98.5, Loss: 0.7702 
Epoch: [188][36/203] lr: (1x:0.00004, eta: 01:21:53, time: 97.5, Loss: 0.7705 
Epoch: [188][86/203] lr: (1x:0.00004, eta: 01:20:14, time: 98.7, Loss: 0.7703 
Epoch: [188][136/203] lr: (1x:0.00004, eta: 01:18:40, time: 98.9, Loss: 0.7700 
Epoch: [188][186/203] lr: (1x:0.00004, eta: 01:17:05, time: 98.8, Loss: 0.7711 
Epoch: [189][33/203] lr: (1x:0.00004, eta: 01:15:09, time: 97.3, Loss: 0.7702 
Epoch: [189][83/203] lr: (1x:0.00004, eta: 01:13:29, time: 98.3, Loss: 0.7690 
Epoch: [189][133/203] lr: (1x:0.00004, eta: 01:11:55, time: 98.3, Loss: 0.7689 
Epoch: [189][183/203] lr: (1x:0.00004, eta: 01:10:16, time: 98.2, Loss: 0.7688 
Epoch: [190][30/203] lr: (1x:0.00004, eta: 01:08:18, time: 97.7, Loss: 0.7693 
Epoch: [190][80/203] lr: (1x:0.00004, eta: 01:06:38, time: 98.1, Loss: 0.7705 
Epoch: [190][130/203] lr: (1x:0.00004, eta: 01:05:03, time: 98.2, Loss: 0.7699 
Epoch: [190][180/203] lr: (1x:0.00004, eta: 01:03:21, time: 97.9, Loss: 0.7693 
Epoch: [191][27/203] lr: (1x:0.00004, eta: 01:01:24, time: 97.7, Loss: 0.7695 
Epoch: [191][77/203] lr: (1x:0.00004, eta: 00:59:45, time: 98.6, Loss: 0.7692 
Epoch: [191][127/203] lr: (1x:0.00004, eta: 00:58:12, time: 98.9, Loss: 0.7691 
Epoch: [191][177/203] lr: (1x:0.00004, eta: 00:56:34, time: 98.3, Loss: 0.7703 
Epoch: [192][24/203] lr: (1x:0.00004, eta: 00:54:39, time: 97.7, Loss: 0.7694 
Epoch: [192][74/203] lr: (1x:0.00004, eta: 00:53:03, time: 98.8, Loss: 0.7685 
Epoch: [192][124/203] lr: (1x:0.00004, eta: 00:51:30, time: 99.4, Loss: 0.7682 
Epoch: [192][174/203] lr: (1x:0.00004, eta: 00:49:53, time: 98.6, Loss: 0.7689 
Epoch: [193][21/203] lr: (1x:0.00004, eta: 00:47:55, time: 97.3, Loss: 0.7688 
Epoch: [193][71/203] lr: (1x:0.00004, eta: 00:46:18, time: 98.2, Loss: 0.7680 
Epoch: [193][121/203] lr: (1x:0.00004, eta: 00:44:41, time: 98.2, Loss: 0.7689 
Epoch: [193][171/203] lr: (1x:0.00004, eta: 00:43:02, time: 98.3, Loss: 0.7686 
Epoch: [194][18/203] lr: (1x:0.00004, eta: 00:41:06, time: 97.3, Loss: 0.7685 
Epoch: [194][68/203] lr: (1x:0.00004, eta: 00:39:28, time: 98.4, Loss: 0.7684 
Epoch: [194][118/203] lr: (1x:0.00004, eta: 00:37:52, time: 99.0, Loss: 0.7687 
Epoch: [194][168/203] lr: (1x:0.00004, eta: 00:36:12, time: 98.1, Loss: 0.7689 
Epoch: [195][15/203] lr: (1x:0.00004, eta: 00:34:14, time: 97.8, Loss: 0.7689 
Epoch: [195][65/203] lr: (1x:0.00004, eta: 00:32:37, time: 99.1, Loss: 0.7679 
Epoch: [195][115/203] lr: (1x:0.00004, eta: 00:31:00, time: 98.0, Loss: 0.7683 
Epoch: [195][165/203] lr: (1x:0.00004, eta: 00:29:23, time: 98.6, Loss: 0.7691 
Epoch: [196][12/203] lr: (1x:0.00004, eta: 00:27:28, time: 97.7, Loss: 0.7680 
Epoch: [196][62/203] lr: (1x:0.00004, eta: 00:25:49, time: 97.7, Loss: 0.7677 
Epoch: [196][112/203] lr: (1x:0.00004, eta: 00:24:12, time: 98.0, Loss: 0.7681 
Epoch: [196][162/203] lr: (1x:0.00004, eta: 00:22:33, time: 98.3, Loss: 0.7683 
Epoch: [197][9/203] lr: (1x:0.00004, eta: 00:20:39, time: 97.9, Loss: 0.7687 
Epoch: [197][59/203] lr: (1x:0.00004, eta: 00:19:01, time: 98.7, Loss: 0.7685 
Epoch: [197][109/203] lr: (1x:0.00004, eta: 00:17:24, time: 98.2, Loss: 0.7685 
Epoch: [197][159/203] lr: (1x:0.00004, eta: 00:15:45, time: 98.9, Loss: 0.7680 
Epoch: [198][6/203] lr: (1x:0.00004, eta: 00:13:51, time: 97.8, Loss: 0.7688 
Epoch: [198][56/203] lr: (1x:0.00004, eta: 00:12:13, time: 98.3, Loss: 0.7682 
Epoch: [198][106/203] lr: (1x:0.00004, eta: 00:10:36, time: 98.7, Loss: 0.7679 
Epoch: [198][156/203] lr: (1x:0.00004, eta: 00:08:58, time: 98.6, Loss: 0.7686 
Epoch: [199][3/203] lr: (1x:0.00004, eta: 00:07:04, time: 97.6, Loss: 0.7689 
Epoch: [199][53/203] lr: (1x:0.00004, eta: 00:05:25, time: 98.7, Loss: 0.7684 
Epoch: [199][103/203] lr: (1x:0.00004, eta: 00:03:47, time: 98.3, Loss: 0.7684 
Epoch: [199][153/203] lr: (1x:0.00004, eta: 00:02:09, time: 98.5, Loss: 0.7695 
Epoch: [199][203/203] lr: (1x:0.00004, eta: 00:00:30, time: 96.5, Loss: 0.7690 
