dataset: visdrone
root_dir: /home/twsf/data/Visdrone/density_mask
test_dir: 
input_size: (640, 480)
mean: [0.382, 0.383, 0.367]
std: [0.164, 0.156, 0.164]
num_classes: 5
resume: False
pre: /home/twsf/work/CRGNet/run/visdrone/20200227_235050_train/model_best.pth.tar
backbone: mobilenetv2
output_stride: 16
output_channels: 5
sync_bn: False
batch_size: 32
epochs: 200
freeze_bn: False
loss: {'type': 'CrossEntropyLoss', 'ignore_index': -1, 'weight': None}
use_balanced_weights: True
lr_scheduler: poly
lr: 0.0005
momentum: 0.9
decay: 0.0005
steps: [0.8, 0.9]
gamma: 0.3
workers: 1
region_thd: 0.5
print_freq: 50
plot_every: 100
saver_freq: 1
seed: 1
Epoch: [0][50/203] lr: (1x:0.00050, eta: 28:26:50, time: 99.6, Loss: 1.6672 
Epoch: [0][100/203] lr: (1x:0.00050, eta: 28:14:27, time: 98.1, Loss: 1.5281 
Epoch: [0][150/203] lr: (1x:0.00050, eta: 28:10:16, time: 98.3, Loss: 1.4534 
Epoch: [0][200/203] lr: (1x:0.00050, eta: 28:04:44, time: 97.5, Loss: 1.4024 
Epoch: [1][47/203] lr: (1x:0.00050, eta: 22:53:40, time: 97.9, Loss: 1.3635 
Epoch: [1][97/203] lr: (1x:0.00050, eta: 22:53:36, time: 99.0, Loss: 1.3341 
Epoch: [1][147/203] lr: (1x:0.00050, eta: 22:53:12, time: 99.0, Loss: 1.3107 
Epoch: [1][197/203] lr: (1x:0.00050, eta: 22:50:56, time: 98.1, Loss: 1.2913 
Epoch: [2][44/203] lr: (1x:0.00050, eta: 22:47:26, time: 97.8, Loss: 1.2730 
Epoch: [2][94/203] lr: (1x:0.00050, eta: 22:45:57, time: 98.5, Loss: 1.2587 
Epoch: [2][144/203] lr: (1x:0.00050, eta: 22:42:29, time: 98.3, Loss: 1.2035 
Epoch: [2][194/203] lr: (1x:0.00050, eta: 22:40:45, time: 98.0, Loss: 1.1740 
Epoch: [3][41/203] lr: (1x:0.00050, eta: 22:37:53, time: 97.6, Loss: 1.1511 
Epoch: [3][91/203] lr: (1x:0.00050, eta: 22:36:41, time: 97.8, Loss: 1.1353 
Epoch: [3][141/203] lr: (1x:0.00050, eta: 22:36:14, time: 98.8, Loss: 1.1217 
Epoch: [3][191/203] lr: (1x:0.00050, eta: 22:32:57, time: 97.7, Loss: 1.1100 
Epoch: [4][38/203] lr: (1x:0.00050, eta: 22:32:33, time: 97.9, Loss: 1.0993 
Epoch: [4][88/203] lr: (1x:0.00050, eta: 22:31:09, time: 98.3, Loss: 1.0892 
Epoch: [4][138/203] lr: (1x:0.00050, eta: 22:31:18, time: 99.1, Loss: 1.0811 
Epoch: [4][188/203] lr: (1x:0.00050, eta: 22:28:50, time: 97.9, Loss: 1.0720 
Epoch: [5][35/203] lr: (1x:0.00050, eta: 22:24:17, time: 98.1, Loss: 1.0649 
Epoch: [5][85/203] lr: (1x:0.00050, eta: 22:23:37, time: 98.7, Loss: 1.0590 
Epoch: [5][135/203] lr: (1x:0.00050, eta: 22:22:50, time: 98.2, Loss: 1.0537 
Epoch: [5][185/203] lr: (1x:0.00050, eta: 22:22:39, time: 98.9, Loss: 1.0466 
Epoch: [6][32/203] lr: (1x:0.00050, eta: 22:19:12, time: 98.0, Loss: 1.0416 
Epoch: [6][82/203] lr: (1x:0.00050, eta: 22:18:26, time: 98.4, Loss: 1.0355 
Epoch: [6][132/203] lr: (1x:0.00050, eta: 22:17:22, time: 98.4, Loss: 1.0300 
Epoch: [6][182/203] lr: (1x:0.00050, eta: 22:16:07, time: 98.6, Loss: 1.0251 
Epoch: [7][29/203] lr: (1x:0.00050, eta: 22:12:36, time: 97.7, Loss: 1.0208 
Epoch: [7][79/203] lr: (1x:0.00050, eta: 22:12:07, time: 98.7, Loss: 1.0171 
Epoch: [7][129/203] lr: (1x:0.00050, eta: 22:11:10, time: 98.7, Loss: 1.0127 
Epoch: [7][179/203] lr: (1x:0.00050, eta: 22:09:24, time: 98.6, Loss: 1.0085 
Epoch: [8][26/203] lr: (1x:0.00050, eta: 22:07:30, time: 98.5, Loss: 1.0053 
Epoch: [8][76/203] lr: (1x:0.00050, eta: 22:05:11, time: 98.4, Loss: 1.0018 
Epoch: [8][126/203] lr: (1x:0.00050, eta: 22:03:23, time: 97.9, Loss: 0.9988 
Epoch: [8][176/203] lr: (1x:0.00050, eta: 22:01:28, time: 98.2, Loss: 0.9965 
Epoch: [9][23/203] lr: (1x:0.00050, eta: 21:58:52, time: 97.7, Loss: 0.9935 
Epoch: [9][73/203] lr: (1x:0.00050, eta: 21:56:49, time: 98.3, Loss: 0.9914 
Epoch: [9][123/203] lr: (1x:0.00050, eta: 21:56:07, time: 98.4, Loss: 0.9893 
Epoch: [9][173/203] lr: (1x:0.00050, eta: 21:52:51, time: 97.5, Loss: 0.9872 
Epoch: [10][20/203] lr: (1x:0.00050, eta: 21:49:40, time: 97.8, Loss: 0.9847 
Epoch: [10][70/203] lr: (1x:0.00050, eta: 21:47:29, time: 98.2, Loss: 0.9825 
Epoch: [10][120/203] lr: (1x:0.00050, eta: 21:45:47, time: 98.4, Loss: 0.9807 
Epoch: [10][170/203] lr: (1x:0.00050, eta: 21:43:56, time: 98.2, Loss: 0.9790 
Epoch: [11][17/203] lr: (1x:0.00050, eta: 21:43:31, time: 97.9, Loss: 0.9763 
Epoch: [11][67/203] lr: (1x:0.00050, eta: 21:42:02, time: 98.3, Loss: 0.9741 
Epoch: [11][117/203] lr: (1x:0.00050, eta: 21:41:17, time: 98.4, Loss: 0.9732 
Epoch: [11][167/203] lr: (1x:0.00050, eta: 21:39:53, time: 98.5, Loss: 0.9710 
Epoch: [12][14/203] lr: (1x:0.00050, eta: 21:36:59, time: 98.6, Loss: 0.9687 
Epoch: [12][64/203] lr: (1x:0.00050, eta: 21:36:12, time: 98.1, Loss: 0.9667 
Epoch: [12][114/203] lr: (1x:0.00050, eta: 21:35:33, time: 98.6, Loss: 0.9648 
Epoch: [12][164/203] lr: (1x:0.00050, eta: 21:34:08, time: 98.4, Loss: 0.9636 
Epoch: [13][11/203] lr: (1x:0.00050, eta: 21:31:12, time: 97.7, Loss: 0.9619 
Epoch: [13][61/203] lr: (1x:0.00050, eta: 21:30:03, time: 98.6, Loss: 0.9605 
Epoch: [13][111/203] lr: (1x:0.00050, eta: 21:28:47, time: 98.2, Loss: 0.9595 
Epoch: [13][161/203] lr: (1x:0.00050, eta: 21:27:11, time: 98.3, Loss: 0.9580 
Epoch: [14][8/203] lr: (1x:0.00050, eta: 21:24:50, time: 97.9, Loss: 0.9564 
Epoch: [14][58/203] lr: (1x:0.00050, eta: 21:23:42, time: 98.9, Loss: 0.9556 
Epoch: [14][108/203] lr: (1x:0.00050, eta: 21:23:12, time: 99.5, Loss: 0.9554 
Epoch: [14][158/203] lr: (1x:0.00050, eta: 21:23:02, time: 99.3, Loss: 0.9543 
Epoch: [15][5/203] lr: (1x:0.00050, eta: 21:20:55, time: 98.5, Loss: 0.9515 
Epoch: [15][55/203] lr: (1x:0.00050, eta: 21:19:45, time: 98.7, Loss: 0.9497 
Epoch: [15][105/203] lr: (1x:0.00050, eta: 21:19:11, time: 98.6, Loss: 0.9490 
Epoch: [15][155/203] lr: (1x:0.00050, eta: 21:18:04, time: 99.1, Loss: 0.9477 
Epoch: [16][2/203] lr: (1x:0.00050, eta: 21:15:52, time: 97.9, Loss: 0.9465 
Epoch: [16][52/203] lr: (1x:0.00050, eta: 21:14:00, time: 98.1, Loss: 0.9461 
Epoch: [16][102/203] lr: (1x:0.00050, eta: 21:13:03, time: 98.4, Loss: 0.9434 
Epoch: [16][152/203] lr: (1x:0.00050, eta: 21:11:30, time: 98.9, Loss: 0.9419 
Epoch: [16][202/203] lr: (1x:0.00050, eta: 21:07:25, time: 97.5, Loss: 0.9402 
Epoch: [17][49/203] lr: (1x:0.00050, eta: 21:03:51, time: 97.9, Loss: 0.9386 
Epoch: [17][99/203] lr: (1x:0.00050, eta: 21:03:34, time: 99.6, Loss: 0.9397 
Epoch: [17][149/203] lr: (1x:0.00050, eta: 21:01:34, time: 98.5, Loss: 0.9389 
Epoch: [17][199/203] lr: (1x:0.00050, eta: 21:00:28, time: 99.0, Loss: 0.9372 
Epoch: [18][46/203] lr: (1x:0.00050, eta: 20:56:16, time: 97.5, Loss: 0.9361 
Epoch: [18][96/203] lr: (1x:0.00050, eta: 20:55:43, time: 98.8, Loss: 0.9356 
Epoch: [18][146/203] lr: (1x:0.00050, eta: 20:53:51, time: 98.0, Loss: 0.9339 
Epoch: [18][196/203] lr: (1x:0.00050, eta: 20:51:45, time: 98.0, Loss: 0.9340 
Epoch: [19][43/203] lr: (1x:0.00050, eta: 20:48:27, time: 97.6, Loss: 0.9326 
Epoch: [19][93/203] lr: (1x:0.00050, eta: 20:47:21, time: 97.9, Loss: 0.9312 
Epoch: [19][143/203] lr: (1x:0.00050, eta: 20:46:07, time: 98.2, Loss: 0.9314 
Epoch: [19][193/203] lr: (1x:0.00050, eta: 20:43:10, time: 98.5, Loss: 0.9296 
Epoch: [20][40/203] lr: (1x:0.00050, eta: 20:40:25, time: 97.5, Loss: 0.9283 
Epoch: [20][90/203] lr: (1x:0.00050, eta: 20:38:48, time: 99.0, Loss: 0.9281 
Epoch: [20][140/203] lr: (1x:0.00050, eta: 20:38:55, time: 99.0, Loss: 0.9277 
Epoch: [20][190/203] lr: (1x:0.00050, eta: 20:37:19, time: 98.8, Loss: 0.9260 
Epoch: [21][37/203] lr: (1x:0.00050, eta: 20:35:37, time: 98.4, Loss: 0.9244 
Epoch: [21][87/203] lr: (1x:0.00050, eta: 20:35:00, time: 98.9, Loss: 0.9237 
Epoch: [21][137/203] lr: (1x:0.00050, eta: 20:34:50, time: 98.8, Loss: 0.9235 
Epoch: [21][187/203] lr: (1x:0.00050, eta: 20:33:37, time: 98.3, Loss: 0.9239 
Epoch: [22][34/203] lr: (1x:0.00050, eta: 20:31:33, time: 97.6, Loss: 0.9212 
Epoch: [22][84/203] lr: (1x:0.00050, eta: 20:29:40, time: 98.3, Loss: 0.9213 
Epoch: [22][134/203] lr: (1x:0.00050, eta: 20:29:16, time: 98.6, Loss: 0.9207 
Epoch: [22][184/203] lr: (1x:0.00050, eta: 20:26:46, time: 98.3, Loss: 0.9191 
Epoch: [23][31/203] lr: (1x:0.00050, eta: 20:22:45, time: 97.6, Loss: 0.9191 
Epoch: [23][81/203] lr: (1x:0.00050, eta: 20:21:05, time: 98.8, Loss: 0.9178 
Epoch: [23][131/203] lr: (1x:0.00050, eta: 20:20:41, time: 99.4, Loss: 0.9183 
Epoch: [23][181/203] lr: (1x:0.00050, eta: 20:18:57, time: 98.8, Loss: 0.9164 
Epoch: [24][28/203] lr: (1x:0.00050, eta: 20:16:28, time: 98.2, Loss: 0.9159 
Epoch: [24][78/203] lr: (1x:0.00050, eta: 20:15:30, time: 98.9, Loss: 0.9145 
Epoch: [24][128/203] lr: (1x:0.00050, eta: 20:14:50, time: 98.4, Loss: 0.9159 
Epoch: [24][178/203] lr: (1x:0.00050, eta: 20:12:37, time: 97.8, Loss: 0.9135 
Epoch: [25][25/203] lr: (1x:0.00050, eta: 20:10:53, time: 98.6, Loss: 0.9132 
Epoch: [25][75/203] lr: (1x:0.00050, eta: 20:09:55, time: 98.9, Loss: 0.9129 
Epoch: [25][125/203] lr: (1x:0.00050, eta: 20:09:15, time: 98.4, Loss: 0.9109 
Epoch: [25][175/203] lr: (1x:0.00050, eta: 20:06:19, time: 97.7, Loss: 0.9107 
Epoch: [26][22/203] lr: (1x:0.00050, eta: 20:02:51, time: 98.2, Loss: 0.9097 
Epoch: [26][72/203] lr: (1x:0.00050, eta: 20:01:01, time: 98.6, Loss: 0.9099 
Epoch: [26][122/203] lr: (1x:0.00050, eta: 19:59:43, time: 98.5, Loss: 0.9092 
Epoch: [26][172/203] lr: (1x:0.00050, eta: 19:58:08, time: 98.9, Loss: 0.9086 
Epoch: [27][19/203] lr: (1x:0.00050, eta: 19:55:25, time: 97.5, Loss: 0.9079 
Epoch: [27][69/203] lr: (1x:0.00050, eta: 19:54:24, time: 98.4, Loss: 0.9082 
Epoch: [27][119/203] lr: (1x:0.00050, eta: 19:52:47, time: 98.6, Loss: 0.9072 
Epoch: [27][169/203] lr: (1x:0.00050, eta: 19:50:40, time: 98.4, Loss: 0.9068 
Epoch: [28][16/203] lr: (1x:0.00050, eta: 19:51:31, time: 97.1, Loss: 0.9063 
Epoch: [28][66/203] lr: (1x:0.00050, eta: 19:50:47, time: 98.5, Loss: 0.9058 
Epoch: [28][116/203] lr: (1x:0.00050, eta: 19:49:16, time: 98.4, Loss: 0.9058 
Epoch: [28][166/203] lr: (1x:0.00050, eta: 19:47:26, time: 98.5, Loss: 0.9055 
Epoch: [29][13/203] lr: (1x:0.00050, eta: 19:40:33, time: 98.4, Loss: 0.9043 
Epoch: [29][63/203] lr: (1x:0.00050, eta: 19:38:27, time: 98.5, Loss: 0.9030 
Epoch: [29][113/203] lr: (1x:0.00050, eta: 19:38:22, time: 98.8, Loss: 0.9017 
Epoch: [29][163/203] lr: (1x:0.00050, eta: 19:36:07, time: 97.8, Loss: 0.9017 
Epoch: [30][10/203] lr: (1x:0.00050, eta: 19:34:01, time: 98.0, Loss: 0.9013 
Epoch: [30][60/203] lr: (1x:0.00050, eta: 19:32:27, time: 98.5, Loss: 0.9004 
Epoch: [30][110/203] lr: (1x:0.00050, eta: 19:32:11, time: 98.3, Loss: 0.9005 
Epoch: [30][160/203] lr: (1x:0.00050, eta: 19:30:21, time: 98.3, Loss: 0.8989 
Epoch: [31][7/203] lr: (1x:0.00050, eta: 19:28:28, time: 97.6, Loss: 0.8990 
Epoch: [31][57/203] lr: (1x:0.00050, eta: 19:27:27, time: 99.0, Loss: 0.8977 
Epoch: [31][107/203] lr: (1x:0.00050, eta: 19:25:40, time: 98.3, Loss: 0.8974 
Epoch: [31][157/203] lr: (1x:0.00050, eta: 19:23:21, time: 97.9, Loss: 0.8980 
Epoch: [32][4/203] lr: (1x:0.00050, eta: 19:18:46, time: 97.4, Loss: 0.8971 
Epoch: [32][54/203] lr: (1x:0.00050, eta: 19:17:29, time: 98.2, Loss: 0.8953 
Epoch: [32][104/203] lr: (1x:0.00050, eta: 19:16:59, time: 99.0, Loss: 0.8953 
Epoch: [32][154/203] lr: (1x:0.00050, eta: 19:16:28, time: 99.5, Loss: 0.8952 
Epoch: [33][1/203] lr: (1x:0.00050, eta: 19:13:53, time: 97.8, Loss: 0.8938 
Epoch: [33][51/203] lr: (1x:0.00050, eta: 19:12:40, time: 98.7, Loss: 0.8943 
Epoch: [33][101/203] lr: (1x:0.00050, eta: 19:12:14, time: 98.6, Loss: 0.8925 
Epoch: [33][151/203] lr: (1x:0.00050, eta: 19:09:22, time: 97.9, Loss: 0.8926 
Epoch: [33][201/203] lr: (1x:0.00050, eta: 19:08:08, time: 98.7, Loss: 0.8926 
Epoch: [34][48/203] lr: (1x:0.00050, eta: 19:06:27, time: 98.0, Loss: 0.8910 
Epoch: [34][98/203] lr: (1x:0.00050, eta: 19:05:50, time: 98.3, Loss: 0.8899 
Epoch: [34][148/203] lr: (1x:0.00050, eta: 19:04:21, time: 98.3, Loss: 0.8900 
Epoch: [34][198/203] lr: (1x:0.00050, eta: 19:01:37, time: 98.0, Loss: 0.8901 
Epoch: [35][45/203] lr: (1x:0.00050, eta: 18:57:55, time: 98.1, Loss: 0.8895 
Epoch: [35][95/203] lr: (1x:0.00050, eta: 18:56:42, time: 98.2, Loss: 0.8891 
Epoch: [35][145/203] lr: (1x:0.00050, eta: 18:54:59, time: 98.7, Loss: 0.8894 
Epoch: [35][195/203] lr: (1x:0.00050, eta: 18:52:54, time: 98.2, Loss: 0.8888 
Epoch: [36][42/203] lr: (1x:0.00050, eta: 18:51:55, time: 98.5, Loss: 0.8883 
Epoch: [36][92/203] lr: (1x:0.00050, eta: 18:50:03, time: 98.5, Loss: 0.8869 
Epoch: [36][142/203] lr: (1x:0.00050, eta: 18:48:55, time: 98.4, Loss: 0.8863 
Epoch: [36][192/203] lr: (1x:0.00050, eta: 18:47:26, time: 98.4, Loss: 0.8876 
Epoch: [37][39/203] lr: (1x:0.00050, eta: 18:44:39, time: 97.8, Loss: 0.8875 
Epoch: [37][89/203] lr: (1x:0.00050, eta: 18:44:01, time: 98.9, Loss: 0.8868 
Epoch: [37][139/203] lr: (1x:0.00050, eta: 18:42:23, time: 98.1, Loss: 0.8853 
Epoch: [37][189/203] lr: (1x:0.00050, eta: 18:41:00, time: 98.4, Loss: 0.8859 
Epoch: [38][36/203] lr: (1x:0.00050, eta: 18:37:48, time: 97.5, Loss: 0.8852 
Epoch: [38][86/203] lr: (1x:0.00050, eta: 18:36:09, time: 98.2, Loss: 0.8848 
Epoch: [38][136/203] lr: (1x:0.00050, eta: 18:34:50, time: 98.8, Loss: 0.8846 
Epoch: [38][186/203] lr: (1x:0.00050, eta: 18:32:59, time: 98.3, Loss: 0.8844 
Epoch: [39][33/203] lr: (1x:0.00050, eta: 18:30:55, time: 97.7, Loss: 0.8840 
Epoch: [39][83/203] lr: (1x:0.00050, eta: 18:30:30, time: 99.5, Loss: 0.8821 
Epoch: [39][133/203] lr: (1x:0.00050, eta: 18:31:27, time: 100.2, Loss: 0.8818 
Epoch: [39][183/203] lr: (1x:0.00050, eta: 18:30:18, time: 99.4, Loss: 0.8807 
Epoch: [40][30/203] lr: (1x:0.00050, eta: 18:28:28, time: 98.5, Loss: 0.8812 
Epoch: [40][80/203] lr: (1x:0.00050, eta: 18:26:41, time: 98.3, Loss: 0.8795 
Epoch: [40][130/203] lr: (1x:0.00050, eta: 18:26:38, time: 99.0, Loss: 0.8799 
Epoch: [40][180/203] lr: (1x:0.00050, eta: 18:25:33, time: 98.7, Loss: 0.8787 
Epoch: [41][27/203] lr: (1x:0.00050, eta: 18:21:56, time: 97.3, Loss: 0.8780 
Epoch: [41][77/203] lr: (1x:0.00050, eta: 18:20:27, time: 98.4, Loss: 0.8778 
Epoch: [41][127/203] lr: (1x:0.00050, eta: 18:19:15, time: 98.1, Loss: 0.8779 
Epoch: [41][177/203] lr: (1x:0.00050, eta: 18:15:37, time: 97.7, Loss: 0.8780 
Epoch: [42][24/203] lr: (1x:0.00050, eta: 18:11:16, time: 98.0, Loss: 0.8772 
Epoch: [42][74/203] lr: (1x:0.00050, eta: 18:09:10, time: 99.0, Loss: 0.8763 
Epoch: [42][124/203] lr: (1x:0.00050, eta: 18:06:46, time: 97.8, Loss: 0.8768 
Epoch: [42][174/203] lr: (1x:0.00050, eta: 18:04:33, time: 97.7, Loss: 0.8768 
Epoch: [43][21/203] lr: (1x:0.00050, eta: 18:01:38, time: 97.7, Loss: 0.8750 
Epoch: [43][71/203] lr: (1x:0.00050, eta: 17:59:27, time: 98.2, Loss: 0.8758 
Epoch: [43][121/203] lr: (1x:0.00050, eta: 17:58:30, time: 97.9, Loss: 0.8754 
Epoch: [43][171/203] lr: (1x:0.00050, eta: 17:55:51, time: 97.5, Loss: 0.8759 
Epoch: [44][18/203] lr: (1x:0.00050, eta: 17:53:46, time: 98.1, Loss: 0.8754 
Epoch: [44][68/203] lr: (1x:0.00050, eta: 17:53:33, time: 99.0, Loss: 0.8753 
Epoch: [44][118/203] lr: (1x:0.00050, eta: 17:52:18, time: 98.3, Loss: 0.8747 
Epoch: [44][168/203] lr: (1x:0.00050, eta: 17:50:55, time: 99.2, Loss: 0.8750 
Epoch: [45][15/203] lr: (1x:0.00050, eta: 17:49:21, time: 98.1, Loss: 0.8738 
Epoch: [45][65/203] lr: (1x:0.00050, eta: 17:48:02, time: 98.0, Loss: 0.8740 
Epoch: [45][115/203] lr: (1x:0.00050, eta: 17:47:48, time: 99.0, Loss: 0.8732 
Epoch: [45][165/203] lr: (1x:0.00050, eta: 17:46:09, time: 98.2, Loss: 0.8723 
Epoch: [46][12/203] lr: (1x:0.00050, eta: 17:45:00, time: 98.1, Loss: 0.8731 
Epoch: [46][62/203] lr: (1x:0.00050, eta: 17:43:41, time: 97.8, Loss: 0.8718 
Epoch: [46][112/203] lr: (1x:0.00050, eta: 17:42:34, time: 98.6, Loss: 0.8712 
Epoch: [46][162/203] lr: (1x:0.00050, eta: 17:40:32, time: 98.6, Loss: 0.8701 
Epoch: [47][9/203] lr: (1x:0.00050, eta: 17:40:06, time: 97.9, Loss: 0.8707 
Epoch: [47][59/203] lr: (1x:0.00050, eta: 17:37:41, time: 98.5, Loss: 0.8700 
Epoch: [47][109/203] lr: (1x:0.00050, eta: 17:35:51, time: 98.0, Loss: 0.8685 
Epoch: [47][159/203] lr: (1x:0.00050, eta: 17:34:35, time: 98.4, Loss: 0.8681 
Epoch: [48][6/203] lr: (1x:0.00050, eta: 17:28:28, time: 97.4, Loss: 0.8682 
Epoch: [48][56/203] lr: (1x:0.00050, eta: 17:26:50, time: 98.2, Loss: 0.8687 
Epoch: [48][106/203] lr: (1x:0.00050, eta: 17:26:14, time: 99.1, Loss: 0.8674 
Epoch: [48][156/203] lr: (1x:0.00050, eta: 17:25:32, time: 98.7, Loss: 0.8671 
Epoch: [49][3/203] lr: (1x:0.00050, eta: 17:22:32, time: 97.5, Loss: 0.8670 
Epoch: [49][53/203] lr: (1x:0.00050, eta: 17:20:21, time: 98.1, Loss: 0.8672 
Epoch: [49][103/203] lr: (1x:0.00050, eta: 17:19:03, time: 98.2, Loss: 0.8667 
Epoch: [49][153/203] lr: (1x:0.00050, eta: 17:17:03, time: 98.1, Loss: 0.8665 
Epoch: [49][203/203] lr: (1x:0.00050, eta: 17:14:28, time: 97.0, Loss: 0.8664 
Epoch: [50][50/203] lr: (1x:0.00050, eta: 17:17:05, time: 99.1, Loss: 0.8655 
Epoch: [50][100/203] lr: (1x:0.00050, eta: 17:16:26, time: 98.4, Loss: 0.8657 
Epoch: [50][150/203] lr: (1x:0.00050, eta: 17:14:43, time: 98.1, Loss: 0.8647 
Epoch: [50][200/203] lr: (1x:0.00050, eta: 17:12:15, time: 98.3, Loss: 0.8637 
Epoch: [51][47/203] lr: (1x:0.00050, eta: 17:05:44, time: 97.9, Loss: 0.8634 
Epoch: [51][97/203] lr: (1x:0.00050, eta: 17:04:55, time: 98.3, Loss: 0.8631 
Epoch: [51][147/203] lr: (1x:0.00050, eta: 17:04:07, time: 98.9, Loss: 0.8624 
Epoch: [51][197/203] lr: (1x:0.00050, eta: 17:02:06, time: 97.8, Loss: 0.8615 
Epoch: [52][44/203] lr: (1x:0.00050, eta: 16:59:42, time: 97.6, Loss: 0.8611 
Epoch: [52][94/203] lr: (1x:0.00050, eta: 16:59:14, time: 98.2, Loss: 0.8619 
Epoch: [52][144/203] lr: (1x:0.00050, eta: 16:56:30, time: 98.0, Loss: 0.8615 
Epoch: [52][194/203] lr: (1x:0.00050, eta: 16:54:49, time: 98.3, Loss: 0.8606 
Epoch: [53][41/203] lr: (1x:0.00050, eta: 16:53:11, time: 98.0, Loss: 0.8609 
Epoch: [53][91/203] lr: (1x:0.00050, eta: 16:51:33, time: 98.3, Loss: 0.8605 
Epoch: [53][141/203] lr: (1x:0.00050, eta: 16:50:19, time: 98.3, Loss: 0.8602 
Epoch: [53][191/203] lr: (1x:0.00050, eta: 16:48:25, time: 98.1, Loss: 0.8599 
Epoch: [54][38/203] lr: (1x:0.00050, eta: 16:45:23, time: 97.8, Loss: 0.8595 
Epoch: [54][88/203] lr: (1x:0.00050, eta: 16:44:05, time: 98.2, Loss: 0.8589 
Epoch: [54][138/203] lr: (1x:0.00050, eta: 16:43:29, time: 98.7, Loss: 0.8591 
Epoch: [54][188/203] lr: (1x:0.00050, eta: 16:42:29, time: 98.8, Loss: 0.8589 
Epoch: [55][35/203] lr: (1x:0.00050, eta: 16:41:00, time: 98.9, Loss: 0.8585 
Epoch: [55][85/203] lr: (1x:0.00050, eta: 16:39:46, time: 98.7, Loss: 0.8583 
Epoch: [55][135/203] lr: (1x:0.00050, eta: 16:38:24, time: 98.3, Loss: 0.8571 
Epoch: [55][185/203] lr: (1x:0.00050, eta: 16:37:17, time: 98.8, Loss: 0.8574 
Epoch: [56][32/203] lr: (1x:0.00050, eta: 16:35:43, time: 98.3, Loss: 0.8572 
Epoch: [56][82/203] lr: (1x:0.00050, eta: 16:34:45, time: 98.8, Loss: 0.8574 
Epoch: [56][132/203] lr: (1x:0.00050, eta: 16:33:38, time: 98.4, Loss: 0.8567 
Epoch: [56][182/203] lr: (1x:0.00050, eta: 16:31:33, time: 97.7, Loss: 0.8564 
Epoch: [57][29/203] lr: (1x:0.00050, eta: 16:30:29, time: 98.1, Loss: 0.8552 
Epoch: [57][79/203] lr: (1x:0.00050, eta: 16:28:43, time: 98.7, Loss: 0.8539 
Epoch: [57][129/203] lr: (1x:0.00050, eta: 16:26:14, time: 98.0, Loss: 0.8542 
Epoch: [57][179/203] lr: (1x:0.00050, eta: 16:23:54, time: 98.0, Loss: 0.8538 
Epoch: [58][26/203] lr: (1x:0.00050, eta: 16:20:47, time: 98.6, Loss: 0.8546 
Epoch: [58][76/203] lr: (1x:0.00050, eta: 16:19:07, time: 98.8, Loss: 0.8539 
Epoch: [58][126/203] lr: (1x:0.00050, eta: 16:17:38, time: 98.4, Loss: 0.8538 
Epoch: [58][176/203] lr: (1x:0.00050, eta: 16:15:28, time: 98.2, Loss: 0.8527 
Epoch: [59][23/203] lr: (1x:0.00050, eta: 16:12:41, time: 97.7, Loss: 0.8532 
Epoch: [59][73/203] lr: (1x:0.00050, eta: 16:11:33, time: 98.2, Loss: 0.8536 
Epoch: [59][123/203] lr: (1x:0.00050, eta: 16:10:27, time: 98.6, Loss: 0.8536 
Epoch: [59][173/203] lr: (1x:0.00050, eta: 16:08:26, time: 98.3, Loss: 0.8536 
Epoch: [60][20/203] lr: (1x:0.00050, eta: 16:06:54, time: 98.2, Loss: 0.8524 
Epoch: [60][70/203] lr: (1x:0.00050, eta: 16:06:11, time: 99.0, Loss: 0.8524 
Epoch: [60][120/203] lr: (1x:0.00050, eta: 16:04:44, time: 98.7, Loss: 0.8513 
Epoch: [60][170/203] lr: (1x:0.00050, eta: 16:02:30, time: 98.2, Loss: 0.8510 
Epoch: [61][17/203] lr: (1x:0.00050, eta: 15:59:19, time: 97.1, Loss: 0.8515 
Epoch: [61][67/203] lr: (1x:0.00050, eta: 15:58:05, time: 98.6, Loss: 0.8511 
Epoch: [61][117/203] lr: (1x:0.00050, eta: 15:56:48, time: 98.1, Loss: 0.8507 
Epoch: [61][167/203] lr: (1x:0.00050, eta: 15:55:15, time: 98.3, Loss: 0.8500 
Epoch: [62][14/203] lr: (1x:0.00050, eta: 15:53:03, time: 98.3, Loss: 0.8495 
Epoch: [62][64/203] lr: (1x:0.00050, eta: 15:51:32, time: 98.4, Loss: 0.8494 
Epoch: [62][114/203] lr: (1x:0.00050, eta: 15:49:32, time: 97.8, Loss: 0.8494 
Epoch: [62][164/203] lr: (1x:0.00050, eta: 15:47:33, time: 98.6, Loss: 0.8484 
Epoch: [63][11/203] lr: (1x:0.00050, eta: 15:44:08, time: 97.0, Loss: 0.8489 
Epoch: [63][61/203] lr: (1x:0.00050, eta: 15:42:42, time: 98.4, Loss: 0.8485 
Epoch: [63][111/203] lr: (1x:0.00050, eta: 15:41:55, time: 98.0, Loss: 0.8472 
Epoch: [63][161/203] lr: (1x:0.00050, eta: 15:39:48, time: 98.1, Loss: 0.8479 
Epoch: [64][8/203] lr: (1x:0.00050, eta: 15:38:01, time: 98.0, Loss: 0.8475 
Epoch: [64][58/203] lr: (1x:0.00050, eta: 15:36:13, time: 98.1, Loss: 0.8471 
Epoch: [64][108/203] lr: (1x:0.00050, eta: 15:34:19, time: 98.0, Loss: 0.8475 
Epoch: [64][158/203] lr: (1x:0.00050, eta: 15:33:01, time: 98.8, Loss: 0.8479 
Epoch: [65][5/203] lr: (1x:0.00050, eta: 15:31:19, time: 97.8, Loss: 0.8474 
Epoch: [65][55/203] lr: (1x:0.00050, eta: 15:30:03, time: 99.0, Loss: 0.8470 
Epoch: [65][105/203] lr: (1x:0.00050, eta: 15:29:38, time: 98.3, Loss: 0.8458 
Epoch: [65][155/203] lr: (1x:0.00050, eta: 15:27:52, time: 98.2, Loss: 0.8459 
Epoch: [66][2/203] lr: (1x:0.00050, eta: 15:25:37, time: 97.6, Loss: 0.8467 
Epoch: [66][52/203] lr: (1x:0.00050, eta: 15:24:13, time: 98.4, Loss: 0.8460 
Epoch: [66][102/203] lr: (1x:0.00050, eta: 15:22:30, time: 97.9, Loss: 0.8447 
Epoch: [66][152/203] lr: (1x:0.00050, eta: 15:20:27, time: 97.7, Loss: 0.8449 
Epoch: [66][202/203] lr: (1x:0.00050, eta: 15:18:57, time: 98.2, Loss: 0.8444 
Epoch: [67][49/203] lr: (1x:0.00050, eta: 15:15:38, time: 97.8, Loss: 0.8435 
Epoch: [67][99/203] lr: (1x:0.00050, eta: 15:15:03, time: 99.0, Loss: 0.8437 
Epoch: [67][149/203] lr: (1x:0.00050, eta: 15:12:40, time: 98.2, Loss: 0.8431 
Epoch: [67][199/203] lr: (1x:0.00050, eta: 15:11:30, time: 98.9, Loss: 0.8439 
Epoch: [68][46/203] lr: (1x:0.00050, eta: 15:09:42, time: 98.2, Loss: 0.8425 
Epoch: [68][96/203] lr: (1x:0.00050, eta: 15:09:00, time: 98.6, Loss: 0.8422 
Epoch: [68][146/203] lr: (1x:0.00050, eta: 15:07:14, time: 98.2, Loss: 0.8417 
Epoch: [68][196/203] lr: (1x:0.00050, eta: 15:06:17, time: 98.7, Loss: 0.8424 
Epoch: [69][43/203] lr: (1x:0.00050, eta: 15:04:37, time: 98.3, Loss: 0.8424 
Epoch: [69][93/203] lr: (1x:0.00050, eta: 15:03:13, time: 98.5, Loss: 0.8412 
Epoch: [69][143/203] lr: (1x:0.00050, eta: 15:02:00, time: 98.3, Loss: 0.8409 
Epoch: [69][193/203] lr: (1x:0.00050, eta: 15:00:12, time: 98.8, Loss: 0.8411 
Epoch: [70][40/203] lr: (1x:0.00050, eta: 14:59:08, time: 97.6, Loss: 0.8416 
Epoch: [70][90/203] lr: (1x:0.00050, eta: 14:57:22, time: 98.7, Loss: 0.8409 
Epoch: [70][140/203] lr: (1x:0.00050, eta: 14:55:54, time: 98.4, Loss: 0.8408 
Epoch: [70][190/203] lr: (1x:0.00050, eta: 14:54:04, time: 98.4, Loss: 0.8406 
Epoch: [71][37/203] lr: (1x:0.00050, eta: 14:52:02, time: 98.0, Loss: 0.8401 
Epoch: [71][87/203] lr: (1x:0.00050, eta: 14:50:48, time: 99.1, Loss: 0.8402 
Epoch: [71][137/203] lr: (1x:0.00050, eta: 14:49:27, time: 98.6, Loss: 0.8392 
Epoch: [71][187/203] lr: (1x:0.00050, eta: 14:48:05, time: 98.8, Loss: 0.8396 
Epoch: [72][34/203] lr: (1x:0.00050, eta: 14:44:38, time: 98.0, Loss: 0.8396 
Epoch: [72][84/203] lr: (1x:0.00050, eta: 14:42:58, time: 98.8, Loss: 0.8395 
Epoch: [72][134/203] lr: (1x:0.00050, eta: 14:42:40, time: 99.1, Loss: 0.8385 
Epoch: [72][184/203] lr: (1x:0.00050, eta: 14:40:57, time: 98.6, Loss: 0.8384 
Epoch: [73][31/203] lr: (1x:0.00050, eta: 14:38:20, time: 97.5, Loss: 0.8382 
Epoch: [73][81/203] lr: (1x:0.00050, eta: 14:36:40, time: 98.4, Loss: 0.8378 
Epoch: [73][131/203] lr: (1x:0.00050, eta: 14:35:44, time: 98.8, Loss: 0.8376 
Epoch: [73][181/203] lr: (1x:0.00050, eta: 14:34:09, time: 99.2, Loss: 0.8367 
Epoch: [74][28/203] lr: (1x:0.00050, eta: 14:31:32, time: 98.0, Loss: 0.8373 
Epoch: [74][78/203] lr: (1x:0.00050, eta: 14:29:36, time: 98.4, Loss: 0.8367 
Epoch: [74][128/203] lr: (1x:0.00050, eta: 14:28:42, time: 98.9, Loss: 0.8358 
Epoch: [74][178/203] lr: (1x:0.00050, eta: 14:27:33, time: 99.3, Loss: 0.8355 
Epoch: [75][25/203] lr: (1x:0.00050, eta: 14:25:06, time: 98.4, Loss: 0.8364 
Epoch: [75][75/203] lr: (1x:0.00050, eta: 14:23:31, time: 98.7, Loss: 0.8352 
Epoch: [75][125/203] lr: (1x:0.00050, eta: 14:23:01, time: 98.8, Loss: 0.8363 
Epoch: [75][175/203] lr: (1x:0.00050, eta: 14:21:11, time: 98.1, Loss: 0.8349 
Epoch: [76][22/203] lr: (1x:0.00050, eta: 14:19:14, time: 98.0, Loss: 0.8350 
Epoch: [76][72/203] lr: (1x:0.00050, eta: 14:17:01, time: 98.5, Loss: 0.8350 
Epoch: [76][122/203] lr: (1x:0.00050, eta: 14:16:12, time: 99.0, Loss: 0.8347 
Epoch: [76][172/203] lr: (1x:0.00050, eta: 14:14:32, time: 98.4, Loss: 0.8345 
Epoch: [77][19/203] lr: (1x:0.00050, eta: 14:11:13, time: 97.9, Loss: 0.8350 
Epoch: [77][69/203] lr: (1x:0.00050, eta: 14:08:55, time: 98.5, Loss: 0.8348 
Epoch: [77][119/203] lr: (1x:0.00050, eta: 14:07:35, time: 98.8, Loss: 0.8350 
Epoch: [77][169/203] lr: (1x:0.00050, eta: 14:06:35, time: 99.5, Loss: 0.8346 
Epoch: [78][16/203] lr: (1x:0.00050, eta: 14:03:54, time: 97.7, Loss: 0.8331 
Epoch: [78][66/203] lr: (1x:0.00050, eta: 14:02:34, time: 98.5, Loss: 0.8334 
Epoch: [78][116/203] lr: (1x:0.00050, eta: 14:01:09, time: 98.3, Loss: 0.8322 
Epoch: [78][166/203] lr: (1x:0.00050, eta: 13:59:57, time: 99.1, Loss: 0.8321 
Epoch: [79][13/203] lr: (1x:0.00050, eta: 13:57:12, time: 98.0, Loss: 0.8321 
Epoch: [79][63/203] lr: (1x:0.00050, eta: 13:56:20, time: 99.3, Loss: 0.8320 
Epoch: [79][113/203] lr: (1x:0.00050, eta: 13:55:10, time: 98.5, Loss: 0.8310 
Epoch: [79][163/203] lr: (1x:0.00050, eta: 13:53:34, time: 98.6, Loss: 0.8302 
Epoch: [80][10/203] lr: (1x:0.00050, eta: 13:50:58, time: 98.0, Loss: 0.8304 
Epoch: [80][60/203] lr: (1x:0.00050, eta: 13:48:34, time: 98.5, Loss: 0.8318 
Epoch: [80][110/203] lr: (1x:0.00050, eta: 13:47:31, time: 98.4, Loss: 0.8313 
Epoch: [80][160/203] lr: (1x:0.00050, eta: 13:46:16, time: 99.0, Loss: 0.8301 
Epoch: [81][7/203] lr: (1x:0.00050, eta: 13:43:28, time: 97.2, Loss: 0.8305 
Epoch: [81][57/203] lr: (1x:0.00050, eta: 13:41:10, time: 98.2, Loss: 0.8298 
Epoch: [81][107/203] lr: (1x:0.00050, eta: 13:40:17, time: 98.9, Loss: 0.8293 
Epoch: [81][157/203] lr: (1x:0.00050, eta: 13:37:15, time: 97.6, Loss: 0.8294 
Epoch: [82][4/203] lr: (1x:0.00050, eta: 13:34:18, time: 97.4, Loss: 0.8295 
Epoch: [82][54/203] lr: (1x:0.00050, eta: 13:32:58, time: 99.0, Loss: 0.8289 
Epoch: [82][104/203] lr: (1x:0.00050, eta: 13:32:09, time: 99.0, Loss: 0.8281 
Epoch: [82][154/203] lr: (1x:0.00050, eta: 13:30:45, time: 98.9, Loss: 0.8274 
Epoch: [83][1/203] lr: (1x:0.00050, eta: 13:28:43, time: 97.9, Loss: 0.8277 
Epoch: [83][51/203] lr: (1x:0.00050, eta: 13:26:53, time: 98.7, Loss: 0.8286 
Epoch: [83][101/203] lr: (1x:0.00050, eta: 13:26:46, time: 99.2, Loss: 0.8288 
Epoch: [83][151/203] lr: (1x:0.00050, eta: 13:25:45, time: 99.0, Loss: 0.8289 
Epoch: [83][201/203] lr: (1x:0.00050, eta: 13:23:57, time: 98.7, Loss: 0.8283 
Epoch: [84][48/203] lr: (1x:0.00050, eta: 13:22:29, time: 98.3, Loss: 0.8277 
Epoch: [84][98/203] lr: (1x:0.00050, eta: 13:21:28, time: 98.2, Loss: 0.8273 
Epoch: [84][148/203] lr: (1x:0.00050, eta: 13:19:22, time: 98.4, Loss: 0.8277 
Epoch: [84][198/203] lr: (1x:0.00050, eta: 13:17:44, time: 99.0, Loss: 0.8271 
Epoch: [85][45/203] lr: (1x:0.00050, eta: 13:14:38, time: 97.4, Loss: 0.8264 
Epoch: [85][95/203] lr: (1x:0.00050, eta: 13:13:14, time: 98.3, Loss: 0.8270 
Epoch: [85][145/203] lr: (1x:0.00050, eta: 13:11:23, time: 98.5, Loss: 0.8266 
Epoch: [85][195/203] lr: (1x:0.00050, eta: 13:09:02, time: 98.2, Loss: 0.8257 
Epoch: [86][42/203] lr: (1x:0.00050, eta: 13:06:27, time: 98.2, Loss: 0.8245 
Epoch: [86][92/203] lr: (1x:0.00050, eta: 13:04:29, time: 98.3, Loss: 0.8240 
Epoch: [86][142/203] lr: (1x:0.00050, eta: 13:02:35, time: 98.0, Loss: 0.8240 
Epoch: [86][192/203] lr: (1x:0.00050, eta: 13:00:44, time: 97.9, Loss: 0.8251 
Epoch: [87][39/203] lr: (1x:0.00050, eta: 12:58:07, time: 97.4, Loss: 0.8249 
Epoch: [87][89/203] lr: (1x:0.00050, eta: 12:56:35, time: 99.1, Loss: 0.8252 
Epoch: [87][139/203] lr: (1x:0.00050, eta: 12:55:47, time: 98.5, Loss: 0.8248 
Epoch: [87][189/203] lr: (1x:0.00050, eta: 12:54:06, time: 98.2, Loss: 0.8239 
Epoch: [88][36/203] lr: (1x:0.00050, eta: 12:52:32, time: 98.5, Loss: 0.8236 
Epoch: [88][86/203] lr: (1x:0.00050, eta: 12:50:54, time: 98.2, Loss: 0.8245 
Epoch: [88][136/203] lr: (1x:0.00050, eta: 12:49:43, time: 98.8, Loss: 0.8253 
Epoch: [88][186/203] lr: (1x:0.00050, eta: 12:48:18, time: 98.6, Loss: 0.8249 
Epoch: [89][33/203] lr: (1x:0.00050, eta: 12:46:11, time: 97.4, Loss: 0.8248 
Epoch: [89][83/203] lr: (1x:0.00050, eta: 12:45:17, time: 98.9, Loss: 0.8234 
Epoch: [89][133/203] lr: (1x:0.00050, eta: 12:44:43, time: 98.8, Loss: 0.8227 
Epoch: [89][183/203] lr: (1x:0.00050, eta: 12:42:38, time: 98.5, Loss: 0.8227 
Epoch: [90][30/203] lr: (1x:0.00050, eta: 12:39:33, time: 97.6, Loss: 0.8221 
Epoch: [90][80/203] lr: (1x:0.00050, eta: 12:38:06, time: 98.4, Loss: 0.8226 
Epoch: [90][130/203] lr: (1x:0.00050, eta: 12:36:25, time: 98.5, Loss: 0.8216 
Epoch: [90][180/203] lr: (1x:0.00050, eta: 12:34:40, time: 98.1, Loss: 0.8209 
Epoch: [91][27/203] lr: (1x:0.00050, eta: 12:32:25, time: 98.3, Loss: 0.8208 
Epoch: [91][77/203] lr: (1x:0.00050, eta: 12:31:05, time: 99.0, Loss: 0.8205 
Epoch: [91][127/203] lr: (1x:0.00050, eta: 12:29:54, time: 98.0, Loss: 0.8201 
Epoch: [91][177/203] lr: (1x:0.00050, eta: 12:28:00, time: 98.5, Loss: 0.8198 
Epoch: [92][24/203] lr: (1x:0.00050, eta: 12:25:29, time: 98.0, Loss: 0.8215 
Epoch: [92][74/203] lr: (1x:0.00050, eta: 12:23:39, time: 98.3, Loss: 0.8204 
Epoch: [92][124/203] lr: (1x:0.00050, eta: 12:22:29, time: 98.2, Loss: 0.8202 
Epoch: [92][174/203] lr: (1x:0.00050, eta: 12:20:47, time: 98.3, Loss: 0.8195 
Epoch: [93][21/203] lr: (1x:0.00050, eta: 12:18:33, time: 97.7, Loss: 0.8203 
Epoch: [93][71/203] lr: (1x:0.00050, eta: 12:17:10, time: 98.4, Loss: 0.8205 
Epoch: [93][121/203] lr: (1x:0.00050, eta: 12:15:27, time: 98.2, Loss: 0.8198 
Epoch: [93][171/203] lr: (1x:0.00050, eta: 12:13:05, time: 98.0, Loss: 0.8201 
Epoch: [94][18/203] lr: (1x:0.00050, eta: 12:10:54, time: 97.8, Loss: 0.8193 
Epoch: [94][68/203] lr: (1x:0.00050, eta: 12:08:59, time: 98.1, Loss: 0.8193 
Epoch: [94][118/203] lr: (1x:0.00050, eta: 12:07:28, time: 98.2, Loss: 0.8175 
Epoch: [94][168/203] lr: (1x:0.00050, eta: 12:06:02, time: 98.5, Loss: 0.8171 
Epoch: [95][15/203] lr: (1x:0.00050, eta: 12:03:06, time: 97.1, Loss: 0.8178 
Epoch: [95][65/203] lr: (1x:0.00050, eta: 12:01:28, time: 98.3, Loss: 0.8170 
Epoch: [95][115/203] lr: (1x:0.00050, eta: 12:00:42, time: 98.9, Loss: 0.8173 
Epoch: [95][165/203] lr: (1x:0.00050, eta: 11:59:00, time: 98.4, Loss: 0.8165 
Epoch: [96][12/203] lr: (1x:0.00050, eta: 11:57:10, time: 98.2, Loss: 0.8167 
Epoch: [96][62/203] lr: (1x:0.00050, eta: 11:55:55, time: 98.6, Loss: 0.8173 
Epoch: [96][112/203] lr: (1x:0.00050, eta: 11:54:50, time: 98.6, Loss: 0.8177 
Epoch: [96][162/203] lr: (1x:0.00050, eta: 11:52:53, time: 97.7, Loss: 0.8171 
Epoch: [97][9/203] lr: (1x:0.00050, eta: 11:51:28, time: 98.7, Loss: 0.8168 
Epoch: [97][59/203] lr: (1x:0.00050, eta: 11:49:47, time: 98.5, Loss: 0.8166 
Epoch: [97][109/203] lr: (1x:0.00050, eta: 11:49:14, time: 98.6, Loss: 0.8166 
Epoch: [97][159/203] lr: (1x:0.00050, eta: 11:47:38, time: 98.4, Loss: 0.8171 
Epoch: [98][6/203] lr: (1x:0.00050, eta: 11:45:20, time: 97.8, Loss: 0.8161 
Epoch: [98][56/203] lr: (1x:0.00050, eta: 11:44:30, time: 99.5, Loss: 0.8145 
Epoch: [98][106/203] lr: (1x:0.00050, eta: 11:43:36, time: 99.3, Loss: 0.8151 
Epoch: [98][156/203] lr: (1x:0.00050, eta: 11:42:06, time: 98.7, Loss: 0.8139 
Epoch: [99][3/203] lr: (1x:0.00050, eta: 11:40:07, time: 97.4, Loss: 0.8143 
Epoch: [99][53/203] lr: (1x:0.00050, eta: 11:39:00, time: 98.4, Loss: 0.8139 
Epoch: [99][103/203] lr: (1x:0.00050, eta: 11:37:33, time: 99.0, Loss: 0.8144 
Epoch: [99][153/203] lr: (1x:0.00050, eta: 11:35:54, time: 98.5, Loss: 0.8142 
Epoch: [99][203/203] lr: (1x:0.00050, eta: 11:32:47, time: 96.4, Loss: 0.8140 
Epoch: [100][50/203] lr: (1x:0.00050, eta: 11:31:14, time: 99.6, Loss: 0.8144 
Epoch: [100][100/203] lr: (1x:0.00050, eta: 11:29:44, time: 98.0, Loss: 0.8150 
Epoch: [100][150/203] lr: (1x:0.00050, eta: 11:27:02, time: 98.0, Loss: 0.8154 
Epoch: [100][200/203] lr: (1x:0.00050, eta: 11:25:00, time: 98.7, Loss: 0.8135 
Epoch: [101][47/203] lr: (1x:0.00050, eta: 11:22:22, time: 98.3, Loss: 0.8137 
Epoch: [101][97/203] lr: (1x:0.00050, eta: 11:21:12, time: 98.1, Loss: 0.8123 
Epoch: [101][147/203] lr: (1x:0.00050, eta: 11:20:02, time: 99.1, Loss: 0.8122 
Epoch: [101][197/203] lr: (1x:0.00050, eta: 11:17:38, time: 97.9, Loss: 0.8119 
Epoch: [102][44/203] lr: (1x:0.00050, eta: 11:14:40, time: 97.2, Loss: 0.8123 
Epoch: [102][94/203] lr: (1x:0.00050, eta: 11:14:43, time: 99.0, Loss: 0.8105 
Epoch: [102][144/203] lr: (1x:0.00050, eta: 11:12:10, time: 98.2, Loss: 0.8100 
Epoch: [102][194/203] lr: (1x:0.00050, eta: 11:10:27, time: 97.9, Loss: 0.8099 
Epoch: [103][41/203] lr: (1x:0.00050, eta: 11:08:58, time: 97.9, Loss: 0.8105 
Epoch: [103][91/203] lr: (1x:0.00050, eta: 11:07:11, time: 98.5, Loss: 0.8108 
Epoch: [103][141/203] lr: (1x:0.00050, eta: 11:06:10, time: 99.2, Loss: 0.8113 
Epoch: [103][191/203] lr: (1x:0.00050, eta: 11:05:01, time: 98.8, Loss: 0.8112 
Epoch: [104][38/203] lr: (1x:0.00050, eta: 11:01:38, time: 97.5, Loss: 0.8120 
Epoch: [104][88/203] lr: (1x:0.00050, eta: 11:00:31, time: 98.7, Loss: 0.8116 
Epoch: [104][138/203] lr: (1x:0.00050, eta: 10:59:06, time: 97.6, Loss: 0.8116 
Epoch: [104][188/203] lr: (1x:0.00050, eta: 10:57:01, time: 98.3, Loss: 0.8113 
Epoch: [105][35/203] lr: (1x:0.00050, eta: 10:55:00, time: 98.3, Loss: 0.8108 
Epoch: [105][85/203] lr: (1x:0.00050, eta: 10:53:58, time: 98.8, Loss: 0.8094 
Epoch: [105][135/203] lr: (1x:0.00050, eta: 10:52:34, time: 98.3, Loss: 0.8094 
Epoch: [105][185/203] lr: (1x:0.00050, eta: 10:50:48, time: 98.3, Loss: 0.8094 
Epoch: [106][32/203] lr: (1x:0.00050, eta: 10:48:44, time: 98.3, Loss: 0.8080 
Epoch: [106][82/203] lr: (1x:0.00050, eta: 10:47:01, time: 98.7, Loss: 0.8074 
Epoch: [106][132/203] lr: (1x:0.00050, eta: 10:45:55, time: 98.3, Loss: 0.8068 
Epoch: [106][182/203] lr: (1x:0.00050, eta: 10:44:29, time: 99.0, Loss: 0.8062 
Epoch: [107][29/203] lr: (1x:0.00050, eta: 10:42:11, time: 97.3, Loss: 0.8061 
Epoch: [107][79/203] lr: (1x:0.00050, eta: 10:40:11, time: 97.7, Loss: 0.8066 
Epoch: [107][129/203] lr: (1x:0.00050, eta: 10:38:57, time: 98.9, Loss: 0.8062 
Epoch: [107][179/203] lr: (1x:0.00050, eta: 10:37:05, time: 98.5, Loss: 0.8067 
Epoch: [108][26/203] lr: (1x:0.00050, eta: 10:35:01, time: 97.9, Loss: 0.8059 
Epoch: [108][76/203] lr: (1x:0.00050, eta: 10:33:28, time: 98.4, Loss: 0.8068 
Epoch: [108][126/203] lr: (1x:0.00050, eta: 10:31:33, time: 97.9, Loss: 0.8076 
Epoch: [108][176/203] lr: (1x:0.00050, eta: 10:29:38, time: 98.3, Loss: 0.8078 
Epoch: [109][23/203] lr: (1x:0.00050, eta: 10:27:29, time: 98.1, Loss: 0.8085 
Epoch: [109][73/203] lr: (1x:0.00050, eta: 10:25:58, time: 99.2, Loss: 0.8080 
Epoch: [109][123/203] lr: (1x:0.00050, eta: 10:25:24, time: 99.1, Loss: 0.8062 
Epoch: [109][173/203] lr: (1x:0.00050, eta: 10:24:10, time: 98.4, Loss: 0.8069 
Epoch: [110][20/203] lr: (1x:0.00050, eta: 10:21:17, time: 97.2, Loss: 0.8070 
Epoch: [110][70/203] lr: (1x:0.00050, eta: 10:19:48, time: 98.7, Loss: 0.8057 
Epoch: [110][120/203] lr: (1x:0.00050, eta: 10:18:27, time: 98.4, Loss: 0.8057 
Epoch: [110][170/203] lr: (1x:0.00050, eta: 10:16:58, time: 98.7, Loss: 0.8041 
Epoch: [111][17/203] lr: (1x:0.00050, eta: 10:14:49, time: 97.5, Loss: 0.8052 
Epoch: [111][67/203] lr: (1x:0.00050, eta: 10:13:14, time: 98.4, Loss: 0.8057 
Epoch: [111][117/203] lr: (1x:0.00050, eta: 10:12:01, time: 98.8, Loss: 0.8039 
Epoch: [111][167/203] lr: (1x:0.00050, eta: 10:09:58, time: 98.5, Loss: 0.8035 
Epoch: [112][14/203] lr: (1x:0.00050, eta: 10:06:55, time: 97.2, Loss: 0.8053 
Epoch: [112][64/203] lr: (1x:0.00050, eta: 10:05:30, time: 98.8, Loss: 0.8044 
Epoch: [112][114/203] lr: (1x:0.00050, eta: 10:04:50, time: 98.8, Loss: 0.8044 
Epoch: [112][164/203] lr: (1x:0.00050, eta: 10:03:07, time: 98.6, Loss: 0.8053 
Epoch: [113][11/203] lr: (1x:0.00050, eta: 10:00:53, time: 97.6, Loss: 0.8056 
Epoch: [113][61/203] lr: (1x:0.00050, eta: 09:58:50, time: 98.0, Loss: 0.8058 
Epoch: [113][111/203] lr: (1x:0.00050, eta: 09:57:54, time: 98.7, Loss: 0.8050 
Epoch: [113][161/203] lr: (1x:0.00050, eta: 09:56:25, time: 98.6, Loss: 0.8032 
Epoch: [114][8/203] lr: (1x:0.00050, eta: 09:53:28, time: 97.3, Loss: 0.8039 
Epoch: [114][58/203] lr: (1x:0.00050, eta: 09:51:23, time: 97.7, Loss: 0.8043 
Epoch: [114][108/203] lr: (1x:0.00050, eta: 09:50:39, time: 98.7, Loss: 0.8032 
Epoch: [114][158/203] lr: (1x:0.00050, eta: 09:48:48, time: 98.4, Loss: 0.8039 
Epoch: [115][5/203] lr: (1x:0.00050, eta: 09:46:30, time: 97.8, Loss: 0.8030 
Epoch: [115][55/203] lr: (1x:0.00050, eta: 09:44:25, time: 97.8, Loss: 0.8027 
Epoch: [115][105/203] lr: (1x:0.00050, eta: 09:43:06, time: 98.2, Loss: 0.8021 
Epoch: [115][155/203] lr: (1x:0.00050, eta: 09:41:45, time: 98.5, Loss: 0.8021 
Epoch: [116][2/203] lr: (1x:0.00050, eta: 09:39:20, time: 97.8, Loss: 0.8014 
Epoch: [116][52/203] lr: (1x:0.00050, eta: 09:37:22, time: 98.0, Loss: 0.8026 
Epoch: [116][102/203] lr: (1x:0.00050, eta: 09:36:53, time: 99.4, Loss: 0.8020 
Epoch: [116][152/203] lr: (1x:0.00050, eta: 09:35:54, time: 98.9, Loss: 0.8024 
Epoch: [116][202/203] lr: (1x:0.00050, eta: 09:33:55, time: 98.1, Loss: 0.8018 
Epoch: [117][49/203] lr: (1x:0.00050, eta: 09:32:14, time: 97.9, Loss: 0.8003 
Epoch: [117][99/203] lr: (1x:0.00050, eta: 09:30:44, time: 98.0, Loss: 0.8002 
Epoch: [117][149/203] lr: (1x:0.00050, eta: 09:29:17, time: 98.1, Loss: 0.8003 
Epoch: [117][199/203] lr: (1x:0.00050, eta: 09:27:44, time: 98.3, Loss: 0.8005 
Epoch: [118][46/203] lr: (1x:0.00050, eta: 09:24:39, time: 97.3, Loss: 0.8001 
Epoch: [118][96/203] lr: (1x:0.00050, eta: 09:23:17, time: 98.3, Loss: 0.7993 
Epoch: [118][146/203] lr: (1x:0.00050, eta: 09:21:46, time: 98.3, Loss: 0.7994 
Epoch: [118][196/203] lr: (1x:0.00050, eta: 09:19:30, time: 98.2, Loss: 0.7994 
Epoch: [119][43/203] lr: (1x:0.00050, eta: 09:17:08, time: 98.2, Loss: 0.7990 
Epoch: [119][93/203] lr: (1x:0.00050, eta: 09:15:41, time: 98.4, Loss: 0.7989 
Epoch: [119][143/203] lr: (1x:0.00050, eta: 09:14:47, time: 99.2, Loss: 0.7992 
Epoch: [119][193/203] lr: (1x:0.00050, eta: 09:13:06, time: 97.9, Loss: 0.7990 
Epoch: [120][40/203] lr: (1x:0.00050, eta: 09:11:16, time: 98.3, Loss: 0.7986 
Epoch: [120][90/203] lr: (1x:0.00050, eta: 09:09:36, time: 98.3, Loss: 0.7978 
Epoch: [120][140/203] lr: (1x:0.00050, eta: 09:08:35, time: 98.4, Loss: 0.7978 
Epoch: [120][190/203] lr: (1x:0.00050, eta: 09:06:27, time: 97.4, Loss: 0.7973 
Epoch: [121][37/203] lr: (1x:0.00050, eta: 09:04:36, time: 98.3, Loss: 0.7968 
Epoch: [121][87/203] lr: (1x:0.00050, eta: 09:03:05, time: 98.4, Loss: 0.7972 
Epoch: [121][137/203] lr: (1x:0.00050, eta: 09:01:16, time: 97.9, Loss: 0.7970 
Epoch: [121][187/203] lr: (1x:0.00050, eta: 09:00:00, time: 99.1, Loss: 0.7965 
Epoch: [122][34/203] lr: (1x:0.00050, eta: 08:57:23, time: 97.8, Loss: 0.7968 
Epoch: [122][84/203] lr: (1x:0.00050, eta: 08:56:09, time: 98.7, Loss: 0.7969 
Epoch: [122][134/203] lr: (1x:0.00050, eta: 08:54:30, time: 98.3, Loss: 0.7970 
Epoch: [122][184/203] lr: (1x:0.00050, eta: 08:52:52, time: 98.3, Loss: 0.7970 
Epoch: [123][31/203] lr: (1x:0.00050, eta: 08:50:41, time: 97.9, Loss: 0.7958 
Epoch: [123][81/203] lr: (1x:0.00050, eta: 08:49:52, time: 99.0, Loss: 0.7966 
Epoch: [123][131/203] lr: (1x:0.00050, eta: 08:48:30, time: 98.8, Loss: 0.7966 
Epoch: [123][181/203] lr: (1x:0.00050, eta: 08:47:02, time: 98.8, Loss: 0.7960 
Epoch: [124][28/203] lr: (1x:0.00050, eta: 08:45:11, time: 97.9, Loss: 0.7957 
Epoch: [124][78/203] lr: (1x:0.00050, eta: 08:43:16, time: 98.6, Loss: 0.7961 
Epoch: [124][128/203] lr: (1x:0.00050, eta: 08:41:56, time: 98.4, Loss: 0.7961 
Epoch: [124][178/203] lr: (1x:0.00050, eta: 08:40:22, time: 98.9, Loss: 0.7957 
Epoch: [125][25/203] lr: (1x:0.00050, eta: 08:38:19, time: 97.8, Loss: 0.7951 
Epoch: [125][75/203] lr: (1x:0.00050, eta: 08:36:47, time: 98.5, Loss: 0.7953 
Epoch: [125][125/203] lr: (1x:0.00050, eta: 08:35:34, time: 98.7, Loss: 0.7956 
Epoch: [125][175/203] lr: (1x:0.00050, eta: 08:33:45, time: 98.6, Loss: 0.7951 
Epoch: [126][22/203] lr: (1x:0.00050, eta: 08:31:05, time: 97.6, Loss: 0.7949 
Epoch: [126][72/203] lr: (1x:0.00050, eta: 08:29:22, time: 98.6, Loss: 0.7942 
Epoch: [126][122/203] lr: (1x:0.00050, eta: 08:27:54, time: 98.2, Loss: 0.7938 
Epoch: [126][172/203] lr: (1x:0.00050, eta: 08:25:48, time: 97.7, Loss: 0.7937 
Epoch: [127][19/203] lr: (1x:0.00050, eta: 08:23:24, time: 97.3, Loss: 0.7934 
Epoch: [127][69/203] lr: (1x:0.00050, eta: 08:21:26, time: 98.2, Loss: 0.7926 
Epoch: [127][119/203] lr: (1x:0.00050, eta: 08:20:13, time: 98.6, Loss: 0.7927 
Epoch: [127][169/203] lr: (1x:0.00050, eta: 08:18:58, time: 99.3, Loss: 0.7933 
Epoch: [128][16/203] lr: (1x:0.00050, eta: 08:16:34, time: 97.7, Loss: 0.7937 
Epoch: [128][66/203] lr: (1x:0.00050, eta: 08:14:37, time: 98.0, Loss: 0.7940 
Epoch: [128][116/203] lr: (1x:0.00050, eta: 08:13:27, time: 98.6, Loss: 0.7930 
Epoch: [128][166/203] lr: (1x:0.00050, eta: 08:11:53, time: 98.8, Loss: 0.7934 
Epoch: [129][13/203] lr: (1x:0.00050, eta: 08:09:47, time: 97.7, Loss: 0.7928 
Epoch: [129][63/203] lr: (1x:0.00050, eta: 08:08:18, time: 98.0, Loss: 0.7923 
Epoch: [129][113/203] lr: (1x:0.00050, eta: 08:07:20, time: 98.7, Loss: 0.7919 
Epoch: [129][163/203] lr: (1x:0.00050, eta: 08:05:50, time: 98.5, Loss: 0.7925 
Epoch: [130][10/203] lr: (1x:0.00050, eta: 08:03:39, time: 98.2, Loss: 0.7930 
Epoch: [130][60/203] lr: (1x:0.00050, eta: 08:01:30, time: 98.2, Loss: 0.7916 
Epoch: [130][110/203] lr: (1x:0.00050, eta: 08:00:24, time: 98.8, Loss: 0.7909 
Epoch: [130][160/203] lr: (1x:0.00050, eta: 07:58:46, time: 98.0, Loss: 0.7903 
Epoch: [131][7/203] lr: (1x:0.00050, eta: 07:56:37, time: 98.2, Loss: 0.7911 
Epoch: [131][57/203] lr: (1x:0.00050, eta: 07:55:10, time: 99.2, Loss: 0.7919 
Epoch: [131][107/203] lr: (1x:0.00050, eta: 07:53:51, time: 98.4, Loss: 0.7917 
Epoch: [131][157/203] lr: (1x:0.00050, eta: 07:52:24, time: 98.4, Loss: 0.7919 
Epoch: [132][4/203] lr: (1x:0.00050, eta: 07:50:21, time: 98.0, Loss: 0.7913 
Epoch: [132][54/203] lr: (1x:0.00050, eta: 07:48:58, time: 99.0, Loss: 0.7918 
Epoch: [132][104/203] lr: (1x:0.00050, eta: 07:47:35, time: 98.7, Loss: 0.7907 
Epoch: [132][154/203] lr: (1x:0.00050, eta: 07:46:02, time: 98.4, Loss: 0.7905 
Epoch: [133][1/203] lr: (1x:0.00050, eta: 07:43:48, time: 97.7, Loss: 0.7906 
Epoch: [133][51/203] lr: (1x:0.00050, eta: 07:42:21, time: 98.5, Loss: 0.7908 
Epoch: [133][101/203] lr: (1x:0.00050, eta: 07:40:52, time: 98.5, Loss: 0.7905 
Epoch: [133][151/203] lr: (1x:0.00050, eta: 07:38:36, time: 97.7, Loss: 0.7885 
Epoch: [133][201/203] lr: (1x:0.00050, eta: 07:36:48, time: 98.1, Loss: 0.7890 
Epoch: [134][48/203] lr: (1x:0.00050, eta: 07:34:35, time: 98.0, Loss: 0.7888 
Epoch: [134][98/203] lr: (1x:0.00050, eta: 07:33:20, time: 98.8, Loss: 0.7892 
Epoch: [134][148/203] lr: (1x:0.00050, eta: 07:31:23, time: 98.3, Loss: 0.7882 
Epoch: [134][198/203] lr: (1x:0.00050, eta: 07:29:54, time: 99.1, Loss: 0.7883 
Epoch: [135][45/203] lr: (1x:0.00050, eta: 07:27:30, time: 97.4, Loss: 0.7888 
Epoch: [135][95/203] lr: (1x:0.00050, eta: 07:26:23, time: 98.9, Loss: 0.7892 
Epoch: [135][145/203] lr: (1x:0.00050, eta: 07:24:33, time: 98.0, Loss: 0.7881 
Epoch: [135][195/203] lr: (1x:0.00050, eta: 07:22:41, time: 98.0, Loss: 0.7874 
Epoch: [136][42/203] lr: (1x:0.00050, eta: 07:20:48, time: 97.9, Loss: 0.7871 
Epoch: [136][92/203] lr: (1x:0.00050, eta: 07:19:17, time: 98.3, Loss: 0.7872 
Epoch: [136][142/203] lr: (1x:0.00050, eta: 07:18:07, time: 99.1, Loss: 0.7874 
Epoch: [136][192/203] lr: (1x:0.00050, eta: 07:16:45, time: 99.4, Loss: 0.7869 
Epoch: [137][39/203] lr: (1x:0.00050, eta: 07:14:44, time: 98.1, Loss: 0.7867 
Epoch: [137][89/203] lr: (1x:0.00050, eta: 07:12:50, time: 98.5, Loss: 0.7869 
Epoch: [137][139/203] lr: (1x:0.00050, eta: 07:11:49, time: 98.8, Loss: 0.7859 
Epoch: [137][189/203] lr: (1x:0.00050, eta: 07:09:34, time: 97.5, Loss: 0.7857 
Epoch: [138][36/203] lr: (1x:0.00050, eta: 07:07:39, time: 97.9, Loss: 0.7859 
Epoch: [138][86/203] lr: (1x:0.00050, eta: 07:05:53, time: 97.7, Loss: 0.7865 
Epoch: [138][136/203] lr: (1x:0.00050, eta: 07:04:37, time: 98.8, Loss: 0.7871 
Epoch: [138][186/203] lr: (1x:0.00050, eta: 07:03:02, time: 98.5, Loss: 0.7869 
Epoch: [139][33/203] lr: (1x:0.00050, eta: 07:00:36, time: 97.4, Loss: 0.7859 
Epoch: [139][83/203] lr: (1x:0.00050, eta: 06:58:32, time: 98.4, Loss: 0.7862 
Epoch: [139][133/203] lr: (1x:0.00050, eta: 06:56:57, time: 98.2, Loss: 0.7863 
Epoch: [139][183/203] lr: (1x:0.00050, eta: 06:55:12, time: 98.2, Loss: 0.7857 
Epoch: [140][30/203] lr: (1x:0.00050, eta: 06:52:45, time: 97.8, Loss: 0.7862 
Epoch: [140][80/203] lr: (1x:0.00050, eta: 06:51:30, time: 98.4, Loss: 0.7853 
Epoch: [140][130/203] lr: (1x:0.00050, eta: 06:50:06, time: 98.4, Loss: 0.7858 
Epoch: [140][180/203] lr: (1x:0.00050, eta: 06:48:36, time: 98.0, Loss: 0.7854 
Epoch: [141][27/203] lr: (1x:0.00050, eta: 06:46:14, time: 97.8, Loss: 0.7851 
Epoch: [141][77/203] lr: (1x:0.00050, eta: 06:44:37, time: 98.5, Loss: 0.7850 
Epoch: [141][127/203] lr: (1x:0.00050, eta: 06:43:15, time: 98.1, Loss: 0.7844 
Epoch: [141][177/203] lr: (1x:0.00050, eta: 06:41:42, time: 98.6, Loss: 0.7839 
Epoch: [142][24/203] lr: (1x:0.00050, eta: 06:39:19, time: 97.2, Loss: 0.7843 
Epoch: [142][74/203] lr: (1x:0.00050, eta: 06:37:50, time: 98.6, Loss: 0.7833 
Epoch: [142][124/203] lr: (1x:0.00050, eta: 06:36:16, time: 98.0, Loss: 0.7835 
Epoch: [142][174/203] lr: (1x:0.00050, eta: 06:34:36, time: 98.4, Loss: 0.7837 
Epoch: [143][21/203] lr: (1x:0.00050, eta: 06:32:30, time: 97.5, Loss: 0.7832 
Epoch: [143][71/203] lr: (1x:0.00050, eta: 06:31:14, time: 99.0, Loss: 0.7825 
Epoch: [143][121/203] lr: (1x:0.00050, eta: 06:29:44, time: 98.1, Loss: 0.7822 
Epoch: [143][171/203] lr: (1x:0.00050, eta: 06:28:13, time: 98.8, Loss: 0.7821 
Epoch: [144][18/203] lr: (1x:0.00050, eta: 06:26:07, time: 97.4, Loss: 0.7830 
Epoch: [144][68/203] lr: (1x:0.00050, eta: 06:24:22, time: 98.3, Loss: 0.7829 
Epoch: [144][118/203] lr: (1x:0.00050, eta: 06:23:24, time: 99.0, Loss: 0.7820 
Epoch: [144][168/203] lr: (1x:0.00050, eta: 06:21:32, time: 98.0, Loss: 0.7828 
Epoch: [145][15/203] lr: (1x:0.00050, eta: 06:19:31, time: 97.8, Loss: 0.7819 
Epoch: [145][65/203] lr: (1x:0.00050, eta: 06:18:04, time: 98.9, Loss: 0.7818 
Epoch: [145][115/203] lr: (1x:0.00050, eta: 06:16:58, time: 99.0, Loss: 0.7816 
Epoch: [145][165/203] lr: (1x:0.00050, eta: 06:15:01, time: 98.1, Loss: 0.7820 
Epoch: [146][12/203] lr: (1x:0.00050, eta: 06:12:53, time: 97.3, Loss: 0.7820 
Epoch: [146][62/203] lr: (1x:0.00050, eta: 06:11:16, time: 98.9, Loss: 0.7818 
Epoch: [146][112/203] lr: (1x:0.00050, eta: 06:09:56, time: 98.2, Loss: 0.7825 
Epoch: [146][162/203] lr: (1x:0.00050, eta: 06:08:17, time: 98.3, Loss: 0.7816 
Epoch: [147][9/203] lr: (1x:0.00050, eta: 06:05:58, time: 97.9, Loss: 0.7809 
Epoch: [147][59/203] lr: (1x:0.00050, eta: 06:04:35, time: 98.7, Loss: 0.7800 
Epoch: [147][109/203] lr: (1x:0.00050, eta: 06:03:28, time: 99.3, Loss: 0.7804 
Epoch: [147][159/203] lr: (1x:0.00050, eta: 06:01:38, time: 98.4, Loss: 0.7795 
Epoch: [148][6/203] lr: (1x:0.00050, eta: 05:59:19, time: 98.0, Loss: 0.7800 
Epoch: [148][56/203] lr: (1x:0.00050, eta: 05:57:50, time: 98.5, Loss: 0.7791 
Epoch: [148][106/203] lr: (1x:0.00050, eta: 05:56:33, time: 98.4, Loss: 0.7785 
Epoch: [148][156/203] lr: (1x:0.00050, eta: 05:54:46, time: 98.5, Loss: 0.7789 
Epoch: [149][3/203] lr: (1x:0.00050, eta: 05:52:35, time: 97.4, Loss: 0.7775 
Epoch: [149][53/203] lr: (1x:0.00050, eta: 05:51:07, time: 98.8, Loss: 0.7787 
Epoch: [149][103/203] lr: (1x:0.00050, eta: 05:49:41, time: 98.5, Loss: 0.7800 
Epoch: [149][153/203] lr: (1x:0.00050, eta: 05:47:59, time: 98.5, Loss: 0.7804 
Epoch: [149][203/203] lr: (1x:0.00050, eta: 05:45:27, time: 96.6, Loss: 0.7790 
Epoch: [150][50/203] lr: (1x:0.00050, eta: 05:44:33, time: 100.0, Loss: 0.7792 
Epoch: [150][100/203] lr: (1x:0.00050, eta: 05:42:55, time: 98.0, Loss: 0.7784 
Epoch: [150][150/203] lr: (1x:0.00050, eta: 05:41:05, time: 98.0, Loss: 0.7781 
Epoch: [150][200/203] lr: (1x:0.00050, eta: 05:39:20, time: 98.0, Loss: 0.7796 
Epoch: [151][47/203] lr: (1x:0.00050, eta: 05:36:38, time: 97.4, Loss: 0.7789 
Epoch: [151][97/203] lr: (1x:0.00050, eta: 05:35:37, time: 99.3, Loss: 0.7789 
Epoch: [151][147/203] lr: (1x:0.00050, eta: 05:33:45, time: 98.1, Loss: 0.7781 
Epoch: [151][197/203] lr: (1x:0.00050, eta: 05:32:10, time: 98.7, Loss: 0.7773 
Epoch: [152][44/203] lr: (1x:0.00050, eta: 05:30:02, time: 97.8, Loss: 0.7772 
Epoch: [152][94/203] lr: (1x:0.00050, eta: 05:28:57, time: 98.4, Loss: 0.7774 
Epoch: [152][144/203] lr: (1x:0.00050, eta: 05:26:44, time: 98.2, Loss: 0.7773 
Epoch: [152][194/203] lr: (1x:0.00050, eta: 05:25:26, time: 99.1, Loss: 0.7775 
Epoch: [153][41/203] lr: (1x:0.00050, eta: 05:23:27, time: 97.6, Loss: 0.7785 
Epoch: [153][91/203] lr: (1x:0.00050, eta: 05:22:05, time: 98.9, Loss: 0.7775 
Epoch: [153][141/203] lr: (1x:0.00050, eta: 05:20:52, time: 98.7, Loss: 0.7776 
Epoch: [153][191/203] lr: (1x:0.00050, eta: 05:19:15, time: 99.3, Loss: 0.7769 
Epoch: [154][38/203] lr: (1x:0.00050, eta: 05:17:25, time: 98.4, Loss: 0.7749 
Epoch: [154][88/203] lr: (1x:0.00050, eta: 05:15:44, time: 98.5, Loss: 0.7755 
Epoch: [154][138/203] lr: (1x:0.00050, eta: 05:14:20, time: 98.6, Loss: 0.7755 
Epoch: [154][188/203] lr: (1x:0.00050, eta: 05:12:48, time: 98.8, Loss: 0.7764 
Epoch: [155][35/203] lr: (1x:0.00050, eta: 05:10:46, time: 97.6, Loss: 0.7763 
Epoch: [155][85/203] lr: (1x:0.00050, eta: 05:08:54, time: 98.3, Loss: 0.7755 
Epoch: [155][135/203] lr: (1x:0.00050, eta: 05:07:36, time: 98.7, Loss: 0.7748 
Epoch: [155][185/203] lr: (1x:0.00050, eta: 05:05:48, time: 98.4, Loss: 0.7744 
Epoch: [156][32/203] lr: (1x:0.00050, eta: 05:03:45, time: 97.8, Loss: 0.7729 
Epoch: [156][82/203] lr: (1x:0.00050, eta: 05:01:52, time: 98.5, Loss: 0.7739 
Epoch: [156][132/203] lr: (1x:0.00050, eta: 05:00:23, time: 98.9, Loss: 0.7756 
Epoch: [156][182/203] lr: (1x:0.00050, eta: 04:58:39, time: 98.2, Loss: 0.7752 
Epoch: [157][29/203] lr: (1x:0.00050, eta: 04:56:22, time: 97.6, Loss: 0.7744 
Epoch: [157][79/203] lr: (1x:0.00050, eta: 04:54:38, time: 98.4, Loss: 0.7740 
Epoch: [157][129/203] lr: (1x:0.00050, eta: 04:53:17, time: 98.6, Loss: 0.7740 
Epoch: [157][179/203] lr: (1x:0.00050, eta: 04:51:35, time: 98.1, Loss: 0.7739 
Epoch: [158][26/203] lr: (1x:0.00050, eta: 04:49:21, time: 97.9, Loss: 0.7741 
Epoch: [158][76/203] lr: (1x:0.00050, eta: 04:47:43, time: 98.4, Loss: 0.7746 
Epoch: [158][126/203] lr: (1x:0.00050, eta: 04:46:19, time: 98.6, Loss: 0.7745 
Epoch: [158][176/203] lr: (1x:0.00050, eta: 04:44:47, time: 98.9, Loss: 0.7735 
Epoch: [159][23/203] lr: (1x:0.00050, eta: 04:42:52, time: 98.0, Loss: 0.7741 
Epoch: [159][73/203] lr: (1x:0.00050, eta: 04:41:16, time: 98.4, Loss: 0.7736 
Epoch: [159][123/203] lr: (1x:0.00050, eta: 04:39:42, time: 97.9, Loss: 0.7735 
Epoch: [159][173/203] lr: (1x:0.00050, eta: 04:38:06, time: 98.6, Loss: 0.7734 
Epoch: [160][20/203] lr: (1x:0.00015, eta: 04:35:49, time: 97.6, Loss: 0.7730 
Epoch: [160][70/203] lr: (1x:0.00015, eta: 04:34:22, time: 98.7, Loss: 0.7732 
Epoch: [160][120/203] lr: (1x:0.00015, eta: 04:32:55, time: 98.6, Loss: 0.7726 
Epoch: [160][170/203] lr: (1x:0.00015, eta: 04:31:06, time: 97.8, Loss: 0.7720 
Epoch: [161][17/203] lr: (1x:0.00015, eta: 04:29:07, time: 98.5, Loss: 0.7726 
Epoch: [161][67/203] lr: (1x:0.00015, eta: 04:27:23, time: 98.5, Loss: 0.7725 
Epoch: [161][117/203] lr: (1x:0.00015, eta: 04:25:48, time: 98.2, Loss: 0.7721 
Epoch: [161][167/203] lr: (1x:0.00015, eta: 04:24:04, time: 98.0, Loss: 0.7715 
Epoch: [162][14/203] lr: (1x:0.00015, eta: 04:22:01, time: 97.4, Loss: 0.7712 
Epoch: [162][64/203] lr: (1x:0.00015, eta: 04:20:26, time: 98.8, Loss: 0.7716 
Epoch: [162][114/203] lr: (1x:0.00015, eta: 04:18:47, time: 97.6, Loss: 0.7718 
Epoch: [162][164/203] lr: (1x:0.00015, eta: 04:17:06, time: 98.6, Loss: 0.7712 
Epoch: [163][11/203] lr: (1x:0.00015, eta: 04:14:57, time: 97.3, Loss: 0.7706 
Epoch: [163][61/203] lr: (1x:0.00015, eta: 04:13:27, time: 98.3, Loss: 0.7694 
Epoch: [163][111/203] lr: (1x:0.00015, eta: 04:11:48, time: 98.4, Loss: 0.7701 
Epoch: [163][161/203] lr: (1x:0.00015, eta: 04:10:13, time: 98.8, Loss: 0.7706 
Epoch: [164][8/203] lr: (1x:0.00015, eta: 04:08:12, time: 97.8, Loss: 0.7701 
Epoch: [164][58/203] lr: (1x:0.00015, eta: 04:06:42, time: 98.5, Loss: 0.7701 
Epoch: [164][108/203] lr: (1x:0.00015, eta: 04:05:12, time: 98.0, Loss: 0.7708 
Epoch: [164][158/203] lr: (1x:0.00015, eta: 04:03:27, time: 98.3, Loss: 0.7699 
Epoch: [165][5/203] lr: (1x:0.00015, eta: 04:01:34, time: 97.5, Loss: 0.7699 
Epoch: [165][55/203] lr: (1x:0.00015, eta: 03:59:56, time: 98.6, Loss: 0.7697 
Epoch: [165][105/203] lr: (1x:0.00015, eta: 03:58:32, time: 98.3, Loss: 0.7704 
Epoch: [165][155/203] lr: (1x:0.00015, eta: 03:56:58, time: 98.6, Loss: 0.7707 
Epoch: [166][2/203] lr: (1x:0.00015, eta: 03:54:56, time: 97.8, Loss: 0.7707 
Epoch: [166][52/203] lr: (1x:0.00015, eta: 03:53:04, time: 97.7, Loss: 0.7701 
Epoch: [166][102/203] lr: (1x:0.00015, eta: 03:51:31, time: 98.2, Loss: 0.7706 
Epoch: [166][152/203] lr: (1x:0.00015, eta: 03:49:55, time: 98.7, Loss: 0.7700 
Epoch: [166][202/203] lr: (1x:0.00015, eta: 03:48:20, time: 98.3, Loss: 0.7705 
Epoch: [167][49/203] lr: (1x:0.00015, eta: 03:46:17, time: 97.8, Loss: 0.7703 
Epoch: [167][99/203] lr: (1x:0.00015, eta: 03:44:47, time: 98.1, Loss: 0.7708 
Epoch: [167][149/203] lr: (1x:0.00015, eta: 03:43:07, time: 98.5, Loss: 0.7710 
Epoch: [167][199/203] lr: (1x:0.00015, eta: 03:41:33, time: 98.6, Loss: 0.7697 
Epoch: [168][46/203] lr: (1x:0.00015, eta: 03:39:36, time: 98.1, Loss: 0.7704 
Epoch: [168][96/203] lr: (1x:0.00015, eta: 03:37:56, time: 97.7, Loss: 0.7697 
Epoch: [168][146/203] lr: (1x:0.00015, eta: 03:36:17, time: 97.6, Loss: 0.7696 
Epoch: [168][196/203] lr: (1x:0.00015, eta: 03:34:38, time: 98.2, Loss: 0.7692 
Epoch: [169][43/203] lr: (1x:0.00015, eta: 03:32:34, time: 97.8, Loss: 0.7702 
Epoch: [169][93/203] lr: (1x:0.00015, eta: 03:31:02, time: 98.7, Loss: 0.7705 
Epoch: [169][143/203] lr: (1x:0.00015, eta: 03:29:31, time: 98.4, Loss: 0.7697 
Epoch: [169][193/203] lr: (1x:0.00015, eta: 03:27:59, time: 98.6, Loss: 0.7691 
Epoch: [170][40/203] lr: (1x:0.00015, eta: 03:25:57, time: 97.9, Loss: 0.7690 
Epoch: [170][90/203] lr: (1x:0.00015, eta: 03:24:21, time: 98.9, Loss: 0.7704 
Epoch: [170][140/203] lr: (1x:0.00015, eta: 03:22:46, time: 98.4, Loss: 0.7700 
Epoch: [170][190/203] lr: (1x:0.00015, eta: 03:21:19, time: 98.6, Loss: 0.7697 
Epoch: [171][37/203] lr: (1x:0.00015, eta: 03:19:27, time: 97.3, Loss: 0.7695 
Epoch: [171][87/203] lr: (1x:0.00015, eta: 03:17:51, time: 98.4, Loss: 0.7694 
Epoch: [171][137/203] lr: (1x:0.00015, eta: 03:16:13, time: 97.9, Loss: 0.7687 
Epoch: [171][187/203] lr: (1x:0.00015, eta: 03:14:26, time: 97.9, Loss: 0.7684 
Epoch: [172][34/203] lr: (1x:0.00015, eta: 03:12:19, time: 97.7, Loss: 0.7699 
Epoch: [172][84/203] lr: (1x:0.00015, eta: 03:10:32, time: 97.8, Loss: 0.7694 
Epoch: [172][134/203] lr: (1x:0.00015, eta: 03:09:06, time: 99.0, Loss: 0.7695 
Epoch: [172][184/203] lr: (1x:0.00015, eta: 03:07:15, time: 97.8, Loss: 0.7688 
Epoch: [173][31/203] lr: (1x:0.00015, eta: 03:05:20, time: 97.7, Loss: 0.7690 
Epoch: [173][81/203] lr: (1x:0.00015, eta: 03:03:37, time: 98.1, Loss: 0.7694 
Epoch: [173][131/203] lr: (1x:0.00015, eta: 03:02:06, time: 98.0, Loss: 0.7700 
Epoch: [173][181/203] lr: (1x:0.00015, eta: 03:00:20, time: 97.6, Loss: 0.7691 
Epoch: [174][28/203] lr: (1x:0.00015, eta: 02:58:19, time: 97.8, Loss: 0.7691 
Epoch: [174][78/203] lr: (1x:0.00015, eta: 02:56:46, time: 98.5, Loss: 0.7683 
Epoch: [174][128/203] lr: (1x:0.00015, eta: 02:55:15, time: 98.4, Loss: 0.7673 
Epoch: [174][178/203] lr: (1x:0.00015, eta: 02:53:47, time: 98.8, Loss: 0.7684 
Epoch: [175][25/203] lr: (1x:0.00015, eta: 02:51:38, time: 97.6, Loss: 0.7688 
Epoch: [175][75/203] lr: (1x:0.00015, eta: 02:50:08, time: 98.6, Loss: 0.7690 
Epoch: [175][125/203] lr: (1x:0.00015, eta: 02:48:34, time: 98.2, Loss: 0.7686 
Epoch: [175][175/203] lr: (1x:0.00015, eta: 02:46:55, time: 98.0, Loss: 0.7679 
Epoch: [176][22/203] lr: (1x:0.00015, eta: 02:45:04, time: 98.1, Loss: 0.7680 
Epoch: [176][72/203] lr: (1x:0.00015, eta: 02:43:35, time: 98.5, Loss: 0.7676 
Epoch: [176][122/203] lr: (1x:0.00015, eta: 02:42:10, time: 99.2, Loss: 0.7683 
Epoch: [176][172/203] lr: (1x:0.00015, eta: 02:40:33, time: 98.7, Loss: 0.7686 
Epoch: [177][19/203] lr: (1x:0.00015, eta: 02:38:39, time: 98.2, Loss: 0.7690 
Epoch: [177][69/203] lr: (1x:0.00015, eta: 02:36:49, time: 97.6, Loss: 0.7685 
Epoch: [177][119/203] lr: (1x:0.00015, eta: 02:35:17, time: 98.3, Loss: 0.7676 
Epoch: [177][169/203] lr: (1x:0.00015, eta: 02:33:37, time: 98.3, Loss: 0.7675 
Epoch: [178][16/203] lr: (1x:0.00015, eta: 02:31:43, time: 97.7, Loss: 0.7684 
Epoch: [178][66/203] lr: (1x:0.00015, eta: 02:30:10, time: 98.7, Loss: 0.7683 
Epoch: [178][116/203] lr: (1x:0.00015, eta: 02:28:31, time: 98.0, Loss: 0.7688 
Epoch: [178][166/203] lr: (1x:0.00015, eta: 02:26:53, time: 98.5, Loss: 0.7682 
Epoch: [179][13/203] lr: (1x:0.00015, eta: 02:24:44, time: 97.7, Loss: 0.7679 
Epoch: [179][63/203] lr: (1x:0.00015, eta: 02:23:01, time: 98.1, Loss: 0.7677 
Epoch: [179][113/203] lr: (1x:0.00015, eta: 02:21:28, time: 98.9, Loss: 0.7679 
Epoch: [179][163/203] lr: (1x:0.00015, eta: 02:19:59, time: 98.7, Loss: 0.7672 
Epoch: [180][10/203] lr: (1x:0.00004, eta: 02:18:05, time: 97.7, Loss: 0.7679 
Epoch: [180][60/203] lr: (1x:0.00004, eta: 02:16:30, time: 98.8, Loss: 0.7682 
Epoch: [180][110/203] lr: (1x:0.00004, eta: 02:15:00, time: 98.7, Loss: 0.7675 
Epoch: [180][160/203] lr: (1x:0.00004, eta: 02:13:15, time: 97.8, Loss: 0.7675 
Epoch: [181][7/203] lr: (1x:0.00004, eta: 02:11:14, time: 97.4, Loss: 0.7663 
Epoch: [181][57/203] lr: (1x:0.00004, eta: 02:09:29, time: 97.6, Loss: 0.7672 
Epoch: [181][107/203] lr: (1x:0.00004, eta: 02:07:56, time: 98.4, Loss: 0.7669 
Epoch: [181][157/203] lr: (1x:0.00004, eta: 02:06:21, time: 98.5, Loss: 0.7676 
Epoch: [182][4/203] lr: (1x:0.00004, eta: 02:04:15, time: 97.2, Loss: 0.7666 
Epoch: [182][54/203] lr: (1x:0.00004, eta: 02:02:33, time: 98.2, Loss: 0.7669 
Epoch: [182][104/203] lr: (1x:0.00004, eta: 02:01:01, time: 98.5, Loss: 0.7668 
Epoch: [182][154/203] lr: (1x:0.00004, eta: 01:59:22, time: 98.7, Loss: 0.7659 
Epoch: [183][1/203] lr: (1x:0.00004, eta: 01:57:17, time: 97.5, Loss: 0.7664 
Epoch: [183][51/203] lr: (1x:0.00004, eta: 01:55:40, time: 98.0, Loss: 0.7671 
Epoch: [183][101/203] lr: (1x:0.00004, eta: 01:54:09, time: 98.4, Loss: 0.7671 
Epoch: [183][151/203] lr: (1x:0.00004, eta: 01:52:36, time: 98.3, Loss: 0.7673 
Epoch: [183][201/203] lr: (1x:0.00004, eta: 01:50:57, time: 98.3, Loss: 0.7671 
Epoch: [184][48/203] lr: (1x:0.00004, eta: 01:48:58, time: 97.5, Loss: 0.7667 
Epoch: [184][98/203] lr: (1x:0.00004, eta: 01:47:27, time: 98.3, Loss: 0.7675 
Epoch: [184][148/203] lr: (1x:0.00004, eta: 01:45:49, time: 98.3, Loss: 0.7678 
Epoch: [184][198/203] lr: (1x:0.00004, eta: 01:44:08, time: 98.0, Loss: 0.7669 
Epoch: [185][45/203] lr: (1x:0.00004, eta: 01:42:10, time: 97.7, Loss: 0.7678 
Epoch: [185][95/203] lr: (1x:0.00004, eta: 01:40:35, time: 98.1, Loss: 0.7674 
Epoch: [185][145/203] lr: (1x:0.00004, eta: 01:39:02, time: 98.8, Loss: 0.7669 
Epoch: [185][195/203] lr: (1x:0.00004, eta: 01:37:21, time: 98.1, Loss: 0.7673 
Epoch: [186][42/203] lr: (1x:0.00004, eta: 01:35:26, time: 98.0, Loss: 0.7671 
Epoch: [186][92/203] lr: (1x:0.00004, eta: 01:33:54, time: 99.3, Loss: 0.7667 
Epoch: [186][142/203] lr: (1x:0.00004, eta: 01:32:18, time: 98.0, Loss: 0.7672 
Epoch: [186][192/203] lr: (1x:0.00004, eta: 01:30:38, time: 98.0, Loss: 0.7666 
Epoch: [187][39/203] lr: (1x:0.00004, eta: 01:28:42, time: 97.9, Loss: 0.7666 
Epoch: [187][89/203] lr: (1x:0.00004, eta: 01:27:05, time: 98.3, Loss: 0.7675 
Epoch: [187][139/203] lr: (1x:0.00004, eta: 01:25:32, time: 98.9, Loss: 0.7674 
Epoch: [187][189/203] lr: (1x:0.00004, eta: 01:24:01, time: 99.5, Loss: 0.7667 
Epoch: [188][36/203] lr: (1x:0.00004, eta: 01:22:02, time: 97.5, Loss: 0.7673 
Epoch: [188][86/203] lr: (1x:0.00004, eta: 01:20:25, time: 98.4, Loss: 0.7677 
Epoch: [188][136/203] lr: (1x:0.00004, eta: 01:18:47, time: 98.0, Loss: 0.7679 
Epoch: [188][186/203] lr: (1x:0.00004, eta: 01:17:09, time: 99.4, Loss: 0.7679 
Epoch: [189][33/203] lr: (1x:0.00004, eta: 01:15:17, time: 98.1, Loss: 0.7665 
Epoch: [189][83/203] lr: (1x:0.00004, eta: 01:13:41, time: 98.6, Loss: 0.7667 
Epoch: [189][133/203] lr: (1x:0.00004, eta: 01:12:06, time: 98.8, Loss: 0.7666 
Epoch: [189][183/203] lr: (1x:0.00004, eta: 01:10:28, time: 98.4, Loss: 0.7662 
Epoch: [190][30/203] lr: (1x:0.00004, eta: 01:08:25, time: 97.4, Loss: 0.7662 
Epoch: [190][80/203] lr: (1x:0.00004, eta: 01:06:40, time: 97.7, Loss: 0.7672 
Epoch: [190][130/203] lr: (1x:0.00004, eta: 01:05:04, time: 98.2, Loss: 0.7671 
Epoch: [190][180/203] lr: (1x:0.00004, eta: 01:03:26, time: 98.4, Loss: 0.7662 
Epoch: [191][27/203] lr: (1x:0.00004, eta: 01:01:28, time: 96.8, Loss: 0.7657 
Epoch: [191][77/203] lr: (1x:0.00004, eta: 00:59:47, time: 98.7, Loss: 0.7661 
Epoch: [191][127/203] lr: (1x:0.00004, eta: 00:58:11, time: 98.5, Loss: 0.7661 
Epoch: [191][177/203] lr: (1x:0.00004, eta: 00:56:34, time: 99.0, Loss: 0.7665 
Epoch: [192][24/203] lr: (1x:0.00004, eta: 00:54:36, time: 97.6, Loss: 0.7667 
Epoch: [192][74/203] lr: (1x:0.00004, eta: 00:52:59, time: 98.5, Loss: 0.7664 
Epoch: [192][124/203] lr: (1x:0.00004, eta: 00:51:24, time: 98.5, Loss: 0.7663 
Epoch: [192][174/203] lr: (1x:0.00004, eta: 00:49:46, time: 97.7, Loss: 0.7660 
Epoch: [193][21/203] lr: (1x:0.00004, eta: 00:47:52, time: 98.2, Loss: 0.7654 
Epoch: [193][71/203] lr: (1x:0.00004, eta: 00:46:14, time: 98.6, Loss: 0.7656 
Epoch: [193][121/203] lr: (1x:0.00004, eta: 00:44:42, time: 99.0, Loss: 0.7664 
Epoch: [193][171/203] lr: (1x:0.00004, eta: 00:43:02, time: 97.8, Loss: 0.7669 
Epoch: [194][18/203] lr: (1x:0.00004, eta: 00:41:06, time: 97.8, Loss: 0.7670 
Epoch: [194][68/203] lr: (1x:0.00004, eta: 00:39:26, time: 98.5, Loss: 0.7663 
Epoch: [194][118/203] lr: (1x:0.00004, eta: 00:37:51, time: 98.7, Loss: 0.7654 
Epoch: [194][168/203] lr: (1x:0.00004, eta: 00:36:12, time: 98.2, Loss: 0.7659 
Epoch: [195][15/203] lr: (1x:0.00004, eta: 00:34:17, time: 98.0, Loss: 0.7661 
Epoch: [195][65/203] lr: (1x:0.00004, eta: 00:32:40, time: 98.3, Loss: 0.7658 
Epoch: [195][115/203] lr: (1x:0.00004, eta: 00:31:02, time: 98.1, Loss: 0.7654 
Epoch: [195][165/203] lr: (1x:0.00004, eta: 00:29:24, time: 99.1, Loss: 0.7659 
Epoch: [196][12/203] lr: (1x:0.00004, eta: 00:27:28, time: 97.9, Loss: 0.7661 
Epoch: [196][62/203] lr: (1x:0.00004, eta: 00:25:51, time: 98.6, Loss: 0.7655 
Epoch: [196][112/203] lr: (1x:0.00004, eta: 00:24:15, time: 98.9, Loss: 0.7659 
Epoch: [196][162/203] lr: (1x:0.00004, eta: 00:22:36, time: 98.4, Loss: 0.7666 
Epoch: [197][9/203] lr: (1x:0.00004, eta: 00:20:41, time: 97.7, Loss: 0.7671 
Epoch: [197][59/203] lr: (1x:0.00004, eta: 00:19:03, time: 98.8, Loss: 0.7669 
Epoch: [197][109/203] lr: (1x:0.00004, eta: 00:17:24, time: 97.6, Loss: 0.7669 
Epoch: [197][159/203] lr: (1x:0.00004, eta: 00:15:47, time: 98.7, Loss: 0.7664 
Epoch: [198][6/203] lr: (1x:0.00004, eta: 00:13:52, time: 97.5, Loss: 0.7666 
Epoch: [198][56/203] lr: (1x:0.00004, eta: 00:12:14, time: 99.1, Loss: 0.7660 
Epoch: [198][106/203] lr: (1x:0.00004, eta: 00:10:36, time: 97.8, Loss: 0.7659 
Epoch: [198][156/203] lr: (1x:0.00004, eta: 00:08:57, time: 97.8, Loss: 0.7658 
Epoch: [199][3/203] lr: (1x:0.00004, eta: 00:07:03, time: 98.2, Loss: 0.7665 
Epoch: [199][53/203] lr: (1x:0.00004, eta: 00:05:25, time: 98.4, Loss: 0.7659 
Epoch: [199][103/203] lr: (1x:0.00004, eta: 00:03:47, time: 98.8, Loss: 0.7655 
Epoch: [199][153/203] lr: (1x:0.00004, eta: 00:02:09, time: 98.7, Loss: 0.7654 
Epoch: [199][203/203] lr: (1x:0.00004, eta: 00:00:30, time: 96.9, Loss: 0.7657 
